**assistant**:
> ## **Key Highlights**
> 
> ### **Top News Stories**
> - **Former G.O.P. Officials Endorse Harris Over Trump:** 111 former GOP officials have endorsed Vice President Harris, describing Trump as "unfit to serve" [14079].
> - **U.K. Bans Puberty Blockers for Teens:** The UK government has indefinitely frozen the use of puberty blockers for treating gender dysphoria in those under 18, except in clinical trials [26337].
> - **Military Base Threat Near Galápagos Islands:** A new study raises concerns over a military base threatening the biodiversity of the Galápagos Islands [35865].
> 
> ### **Keep an Eye On**
> - **AI and Data Limitations:** With the AI revolution facing a data scarcity challenge, researchers are exploring new methods for training models [33182]. This development could have wide-reaching impacts on fields heavily reliant on AI.
> - **High-Performance Computing:** The future of high-performance computing is at a crossroads, prompting a need for long-term strategies and vision [35869]. It's crucial as it affects both scientific advancements and global competitiveness.
> 
> ### **Important Alerts**
> - **Secret Service Oversight at Trump Golf Course:** A lapse in security was identified at a Trump golf course when a gunman was arrested without the perimeter being searched [13889].
> - **Floods Impact Dollywood Theme Park:** Flash floods swept through Dollywood, forcing temporary closure and quick cleanup to reopen [6637].
> - **Measles Outbreak in Texas:** An outbreak has infected 22 children and 2 adults, all unvaccinated, highlighting public health challenges [34791].
> 
> ## **In-Depth Analysis**
> 
> ### **AI Bias and Society**
> *Discusses Nuance in AI Development:* An article from Nature emphasizes the societal need to address biases in large language models to navigate complex realities effectively. This issue is pivotal as AI continues to influence various aspects of decision-making and information spread [11988].
> 
> ### **Environmental Concerns**
> - **Biomass and Climate Change:** New research links increased wildfire extent during the last glacial period to abrupt climatic changes, highlighting the significance of understanding historical climate events in addressing modern climate challenges [29042].
> - **Streamflow and Snowfall:** With declining snowfall, research indicates shifts in streamflow patterns, emphasizing the need for adaptive water management strategies [36434].
> 
> These highlights and analyses should give you a comprehensive view of notable current events and ongoing discussions relevant to your interests.
