**assistant**:
> ## **Key Highlights**
> 
> ### **Top News Stories**
> - **A Desperate RFK Jr. Campaign, and the Mystery of 110,000 Signatures:** Robert F. Kennedy Jr.’s presidential team allegedly relied on a super PAC to gather necessary signatures to get on the Arizona ballot [9913].
> - **Russian Military Intelligence Members Indicted Over Ukraine Cyberattack:** The U.S. has unveiled indictments against Russian military intelligence members related to a cyberattack on Ukraine [12296].
> - **Iran’s Election and Science Diplomacy:** Iran's recent election is seen as an opportunity for Western nations to revive science diplomacy, potentially improving international scientific collaboration [9813].
> 
> ### **Keep an Eye On**
> - **Iran's Scientific Landscape:** The outcome of Iran’s presidential election has the potential to impact science and academic freedom in the region. The newly elected heart surgeon president may drive reform and boost investment in science, provided he has the room to maneuver within Iran's political framework [3954]. This could open avenues for Western engagement and collaboration [9813].
> - **Cybersecurity Threats:** The indictment of Russian military intelligence operatives over the Ukraine cyberattack underscores the ongoing cybersecurity risks and the international efforts to address such threats [12296].
> 
> ### **Important Alerts**
> - **U.S.-Mexico Diplomatic Tensions:** Diplomatic relations between Mexico and the U.S. are strained due to a clash over judicial reforms proposed by the outgoing Mexican President [11066].
> - **Eastern Equine Encephalitis Virus Alert:** An expert elaborates on the transmission and symptoms of this rare mosquito-borne illness, which has caused fatalities and hospitalizations [11211].
> 
> ## **In-Depth Analysis**
> 
> ### **Iran’s Election: An Opportunity for Science Diplomacy**
> 
> Iran’s recent presidential election has attracted global attention, particularly amongst the scientific community. Researchers are cautiously optimistic about the election of Masoud Pezeshkian, a heart surgeon, as the president. They believe his medical background and potentially reformist agenda might translate into a more promising environment for scientific research and academic freedom in Iran [3954]. 
> 
> With the election seen as a chance to renew science diplomacy, Western nations might find new opportunities for collaboration. This notion is built on the hope that Pezeshkian’s presidency could lead to better human rights conditions, increased funding for scientific endeavors, and greater academic openness [9813][3954]. However, Iran’s top political leaders’ willingness to allow these changes remains uncertain.
> 
> Iran’s situation represents a delicate balance between potential improvements in scientific collaboration and the persistent challenges posed by the broader political landscape. It’s crucial to monitor how this new leadership navigates these complexities and whether it can indeed foster a more collaborative international scientific community.
> 
> ---
> 
> This summary integrates topics of global sustainability, international relations, and the intersection of politics and science, each vital to your interests and ongoing work. If you need more details about any of these stories or a different set of highlights, please let me know!
