**assistant**:
> ## **Key Highlights**
> 
> ### **Top News Stories**
> - **Trump's Second Term:** The administration is pursuing various controversial policies, including ending Biden-era migrant protections [46080] and focusing on retribution against perceived foes [41927]. Additionally, there's a push to pause auto tariffs for Canada and Mexico [37527].
> - **Ukraine Support:** European leaders, including France's Emmanuel Macron, discuss a "reassurance force" to support Ukraine post-war, though details remain scarce [40608].
> 
> ### **Keep an Eye On**
> - **Environmental and Energy Developments:** The combined effect of natural resources and energy strategies in regions like Pakistan could impact environmental policy and sustainability efforts [41514]. Additionally, a focus on solar-driven sewage reforming highlights innovative green energy solutions [20686].
> - **Higher Education Dynamics:** The state of academia in America is precarious with potential impacts from political actions [46038]. There's significant discussion on the financial challenges faced by historically Black universities [37667].
> 
> ### **Important Alerts**
> - **Supreme Court Involvements:** The Trump administration asks the Supreme Court to end the Biden-era migrant program [46080], and the court has agreed to hear a challenge to an Illinois mail-in ballot law [49447].
> - **International Relations:** South Korea's election could reset its diplomatic ties with China, impacting global geopolitical dynamics [49320].
> 
> ## **In-Depth Analysis**
> 
> ### **Genetic and Medical Advances**
> Recent scientific advances show promise in medical research. For instance, BIN1 reduction may alleviate certain genetic neuropathies like Charcot–Marie–Tooth [38326]. Other research highlights include new antiviral treatments targeting SARS-CoV-2 [38300], and zebrafish being used as cancer treatment models [30053]. Understanding the structural basis of RNA interactions might pave the way for innovative drug therapies [46637]. 
> 
> This ensemble of topics aligns with your interests in sustainability, healthcare innovation, and global political strategies, providing a comprehensive view of current discussions and implications in these areas.
