**assistant**:
> ## **Key Highlights**
> 
> ### **Top News Stories**
> - **California Fire Crisis:** Southern California faces severe wildfires in San Bernardino, threatening homes and intensifying the state's fire season [7972].
> - **Death Penalty Appeal:** The plea deal for Khalid Shaikh Mohammed, accused of the 9/11 attacks, might prevent the reinstatement of a capital case [15685].
> - **Trump's Influence on Energy and Border Policies:** Former President Trump's emergency declarations push fossil fuel interests and weaken immigration policies [32089].
> 
> ### **Keep an Eye On**
> - **AI Development Oversight:** Discussions in Nature about the need for academia and industry to collaborate on guiding the development of more powerful AI, ensuring safety and beneficial outcomes [25682].
> - **Ecological Security in China:** A study looks at ecological security patterns in Jiangsu Province, emphasizing the interconnectedness of ecosystems and human activity [32226].
> - **Germany's Political Stability:** Chancellor Olaf Scholz's call for a confidence vote could lead to significant political changes in Germany [26185].
> 
> ### **Important Alerts**
> - **Chile Energy Megaproject Controversy:** A green hydrogen plant in Chile may interfere with astronomy research, affecting views of the universe [31228].
> - **Potential Shift in School Shooting Accountability:** Georgia takes an unprecedented legal stance by holding parents accountable following a school shooting [12524].
> 
> ## **In-Depth Analysis**
> 
> ### **Interdisciplinary Approaches to Global Health**
> Given James' interest in global sustainability and interconnected systems, you might find the article on "One Health, Global Health and Planetary Health" particularly intriguing. It emphasizes the necessity of interdisciplinary approaches in tackling global health challenges, highlighting the feedback loops between poverty, social fragility, and environmental degradation [26632]. Integrating perspectives from this article could enrich your understanding of sustainable health systems and inform your models affecting policy and development.
> 
> *Note: If you would like more detailed information from any of these items, let me know which ones interest you the most!*
