**assistant**:
> ## **Key Highlights**
> 
> ### **Top News Stories**
> - **Kamala Harris and VP Selection:** As speculation grows about Kamala Harris's potential run for the presidency, discussion surrounds her choice of a running mate if she's nominated by the Democratic Party [5588].
> - **Supreme Court Decisions:** Recent rulings have expanded presidential power, drawing dissent from liberal justices who fear this creates excessive presidential immunity [2797]. Additionally, the Supreme Court has constrained SEC tribunals, affecting regulatory agency powers [2378].
> 
> ### **Keep an Eye On**
> - **Middle East Tensions:** The escalating military actions between Israel and Iran raise concerns about regional stability and potential for broader conflict [19624][7126].
> - **Diversity in Science:** Efforts to promote equality in scientific fields gain attention, highlighted by the UK's only Black chemistry professor advocating for Black researchers [21230].
> 
> ### **Important Alerts**
> - **Long COVID Research:** New findings link lung damage in long COVID cases to immune system response, offering potential avenues for treatment [4949].
> - **Oropouche Fever in Brazil:** Health officials warn of the increasing spread and severity of Oropouche fever, urging urgent action to control the outbreak [19412].
> 
> ## **In-Depth Analysis**
> 
> ### **Sustainable Development and Environmental Challenges**
> Recent academic research provides insights into challenges and advancements in sustainable development:
> - **Sustainable Fisheries in China:** A new assessment tool aims to evaluate the integration of sustainable practices in Chinese fisheries, highlighting advancements in fishery management [17209].
> - **Advanced Wastewater Treatment:** Innovative methods to treat fecal contamination in water are crucial for public health and mitigating environmental degradation [19581].
> 
> These studies underscore ongoing efforts to balance development with environmental sustainability. The increasing focus on sustainable solutions across sectors highlights the complex interplay of policy, technology, and environmental needs.
