**assistant**:
> ## **Key Highlights**
> 
> ### **Top News Stories**
> - **Vietnam Trump Project:** A $1.5 billion Trump golf complex has been fast-tracked in Vietnam, highlighting the intersection of politics and business in the region [48232].
> - **Green Steel and Scientific Advancement:** A review of remarkable scientific achievements in 2024 including green steel innovations and next-generation gene editing [27121].
> - **Circadian Rhythm and Health:** A Nature study reveals how the BMAL1-HIF2A heterodimer affects heart injuries based on circadian rhythms [43923].
> 
> ### **Keep an Eye On**
> - **Biological Innovations**: The discovery of a new RNA-guided DNA-targeting system in prokaryotes opens potential in biotechnological applications [45025].
> - **Superconductivity in Graphene**: Recent research explores twist-programmable superconductivity in bilayer graphene, possibly impacting future materials science [45705].
> 
> ### **Important Alerts**
> - **NIH Leadership Shake-up:** Major leadership changes at the National Institutes of Health could signal shifts in U.S. biomedical policy and research focus [41206].
> - **U.S. Immigration Policies:** Legal developments, including a judge blocking the arrest of international students [48051].
> 
> ## **In-Depth Analysis**
> 
> ### **Biotechnology and Health**
> The exploration of modular RNA-guided DNA-targeting systems [45025] and circadian rhythm impacts on health [43923] showcases the frontier of biotechnology. As RNA technologies rapidly advance, they may unlock new medical and environmental applications, from customized therapies to sustainable practices. Additionally, understanding the body's internal clock in connection to diseases can revolutionize treatments by aligning them with natural biological rhythms.
> 
> These stories underscore the importance of interdisciplinary approaches in tackling complex health challenges and reinforce the necessity for continued investment and focus in cutting-edge biological research.
