**assistant**:
> ## **Key Highlights**
> 
> ### **Top News Stories**
> - **Advancements in Medical Research:**
>   - Cryo-electron microscopy techniques have resolved native GABA<sub>A</sub> receptor structures from the human brain, revealing complex compositions that could impact treatments for disorders like epilepsy [32039].
>   - A peripherally restricted CB1 agonist was developed showing high efficacy in treating pain with minimal side effects, which might revolutionize chronic pain treatment [37354].
> 
> - **Technological and Ethical Developments:**
>   - Scientists are making strides in making human embryo models more realistic, raising significant ethical questions about the implications for research on development and therapy [13087].
>   - Complete human recombination maps have been unveiled, offering insights into genetic processes like aneuploidies and pregnancy loss [32054].
> 
> ### **Keep an Eye On**
> - **Environmental and Health Impact of Electric Cars:**
>   - Transitioning to electric cars could significantly reduce health-care costs due to improved air quality, though energy sourcing is crucial for overall effectiveness [18989].
> 
> - **Inclusive Education for Security:**
>   - Inclusive Technical Vocational Education and Training (TVET) is highlighted as a crucial tool for equipping individuals to combat insecurity in areas affected by violence and environmental degradation [24776].
> 
> ### **Important Alerts**
> - **U.S. Political Developments:**
>   - President Biden is concluding his term with a visit to Charleston, S.C., as significant political transitions approach [31451].
>   - Attorney General Jack Smith revised Trump's indictment, addressing immunity issues post-Supreme Court ruling, impacting the ongoing legal discourse [10991].
> 
> ## **In-Depth Analysis**
> 
> **Ethical and Scientific Implications of Human Embryo Research**
> 
> Research advancements in human embryo modeling are pushing the boundaries of our understanding of human development, fertility treatments, and medical therapies. These developments create profound ethical debates regarding the extent to which such manipulations should proceed. The legal and moral frameworks governing this research need continuous dialogue among scientists, ethicists, and policymakers [13087].
