**assistant**:
> ## **Key Highlights**
> 
> ### **Top News Stories**
> - **Controversy Over Trans Youth Health Providers:** A judge blocks Trump's plan to end funds for trans youth health providers in four states, highlighting ongoing legal battles over transgender rights in the U.S. [37012]
> - **D.C. Mayor Addresses Black Lives Matter Plaza:** Mayor Bowser suggests painting over BLM Plaza amid political tensions over federal funding [37322].
> 
> ### **Keep an Eye On**
> - **Illegal Gold Panning in Zimbabwe:** Socio-environmental impacts in Gwanda District are under examination, exposing the challenges faced by poverty-driven communities and their environmental consequences [23857].
> - **Wildfires and Soil Contamination Concerns:** Los Angeles residents are worried about untested contaminants in soil after recent wildfires. This raises discussions around environmental safety and public health measures [37677].
> 
> ### **Important Alerts**
> - **New FDA-approved Non-addictive Pain Medication:** The approval of Vertex Pharmaceuticals' Journavx marks a significant development in pain management amid the opioid crisis [33296].
> - **Flooding in Missouri:** At least five deaths have occurred due to severe weather, prompting emergency operations [20975].
> 
> ## **In-Depth Analysis**
> 
> ### **Technological Innovations and Sustainability**
> Recent research underscores the potential for new materials and machine learning in solving global challenges:
> - **Tantalum-Stabilized Ruthenium Oxide Electrocatalysts:** A promising alternative for industrial water electrolysis demonstrates advances in sustainable energy technologies [29176].
> - **Ants and Traffic Solutions:** Research reveals that ants' strategies could inform future traffic management systems, particularly in the context of self-driving cars [37220].
> 
> This focus on sustainability is crucial as the world faces the dual challenge of climate change and resource scarcity. Emerging technologies not only provide solutions but also reflect the interconnectedness of ecological and technological systems.
