**assistant**:
> ## **Key Highlights**
> 
> ### **Top News Stories**
> - **Kamala Harris's Presidential Campaign:** Despite Kamala Harris becoming the second woman to lose a presidential election to Donald J. Trump, the event has left many questioning if a woman will ever become president in the U.S. [21187].
> - **U.S. Political Developments:** Adam Schiff has won the California Senate race to fill Dianne Feinstein's seat, marking a significant Democratic win [20968].
> - **Trump's Impact on Foreign Affairs:** President Trump seeks to negotiate a peace deal with Moscow while shifting blame for the Ukraine conflict onto Zelensky, rather than Putin [35708]. 
> 
> ### **Keep an Eye On**
> - **Immigration 'Red Card':** Demand for legal aid group's 'red card', which outlines key rights for immigrants, has surged following President Trump's return to office. This could indicate rising concerns among immigrant communities [35962].
> - **C.D.C. and Public Health Equity:** The C.D.C. faced backlash and then backtracked on suggesting terms like 'race' and 'health equity' are off-limits, reflecting tensions around diversity and inclusion under Trump's administration [36304].
> 
> ### **Important Alerts**
> - **Palisades Fire in L.A.:** Strong winds are expected to fan the fire further, posing risks for increased damage and new fires [29709].
> - **Heathrow Airport Blackout:** An urgent investigation has been launched in the U.K. following a significant blackout, raising concerns over infrastructure vulnerabilities [39854].
> 
> ## **In-Depth Analysis**
> 
> ### **Sustainability in Research**
> - **Lab Pollution and Sustainability:** Researchers highlighted ways to combat pollution in scientific laboratories, focusing on reducing single-use plastics and promoting sustainability in research practices [38700].
> - **Integration of Ecology and Nanotechnology:** Contemporary studies show promise in integrating ecology with nanotechnology and toxicology to address environmental degradation, potentially advancing sustainable innovations in life sciences [29400].
> 
> The highlighted stories and alerts underscore significant political developments, public health challenges, and sustainability efforts relevant to your interests in global sustainability, equity, and interdisciplinary approaches to science.
