**assistant**:
> ## **Key Highlights**
> 
> ### **Top News Stories**
> - **Cease-Fire Proposal in Middle East:** Biden, Qatar, and Egypt leaders plan a 'final' cease-fire proposal between Israel and Hamas, signaling a potential shift in the ongoing conflict's dynamics [8236].
> - **US Troop Withdrawal in Iraq:** The US-led coalition in Iraq plans to wind down its mission, which could impact regional stability and US foreign policy [15636].
> 
> ### **Keep an Eye On**
> - **Conflict in New Caledonia:** Ongoing conflict in New Caledonia is threatening one of the world's biodiversity hotspots, raising concerns about environmental and geopolitical stability [17878].
> - **Academic Freedom in the US:** A report highlights the increasing threats to academic freedom, particularly for those studying misinformation, which could influence scientific research dynamics [3261].
> 
> ### **Important Alerts**
> - **US-Middle East Tensions:** Escalating conflict from Hamas to Hezbollah and Iran may increase US involvement, impacting US foreign policy and security [16282].
> 
> ## **In-Depth Analysis**
> 
> ### **Middle East Dynamics and US Foreign Policy**
> The proposed cease-fire deal involving Biden, Qatar, and Egypt [8236] could signal a new phase in Middle East diplomacy, potentially easing tensions in a region rife with conflict. However, the broader situation remains volatile, with heightened tensions involving Hamas, Hezbollah, and Iran [16282]. Meanwhile, the US troop withdrawal plan in Iraq [15636] may signal a recalibration of US foreign policy priorities, possibly affecting wider geopolitical balances.
> 
> ### **Biodiversity and Conflict**
> The conflict in New Caledonia [17878] illustrates the crucial intersection of environmental preservation and human conflict. As New Caledonia is a significant biodiversity hotspot, the local disputes may have profound implications for global conservation efforts. This situation underscores the need for strategies that balance ecological preservation with the human and political context in conflict-affected regions.
