**assistant**:
> ## **Key Highlights**
> 
> ### **Top News Stories**
> - **Biden's Age Under Scrutiny During Debate:** Concerns about President Biden's capacity have intensified after an unsteady performance in a recent debate [2484].
> - **Mace and Fireworks Disrupt Pride Event:** Several were injured in a confrontation involving mace, leading to the early shutdown of a Pride event in Baltimore [1073].
> 
> ### **Keep an Eye On**
> - **Resilience in Social-Ecological Systems:** The study on adaptive cycle resilience in the Tarim River Basin provides insights into long-term human-nature interactions and how they adapt to changes over millennia [3670].
> - **Natural Farming for Sustainability:** The exploration of natural farming practices highlights a key approach for sustainable agriculture and food safety amidst environmental challenges [3059].
> 
> ### **Important Alerts**
> - **Ruling on Immigration Laws:** A federal judge has blocked an Oklahoma law criminalizing immigrants without legal status, marking a significant setback for G.O.P.-controlled states implementing their own immigration laws [2664].
> - **Supreme Court Decision on S.E.C. Tribunals:** The Supreme Court's conservative supermajority ruled that the tribunals used by the S.E.C. violate the Constitution, limiting the powers of regulatory agencies [2378].
> 
> ## **In-Depth Analysis**
> 
> ### **Intersections of Environment and Society**
> The interconnectedness of human and environmental health is a recurring theme in recent scholarship. The article "Understanding Harmony: Human-Nature Relationships in the Huangdi Neijing" discusses the balance within human bodies and ecosystems, emphasizing the intricate systems of interactions that shape health outcomes [2878]. This is echoed in "Beyond Boundaries: A Feminist Critique of Oppression in the Age of Anthropocene," which uses ecofeminism to examine the layered exploitation of both women and the environment [813].
> 
> Another study highlights the vulnerabilities faced by cross-border fish traders on the Ghana-Togo border, underscoring the importance of social networks and resilience in ensuring food security in the face of border closures [4839]. Similarly, research into natural farming methods for sustainable agriculture calls for reorienting agricultural practices to address the dual crises of environmental degradation and food safety [3059].
> 
> Together, these articles illustrate the need for integrated approaches to fostering resilience and sustainability, addressing both social and ecological dimensions.
> 
> By focusing on these themes and key studies, James can align his interests in global sustainability with current scholarly and policy discussions.
