**assistant**:
> ## **Key Highlights**
> 
> ### **Top News Stories**
> - **Recurrent Humid Phases in Arabia:** New climatic records suggest that the Arabian interior experienced recurrent humid intervals over the past 8 million years, which likely facilitated mammalian dispersals between Africa and Eurasia [42305].
> - **Self-Driving Labs and AI Innovations:** An article highlights exciting technologies to watch in 2025, focusing on self-driving laboratories and AI-driven advancements towards sustainability [31639].
> - **Axion Quasiparticle Discovery:** A breakthrough observation of the axion quasiparticle in two-dimensional MnBi<sub>2</sub>Te<sub>4</sub> has implications for quantum chromodynamics and cosmology [43103].
> 
> ### **Keep an Eye On**
> - **Advancements in Quantum and Cosmological Physics:**
>   - **Why it matters:** The discovery of the axion quasiparticle could lead to groundbreaking insights in quantum physics and theories related to the universe's fundamental forces.
>   - **What to look for:** Further studies and confirmation of the quasiparticle's properties could reshape our understanding of dark matter and cosmological models.
> 
> - **Sustainability and AI Technologies:**
>   - **Why it matters:** Innovations like self-driving laboratories are crucial for advancing sustainability efforts and streamlining research processes.
>   - **What to look for:** Watch for real-world applications and impacts of these technologies, particularly in the fields of climate change and environmental management.
> 
> ### **Important Alerts**
> - **Native Tribes File Lawsuit Over Boarding School Abuse:** A class-action lawsuit seeks compensation for historical abuses suffered by Native tribes in US boarding schools [47758].
> - **Controversy Over Trump’s Policy Changes:** Changes to Trump's domestic policy bill are causing tension among Senate Republicans who originally supported the House's version [48069].
> 
> ## **In-Depth Analysis**
> 
> ### **Impact of AI and Sustainability Technologies**
> The annual round-up of innovative technologies to watch this year emphasizes the role of artificial intelligence in sustainability. Self-driving laboratories, as discussed in [31639], represent a significant leap forward, integrating AI to automate and enhance exploratory synthetic chemistry. This could drastically cut down on human error, fast-track discovery processes, and optimize resource use. As we continue to address complex global challenges, such innovations could be pivotal. Future research might explore how these technologies can be effectively scaled and integrated into various scientific disciplines to achieve broader sustainability goals.
