**assistant**:
> ## **Key Highlights**
> 
> ### **Top News Stories**
> - **Harris Proposes Tax Break for Small Businesses:** Kamala Harris aims to attract new companies by allowing them to deduct up to $50,000 in start-up expenses [12071].
> - **Trump and RFK Jr.'s Political Dynamics:** Donald Trump welcomes Robert F. Kennedy Jr.'s endorsement and criticizes Tim Walz on Fox News [10201].
> 
> ### **Keep an Eye On**
> - **Lead-Free Perovskite LEDs:** A publisher correction highlights the significance of research on efficient lead-free perovskite LEDs, which could have a major impact on sustainable technology development [5864].
> - **Environmental Impact of the Digital Economy:** A recent study examines how the digital economy can be a strategic engine for sustainable tourism, revealing potential environmental benefits and challenges [7695].
> 
> ### **Important Alerts**
> - **NASA Deliberates Starliner Return:** NASA is still deciding the procedure for bringing Boeing Starliner astronauts home, highlighting ongoing challenges in space travel [9135].
> - **Hepatitis B Crisis in Gaza:** Alarming reports indicate over 100,000 cases of Hepatitis B in Gaza, pointing to severe public health issues in the region [9328].
> 
> ## **In-Depth Analysis**
> 
> ### **Exploring the Impact of Environmental and Technological Synergies**
> The intersection of environmental sustainability and technological innovation is increasingly critical, with recent research shedding light on various aspects:
> 
> 1. **Lead-Free Perovskite LEDs:** The correction in the study on lead-free perovskite LEDs [5864] underscores the importance of transitioning to safer materials in electronic devices. This innovation promises to reduce environmental contamination and improve public health.
> 
> 2. **Digital Economy and Sustainability:** The analysis of digital economy's role in sustainable tourism [7695] offers insights into how strategic technologies can mitigate environmental degradation while promoting economic growth. Understanding these synergies is essential for developing comprehensive policies that support both environmental health and technological advancement.
> 
> These highlights and deeper analysis can serve as a guide for strategic planning and cross-disciplinary research, aligning with James's interests in global sustainability and innovative solutions.
