**assistant**:
> ## **Key Highlights**
> 
> ### **Top News Stories**
> - **California Sets Aside $12 Million for Reparations:** California plans to use this new budget to fund reparations-related proposals [2663].
> - **NASA Sends Missy Elliott Song to Space:** NASA broadcasted "The Rain (Supa Dupa Fly)" to space [4772].
> - **Record Warm Summer:** Data reveals that 2023 was the warmest summer in 2,000 years [2970].
> 
> ### **Keep an Eye On**
> - **Climate Change Impact on Infrastructure:** U.S. rail infrastructure, particularly Amtrak, faces significant delays due to extreme weather conditions exacerbated by climate change. This highlights the urgent need for infrastructural upgrades to cope with accelerating climate impacts [4677]. 
> - **Economic Cooling Signs in the U.S.:** The IMF reports signs of cooling in the U.S. economy, mentioning persistent inflation and the risks posed by protectionism to the global economic outlook [4804].
> 
> ### **Important Alerts**
> - **Loaded Guns Left Unsecured in Homes with Children:** A federal survey shows a troubling trend of firearms not being safely stored in U.S. homes, contributing to rising gun-related suicides and injuries among children [508].
> - **Flash Flooding in Toronto:** Severe thunderstorms have caused significant power outages and necessitated multiple rescues in Toronto [4797].
> 
> ## **In-Depth Analysis**
> 
> ### **Microplastic Contamination in Food Packaging**
> 
> Recent research focuses on the molecular simulation of plastic contaminants migrating from packaging materials into food. This study is crucial as it aids in understanding how microscopic plastic particles transfer into food and potentially affect human health [640].
> 
> **Why It Matters:** 
> - **Health Implications:** Understanding the migration mechanism of plastic contaminants is vital for assessing the risk they pose to human health.
> - **Regulatory Measures:** The findings could influence future regulations and improvements in packaging materials to reduce plastic contamination in food.
> 
> **What to Look For:** 
> - **Further Research Findings:** Keep an eye on upcoming studies that might expand on these findings, particularly those that offer practical solutions to mitigate contamination.
> - **Policy Changes:** Regulatory bodies may propose new standards based on these insights, aiming to ensure safer food packaging materials.
> 
> ## **Key Highlights Recap**
> 
> ### **Top News Stories**
> 1. **California Reparations Budget [2663]**
> 2. **Missy Elliott's Song in Space [4772]**
> 3. **Record Warm Summer [2970]**
> 
> ### **Keep an Eye On**
> 1. **Climate Resilience of U.S. Infrastructure [4677]**
> 2. **Cooling of U.S. Economy [4804]**
> 
> ### **Important Alerts**
> 1. **Unsecured Firearms in Homes [508]**
> 2. **Severe Weather in Toronto [4797]**
> 
> ---
> 
> This brief captures the most pertinent news, ongoing issues, and emergent alerts relevant to your interests.
