**assistant**:
> ## **Key Highlights**
> 
> ### **Top News Stories**
> - **Biden's Political Challenges:** Senate Majority Leader Chuck Schumer finds himself in an awkward position balancing his role as President Biden’s Senate champion with the need to hold onto the majority and the White House [3782]. Vice President Kamala Harris is making a case for herself amid these political tensions [2485].
> - **Environmental Crises:** Early wildfires in Brazil are posing significant threats to the Pantanal Wetlands and Cerrado Savanna, critical biodiversity hotspots [4242]. Nurses and doctors are struggling with ethical dilemmas amid war protests in San Francisco, highlighting the intersection of environmental and social justice [2784].
> 
> ### **Science and Technology Insights**
> - **Milky Way Magnetism:** A new map illustrates how interstellar dust moves through the Milky Way’s magnetic field, providing deeper insights into galactic formation [1950].
> - **Ancient Beverages:** An amateur brewer in Utah has recreated a 3,000-year-old beer using ancient Egyptian methods, offering a unique glimpse into historical brewing techniques [1589].
> 
> ### **Keep an Eye On**
> - **Climate Adaptation and Resilience:** Researchers are exploring alternative methods to animal research and assessing how H5N1 bird flu could potentially spread through cow sneezes, both of which could have significant implications for global health and sustainability [4981].
> - **Autonomous Space Exploration:** NASA is preparing astronauts for lunar exploration by conducting simulated exercises in Arizona, emphasizing the importance of geology in upcoming moon missions slated for 2026 [2490].
> 
> ### **Important Alerts**
> - **Wildfires in Brazil:** Rapidly spreading wildfires in Brazil's Pantanal Wetlands and Cerrado Savanna are expected to worsen, necessitating urgent conservation efforts [4242].
> - **Bird Flu Pandemic Preparedness:** There is growing concern about the potential for H5N1 bird flu to become a human pandemic, with wealthy nations ramping up vaccine procurement and surveillance efforts [3890].
> 
> ## **In-Depth Analysis**
> 
> ### Environmental Crises and Global Sustainability
> 
> The early wildfire season in Brazil is of particular concern due to its impact on some of the most biodiverse regions on the planet. The Pantanal Wetlands and Cerrado Savanna house numerous species and are critical to the ecological balance of the region [4242]. These fires, exacerbated by climate change, underscore the urgent need for robust environmental policies and international cooperation to mitigate the devastating effects on biodiversity.
> 
> In San Francisco, the intersection of environmental and social justice is highlighted by the ethical debates among medical professionals amid war protests. This situation reflects broader issues of how environmental degradation often intersects with social inequities, necessitating a holistic approach to sustainability that includes human health and social stability [2784].
> 
> By keeping an eye on technological and scientific advancements, from interstellar studies to ancient brewing techniques, we can glean more about our historical and galactic origins, helping to inform future sustainability efforts.
> 
> ---
> This summary has been curated to focus on James' interests in global sustainability, environmental challenges, and scientific advancements, while also touching on relevant political developments. Let me know if there's a particular area you'd like to dive deeper into!
