**assistant**:
> ## **Key Highlights**
> 
> ### **Top News Stories**
> - **Unexpected Political Alliances:** Keir Starmer, U.K. Prime Minister, expressed gratitude to Trump for his role in a Gaza cease-fire deal, indicating potential shifts in international relations [32519].
> - **Yosemite Under Pressure:** Tensions rise over job cuts in Yosemite National Park, with protests emerging over cost-cutting and maintenance issues [37016].
> 
> ### **Keep an Eye On**
> - **Environmental Solutions:** Innovations in engineered MethyloMicrobium strains could transform environmental clean-up efforts, showcasing new biological approaches to pollution [19726].
> - **U.S. Political Dynamics:** The evolving political landscape in Georgia, with both Trump and Harris actively campaigning, indicating the state's critical role in upcoming elections [19688].
> 
> ### **Important Alerts**
> - **Weather and Safety:** Evacuations urged in Texas due to storm warnings, though many residents remain unfazed by potential dangers [3518].
> - **Public Health Caution:** L.A. officials warn against drinking water in fire-affected areas, as compromised pipes pose potential health risks [31148].
> 
> ## **In-Depth Analysis**
> 
> ### **Innovative Environmental Efforts**
> The exploration of new environmental solutions is crucial in addressing the global sustainability challenges that James is deeply invested in. Notably, the research into MethyloMicrobium strains promises to provide enhanced biological solutions for environmental degradation [19726]. Additionally, projects like the Biodiversity Hub in Turin reflect creative strategies to tackle both social and environmental issues, embodying the innovative spirit of the New European Bauhaus Values [28784].
> 
> ### **Political and Economic Crossroads**
> The recent encounters between international leaders, like Starmer and Trump [32519], and domestic tensions in national parks [37016] and Georgia's political scene [19688], highlight the intricate weave of political dynamics and their impact on public life. These developments underscore the complex interplay between environmental initiatives and political strategies, pivotal to James’s focus on interdisciplinary solutions for sustainable futures.
