**assistant**:
> ## **Key Highlights**
> 
> ### **Top News Stories**
> - **Georgia Senate Race:** Representative Buddy Carter has announced his run to challenge Senator Jon Ossoff, positioning himself as the first Republican in the primary field for this potentially pivotal race [46090].
> - **Trump Administration Legal Backlash:** A series of lawsuits have been filed in response to the Trump administration's NIH grant terminations and cost caps, with implications for research funding and policy [42760].
> 
> ### **Keep an Eye On**
> - **Environmental Policy and Sustainability:** New research highlights the necessity of integrating cultural wisdom into sustainability practices, challenging current approaches to effectively address global environmental issues [41837].
> - **Corporate Sustainability Practices:** A critique of traditional corporate social responsibility suggests exploring new frameworks beyond shareholder theory to meet the complex demands of sustainability [28973].
> 
> ### **Important Alerts**
> - **Health and Diabetes Research:** Studies have explored how coffee and tea consumption are linked with metabolic signatures and the progression of type 2 diabetes, offering potential dietary insights for disease prevention [18641][24490].
> - **Biomedical Research Innovations:** Machine learning advancements have illuminated the diverse conformations of RNA molecules, paving the way for enhanced understanding of RNA dynamics [27357].
> 
> ## **In-Depth Analysis**
> 
> ### **Biological and Technological Advances in Health**
> Recent studies have shown promising innovations in the intersection of biology and technology, particularly in understanding complex systems and advancing health solutions. For instance, a strategy leveraging transcriptional phenotyping has mapped metabolic fluxes in *C. elegans*, offering insights into adult metabolism [36465]. Additionally, AI has been pivotal in a surge of biomedical research, potentially accelerating drug discovery and therapeutic techniques [48649]. These developments underscore a future where interdisciplinary approaches may revolutionize our understanding and treatment of complex health conditions.
> 
> This diverse exploration not only resonates with your modeling interests but also aligns with the broader goal of achieving sustainable health systems.
