**assistant**:
> ## **Key Highlights**
> 
> ### **Top News Stories**
> - **Trump's Influence on the GOP:** Republicans navigate Trump's impact as they prepare to elect a majority leader [21942]. Melania Trump is expected to make a rare appearance at the RNC [5224].
> - **U.S. Political Developments:** Trump rewards Kennedy's endorsement, though its effectiveness is questioned [22445]. Investigations open into the killing of Sonya Massey amid civil rights concerns [22515].
> 
> ### **Keep an Eye On**
> - **Children and Social Media:** With rising global regulatory interest, questions persist about the effectiveness of banning kids from social media, exemplified by Australia's recent moves [25806].
> - **AI Machine Translation Challenges:** The necessity for AI translation tools to consider cultural differences continues to be a pressing issue, with implications for global communication [1921].
> 
> ### **Important Alerts**
> - **Madison School Shooting:** Ongoing investigations in Wisconsin after a shooting left multiple casualties, with the motive still unknown [27133].
> - **Los Angeles Oyster Outbreak:** Health Department recalls oysters linked to a significant outbreak that sickened over 80 people [27675].
> 
> ## **In-Depth Analysis**
> 
> ### **Environmental and Scientific Advances**
> - **Marine and Environmental Research:** Studies explore arsenic adsorption using coffee grounds [11741] and microbial iron limitations in oceans [15178]. There's also intriguing work on microbial inactivation using high-pressure techniques with machine learning models [25545].
> - **Neuroscience and Genetics:** Significant insights include the role of AMPA receptors across species in determining neuron feature selectivity [16362] and the interaction between common and rare genetic variants in neurodevelopmental conditions [23094]. Additionally, AI-driven advancements in understanding RNA conformational space reflect a fusion of biology and technology [27340].
> 
> The summaries highlight your interest in political dynamics, environmental sustainability, neuroscience, and advancements in AI and machine learning. If you'd like more details on any specific topic, feel free to ask!
