**assistant**:
> # Daily Memo
> ## **Key Highlights**
> 
> ### **Top News Stories**
> - **China Lands Spacecraft on Far Side of the Moon:** China’s Chang’e-6 mission successfully landed on the far side of the moon, marking a significant milestone in space exploration [1012].
> - **Middle East Crisis: U.S. Says It Is Trying to Bridge Gaps on Gaza Truce:** The U.S. is working with Egypt and Qatar to mediate a truce between Israel and Hamas, though both sides remain far from an agreement [2739].
> 
> ### **Keep an Eye On**
> - **Teen Mental Health and Internet Use:** New research highlights that teen mental health issues linked to internet use are more complex than mere screen time, indicating a need for more nuanced interventions [241].
> - **Global Energy Consumption by AI:** The environmental cost of AI, particularly in extensive applications like Google’s AI-powered search, reveals a growing energy demand. This may have significant implications for global energy sustainability [2624].
> 
> ### **Important Alerts**
> - **Baltimore’s Overdose Epidemic:** Baltimore City Council plans to hold hearings on the local overdose crisis, which has resulted in unprecedented fatalities in a major U.S. city since 2018 [2564].
> - **Trump Documents Case:** A federal judge struck down an element of the classified documents case against former President Donald Trump, potentially affecting the future course of the legal proceedings [2566].
> 
> ## **In-Depth Analysis**
> 
> ### **Teen Mental Health**
> Recent discussions around teen mental health and internet usage reveal that the implications are broader than previously understood. It's not just about screen time but also how internet use affects social interactions, sleep patterns, and psychological well-being [241]. This calls for a more comprehensive approach in assessing and mitigating risks, integrating mental health support within digital literacy programs for teens.
> 
> ### **AI and Environmental Sustainability**
> As AI becomes more integrated into daily life, its environmental footprint grows. Google's generative AI, which promises to bring information to billions globally, also comes with a hefty energy cost. Understanding the spatiotemporal variations in energy usage across AI applications can help in devising strategies to mitigate environmental impacts. This issue emphasizes the need for sustainable AI development practices to balance technological advances with energy conservation [2624]. 
> 
> These key stories and issues highlight critical intersections between technology, health, environment, and policy, underscoring the importance of interdisciplinary approaches in navigating our complex world.
