**assistant**:
> ## **Key Highlights**
> 
> ### **Top News Stories**
> - **Conservation App:**
>   A new app called CyberTracker, developed in collaboration with Indigenous trackers, is now enabling local communities and conservationists to monitor wildlife more efficiently [541].
> 
> - **Paris Olympics Controversy:**
>   Gymnast Kaylia Nemour has chosen to compete for Algeria instead of France due to a dispute with the French gymnastics federation, leveraging her dual nationality to keep her Olympic hopes alive [7109].
> 
> - **G7 and Gaza War:**
>   President Biden faced unexpected questions about the Gaza cease-fire plan during the G7 meeting, overshadowing discussions intended to focus on a security pact with Ukraine [129].
> 
> ### **Keep an Eye On**
> - **Wildlife Monitoring with CyberTracker:**
>   This innovative app is transforming how wildlife monitoring is conducted globally. It could be a valuable tool for your work in global sustainability, particularly in terms of engaging local communities in conservation efforts [541].
> 
> - **Environmental Degradation in Pakistan:**
>   A new study highlights the extensive environmental degradation in Pakistan's terrestrial ecosystems, particularly in the northern regions. This could have implications for regional conservation strategies and international climate efforts [7292].
> 
> ### **Important Alerts**
> - **California Wildfires:**
>   The Park Fire in Northern California has expanded to over 350,000 acres, becoming the largest active blaze in the U.S. This is crucial for understanding climate impact and emergency responses in sustainability models [6522].
> 
> - **Biden's Immigration Policy:**
>   President Biden's recent announcement to expand legal protections for some undocumented spouses of American citizens mirrors a significant move by Obama in 2012. This policy shift could impact demographic and social dynamics in the U.S. [1226].
> 
> ## **In-Depth Analysis**
> 
> ### **Wildlife Monitoring and Technology Integration**
> 
> The development and adoption of the CyberTracker app signify a major advancement in the field of wildlife monitoring. By harnessing the expertise of Indigenous trackers and modern technology, CyberTracker is creating more accessible and accurate means for conservation. This helps bridge traditional knowledge and contemporary science, fostering a more inclusive approach to environmental stewardship.
> 
> #### **Functionality and Impacts:**
> - **Ease of Use:**
>   The app is designed to be user-friendly, allowing individuals with various levels of expertise to contribute to wildlife monitoring.
> - **Global Reach:**
>   Already in use worldwide, CyberTracker is poised to become a standard tool in conservation, significantly aiding data collection and analysis.
> - **Community Engagement:**
>   By involving local communities, the app not only supports conservation efforts but also promotes sustainable practices through local stewardship [541].
> 
> #### **Future Prospects:**
> The integration of technology like CyberTracker into environmental monitoring practices aligns well with global sustainability goals. It underscores how technological innovation can support traditional practices and enhance conservation efforts. This is particularly relevant in the context of your work, as it demonstrates a practical application of interdisciplinary approaches to solve complex environmental challenges.
> 
> ## **Conclusion**
> 
> The key takeaways from these updates emphasize the increasing role of technology in conservation, the implications of environmental degradation, and the significance of emerging policy changes. Staying informed on these topics can aid in your efforts to model and promote global sustainability.
