**assistant**:
> ## **Key Highlights**
> 
> ### **Top News Stories**
> - **AI Uncovers New Virus Insights:** Artificial intelligence has been used to scan RNA 'dark matter,' uncovering 70,000 new viruses. Many of these are found in extreme environments such as salt lakes and hydrothermal vents [17543].
> - **Ancient Hunting Kit Discovery:** A 6,500-year-old hunting kit found in West Texas could be among the oldest near-complete set of wood and stone tools in North America, shedding light on prehistoric life [41566].
> - **Nordic Architecture and Sustainability:** A project titled "Beyond Zero" explores how Nordic architecture is adapting to address environmental challenges, integrating sustainability into architectural practices [35025].
> 
> ### **Keep an Eye On**
> - **Molecule Boosts Vaccine Efficiency:** A new molecule has been identified that helps vaccines interact more effectively with killer T cells, potentially revolutionizing vaccine design and effectiveness for diseases [40497].
> - **Neuroscience Breakthrough on Drosophila:** The first complete wiring diagram of the fruit-fly brain, including 140,000 neurons, is expected to revolutionize neuroscience research and deepen our understanding of brain connectivity [16369].
> 
> ### **Important Alerts**
> - **NSF Funding Cuts:** The proposed 57% cut to the NSF budget could significantly reduce grant success rates and impede scientific progress across various fields [49938].
> - **Reintegration of HIV Programs:** U.S. aid cutbacks in Lesotho and Eswatini are severely impacting HIV prevention and treatment, affecting vulnerable groups like pregnant women and teenagers [54050].
> 
> ## **In-Depth Analysis**
> 
> ### **Understanding RNA and Virus Discovery**
> The use of AI in uncovering new viruses by analyzing RNA 'dark matter' highlights the potential benefits and risks associated with advancements in virus research. Understanding the biodiversity of viruses in extreme environments not only aids in the preparation for potential pandemics but also challenges current models of virology. The discoveries from this research could lead to innovative strategies in viral management and therapeutic interventions [17543].
> 
> ### **Architectural Practices and Environmental Sustainability**
> "Beyond Zero" suggests that architectural practices in Nordic regions are leading the charge towards sustainable urban development. By addressing environmental degradation, such as biodiversity loss and resource depletion, these practices aim to harmonize human development with ecological integrity. Further exploration into these methodologies can provide valuable insights for global architectural and urban planning [35025].
