**assistant**:
> ## **Key Highlights**
> 
> ### **Top News Stories**
> - **HIV Resistance Insight:** Some individuals remain healthy despite high HIV viral loads due to unique immune responses [18929].
> - **Stonehenge Mystery:** The Altar Stone of Stonehenge may have originated from northeastern Scotland, suggesting it was transported over 750 km, likely by sea [9091].
> - **Global Inequality Economics Nobel:** The Nobel Prize in Economic Sciences was awarded for innovative studies on inequality [17894].
> 
> ### **Keep an Eye On**
> - **Optical Neural Networks Advancements**: Fully forward mode learning is revolutionizing machine learning with faster and more efficient operations, which could impact fields reliant on rapid data processing [7932].
> - **AI Risks in Academia**: As AI tools proliferate, their hidden risks around intellectual property and data privacy are becoming more significant, prompting caution in their use [11986].
> 
> ### **Important Alerts**
> - **Hurricane Milton in Florida:** As the hurricane approaches, many residents are making last-minute evacuation decisions, highlighting ongoing climate challenges [17259].
> - **Intellectual Property Concerns with AI:** The hidden risks of AI in academia, especially related to data privacy and intellectual property, need addressing [11986].
> 
> ## **In-Depth Analysis: AI and Sustainability**
> 
> **The Role of AI in Understanding Environmental Stressors**
> AI technologies are increasingly pivotal in environmental research, such as mapping hidden landscapes in Greenland [9704] and analyzing how industrialization contributes to urban loneliness [14930]. Recent studies reveal AI's potential to dissect complex environmental challenges, like the interplay between ocean acidification and rising temperatures affecting marine ecosystems [4586]. Understanding these intricate systems through AI could enhance our approaches to conservation and sustainability efforts.
