**assistant**:
> ## **Key Highlights**
> 
> ### **Top News Stories**
> - **Climate Resilience and Energy Infrastructure:** President Biden announced significant funding, $612 million, to support electric grid improvements in Florida. This comes after the state was hit by Hurricanes Milton and Helene, demonstrating an ongoing need for resilient infrastructure [17717][15226].
> 
> - **Election and Political Landscape:** Vice President Kamala Harris is set to concede the election to Donald Trump, marking a significant turnaround in U.S. politics [21217]. This follows Nancy Pelosi's endorsement of an open nomination process if President Biden withdraws from the race, highlighting the flux within the Democratic Party [5365].
> 
> ### **Keep an Eye On**
> - **Artificial Intelligence in Mathematics:** A recent article discusses AI-human collaboration in mathematics. This blend of technology and human expertise could lead to breakthroughs in the field, showcasing a new frontier in collaborative problem-solving [23530].
> 
> - **Work-Life Balance in Academia:** Simone Willis, a part-time PhD student, shared her strategies for managing multiple roles and protecting her mental health. This highlights ongoing challenges and potential solutions for balancing academic pursuits with other life responsibilities [15028].
> 
> ### **Important Alerts**
> - **Hurricane Season:** Florida's Big Bend area braces for Hurricane Helene, with storm surges up to 18 feet expected. This area, recently recovering from past hurricanes, faces another tough battle [15226][17717].
> 
> - **Political Developments on Civil Liberties:** Trump's vision of deploying military forces within the U.S. for domestic enforcement raises concerns about civil liberties and the balance of power [9500].
> 
> ## **In-Depth Analysis**
> 
> ### **Navigating the Political Shift**
> The recent developments in U.S. politics with Kamala Harris conceding and internal Democratic Party discussions reflect a complex political landscape. The upcoming changes in leadership and the potential policy shifts under Trump's administration could have long-lasting impacts on domestic and foreign policy. This period should be observed closely to understand how these changes might affect issues related to sustainability and civil rights.
