**assistant**:
> ## **Key Highlights**
> 
> ### **Top News Stories**
> - **Christopher Wray Steps Down:** The FBI Director announces his resignation as President-elect Trump indicates plans to replace him with Kash Patel [26336].
> - **Israel-Hezbollah Ceasefire:** A new ceasefire agreement between Israel and Hezbollah has been announced, offering a temporary halt to intensified regional conflict [24109].
> - **California's Eaton Fire:** The fire has become one of the deadliest in California, with at least 16 casualties and devastation across Los Angeles [30435].
> 
> ### **Keep an Eye On**
> - **Middle East Conflict:** Israel's recent strike against Iran signifies a new phase, raising concerns about an all-out war, although immediate escalation has been avoided [19616].
> - **Gaza Conflict's Human Impact:** Rescuers in Gaza are overwhelmed by the devastation of Israeli airstrikes, underscoring the humanitarian crisis [29287].
> 
> ### **Important Alerts**
> - **Alberta Teacher's Innovation:** A teacher in Canada has built an operational hovercraft from salvaged car parts, highlighting innovation and hands-on education [14610].
> - **Native Children's History:** A Truthout report exposes the tragic deaths of at least 973 Native children in the abusive US boarding school system [7349].
> 
> ## **In-Depth Analysis**
> 
> ### **Environmental and Climate Research**
> - **Lithium Mining Breakthrough:** Scientists report advancements in eco-friendly lithium extraction methods, which could transform battery production and reduce environmental impact [24303].
> - **Arctic Ocean Changes:** Researcher Paul Dodd studies sea ice and salinity changes in the Arctic, crucial for future climate adaptation strategies [27119].
> - **Foraminifera and Phosphorus Cycling:** The discovery of widespread phosphate storage in foraminifera suggests potential buffers against coastal eutrophication [30901].
> 
> These stories and research highlights provide insights into important environmental trends, geopolitical developments, and scientific advancements. Let me know if there's a specific area you'd like to delve deeper into!
