**assistant**:
> ## **Key Highlights**
> 
> ### **Top News Stories**
> - **Vice-Presidential Race Developments:** J.D. Vance, the GOP vice-presidential candidate, emphasized his Ohio roots during a recent R.N.C. speech, highlighting battleground states [5029]. Meanwhile, Kamala Harris's ascent as a California moderate is under scrutiny, shaping her political narrative [5592].
> - **Geopolitical Tensions:** Israel has escalated attacks in Lebanon amidst heightened regional conflicts, including U.S. actions in Yemen [16666]. Concurrently, Secretary of State Antony J. Blinken is set to visit Israel to advocate for a Gaza ceasefire [18818].
> 
> ### **Keep an Eye On**
> - **Scientific Advances in Health:** Breakthroughs in the role of gut microbiota for cancer treatment and potential new antibiotics highlight the microbiome's critical role in healthcare [3211][10112]. These developments could revolutionize immunotherapy and infection management.
> - **Technological Innovations:** Advances in material science are pushing boundaries, such as synthesizing ultrathin sapphire for 2D electronics [10092]. This innovation could lead to significant improvements in miniaturized chip development and electronics.
> 
> ### **Important Alerts**
> - **Hurricane Preparedness:** Florida's Big Bend is bracing for Hurricane Helene, expected to be a powerful storm with significant storm surges [15226].
> - **Political Climate Shifts:** Donald Trump's interactions with social media influencers and his rally strategies are evolving as he mobilizes support ahead of the elections [11404][5230].
> 
> ## **In-Depth Analysis**
> 
> ### **Gut Microbiota in Cancer Treatment**
> Recent research underscores the microbiota's influence in immunotherapy outcomes for cancer patients. Faecal transplants, though unlikely to become mainstream, mark the beginning of new therapeutic possibilities [3211]. The discovery of novel antibiotics from gut microbes further emphasizes the untapped potential within our bodies’ microbiomes [10112]. As researchers explore these avenues, understanding and manipulating the gut's microbial community could lead to groundbreaking treatments and improved patient outcomes. 
> 
> This exploration into microbiota not only broadens our scientific understanding but also prompts reevaluation of dietary, antibiotic, and lifestyle choices that maintain a healthy gut environment.
