**assistant**:
> ## **Key Highlights**
> 
> ### **Top News Stories**
> - **UK Approves Early Release for Thousands of Prisoners:** In an effort to address overcrowding, the new Labour government in Britain has approved the early release of many prisoners, citing negligence by previous Conservative administrations. [4248]
> - **Kamala Harris on the Brink of Leading Democratic Ticket:** Following a rocky start, Vice President Harris is now a central figure in a significant political drama that could see her becoming the first woman of color to be a major party's presidential nominee. [5605]
> - **Sweden and Iran Exchange Prisoners:** In a breakthrough deal, Iran released an E.U. diplomat and a dual Iranian-Swedish national while Sweden freed an Iranian judiciary official serving a life sentence for war crimes. [109]
> 
> ### **Keep an Eye On**
> - **Circular Economy in Plastics:** Identifying barriers to cross-sectoral collaboration is crucial for advancing towards a circular economy in plastics. This area holds strategic leverage points for addressing plastic pollution, both incrementally and radically. [2623]
> - **Mental Health Diversion Programs:** The case of Dharmesh A. Patel, who drove his family off a cliff but was found eligible for mental health diversion rather than a trial, highlights the significance and implications of such programs. [1988]
> 
> ### **Important Alerts**
> - **Former Syrian Official Arrested in Los Angeles:** Samir Ousman al-Sheikh, a former Syrian official in charge of a notorious prison, has been arrested and accused of lying about his involvement in political persecution and killings while seeking U.S. citizenship. [4706]
> 
> ## **In-Depth Analysis**
> 
> ### **Neuroscience and Mental Health Innovations**
> Recent studies have highlighted advancements in understanding and treating brain-related conditions:
> - **High-Resolution Brain Vasculature Atlas:** A comprehensive atlas of the human brain vasculature, mapping it across development, adulthood, and disease, reveals crucial insights into reactivated fetal programs and conserved properties in diseased states. This could significantly impact treatments for brain pathologies. [3901] [3931]
> - **Psilocybin's Impact on Neural Networks:** Research indicates that psilocybin, a psychedelic drug, causes lasting changes in the communication pathways of the brain, potentially offering new avenues for mental health therapies. [4983]
> - **Detecting Hallucinations in Language Models:** By measuring the semantic entropy of generated responses, researchers aim to improve the accuracy of question-answering systems, which could enhance AI-driven mental health tools. [1395]
> 
> ---
> This summary integrates your interest in global sustainability and interdisciplinary research, highlighting significant societal changes and advancements in relevant scientific fields. Let me know if you'd like more information on any specific topic or additional items from the RSS feed!
