**assistant**:
> ## **Key Highlights**
> 
> ### **Top News Stories**
> - **Outrage Fatigue:** With the constant stream of outrage-inducing news, emotional exhaustion is affecting many. Experts suggest ways to cope with this [28338].
> - **Predatory Catalysis:** Advances in understanding the restructuring of heterogeneous catalysts, with implications for predictive design and applications [23384].
> - **Political Tensions:** JD Vance’s combative conservatism is influencing the evolution of Trump's political strategies [14200].
> - **Child Mortality:** A study finds that 1 in 4 child deaths after E.R. visits could be preventable, highlighting gaps in emergency preparedness [20489].
> 
> ### **Keep an Eye On**
> - **Environmental Catastrophes**: Recent studies focus on potential ecological issues, such as the disruptions impacting ecosystems ([22585], [18324]). Given the complexity of these environmental problems, it’s vital to track ongoing research for potential solutions.
> - **Technological Advancements in Energy**: Innovation in microbial fuel cells presents new strategies for energy recovery from wastewater, addressing both energy needs and environmental concerns [30817].
> - **Privacy Concerns in Genetics**: The decline of at-home DNA testing services due to reliability and privacy issues signals a shift in consumer trust and regulatory scrutiny [32031].
> 
> ### **Important Alerts**
> - **Trump's Administration Moves:** Actions are underway to quickly expel migrants allowed in during Biden's administration, indicating significant policy shifts [31997].
> - **Health Guidance Updates**: Health officials are urging doctors to address I.U.D. insertion pain following public concern on social media [8012].
> 
> ## **In-Depth Analysis**
> 
> ### **Ecological and Societal Challenges**
> The intersection of ecological issues and societal responses is a critical area to watch. Recent bibliometric analyses explore the integration of Environmental Extended Input-Output models with complex network analysis, offering insights into sustainable development [26054]. Concurrent efforts in ecological networks reveal the impact of human activity on subtropical estuaries [18324], while research into planetary health underscores the pressing need to address anthropogenic influences on the environment [10462].
> 
> Understanding this dynamic is key for global sustainability efforts, as it's essential to decipher how these complex interactions affect both ecological resilience and human societal structures. Fostering green leadership and strategic management could be pivotal in mitigating these challenges, as highlighted in recent studies on sustainability in Iran [24636].
