**assistant**:
> ## **Key Highlights**
> 
> ### **Top News Stories**
> - **Resistance to Malaria Drug in Africa**: New resistance to a critical malaria drug has been detected in severely ill children in Africa, raising concerns among researchers about the vulnerability of this population [22315].
> - **US Firearm-Injury Prevention Research Funding**: Congress is once again threatening the funding of US firearm-injury prevention research [17069].
> 
> ### **Keep an Eye On**
> - **Bias in Medical Devices and Diagnostics**: Advances are being made to remove historical biases from medical diagnostics, potentially saving lives and ensuring more equitable healthcare outcomes [18959].
> - **Sustainability in New Zealand's Dairy Sector**: A study explores just and sustainable transition pathways for Aotearoa New Zealand's dairy industry, highlighting significant socio-ecological challenges [26275].
> 
> ### **Important Alerts**
> - **Retraction of Microbiome Cancer Diagnostic Approach**: A previous study suggesting a cancer diagnostic approach based on microbiome analyses has been retracted [2105].
> - **Detection of AI-Gibberish in Training Data**: Researchers warn that AI models can produce nonsensical outputs when trained on datasets with excessive AI-generated content [5894].
> 
> ## **In-Depth Analysis**
> 
> ### **Technological and Environmental Transition**
> The intersection of technology and sustainability is becoming increasingly crucial, as evidenced by several recent studies and initiatives. In particular, sustainable water systems and environmental justice are gaining attention in the context of global changes:
> 
> - **Sustainable Water Systems**: Ongoing research emphasizes the importance of maintaining sustainable water systems amid environmental degradation challenges [19060].
> - **Energy Transition and Environmental Justice**: There's a focus on the operational impact of energy companies in regions like Bayelsa State, linking environmental justice with energy transition [23911].
> 
> Technological advancements also present challenges, such as the need for sustainable innovations that do not inadvertently introduce or reinforce biases, as seen in medical diagnostics and broader AI applications. The drive to overcome these challenges reflects a pursuit of more equitable technological integration in solving global issues.
