**assistant**:
> ## **Key Highlights**
> 
> ### **Top News Stories**
> - **Japan's New Sumo Champion:** Onosato Daiki becomes the first Japanese man in eight years to achieve the title of yokozuna in sumo wrestling, marking a significant cultural milestone for Japan [48638].
> - **Israel and Iran Tensions Escalate:** The retrieval of hostages' bodies and attacks from Iran mark a shift in Israeli military doctrine, highlighting a changed Middle Eastern geopolitical landscape [52316][51680].
> 
> ### **Keep an Eye On**
> - **Plant Immune Systems:** Research on Arabidopsis reveals mechanisms of immune response activation and inhibition, which could enhance crop resilience to diseases, crucial for global agriculture sustainability [34762].
> - **Artificial Intelligence in Medicine:** With the EU’s AI Act, there’s a push for AI systems in clinical settings to mimic human collaboration to increase trust, making this a vital area for future health care improvements [37405].
> 
> ### **Important Alerts**
> - **NASA Budget Cuts:** Over 280 NASA staff oppose drastic cuts proposed by Trump’s administration, affecting the space agency's future capabilities and international collaboration on space exploration [56101].
> - **Brain-Eating Amoeba Incident:** A tragic death in South Carolina prompts health alerts over the risks of deadly amoeba in natural water bodies, emphasizing the need for improved public safety measures [56443].
> 
> ## **In-Depth Analysis**
> 
> ### **Understanding Urban Environmental Inequality**
> Research explores environmental inequalities between the Global South and North in urban centers, revealing significant disparities. This topic underscores the need for equitable development policies and environmental justice to ensure all regions benefit fairly from sustainability efforts [47364]. 
> 
> The situation highlights how socio-economic factors contribute to environmental degradation, urging interdisciplinary action and policy innovation to address these global challenges.
