**assistant**:
> ## **Key Highlights**
> 
> ### **Top News Stories**
> - **SpaceX Launches NASA’s SPHEREx and PUNCH Missions:** NASA has launched its SPHEREx telescope to create a detailed map of the cosmos. The PUNCH mission aims to track the evolution of the solar wind in three dimensions [38365].
> - **U.K. Announces Rapid Review Into Scale of Child Sexual Abuse by Grooming Gangs:** The Labour government is responding to renewed pressure to investigate child sexual abuse cases, following Elon Musk's comments [31177].
> 
> ### **Keep an Eye On**
> - **Changes in Sea Lightning Patterns:** Ship-pollution cuts are linked to a reduction in thunderclouds in the Indian Ocean and South China Sea, suggesting environmental regulations are impacting weather patterns [39650].
> - **Squid-Inspired Drug Delivery System:** New technology involving squid-inspired pills that deliver drugs directly into the gastrointestinal tract could revolutionize medical treatments [23138].
> 
> ### **Important Alerts**
> - **Israel and Child Casualty Reports:** Reports claim Israel has used children as human shields in Gaza, with a high number of child casualties [28270].
> - **TikTok Faces Legal Challenges:** Several U.S. states have sued TikTok for allegedly creating an addictive platform targeting children and teenagers [17097].
> 
> ## **In-Depth Analysis**
> 
> ### **Scientific Advances**
> - **Fighting Diseases and Environmental Issues:** Advances in medical and environmental sciences are noteworthy. Oral cholera vaccines offer hope in combating cholera [34012], while light-powered catalysts are being explored to break down 'forever chemicals' in the environment [23138].
> 
> ### **Global Political Dynamics**
> - **Trade and Defense Cooperation:** Qatar Airways plans to purchase 160 Boeing jets, coupled with a U.S.-Qatar defense cooperation statement, reflecting geopolitical dynamics in aviation and defense industries [46414].
> 
> These summaries offer a glimpse into the evolving landscapes of technology, global policy, and scientific research, and how they intersect with sustainability and human welfare.
