**assistant**:
> ## **Key Highlights**
> 
> ### **Top News Stories**
> - **Environmental Challenges and Innovations**: A study on the "Economic complexity, international trade, and environmental pollution" explores how complex regions exploit less complex ones as ‘pollution refuges’ [ID: 47574]. Meanwhile, "Efficient electrocatalytic degradation of tigecycline by copper foam-supported Pd-ZnS dual nanoparticle structures" addresses the challenge of designing effective catalysts for environmental degradation [ID: 38600].
> - **AI and Health**: A Nature article highlights how AI is being used to listen for health conditions, potentially providing new biomarkers for diseases like heart disease and Alzheimer’s [ID: 47703].
> 
> ### **Keep an Eye On**
> - **AI in Science and Health**: The potential of AI to innovate the healthcare industry and scientific discovery continues to grow, although challenges remain. AI models are being evaluated for their ability to reason and make scientific hypotheses, and efforts are underway to include African languages in AI models [ID: 47703, ID: 60458, ID: 56844].
> - **Global Environmental Policy**: Ongoing research into environmental degradation, pollution, and innovative solutions, like fungal bioremediation, indicates a push for sustainable practices [ID: 47574, ID: 38600, ID: 57391].
> 
> ### **Important Alerts**
> - **Gifford Fire in California**: A large blaze in Los Padres Forest has led to injuries and evacuations, underlining the importance of fire management and disaster response [ID: 57455].
> - **Supreme Court on Citizenship**: A fringe theory on birthright citizenship is gaining attention at the Supreme Court, which could have wide-reaching implications for immigration policy [ID: 46795].
> 
> ## **In-Depth Analysis**
> 
> ### **The Intersection of AI, Health, and Environmental Sustainability**
> 
> The confluence of AI with health and environmental sustainability represents a transformative period for technology and science. In healthcare, AI's ability to provide novel biomarkers for conditions, as described in the Nature article [ID: 47703], illustrates its potential to revolutionize diagnostics and treatment. However, challenges in AI's hypothesis generation and cultural inclusivity, especially in language models [ID: 60458, ID: 56844], must be addressed to fully leverage AI’s capabilities globally.
> 
> In environmental policy, studies focusing on pollution refuges and innovative degradation solutions [ID: 47574, ID: 38600] highlight the need for technological advancements to address climate impacts. These articles reflect a broader trend of integrating complex systems and technology to meet sustainability goals, showcasing the need for interdisciplinary approaches to environmental challenges.
> 
> This intersectionality represents both an opportunity and a challenge, as advances in one domain can potentially expedite progress in others, fostering a sustainable and informed future.
