**assistant**:
> ## **Key Highlights**
> 
> ### **Top News Stories**
> 
> - **Advances in Bioenergy and AI:** A new study highlights the role of artificial intelligence in optimizing bioenergy production amidst challenges of environmental degradation and resource scarcity [17179].
> - **Hurricanes Helene and Milton:** Recent storms in Florida and North Carolina highlighted the variability in hurricane impacts across different regions [17722].
> - **Kamala Harris's Health Records:** Vice President Kamala Harris released her medical information, contrasting with Trump's lack of disclosure, amid ongoing election tensions [17626].
> 
> ### **Keep an Eye On**
> 
> - **ENSO and Monsoon Dynamics:** Recent research indicates new mechanisms in ENSO-monsoon interactions, which could reshape climate prediction models and impact agricultural planning [6501].
> - **Collaborative Governance in Ecological Politics:** The involvement of NGOs in governance, particularly in food estates programs, shows promise for tackling ecological challenges through collaborative efforts [11774].
> 
> ### **Important Alerts**
> 
> - **Potential Bird Flu Pandemic:** Wealthy nations' focus on vaccines and surveillance raises concerns about preparedness gaps in low-income countries, emphasizing the need for global cooperation [3890].
> - **Innovations in Halide Flow Batteries:** Recent advances using zwitterionic additives could significantly improve the sustainability and lifespan of energy storage solutions [18951].
> 
> ## **In-Depth Analysis**
> 
> ### **Ecofeminism and Environmental Degradation**
> 
> - **From the Nile's Banks to Global Discourse:** Idris Ali's "Dongola" is analyzed through an ecofeminist lens, exploring themes of environmental degradation, race, and gender. This analysis highlights how fiction can reflect and influence real-world ecological and social justice efforts [18010]. 
> 
> This selection focuses on topics related to sustainability, climate, and socio-political dynamics, which align with your interests in global sustainability and interdisciplinary approaches.
