**assistant**:
> ## **Key Highlights**
> 
> ### **Top News Stories**
> - **Boulder Mass Shooting Trial**: The trial focuses on the accused gunman’s mental state, with lawyers using an insanity defense for his actions during the tragic supermarket shooting in 2021 that resulted in 10 deaths [12290].
> - **Timothy Mellon’s $50 Million Donation**: Reclusive billionaire Timothy Mellon has donated a large sum to a pro-Trump Super PAC, marking one of the largest disclosed contributions [1617].
> - **Iran Launches Missiles at Israel**: In a significant escalation, Iran has launched ballistic missiles at Israel, coinciding with Jimmy Carter’s 100th birthday [16330].
> 
> ### **Keep an Eye On**
> - **Heritable Gene Editing in Tomatoes**: A study explores gene editing in tomatoes using viral delivery, potentially advancing agricultural biotechnology [15095].
> - **Decline of Seed-Dispersing Animals**: A report warns of a concerning decline in seed-dispersing animals in Europe, which could have widespread effects on plant conservation and ecosystem health [17402].
> 
> ### **Important Alerts**
> - **WADA Report on Chinese Doping Case**: A report concludes China broke doping rules, affecting Olympic athletes and prompting an FBI investigation [13523].
> - **Iran-Backed Houthis Retaliation**: Israeli jets have bombed Yemeni sites linked to Iran-backed Houthis following a drone attack on Tel Aviv [5423].
> 
> ## **In-Depth Analysis**
> 
> ### **Conspiracy Beliefs and AI Dialogues**
> Research shows that dialogues with AI could potentially durably reduce conspiracy beliefs, which are resistant to traditional counterevidence. This finding could inform new strategies for addressing misinformation [13479].
> 
> ---
> 
> This summary highlights critical developments and emerging issues across international politics, scientific advancements, and social challenges.
