**assistant**:
> ## **Key Highlights**
> 
> ### **Top News Stories**
> - **Artemisinin-resistant Malaria in Africa (ID: 5253):** An urgent call to invest in community health workers to address the rise of artemisinin-resistant malaria in Africa, threatening millions.
> - **Wind Power Dominates Over Coal (ID: 9175):** Wind energy surpassed coal for U.S. electricity generation for the second consecutive month, driven by declining costs of renewables.
> 
> ### **Keep an Eye On**
> - **California's Park Fire (ID: 8056):** The wildfire, now the 4th largest in California's history, has burned over 426,000 acres since July. Continuation and containment efforts will be crucial to monitor.
> - **Intergenerational Human Capital in Kenya (ID: 2815):** New study examining the effects of parent's early-life deworming and COVID-19 school closures on their children's human capital development. Findings suggest significant improvements but highlight vulnerability to educational disruptions.
> 
> ### **Important Alerts**
> - **Polio Epidemic in Gaza (ID: 7374):** Health officials declare a polio epidemic amidst ongoing conflicts, potentially reversing a decade-long eradication effort.
> - **University of Virginia Tour Suspension (ID: 11398):** UVA suspends student-led tours following criticism from conservative alumni over an alleged focus on the university's historical ties to slavery.
> 
> ## **In-Depth Analysis**
> 
> ### **Combating Artemisinin-resistant Malaria in Africa**
> 
> The emergence of artemisinin-resistant malaria in Africa [5253] poses a severe public health challenge, threatening the gains made in recent years against malaria. Analysts call for a substantial investment in community health workers who can provide front-line responses, education, and support to afflicted communities. These community health workers could play a pivotal role in early detection, treatment, and containment strategies, ensuring that local populations are better equipped to manage and prevent the spread of this resistant strain.
> 
> ---
> 
> ### **Impacts of Renewable Energy Adoption Trends**
> 
> The U.S. electricity generation landscape is swiftly changing, with wind power overtaking coal for two straight months [9175]. This shift underscores significant advancements in renewable energy technologies, driven by cost reductions and efficiency improvements. Policymakers and industry stakeholders should closely track this trend and consider the implications for energy infrastructure, labor markets, and environmental policy. A continued emphasis on renewable energy could hasten the decline of fossil fuel dependency, which is critical for achieving long-term sustainability goals.
> 
> ---
> 
> Conclusively, these highlighted stories and topics emphasize critical issues in global health, environmental sustainability, and human capital development, each demanding informed attention and strategic action.
