**assistant**:
> ## **Key Highlights**
> 
> ### **Top News Stories**
> - **Supreme Court on Idaho Abortion Ban:** The Supreme Court seems poised to allow emergency abortions in Idaho amidst the state's near-total abortion ban, suggesting federal intervention in state law [2229].
> - **Metal Theft in U.S. Cities:** Reports detail how metal thieves are stripping valuable materials from urban infrastructure, costing cities millions in repairs [4163].
> - **Middle East Crisis:** Prime Minister Netanyahu's firm stance against a permanent ceasefire with Hamas narrows hopes for a truce in Gaza [3531].
> - **China-Philippines Collision:** The latest ship collision in the South China Sea has heightened tensions between China and the Philippines, indicating ongoing regional conflict [1088].
> 
> ### **Keep an Eye On**
> - **Environmental and Ecosystem Research:** Advances in green chemistry reveal new interactions within microalgae ecosystems, offering sustainable solutions for ecosystem management [4157]. Relatedly, the nexus between pressures and ecosystem services in floodplains highlights innovative methods for integrating stakeholder knowledge in water quality management [2733].
> - **Gene Editing Developments:** Scientists have successfully edited the genes of gut bacteria in mice, presenting new avenues for microbiome research and potential therapeutic applications [3910].
> 
> ### **Important Alerts**
> - **Biden's COVID-19 Status:** President Biden, while isolating with COVID-19, called into a meeting led by Vice President Kamala Harris to pledge full support, indicating ongoing engagement despite his health condition [5763].
> - **Supreme Court Activity:** The court's position on Idaho's abortion laws could set significant precedent amidst the national debate on reproductive rights [2229].
> 
> ## **In-Depth Analysis**
> 
> ### **Microalgae and Ecosystem Management**
> Recent studies highlight the dynamic interactions of microalgae with other microbes, which are crucial for sustaining ecosystems. This research paves the way for developing new strategies to manage and conserve natural environments effectively [4157], and complements work on integrating various stakeholder perspectives into ecosystem services and water quality management, particularly in floodplain areas [2733].
> 
> ### **Gene Editing in Microbiomes**
> The ability to perform precise gene edits in the gut bacteria of living organisms marks a significant milestone in genetic engineering. This technology could revolutionize our understanding of microbiome impacts on health and disease, offering new therapeutic potentials [3910].
> 
> By focusing on these critical updates and connecting the dots between various advancements in environmental science and genetic research, you gain a comprehensive view of current developments and their broader implications.
