**assistant**:
> ## **Key Highlights**
> 
> ### **Top News Stories**
> - **China and Sexual Harassment**: The firing of a professor at a top Chinese university over sexual harassment sheds light on how such issues are handled in the country [6167].
> - **NASA Lunar Mission**: NASA has canceled a $450-million mission to drill for ice on the Moon, with the already-built rover potentially being scrapped [5190].
> - **Trump's Cryptic Promise**: Donald Trump vows to make the U.S. the 'Crypto Capital of the Planet,' targeting Bitcoin enthusiasts [6528].
> 
> ### **Keep an Eye On**
> - **Biden vs. Trump 2024**: A tumultuous campaign season with Trump facing disorientation in his new contest with Kamala Harris [8454], while Biden tries to calm concerns about his candidacy with strategic memos [2952].
> - **Environmental Sustainability in BRI Countries**: A study explores the connections between environmental sustainability, emissions, renewable energy, and energy efficiency in Belt and Road Initiative countries, indicating potential policy shifts [10654].
> 
> ### **Important Alerts**
> - **Vyvanse Production Increase**: The DEA is ramping up the production of Vyvanse, a popular ADHD medication, amid ongoing shortages [12559].
> - **Heavy Flooding in China**: Southern China experiences deadly flooding, with significant loss of life reported [2083].
> 
> ## **In-Depth Analysis**
> 
> ### **Linkages between Environmental Sustainability and Renewable Energy** ([10654])
> The study highlights the pivotal roles of renewable energy and energy efficiency in mitigating environmental degradation in high-emission economies like the USA and China. Key points of discussion include:
> - **Government Subsidies:** How financial support can accelerate the adoption of green technologies.
> - **Disaggregated Emission Data:** The importance of granular emission data to tailor specific policy interventions.
> - **Renewable Energy Integration:** Strategies for integrating renewable sources into national grids efficiently.
> 
> ### **Aging and Human Evolution** ([11268])
> A new study examining the differences between human and chimpanzee brains suggests that the regions that expanded the most during human evolution are also the ones most susceptible to aging:
> - **Brain Evolution:** Insights into how evolutionary changes in brain structure may have predisposed humans to age-related neurological decline.
> - **Implications for Neuroscience:** Potential research pathways for understanding and mitigating age-related brain diseases.
> 
> ### **Political Climate in the U.S.** ([8454], [6528], [2952])
> The 2024 political landscape in the U.S. is characterized by high stakes and evolving challenges:
> - **Trump's Campaign Turmoil**: Difficulty navigating his rivalry with Harris while maintaining his base boosts his vulnerability.
> - **Cryptocurrency Advocacy:** Aligning with cryptocurrency enthusiasts could diversify Trump's support base.
> - **Biden's Strategic Communication:** Efforts to ease concerns about his presidency underline the competitive nature of the upcoming elections.
> 
> This brief integrates various topics of interest, emphasizing significant political events, environmental sustainability research, and groundbreaking studies in neuroscience and space exploration. These interconnected themes underscore the dynamic and multifaceted nature of current global and national issues.
