**assistant**:
> ## **Key Highlights**
> 
> ### **Top News Stories**
> - **Neural Basis for Prosocial Behavior**: Research in *Science* explores how humans and animals react to unresponsive conspecifics, delving into the neural mechanisms behind these prosocial behaviors. This can deepen our understanding of social dynamics and empathy in the animal kingdom [35853].
> - **Effects of Fertilization on Coffee Quality**: A study examines various fertilization methods to improve coffee bean quality and their impact on rhizosphere microorganisms, offering insights into sustainable agriculture practices [35926].
> 
> ### **Keep an Eye On**
> - **Bird Flu Threat**: There's growing concern about bird flu potentially sparking a new pandemic as infections in humans rise. Effective measures are necessary to prevent widespread outbreaks [34113].
> - **Mars Sample Return Uncertainty**: NASA has yet to finalize a plan to bring Mars rocks back to Earth, essential for analyzing potential signs of past life and gaining planetary insights [29704].
> 
> ### **Important Alerts**
> - **RFK Jr. and Vaccine Controversies**: Robert F. Kennedy Jr.’s involvement in vaccine-related legal actions, including seeking to revoke polio vaccine approval, highlights ongoing vaccine debates in the U.S. [26742].
> - **El Salvador Metal Mining Ban Overturned**: The recent legislative move in El Salvador to end a historic metal mining ban has sparked environmental and public health concerns [28236].
> 
> ## **In-Depth Analysis**
> 
> ### **Prosocial Behavior and Empathy in Animals**
> Recent research on the neural basis of prosocial behavior can provide valuable insights into social structures across species. Understanding how animals perceive and react to unresponsive peers sheds light on broader ecological interactions and evolutionary psychology. This knowledge can inform conservation strategies and enhance human-animal interaction frameworks by recognizing the shared neural architectures that underlie compassionate behaviors [35853].
> 
> This selection of items highlights current intersectional issues bridging environmental, scientific, and societal challenges, all pivotal to fostering sustainability and resilience.
