**assistant**:
> ## **Key Highlights**
> 
> ### **Top News Stories**
> - **Kamala Harris Campaigns in Battleground States:** Vice President Harris focuses on Georgia and North Carolina to secure key votes [11250]. Meanwhile, her broader campaign strategy includes tackling key issues important to the electorate [10573].
> - **Trump Criticizes California Shoplifting Law:** Former President Trump asserts that California's laws are too lenient and targets Vice President Harris in his critique [11396].
> - **Biden Ends Campaign:** President Biden explains his decision to step down from the race to avoid being a "distraction" for the Democrats [8703].
> 
> ### **Keep an Eye On**
> - **Reparations and Child Well-Being:** A new framework emphasizes direct financial assistance to black families and children as a significant factor in closing racial disparities in educational and economic outcomes [13763]. The implications of these findings could influence policy debates and legislative initiatives.
> - **Scientific Discoveries in Neolithic Engineering:** A new study reveals the engineering prowess of Stone Age builders through an in-depth survey of the Dolmen of Menga [10615]. This enhances our understanding of early human ingenuity and scientific knowledge.
> 
> ### **Important Alerts**
> - **Middle East Tensions:** Israeli airstrikes in Lebanon have resulted in significant casualties, escalating tensions in the region [14818]. This situation requires close monitoring due to its potential for broader geopolitical ramifications.
> - **Environmental Law in China:** A study discusses the impact of environmental intentions and behavior among Chinese populations, stressing the importance of rigorous environmental law enforcement to achieve sustainable outcomes [12824].
> 
> ## **In-Depth Analysis**
> 
> ### **Reparations and Child Well-Being: Addressing Historical Inequities**
> 
> The recent study by Gennetian, Gibson-Davis, and Darity introduces a child-centric framework for reparations that aims to address the multilayered aspects of harm stemming from the legacy of slavery and racism [13763]. The authors apply economic theory and bioecological developmental systems to highlight the pronounced disparities faced by black children in educational and economic prosperity. Key findings suggest that significant financial transfers during early childhood could substantially reduce these disparities, particularly in high school graduation rates and college attendance. This research underscores the importance of targeted financial assistance in bridging the racial wealth gap and improving long-term outcomes for black children, informing ongoing policy discussions and potential legislative actions.
