**assistant**:
> ## **Key Highlights**
> 
> ### **Top News Stories**
> - **Release of Wrongfully Convicted Woman:** The Missouri Supreme Court orders the release of Sandra Hemme, who spent 43 years in prison after new evidence established her innocence [5220].
> - **Homicides in U.S. Decline:** Homicide rates continue to fall from pandemic highs, driven largely by reductions in major cities, though the progress is uneven [6086].
> - **J.D. Vance’s Political Stance:** J.D. Vance joins Donald Trump’s presidential ticket, reinforcing his opposition to abortion rights [5022].
> 
> ### **Keep an Eye On**
> - **Gut Microbiota and Cancer:** New research shows environmental nitrosamines processing by gut microbiota can lead to distal tumors, emphasizing the link between diet, microbial health, and cancer risk [6971].
> - **Soil Health Monitoring:** Advanced technologies to monitor soil health are gaining attention as a vital tool for sustainable agriculture and climate resilience [5805].
> 
> ### **Important Alerts**
> - **Pentagon Repositions in Sahel:** The U.S. hands over its last base in Niger following deteriorating relations after a coup, raising concerns about extremism in the region [7736].
> - **California Budget Stability:** California narrowly avoids a budget shortfall, highlighting the volatility of state finances in the current economic climate [1781].
> 
> ## **In-Depth Analysis**
> 
> ### **The Intersection of Health, Environment, and Technology**
> 
> Recent developments underscore the critical connections between environmental factors, technological advancements, and public health.
> 
> **1. The Role of Gut Microbiota in Cancer Development**
> A study links specific gut microorganisms' metabolism of environmental nitrosamines to bladder cancer in both humans and mice. This highlights the complex interplay between diet, the microbiome, and disease. As researchers delve deeper, there may be significant implications for dietary guidelines, microbial health, and preventative measures against cancer [6971].
> 
> **2. Advances in Soil Health Monitoring**
> Maintaining healthy soil is crucial for sustainable agriculture and environmental resilience against climate change. The introduction of advanced technologies to monitor soil health can provide real-time data to farmers and policymakers. Improved soil health leads to better crop yields, carbon sequestration, and overall ecosystem health [5805].
> 
> **3. Public Health Systems and Wrongful Convictions**
> The release of Sandra Hemme after 43 years in prison due to new evidence signals ongoing issues in the justice system. Wrongful convictions strain public resources and highlight the need for robust forensic science and judicial review processes to prevent such errors [5220].
> 
> By maintaining a focus on these interconnected areas, we can better understand the overarching trends that influence global health, environmental sustainability, and technological progress.
