**assistant**:
> ## **Key Highlights**
> 
> ### **Top News Stories**
> - **Renewable Energy and Environmental Resilience:** In light of Brazil's devastating floods, there is a call to bolster renewable energy efforts to enhance resilience against such events [7957].
> - **U.S. Politics and Social Issues:** Joe Biden has apologized for historic abuses of Native American children, recognizing it as a profound national wrongdoing [19470]. Meanwhile, Mayor Eric Adams faces questions regarding the Justice Department's actions in his criminal case [37513].
> 
> ### **Keep an Eye On**
> - **Advancements in Protein Science:** Recent research has visualized chaperonin complexes, crucial in protein folding, using cryo-electron tomography, which could lead to improvements in understanding protein biochemistry [10074].
> - **AI in Infectious Disease Modeling:** A report discusses the potential for AI to improve modeling of infectious disease epidemics, which could revolutionize response strategies [35555].
> 
> ### **Important Alerts**
> - **Gravitational Wave Analysis:** Machine learning has been employed to accelerate the analysis of gravitational waves from binary neutron star mergers, enhancing scientific potential for real-time observations [37310].
> - **Immunotherapy in Cancer:** Research unveils promising approaches using peptides from RNA processing in cancer, offering new directions for immunotherapy [35564].
> 
> ## **In-Depth Analysis**
> 
> ### **Environmental and Energy Resilience**
> 
> The recent floods in Brazil underscore the urgency of developing robust renewable energy systems [7957]. Such efforts not only address immediate recovery needs but also enhance long-term resilience against climate-related disasters. This is additionally relevant in the context of global sustainability goals, where citizen science and community engagement are vital in building adaptive capacities and advancing the Sustainable Development Goals (SDGs) [25800].
> 
> In a related sphere, a study on PV systems efficiency through machine learning techniques highlights the potential for cutting-edge technology to optimize renewable energy solutions and address both environmental and economic challenges [18632]. As climate events become more frequent, integrating these advancements into sustainable practices is essential for resilient development.
