**assistant**:
> Below are selected log entries of past conversations, as part of an experimental AI memory system. T
**user**:
> I have multiple timeseries, each with several observed outcomes. I want to fit an HMM where I assume that the observations I have reflect some underlying states that the units described by the timeseries are transitioning through. How can I do that in R?
**assistant**:
> Hidden Markov Models (HMMs) can be very effective for modeling scenarios where you believe that an observed time series is likely the result of underlying unobserved states. In R, you can use the `depmixS4` package, which provides methods for fitting dependent mixture models such as HMMs. The package readily supports multiple observed outcomes, so it should be suitable for your needs.
> 
> Here is an example of how you might use `depmixS4` to fit an HMM to your data:
> 
> ```r
> # Load required libraries
> library(depmixS4)
> 
> # Assume 'data' is a dataframe with your multiple time series, and 'num_states' is the number of hidden states you want to fit
> 
> # Fit the model
> # Here it is assumed that there are 2 observed series
> model <- depmix(list(y1 = ~ 1, y2 = ~ 1), data = data, nstates = num_states, family = list(gaussian(), gaussian()))
> fit <- fit(model)
> 
> # Get the state sequence
> viterbi(fit)
> ```
> 
> This example assumes that your data is in the form of a dataframe, with one column per time series and one row per time point, and that you want to fit a Gaussian HMM. If this does not fit your scenario, you may need to adjust the `family` argument accordingly or preprocess your data.
> 
> To understand the specific model better and to interpret its results, I would suggest consulting the [depmixS4 vignette](https://cran.r-project.org/web/packages/depmixS4/vignettes/depmixS4.pdf).
> 
> Remember that while `depmixS4` can handle multiple outcomes, the HMM assumes that the observations are independent given the state. If this assumption doesn't hold true for your problem, it may impact the effectiveness of the modeling.
**user**:
> In my case, I have 6 numeric columns describing each timeseries. And I currently have them all in the same big data frame, one after another (there is a column, Filename, that specifies which timeseries a row corresponds to). Also, they do not have the same number of observations (timesteps) in each timeseries.
**assistant**:
> In your case, where you have multiple numeric columns describing each time series and they are all in the same big dataframe with a column specifying which time series each row corresponds to, it sounds like you have a panel data structure. Since the time series have different lengths, you have irregularly spaced data.
> 
> To fit an HMM to this data in R using the `depmixS4` package, you will first need to organize your data in a suitable format for modeling. Here's a high-level overview of how you might approach this:
> 
> 1. Prepare your data: You will need to reshape your data to have a separate row for each observation in your time series and include columns for the time series identifier (Filename) and the observed variables.
> 
> 2. Convert your data to a suitable format: One common approach is to convert your data from wide to long format, where each row represents a single observation with columns for the time series identifier, the time step, and the observed values.
> 
> 3. Fit the HMM using `depmixS4`: Once your data is in the appropriate format, you can use the code provided earlier using the "depmix" function to fit the HMM to your data.
> 
> Here's a simple example to get you started:
> 
> ```r
> library(depmixS4)
> 
> # Assuming 'data' is your big dataframe with the data and 'num_states' is the number of hidden states
> # Reshape your data to long format using tidyr
> library(tidyr)
> data_long <- pivot_longer(data, cols = c("var1", "var2", "var3", "var4", "var5", "var6"), names_to = "Variable", values_to = "Value") 
> 
> # Fit the model
> model <- depmix(list(Value ~ 1, Variable ~ 1), data = data_long, nstates = num_states, family = gaussian())
> fit <- fit(model)
> 
> # Get the state sequence
> viterbi(fit)
> ```
> 
> Remember to adjust the column names ('var1', 'var2', etc.) and ensure that your data is appropriately prepared before fitting the HMM. This is a simplified example, and you may need to further customize the model specification based on your specific data and research question.
