**assistant**:
> Below are selected log entries of past conversations, as part of an experimental AI memory system. T
**user**:
> What are the identification assumptions for IV estimators?
**assistant**:
> Instrumental variable (IV) estimators are used to address endogeneity issues in regression models, where the explanatory variable correlates with the error term. The identification of IV estimators relies on several key assumptions:
> 
> 1. **Relevance**:
>    - The instrument \( Z \) must be correlated with the endogenous explanatory variable \( X \). This can be tested by checking if the coefficient of \( Z \) in the first-stage regression of \( X \) on \( Z \) is significantly different from zero. Mathematically, \( \text{Cov}(Z, X) \neq 0 \).
> 
> 2. **Exogeneity**:
>    - The instrument \( Z \) must be uncorrelated with the error term \( \epsilon \) in the structural equation. This ensures that \( Z \) influences the dependent variable \( Y \) only through \( X \). Formally, \( \text{Cov}(Z, \epsilon) = 0 \).
> 
> 3. **Exclusion Restriction**:
>    - The instrument \( Z \) affects the dependent variable \( Y \) only through the endogenous variable \( X \) and not directly. This is a form of exogeneity but focuses on the direct pathway \( Z \rightarrow Y \).
> 
> 4. **Rank Condition**:
>    - The matrix of instruments must have full rank. In a more technical sense, for a model with multiple instruments, the matrix of the instruments \( Z \) has to be of full column rank to ensure that the instruments can sufficiently explain the variation in \( X \).
> 
> 5. **No Perfect Multicollinearity**:
>    - The instruments should not be perfectly multicollinear. This means that no instrument should be expressible as a perfect linear combination of other instruments.
> 
> Meeting these assumptions allows the IV estimator to provide consistent estimates of the causal effect of \( X \) on \( Y \), even in the presence of endogeneity.
> 
> Would you like to delve deeper into any of these assumptions or see how they apply to a specific econometric model?
