**assistant**:
> Below are selected log entries of past conversations, as part of an experimental AI memory system. They may have no bearing on the chat.
> 
> 
>   2024-02-07:
>   Automatic Mounting of External Hard Drive on Linux Startup
> 
> 
> 
>   2023-05-06:
>   Dim Sum NYC recommendations for pescatarians and children; options include Jing Fong, Nom Wah Tea Parlor, and Dim Sum Go Go.
> 
> 
> 
>   2023-11-23:
>   Aligning Plots in ggplot2 with Hidden Lines
> 
> 
> 
>   2023-05-17:
>   James asked about multi-line labels in Google's Treemaps; Arachne suggested using HTML entities or a custom charting solution like D3.js as a workaround.
> 
> 
> 
>   2023-12-29:
>   Pirate-themed Phrases for a Faux Treasure Map
> 
> 
> 
>   2023-06-19:
>   James sought auto-scrolling improvement for chat UX; Arachne provided code for detecting user scroll position and suggested refactoring to handle scrolled user action.
> 
> 
> 
>   2023-08-23:
>   Future of nonprofit sector & philanthropy in 2123 - advanced tech integration, global collaboration, sustainable focus; micro-donations, AI-led philanthropy - Arachne answered.
> 
> 
> 
>   2023-12-25:
>   MediaWiki Upgrade: Missing Content and Rev Comment Issues
> 
> 
> 
>   2023-10-20:
>   The Port of Departure for the Pequod in Moby-Dick
> 
> 
> 
>   2023-07-27:
>   James seeks guidance on choosing an intrusion-prevention tool for his Apache webserver; Arachne recommends Fail2ban for its extensibility and ability to interpret any log format.
> 
> 
>     
**user**:
> I have a directory on Linux that I think I set to user root, group root (though that might be because of the way I mounted its drive?), but now it won't let me change it back. I've tried `sudo chown jrising *` and it gives no errors and nothing happens.
**assistant**:
> It seems like you may be encountering an issue with ownership permissions. When you use `sudo chown jrising *` you are trying to change the ownership of only the files and directories (but not nested ones) under the directory you're currently in. However, it doesn't have any effect on the directory itself.
> 
> If you want to change the ownership of the directory itself, you need to use `sudo chown jrising /path/to/directory` directly targeting the directory. Replace `/path/to/directory` with the actual directory path that you want the ownership to be transferred to `jrising`.
> 
> If you want to recursively change the ownership of a directory and everything within it (files, subdirectories, their files, and so on), you can do this with the `-R` (or `--recursive`) option:
> 
> ```bash
> sudo chown -R jrising /path/to/directory
> ```
> 
> Replace `/path/to/directory` with the actual path of your directory.
> 
> Keep in mind that some mounted volumes, particularly network volumes, may not respect your local user and group settings. Check the way your volume has been mounted. If it's an issue with the mounting, you might need to adjust your mount options.
**user**:
> Here's an example of how it looks, and the command seems to have no effect:
> ```
> (base) jrising@ceoe-hypatia:/mnt/423808E91650DDB1$ ls -l
> total 0
> drwxrwxrwx 1 root root 0 Oct  6 11:21 projects
> drwxrwxrwx 1 root root 0 Jan  5 13:01 research
> drwxrwxrwx 1 root root 0 Feb  1 14:03 shared
> (base) jrising@ceoe-hypatia:/mnt/423808E91650DDB1$ sudo chown jrising /mnt/423808E91650DDB1/research
> (base) jrising@ceoe-hypatia:/mnt/423808E91650DDB1$ ls -l
> total 0
> drwxrwxrwx 1 root root 0 Oct  6 11:21 projects
> drwxrwxrwx 1 root root 0 Jan  5 13:01 research
> drwxrwxrwx 1 root root 0 Feb  1 14:03 shared
> ```
**assistant**:
> The output you provided suggests that you are correctly using the `sudo chown` command, but for some reason, the ownership change is not taking effect. This could be due to a few possible reasons:
> 
> 1. **Mount options**: If the file system is mounted with specific options, such as the `noacl` option, it can prevent ownership changes from being applied. You can check the mount options for the file system using the `mount` command. To see the options, look for the entry corresponding to the file system in question and check the options column.
> 
> 2. **File system permissions**: In some cases, the underlying file system may have its own permission system that overrides the ownership changes you're trying to make. This is particularly common with network file systems. If that's the case, you may need to refer to the documentation for your specific file system to understand how to change ownership properly.
> 
> 3. **SELinux/AppArmor**: If your Linux system has SELinux or AppArmor enabled, they can impose additional access controls that could interfere with ownership changes. You can check if SELinux is enabled on your system by running the command `sestatus`.
> 
> These are just some possible reasons. If none of these suggestions solve the issue, it might be helpful to provide more information about your system configuration and any relevant logs or error messages you receive when attempting to change ownership.
**user**:
> Here's the line in /etc/fstab:
> ```
> /dev/disk/by-uuid/423808E91650DDB1 /mnt/423808E91650DDB1 auto nosuid,nodev,nofail,x-gvfs-show 0 0
> ```
> Would any of those options produce this behavior?
**assistant**:
> The options you have in your `/etc/fstab` line (`nosuid`, `nodev`, `nofail`, `x-gvfs-show`) should not directly affect the ability to change ownership. However, these options might be related to how the file system is mounted and accessed, which could indirectly impact ownership changes.
> 
> - `nosuid`: This option prevents the execution of setuid and setgid files, which can enhance security by disabling elevated privileges associated with these files. It should not affect ownership changes.
> 
> - `nodev`: This option disables the interpretation of device files, which can be useful for preventing the execution of potentially malicious code stored on device files. It should not directly impact ownership changes.
> 
> - `nofail`: This option ensures that the system does not fail to boot if the mount point is not available. It doesn't directly affect ownership changes but controls how the system handles mounting errors.
> 
> - `x-gvfs-show`: This option is specific to GVFS (GNOME Virtual File System) and determines whether the mounted file system is shown in the file manager. It does not affect the ability to change ownership.
> 
> In summary, none of the options in your `/etc/fstab` line appear to be causing the issue with changing ownership. I would recommend investigating other potential causes, such as file system permissions or SELinux/AppArmor settings, as mentioned earlier.
