**user**:
> Why might I be getting the following error:
> ```
> model3_baseline <- felm(logpm0 ~ logco20 + logch40 + logco20xyear0 + logch40xyear0 + 
>                loggdppc0 + loggdppc02 | year0:factor(REGION_4LETTER) + factor(IDYEARS),
>                data = subset(df2_self, IDSCENARIOS == "Baseline"))
> 
> Error in chol.default(mat[ok, ok]): 'a' must have dims > 0
> Traceback:
> 
> 1. felm.mm(mm, nostats, exactDOF, keepX, keepCX, keepModel, kclass, 
>  .     fuller, onlyse, psdef = psdef)
> 2. newols(mm, nostats = nostats[1], exactDOF = exactDOF, onlyse = onlyse, 
>  .     psdef = psdef)
> 3. cholx(cp)
> 4. chol(mat[ok, ok])
> 5. chol.default(mat[ok, ok])
> 6. .handleSimpleError(function (cnd) 
>  . {
>  .     watcher$capture_plot_and_output()
>  .     cnd <- sanitize_call(cnd)
>  .     watcher$push(cnd)
>  .     switch(on_error, continue = invokeRestart("eval_continue"), 
>  .         stop = invokeRestart("eval_stop"), error = invokeRestart("eval_error", 
>  .             cnd))
>  . }, "'a' must have dims > 0", base::quote(chol.default(mat[ok, 
>  .     ok])))
> ```
**assistant**:
> The error message you're encountering, `'a' must have dims > 0`, typically indicates that the matrix (or subset of a matrix) being passed to the `chol.default` function is empty or has zero dimensions. This might arise from several potential issues in your model:
> 
> 1. **Empty Dataset after Subsetting:**
>    Check if the subsetting operation `subset(df2_self, IDSCENARIOS == "Baseline")` results in an empty dataset. If there are no rows where `IDSCENARIOS` equals "Baseline", the model won't have any data to operate on.
> 
> 2. **Collinearity or Low Variance Variables:**
>    If any of the variables or combination of variables involved in the formula results in a singular matrix (e.g., due to perfect multicollinearity), it can cause a dimension issue in operations like `chol`.
> 
> 3. **Missing Values:**
>    If `NA` values exist in your data and they are not being handled appropriately (e.g., not removed or imputed), this can lead to issues with the model matrix being formed.
> 
> 4. **Region and Year Interactions:**
>    Ensure that `year0:factor(REGION_4LETTER)` and `factor(IDYEARS)` don't result in a level combination that makes the design matrix empty or singular. Check whether these factors have sufficient variation in the subsetted data.
> 
> Here are steps you can take to debug and potentially resolve the issue:
> 
> - **Inspect the Subset:** Print out the subset to make sure you have data:
>    ```r
>    baseline_data <- subset(df2_self, IDSCENARIOS == "Baseline")
>    print(dim(baseline_data))
>    ```
> 
> - **Check for NA Values:** Inspect your data for missing values:
>    ```r
>    summary(baseline_data)
>    ```
> 
> - **Verify Factor Levels:** Ensure your factor variables have enough levels and do not lead to singularity issues:
>    ```r
>    table(baseline_data$REGION_4LETTER, baseline_data$year0)
>    ```
> 
> - **Reduce Complexity:** Temporarily simplify the model to see if you can successfully run it, then gradually add complexity back:
>    ```r
>    model_simpler <- felm(logpm0 ~ logco20 + logch40 + loggdppc0, data = baseline_data)
>    ```
> 
> By isolating the issue step by step, you may identify where the empty or problematic matrix arises from and take corrective measures.
