**assistant**:
> Below are selected log entries of past conversations, as part of an experimental AI memory system. T
**user**:
> How can I drop a singleton dimension from a dataarray or dataset in xarray?
**assistant**:
> To drop a singleton dimension from a `DataArray` or `Dataset` in xarray, you can use the `squeeze()` method. This method removes dimensions of size one from the object. Here’s how you can do it:
> 
> For a `DataArray`:
> 
> ```python
> # Assuming 'da' is your DataArray
> da_squeezed = da.squeeze()
> ```
> 
> For a `Dataset`:
> 
> ```python
> # Assuming 'ds' is your Dataset
> ds_squeezed = ds.squeeze()
> ```
> 
> If you want to remove a specific singleton dimension, you can pass its name to the `squeeze()` method:
> 
> For a `DataArray`:
> 
> ```python
> # Remove a specific dimension, e.g., 'time'
> da_squeezed = da.squeeze(dim='time')
> ```
> 
> For a `Dataset`:
> 
> ```python
> # Remove a specific dimension, e.g., 'time'
> ds_squeezed = ds.squeeze(dim='time')
> ```
> 
> This is a handy approach to clean up your data by removing unnecessary dimensions. Let me know if you need further assistance!
