**assistant**:
> Below are selected log entries of past conversations, as part of an experimental AI memory system. T
**user**:
> what will a trup white house mean for IMT?
**assistant**:
> A possible return to the White House by President Trump could have several potential impacts on organizations like the Institute for Market Transformation (IMT). However, as an AI assistant, I can deduce outcomes based on the available patterns and data. Please note that these interpretations may vary as the actual implications will depend on a variety of factors, including specific policy actions and legislative initiatives implemented during his tenure. 
> 
> 1. **Less Federal Regulation on Environmental Standards:** In his previous term, President Trump rolled back many environmental regulations, including those pertaining to greenhouse gas (GHG) emissions and energy use. If the same approach is taken, IMT would likely need to focus more on creating relationships with businesses and with local and state governments to make progress towards sustainability.
> 
> 2. **Uncertain Funding for Sustainability Initiatives:** Under the Trump administration, federal funding for sustainable and clean energy initiatives might become limited due to priority given to the fossil fuel industry. IMT may have to explore more private partnerships or collaborations.
> 
> 3. **Limited Coordination on International Environmental Agreements:** President Trump withdrew the U.S. from the Paris Agreement in his previous term. If similar actions occur, it might increase the pressure on organizations like IMT to maintain international partnerships and work collaboratively across borders to align global efforts towards sustainability.
> 
> Essentially, IMT would probably face challenges in achieving its mission, but it could work creatively and strategically to overcome them by concentrating on subnational collaborations, fostering more alliances with the private sector, and stepping up efforts in targeted cities or states ready to buck national trends.
> 
> Please note that this is a speculative analysis and real-world impact could differ significantly.
**user**:
> sumarize furhter pelase 
**assistant**:
> If President Trump were to return to the White House, it could potentially lead to reduced federal environmental regulations, uncertain funding for sustainability initiatives, and limited coordination on international environmental agreements. In response, organizations like the Institute for Market Transformation (IMT) might need to strengthen partnerships with businesses, focus on private funding sources, and enhance collaborations at the subnational and international levels to advance sustainability goals in the face of possible policy challenges.
