**assistant**:
> Below are selected log entries of past conversations, as part of an experimental AI memory system. T
**user**:
> How do I use MICE in R with a dataset with many columns (about 300)? It looks like it is just taking a few columns and ignoring the rest.
**assistant**:
> When using MICE (Multivariate Imputation by Chained Equations) in R, it's important to ensure that all columns in your dataset are included in the imputation model, especially when dealing with large datasets (e.g., 300 columns). If MICE is only taking a few columns, there could be a few reasons for this, and you can take several steps to address it:
> 
> 1. **Check for Column Selection**: By default, MICE might exclude certain columns if they contain only missing values or are non-numeric. Ensure that your data preparation step prior to running MICE doesn't unintentionally select only a subset of columns (e.g., when dealing with categorical variables).
> 
> 2. **Set Predictor Matrix**: You can define a predictor matrix to specify exactly which columns should be used to predict missing values in each column. For large datasets, this can be crucial. Here's a snippet on how to do it:
> 
>    ```r
>    library(mice)
> 
>    # assuming `data` is your dataset
>    init <- mice(data, maxit = 0)
>    pred_matrix <- init$predictorMatrix
> 
>    # Optionally, you can tweak pred_matrix. 
>    # E.g., exclude some variables from being used in any model:
>    # pred_matrix[, "column_to_exclude"] <- 0
> 
>    # Run the imputation process
>    imputed_data <- mice(data, predictorMatrix = pred_matrix, m = 5)
>    ```
> 
> 3. **Check Data Types**: MICE handles continuous and categorical data differently. Ensure that your data types are correctly specified. For instance, categorical variables should be factors, not integers or characters.
> 
> 4. **Memory and Processing Capacity**: With a large number of columns, computational resources might become a bottle-neck. Ensure your environment has ample memory or try segmenting the dataset or sampling a subset for testing.
> 
> 5. **Examine MICE Output**: After running mice, check the output to confirm which columns are included in the imputation process. You can do this using `complete(imputed_data)` to inspect the completed dataset.
> 
> 6. **Use `printFlag` for Detailed Logs**: Set `printFlag = TRUE` in the mice function to see detailed logs of the imputation process, which can help diagnose which columns are included or excluded.
> 
> If you find specific columns are still being excluded with these steps, please examine any warnings or errors during the imputation process, as they can often provide additional clues.
**user**:
> Okay, based on the logs, I see that the dropped columns are being flagged as collinear. But can't I still get an estimate for them?
**assistant**:
> In MICE, when a column is flagged as collinear, it means that it can be perfectly predicted by other variables in the dataset. As a result, MICE will drop these collinear variables from the imputation model to avoid redundancy and potential issues during the imputation process.
> 
> However, you can still obtain estimates for the dropped columns using a few approaches:
> 
> 1. **Use Imputation with Predictors**: If your dropped columns were initially considered as predictors, you can try to include them again by setting up the predictor matrix more thoughtfully, allowing for collinearity without removing them completely. For example:
> 
>    ```r
>    init <- mice(data, maxit = 0)
>    pred_matrix <- init$predictorMatrix
> 
>    # Include the dropped column(s) in the predictor matrix
>    # Specify which columns should be used as predictors for each other
>    pred_matrix["dropped_column", ] <- 1  # Assuming 'dropped_column' is the name
> 
>    # Impute the dataset again
>    imputed_data <- mice(data, predictorMatrix = pred_matrix, m = 5)
>    ```
> 
> 2. **Run a Separate Linear Model**: After performing imputation, you can run a linear model (or any relevant model) on the imputed dataset to analyze the relationship of the dropped columns with other variables separately. For example:
> 
>    ```r
>    complete_data <- complete(imputed_data)
> 
>    # Fit a model that includes both imputed and original data
>    model <- lm(dropped_column ~ other_predictors, data = complete_data)
>    summary(model)
>    ```
> 
> 3. **Estimation from Original Data**: If the dropped columns are not included in the imputation model, you can still analyze them using their original values (before imputation) after using MICE. However, be cautious because this may introduce bias if the missingness in these columns is not random.
> 
> 4. **Review Multicollinearity**: If collinearity is a consistent issue, consider adjusting your model by removing some of the collinear features or combining them into composite variables, which can free up the dropped columns for inclusion in further analyses.
> 
> 5. **Post-Imputation Models**: You can always run models on the imputed dataset where you attempt to predict the values of the collinear columns directly based on the other variables. This way, even if MICE ignored them during the imputation, you are still modeling their relationships.
> 
> Remember, once you retrieve estimates for the dropped columns, always assess the validity of these estimates in the context of your overall analysis.
**user**:
> I'm trying to run the separate linear model, but when I include enough of the columns (presumably enough that it's collinear?) I get the error
> Error in `contrasts<-`(`*tmp*`, value = contr.funs[1 + isOF[nn]]) : 
>   contrasts can be applied only to factors with 2 or more levels
**assistant**:
> The error you're encountering typically arises when you attempt to include a factor variable with only one level in your linear model. This situation can happen if your imputed dataset has missing data or if certain categorical variables are entirely unrepresented due to poor imputation or data selection.
> 
> Here’s how you can troubleshoot and resolve this issue:
> 
> 1. **Check Factor Levels**: Prior to running the model, inspect the factor variables in your complete dataset to ensure they have 2 or more levels. You can use the following code snippet:
> 
>    ```r
>    complete_data <- complete(imputed_data)
> 
>    # Check levels of factor variables
>    factor_cols <- sapply(complete_data, function(x) is.factor(x))
>    lapply(complete_data[, factor_cols], levels)
>    ```
> 
>    Look for columns that report only one level, as they may be causing the issue.
> 
> 2. **Drop or Recode Single-Level Factors**: If you identify any factors with only one level, you will need to either drop them from your model or recode them appropriately. You can drop these columns like so:
> 
>    ```r
>    complete_data <- complete_data[, sapply(complete_data, function(x) !(is.factor(x) && length(levels(x)) < 2))]
>    ```
> 
> 3. **Imputation of Categorical Variables**: If certain categorical variables are frequently leading to collinearity or limited levels after imputation, consider examining your imputation strategy. You might change how you treat the categorical columns by ensuring you have enough data to represent all levels:
> 
>    - Adjust the predictor matrix in MICE to prioritize certain columns for the imputation of categorical variables.
>    - If possible, ensure that the missingness mechanism for the categorical variables makes sense and includes adequate data for reliable imputation.
> 
> 4. **Run the Model Again**: After cleaning the dataset, try fitting your linear model again:
> 
>    ```r
>    model <- lm(dropped_column ~ other_predictors, data = complete_data)
>    summary(model)
>    ```
> 
> 5. **Use Alternative Models**: If certain categorical variables are still problematic, consider using mixed models or generalized additive models (GAMs) for enhanced flexibility when dealing with predictors that might have complex interactions or non-linear relationships.
> 
> By following these steps, you should be able to resolve the error and proceed with your linear modeling. If you continue to encounter issues, please provide more details about the variables you are including, and we can explore further solutions.
**user**:
> No, this doesn't appear to be it. I do have factors, but they have multiple levels. The error happens when I go from a model that works to adding one more numerical column.
**assistant**:
> If the error occurs when adding an additional numerical column to your linear model, it suggests that the new column may be contributing to collinearity with existing predictors. Here’s how to address this specific situation:
> 
> ### Steps to Diagnose and Resolve the Issue
> 
> 1. **Check for Multicollinearity**:
>    - Use the `cor()` function to check the correlation between your numerical predictors, particularly the one you're adding. High correlation (close to +1 or -1) could indicate multicollinearity:
>    
>    ```r
>    numeric_cols <- sapply(complete_data, is.numeric)
>    cor_matrix <- cor(complete_data[, numeric_cols], use = "pairwise.complete.obs")
>    print(cor_matrix)
>    ```
> 
>    Focus on the correlations involving the numeric column that's causing issues.
> 
> 2. **Variance Inflation Factor (VIF)**:
>    - Calculate the VIF to diagnose multicollinearity among your predictors. VIF values above 5 or 10 can indicate problematic levels of collinearity:
>    
>    ```r
>    library(car)
>    initial_model <- lm(dropped_column ~ ., data = complete_data)  # Use all predictors initially
>    vif_values <- vif(initial_model)
>    print(vif_values)
>    ```
> 
> 3. **Try Simplifying the Model**:
>    - If you find multicollinearity with the new column, consider simplifying your model to either drop the new variable temporarily or remove one of the other collinear variables.
> 
> 4. **Examine the New Column**:
>    - Investigate the distribution of the new column. If it has many near-zero values or is constant across observations, it might lead to singular matrix issues. Consider scaling or transformations:
>    
>    ```r
>    summary(complete_data$new_column)  # Replace 'new_column' with the actual column name
>    ```
> 
> 5. **Run the Model with Different Combinations**:
>    - Try running the model by systematically adding predictors to isolate the problematic variable. For example, start with a simpler model and add predictors one by one:
> 
>    ```r
>    base_model <- lm(dropped_column ~ existing_predictors, data = complete_data)
>    summary(base_model)
> 
>    # Now add the new column and see if it breaks the model
>    extended_model <- lm(dropped_column ~ existing_predictors + new_column, data = complete_data)
>    summary(extended_model)
>    ```
> 
> 6. **Use Pseudo-inverse for Singular Matrices**:
>    - If the issue is persistent and related to matrix rank, consider fitting the model using methods that allow for less strict assumptions about matrix rank. Alternatively, you can check if you need regularization techniques like Ridge or Lasso regression (from the `glmnet` package).
> 
> ### Example of Model Fitting with Regularization
> 
> Here’s an example of how you can try Ridge regression to address issues with multicollinearity:
> 
> ```r
> library(glmnet)
> 
> # Preparing data for glmnet
> X <- model.matrix(dropped_column ~ ., data = complete_data)[, -1]  # Exclude intercept
> y <- complete_data$dropped_column
> 
> # Fit Ridge regression
> ridge_model <- glmnet(X, y, alpha = 0)
> print(coef(ridge_model))
> ```
> 
> By following these steps, you should be able to pinpoint the source of the error and modify your approach accordingly. If issues persist, please share specific details about the model formula and the problematic variable for further assistance!
**user**:
> But the whole point of this exercise was to predict the collinear columns. So I know that they are collinear, but I still want to know what their perfectly-predicted value would be.
**assistant**:
> If your goal is to predict values for collinear columns even when they get dropped due to collinearity, you can use an alternative approach where you directly estimate those values based on the significant predictors. Here are a few strategies to achieve this:
> 
> ### 1. Use a Multiple Regression for Prediction
> 
> You can create a model with the predictors that are correlated and then make predictions for the collinear column of interest. This involves manually specifying a model that includes relevant predictors and then predicting the target variable:
> 
> ```r
> # Fit a regression model including collinear columns
> predictor_columns <- c("column1", "column2", ... , "collinear_column")  # Include relevant predictors
> model <- lm(collinear_column ~ ., data = complete_data[, predictor_columns])
> 
> # Predict the values for collinear column
> predicted_values <- predict(model, newdata = complete_data[, predictor_columns])
> 
> # Add predictions back to the dataset
> complete_data$predicted_collinear_column <- predicted_values
> ```
> 
> ### 2. Direct Imputation with Known Relationships
> 
> If you know that a collinear variable is perfectly predicted by other variables, you could opt to use its relationship directly. This approach can be particularly effective if you just want to estimate missing values based on existing data:
> 
> ```r
> # For example, if you know the relationship
> # Assume "predictor1" and "predictor2" perfectly predict "collinear_column"
> predicted_values <- complete_data$predictor1 + complete_data$predictor2  # Example of a derived relationship
> 
> # Add predicted values to the dataset
> complete_data$predicted_collinear_column <- predicted_values
> ```
> 
> ### 3. Using Principal Component Analysis (PCA)
> 
> If collinearity is affecting your model, consider creating principal components of the correlated predictors. This will reduce the dimensionality while retaining the variance in the data, allowing you to use these components in prediction:
> 
> ```r
> # Perform PCA on the correlated predictors
> pca_result <- prcomp(complete_data[, predictor_columns], scale. = TRUE)
> 
> # Use the first principal component for prediction
> complete_data$predicted_collinear_column <- pca_result$x[, 1]  # Use the first principal component
> ```
> 
> ### 4. Stepwise Selection to Include Relevant Variables
> 
> If you wish to systematically determine which predictors to include, consider using stepwise selection techniques that allow for collinearity indirectly while predicting every column of interest:
> 
> ```r
> library(MASS)
> stepwise_model <- stepAIC(lm(collinear_column ~ ., data = complete_data), direction = "both")
> 
> summary(stepwise_model)
> predicted_values <- predict(stepwise_model)
> ```
> 
> ### 5. Iterative Methods in MICE 
> 
> Lastly, if you're using MICE for imputation, you can iteratively impute the dropped column. This will entail configuring the predictor matrix to reflect variables that can influence the collinear columns without dropping them:
> 
> ```r
> # Example of adjusting predictor matrix
> init <- mice(complete_data, maxit = 0)
> pred_matrix <- init$predictorMatrix
> pred_matrix["collinear_column",] <- 1  # Allow to use all predictors
> 
> # Run MICE with adjusted predictor matrix
> imputed_data <- mice(complete_data, predictorMatrix = pred_matrix, m = 5)
> 
> # Check the imputed values for collinear column
> imputed_complete <- complete(imputed_data)
> ```
> 
> Using one of these methods will allow you to estimate values for collinear columns effectively while retaining their relationships in your predictions. Let me know if you need further clarification or help with these methods!
