**user**:
> Where is "new.h" on my mac os? I installed xcode-tools, but I don't see it.
**assistant**:
> The "new.h" header file is part of the C++ standard library and should be included with the developer tools provided by Xcode. It's not something you'll normally find directly in the filesystem as a standalone file like user-created headers, because it's part of the system's standard library headers.
> 
> When you install Xcode and the command line developer tools, the standard library headers are typically included in directories that are part of the default search path for the compiler. On macOS, these headers are often located within the SDKs provided by Xcode.
> 
> To find the exact location of "new.h", you can use the `locate` or `find` command in the terminal:
> 
> 1. **Using `locate`:**
>    First, make sure your locate database is up-to-date by running:
> 
>    ```bash
>    sudo launchctl load -w /System/Library/LaunchDaemons/com.apple.locate.plist
>    ```
> 
>    Once the indexing is done, you can find "new.h" like this:
> 
>    ```bash
>    locate new.h
>    ```
> 
> 2. **Using `find`:**
> 
>    If the above doesn't work or if you prefer a more direct approach, use the `find` command starting from the root directory:
> 
>    ```bash
>    sudo find / -name new.h
>    ```
> 
> 3. **Using Xcode's SDK Path:**
> 
>    You can also check within Xcode's SDKs directly. You can list all available SDKs using the following command:
> 
>    ```bash
>    xcrun --sdk macosx --show-sdk-path
>    ```
> 
>    Then, search within that path for the relevant header file:
> 
>    ```bash
>    find $(xcrun --sdk macosx --show-sdk-path) -name new.h
>    ```
> 
> These methods should help you locate "new.h" on your Mac. If you're compiling your code and the compiler cannot find this header, ensure your development environment is correctly set up to include standard library headers, which is typically handled automatically by Xcode and its associated developer tools.
