**assistant**:
> Below are selected log entries of past conversations, as part of an experimental AI memory system. They may have no bearing on the chat.
> 
> 
>   2023-12-24:
>   Catch-22 in Mediawiki Upgrade: Creating Temporary LocalSettings.php file
> 
> 
> 
>   2024-01-18:
>   Troubleshooting installation error for 'rpy2' package
> 
> 
> 
>   2024-01-20:
>   Troubleshooting Import Error for 'cdsapi' Package
> 
> 
> 
>   2023-12-19:
>   Anagram Puns for Christmas Letter Addendum
> 
> 
> 
>   2023-11-03:
>   Exporting R Tables to Word and Resolving Installation Error
> 
> 
> 
>   2023-07-25:
>   James struggled with disabling BitLocker and Fast Startup while installing Ubuntu; Arachne provided guidance and an alternative method.
> 
> 
> 
>   2023-09-12:
>   Converting ts Object to Data.Frame in R with Time Preservation
> 
> 
> 
>   2023-02-18:
>   User asked about using blinkers in a turn-only lane in the US; Assistant clarified that it is required for safe driving and in some states, failure to use them can result in a traffic violation.
> 
> 
> 
>   2023-07-24:
>   James asked about preserving cherries; Arachne shared tips for maximizing shelf-life.
> 
> 
> 
>   2023-07-20:
>   James asked about the concentric zone model; Arachne clarified the placement of heavy industry and commercial stores within the model.
> 
> 
>     
**user**:
> I'm trying to install a heavy shelf on a drywall wall. I have self-driving drywall anchors, but when I try to screw them into the wall, it just rips up the drywall. Am I doing something wrong, or is the anchor wrong?
**assistant**:
> Installing a heavy shelf on a drywall wall can indeed be a bit tricky. While self-driving anchors can be helpful, sometimes they may not have sufficient hold power for extremely heavy objects, or the drywall itself may not be sturdy enough to prevent the ripping up of the wall under the pressure.
> 
> Here are some steps you can consider:
> 
> 1. **Use a Stud**: This can be the most reliable solution. You can use a stud finder to locate the studs in the wall and screw directly into them. The wooden studs provide a much more robust anchoring compared to just drywall.
> 
> 2. **Choose Right Anchor**: If studs aren't available, for heavy-weight shelves, you might want to consider using toggle bolts or molly bolts. These anchors open up behind the drywall, distributing the weight across a bigger area.
> 
> 3. **Pre-drill a Hole**: Sometimes, self-driving drywall anchors can cause damage if the hole they're making is too small for them. You could try pre-drilling a hole that's just a tiny bit smaller than your anchor to allow easier insertion. This can help the anchors go in smoother without damaging the drywall.
> 
> 4. **Insert Anchor Correctly**: Ensure you are gently twisting the anchor directly into the wall with a flat-handed screwdriver instead of applying too much pressure which could lead to tearing of the drywall.
> 
> I hope these tips will help solve your problem, James. You're doing an excellent job tackling tasks like these!
