**assistant**:
> Below are selected log entries of past conversations, as part of an experimental AI memory system. T
**user**:
> How do I do the equivalent of geom_step (ggplot) in Plots (Julia)?
**assistant**:
> To create a step plot in Plots.jl (Julia), you can use the `seriestype = :steppost` (or `:stepmid` or `:steppre` depending on your preference) argument when calling the `plot` function. Here's an example:
> 
> ```julia
> using Plots
> 
> # Sample data
> x = 1:10
> y = rand(10)
> 
> # Create step plot
> plot(x, y, seriestype = :steppost, label = "Step Post")
> 
> # Display the plot
> savefig("step_plot.png")
> ```
> 
> This will create a step plot similar to `geom_step` in ggplot2. You can replace `:steppost` with `:stepmid` or `:steppre` depending on whether you want the steps to occur after, at the midpoint, or before the x-values, respectively.
> 
> If you need further customization or specific features, feel free to ask!
**user**:
> How do I specify the size of the image to save?
**assistant**:
> In Plots.jl, you can specify the size of the image to save using the `size` argument when calling the `savefig` function. Here's an example extending from the previous code snippet:
> 
> ```julia
> using Plots
> 
> # Sample data
> x = 1:10
> y = rand(10)
> 
> # Create step plot
> plot(x, y, seriestype = :steppost, label = "Step Post")
> 
> # Save the plot with specified size
> savefig("step_plot.png", size=(800, 600))
> ```
> 
> In this code snippet, the `size=(800, 600)` argument specifies the width and height of the saved image in pixels. You can adjust the values (800 and 600 in this case) to set the desired size for the saved image.
> 
> If you need further assistance or have any other questions, feel free to ask!
