**assistant**:
> Below are selected log entries of past conversations, as part of an experimental AI memory system. T
**user**:
> The following prompt is related to Johanna Goetzel's job search. Below
> is her resume:
> ===
> **Johanna N. Goetzel**
> 
> | SUMMARY | Sustainability professional with over two decades of experience leading diverse teams for mission-driven organizations. Adept at managing a large portfolio of equity focused issues, cross-functional collaboration, relationship management, and action-oriented research.  Relationship Manager: Fostering business partnerships and expanding networks.  Project Manager: Organizing teams to achieve goals, identifying needs and developing solutions. Communications Expert: Crafting messages in language most accessible to audience needs. Fund Management and Growth: Raising funds for new goals and scaling up existing projects. |
> | :---- | :---- |
> | **PROFESSIONAL EXPERIENCE**           |  **Institute for Market Transformation, Director, Corporate Giving**                             2024-present, DC Established individual giving stewardship strategy and raised over $50,000 in new gifts in 12 months. Fostered relationships with work board members and piloted a new advisory board for the Building Innovation Hub, increasing participation and investments in the DC area. Growing a network of philanthropy and corporate donors including the Clif Family Foundation,Energy Foundation, Kresge Foundation, and Yardi. Expanding program-specific memberships in support of Washington DC real estate and community stakeholders, and  providing data policy tracking and analysis to corporations nationally.  Curate revenue-generating events, including launch of inaugural DC Climate Week in 2025\. **Clean EnergyBuyers Association, Manager of Strategic Partnerships**                           2021-2023, DC Grew membership network of clean energy buyers, service, and energy providers from 200 to over 450 corporate participants, representing $7.5 trillion in annual revenue. Established the company’s first diversity, equity and inclusion program for member companies led by women and people of color, offering a discounted rate to help level the playing field of the clean energy sector. Expanded the program by 200%. Led international stakeholders in deploying a robust strategy to decarbonize the grid and unlock energy markets, facilitating deals that brought over 64 GW of clean energy. **Sustainable Ventures, London CleanTech Innovation Consultant**                                    2020, London Established an innovation hub with academic, start-up, and government members in London and advised women and minority-run start-ups on how to pitch effectively to VCs. Created a forum for clean technology development and investment in London. Collaborations across the Greater London Authority, universities and corporate steering committee members to develop offerings for corporate membership, sponsorship platforms and funding pipelines.  **Carbon Credentials, Senior Sustainability Consultant**                                              2018-2019, London  Consulted on sector-specific guidance for companies to meet the recommendations of the Task Force on Climate Related Financial Disclosures (TCFD) and other voluntary commitments, including developing 1.5-degree strategies, and related methodologies for global businesses to establish Science-Based Targets (SBTs). Experience with reporting frameworks including CDP, GRI, SASB, and UK Climate Risk Change Assessment. Managed team of four analysts, led client workshops, and developed funding proposals. Provided bespoke environment strategy consulting to Fortune 500 clients across Europe. **The Climate Group, Head of Member Engagement, North America**                 2015-2018, New York Built and sustained multinational relationships with corporate partners, increasing member engagement through dozens of successful virtual and in person forums.   Grew corporate clean energy programs from inception to 200+ members (including RE100, EP100 and EV100 work). Exceeded the  KPIs for each program.  Coordinated US partners for Climate Week NYC, connecting C-suite business and governmental leaders with 500+ sustainability practitioners. Managed an international team of 15 in the 6-month lead up, and post event analysis. Raised $500,000, bringing in new clients, board members and supporters.  Worked with High-Net-Worth individuals on giving plans and unique fundraisers. |
> |   | **Vitality Institute,** *Climate and Health Policy Analyst*                                            2013-2015, New York Wrote and researched healthcare policies to reduce the burden of non-communicable diseases, focused on detrimental climate impacts on health. Developed programs for employee health and employer cost savings in the US, including a healthy food in the workplace toolkit, featuring an assessment instrument. Worked with NGOs, food industry leaders and startup founders to develop healthy child-friendly recipes for celebrity chef Jamie Oliver using AMA guidelines. |
> |  | **The Earth Institute, Columbia University, Community Coordinator**                  2012-2013, New York Organized discussion series for Columbia University’s science and policy community on climate change policy and adaptation and mitigation strategies.  Translated scientific research for lay audiences, working between academics, policy makers and civil society to make the IPCC renominations accessible and actionable.   Managed a team of researchers and writers to design a neighborhood rebuilding plan after Hurricane Sandy. Advised sustainability-focused food access projects for Brooklyn. **Nature Means Business, Principal Investigator**                                                      2009-2012, New York Researched, edited, and assisted with writing a book called *Environmental Debt: The Hidden Cost of a Changing Economy* (by Amy Larkin, Palgrave Macmillan, 2013).  Worked with Larkin to craft a new framework for the 21st century business connecting the ROI of business with the survival of the natural world. Worked with members of the Consumer Goods Forum including Coca-Cola, PepsiCo and Unilever to enact the CGF Refrigeration Resolution to eliminate HFCs (f-gasses). |
> |   | **Democracy in Action, Donations and Events Manager**	                  2007-2009, Washington, D.C. Assisted hundreds of nonprofits with web-platform and interactive tools for charitable contributions and communication strategies to constituents and project managed engineers to ensure product delivery and end-user satisfaction. Organized user conference annually. |
> | **EDUCATION** | **Columbia University, MA, Climate and Society**                                                                    New York, NY Science-based program focused on climate impacts on natural and human systems.  Developed methodologies for building sustainable food and health systems in urban areas. **Sciences Po University, Science and Policy Program**                                                            Paris, France  Program aimed at bridging the gap between scientists and international policy makers. Focused on translating scientific findings to non-academic audiences. **Wesleyan University, BA, Honors in English and Gender Studies**                                Middletown, CT Honors in English and Gender Studies. Center for the Humanities Fellowship. Developed a curriculum for a new program called “Food Politics” and co-taught it twice.   |
> | **AFFILIATIONS**  | **Board Member,** Columbia University’s Graduate School of Arts and Science. Head of the recent alumni and young professionals committee, developing fundraising initiatives for new donors.  **WISE Philadelphia,** *Chapter Lead.* Co-Lead network of Women Investing in Sustainable Finance. **Echoing Green Fellowship reviewer**. Annual assessment of fellowship applications. |
> | **SKILLS**   | Software (Google and Microsoft tools, html, front-end design, data analysis tools, climate modeling/mapping), Financial and Decision Modeling (Cost Benefit Analysis, Raiser’s Edge, Salesforce, QuickBooks, Payflow Pro), Writing (grants, technical and policy, blogs, social media, and marketing materials), Conversational Spanish, Culinary degree, L’academie de Cuisie.  |
> ===
> 
> write a cover letter for this role: "
> Jobs
> Companies
> Packages
> Trellis Home
> Sign In
> Sign Up
> Post a Job
> Sr. Manager, Growth Marketing
> Remote
> Join Archive in our mission to change consumer shopping behavior for the better. If you think humans buy too much stuff and throw too much away, then this problem is for you. As the leading provider of technology for branded resale, we now power circular businesses for 50+ brands globally including The North Face, New Balance, Dr. Marten’s, Oscar de la Renta, Faherty, and more. 
> 
> 
> 
> We are looking for highly motivated, forward-thinking individuals to join our team in building the most delightful user experiences for shopping used items, as well as the most innovative Resale Intelligence Software for brands. If this mission speaks to you, come join us as we grow our share of the booming second hand market—projected to grow 3X faster than the broader retail industry and to hit $350 Billion globally by 2028.
> 
> 
> 
> We are hiring for an experienced growth marketer to join our growing marketing team as our Sr. Manager of Growth Marketing. In this role, you will be responsible for driving more efficient and scalable marketing funnels, and optimizing lifecycle marketing. You will own all paid media, site optimization and conversion, ABM, nurture campaigns, and more, and will report into the VP of Marketing.
> 
> 
> 
> Job Responsibilities:
> Growth Strategy Development: Develop and execute data-driven growth strategies to drive demand generation and pipeline acceleration.
> Demand Generation: Lead campaigns across multiple channels (e.g., paid media, email, SEO/SEM) to generate high-quality leads. Optimize campaigns and Archive website for improved conversion.
> Lead Nurture: Activate nurture campaigns to ensure Archive is consistently top of mind for leads or contacts that haven’t converted.
> Account Based Marketing: Partner with sales team to ideate, execute and share impact metrics for ABM strategies.
> Segmentation: Identify and segment target audiences based on behavior and demographics, and create tailored messaging and campaigns to drive engagement and conversions.
> Experimentation & Innovation: Conduct regular A/B testing of marketing assets, landing pages, email flows, and ads to continually improve performance and ROI.
> Analytics and reporting: Use analytics tools to track campaign performance, identify growth opportunities, and report key KPIs (CAC, ARR, etc.)
> 
> 
> What we are looking for:
> Experienced Growth Marketer: 5+ years of experience in growth marketing, digital marketing, and/or demand generation, with at least 3 years experience at a SaaS company. Proven track record of driving measurable growth through multi-channel marketing strategies. Proficiency in paid media platforms (e.g., Google Ads, LinkedIn Ads), SEO/SEM strategies, and marketing automation tools.
> Analytical Approach: Strong understanding of the B2B sales funnel and experience optimizing each stage. Expertise in analytics platforms (e.g., Google Analytics, HubSpot, Marketo, Salesforce) and data visualization tools.
> B2B SaaS Experience: Knowledgeable and comfortable with SaaS metrics (e.g., CAC, LTV, ARR) and their application to growth strategies. Proven expertise with account-based marketing (ABM) strategies and tools.
> Startup Experience: You thrive in high-growth startup environments where agility and adaptability are essential. You’re willing to roll up your sleeves, own processes fully, and get things done.
> Collaborative Approach: You will work closely with our sales team to complement their current strategies and align on improved processes.
> 
> 
> Nice to have
> Experience with a narrow ICP: We have a well-defined ICP, but it is somewhat narrow. Proven experience with targeting and customizing marketing tactics vs. spray and play is ideal.
> 
> Likely not a fit:
> Preference for Strategy over Execution: We need someone who’s not only strategic but also hands-on, taking full responsibility to see initiatives through to completion.
> Looking to Hire/Lead a Team Immediately: This role focuses on building the foundation of our growth function and proving we have scalable, repeatable solutions for driving leads and accelerating pipeline.
> 
> 
> The expected annual base salary range for this position is $115,000-145,000. Compensation varies based on a variety of factors which include (but aren’t limited to) role level, skills and competencies, qualifications, knowledge, and experience. In addition to base pay, certain roles are eligible for equity as well, and all employees are eligible for a full benefits package including employee and dependent healthcare and 401(k) enrollment.
> 
> 
> 
> Our team of over 50 employees is currently remote-first, with an office in NYC and optional in-person work for those located in the area. We have company offsites twice a year to bring the full team together in person, and occasional travel is expected as part of the job.
> 
> 
> 
> Archive is a Series B company backed by lauded investors including Energize Capital, Lightspeed Venture Partners, and Bain Capital Ventures. We prize an inclusive and transparent culture, and remain true to our values in everything we do. We were honored as Fast Company’s #2 Most Innovative Company in Retail in 2024, and continue to challenge ourselves to change consumer shopping behavior for the better. 
> 
> 
> 
**assistant**:
> **Johanna N. Goetzel**  
> [Your Address]  
> [City, State, Zip Code]  
> [Email Address]  
> [Phone Number]  
> 
> April 2, 2025  
> 
> Hiring Manager  
> Archive  
> 
> Dear Hiring Manager,
> 
> I am writing to express my enthusiastic interest in the Sr. Manager, Growth Marketing position at Archive. With over two decades of experience in sustainability and a proven track record of leading diverse, mission-driven teams, I am excited about the opportunity to contribute to Archive's mission of transforming consumer shopping behavior.
> 
> Throughout my career, I have been passionately engaged in fostering partnerships, expanding networks, and developing data-driven strategies to drive innovation and growth. At the Institute for Market Transformation, I successfully raised over $50,000 in new gifts within 12 months, showcasing my ability to develop and execute effective growth strategies. My role in growing a membership network from 200 to over 450 participants at the Clean Energy Buyers Association further demonstrates my aptitude for demand generation and engagement initiatives.
> 
> I am adept at using analytics tools to track performance and identify growth opportunities. My experience with platforms such as Salesforce and data analysis tools will enable me to effectively manage paid media, site optimization, and ABM strategies at Archive. Additionally, my collaborative approach and experience in high-growth environments, such as my leadership at The Climate Group, have equipped me with the agility and adaptability necessary to thrive within a startup setting.
> 
> My personal dedication to sustainability aligns closely with Archive's mission to promote circular business models and transform consumer habits for a lasting positive impact. I am inspired by the innovative Resale Intelligence Software Archive provides to brands globally and look forward to contributing to the continuous optimization of marketing funnels and lifecycle strategies.
> 
> I am eager to bring my skills in relationship management, strategic growth, and cross-functional collaboration to Archive, driving impactful and sustainable growth in the burgeoning second-hand market. Thank you for considering my application. I look forward to the opportunity to further discuss how my experience aligns with the needs of your team.
> 
> Warm regards,
> 
> Johanna N. Goetzel
