**assistant**:
> Below are selected log entries of past conversations, as part of an experimental AI memory system. They may have no bearing on the chat.
> 
> 
>   2023-08-31:
>   Measuring Shipping Congestion and Converting Speeds
> 
> 
> 
>   2023-08-31:
>   Converting Lat-Lon Points to Gridded Dataset: Step-by-Step Guide in R
> 
> 
> 
>   2023-08-31:
>   Accounting for Spatial Interactions in Delaware Marine Waters
> 
> 
> 
>   2023-08-31:
>   Understanding Symbol Layer and Feature Symbology in QGIS DXF Files
> 
> 
> 
>   2023-09-01:
>   HTML to LaTeX Table Translation
> 
> 
> 
>   2023-09-01:
>   HTML to LaTeX Conversion: Organizing Table Content
> 
> 
> 
>   2023-09-02:
>   Dealing with Multiple Data-Generating Processes in Econometrics
> 
> 
> 
>   2023-09-02:
>   Understanding Betas in OLS Regression
> 
> 
> 
>   2023-09-03:
>   Frameworks and Activities for a Sustainable Investing Workshop
> 
> 
> 
>   2023-09-03:
>   Memory System Test and Privacy Clarification
> 
> 
>     
**user**:
> The following prompt is related to Johanna Goetzel's job search. Below
> is her resume:
> ---
> # Johanna N. Goetzel
> jgoetzel@gmail.com
> 
> ## OBJECTIVE
> 
> Inspire teams to expanding their reach and build sustainable solutions for people and planet.
> 
> ## PROFILE
> 
> Sustainability professional with over a decade of experience leading diverse teams on ambitious
> projects for mission-driven organizations. Adept at managing a large portfolio with a wide variety of
> issues, cross-functional collaboration, relationship management, and action-oriented research.
> 
> Relationship Manager: Fostering business partnerships and expanding networks.
> Project Manager: Organizing teams to achieve goals, identifying needs and developing solutions.
> Communications Expert: Crafting messages in the language most accessible to audience needs.
> Fund Management and Growth: Raising funds for new goals and scaling up existing projects.
> 
> ## PROFESSIONAL EXPERIENCE
> 
> Clean Energy Buyers Association, Manager of Strategic Partnerships 2021 - present
> ● Grew membership network of clean energy buyers, service, and energy providers from 200 to
> over 40 0 corporate participants, representing $7.5 trillion in annual revenue.
> ● Developed criteria for establishing the company’s first diversity, equity and inclusion program
> for member companies led by women and people of color, offering a discounted rate to help
> level the playing field of the clean energy sector. Expanded the program to over 30 members.
> ● Led international stakeholders in deploying a robust strategy to decarbonize the grid and
> unlock energy markets, facilitating deals that brought over 64 GW of clean energy to the grid.
> ● Worked with corporate leaders to maximize the environmental and social outcomes of clean
> energy transition through the procurement of clean energy, and to reduce their direct, indirect
> and induced emissions (Scope 1, 2 and 3 analysis for impact).
> 
> Sustainable Ventures, London Clean Tech Innovation Consultant 2020 , London
> ● Established a hub for innovation with academic, start-up, and government members in London.
> ● Collaborated with the Greater London Authority and steering committee members to create a
> forum for clean technology development and investment in London.
> ● Developed offerings for corporate membership, sponsorship platforms and funding pipelines.
> ● Advised women led start-ups on how to pitch effectively to VCs.
> 
> Carbon Credentials, Senior Sustainability Consultant 2018 - 2019, London
> ● Consulted on sector-specific guidance for companies to meet the recommendations of the Task
> Force on Climate Related Financial Disclosures (TCFD) and other voluntary commitments,
> including developing 1.5-degree strategies, and related methodologies for global businesses to
> establish Science-Based Targets (SBTs). Experience with reporting frameworks including CDP,
> GRI, SASB, UK Climate Risk Change Assessment.
> ● Managed team of four analysts, led client workshops, and developed funding proposals.
> ● Provided bespoke environment strategy consulting to Fortune 500 clients in transportation,
> building materials and professional service sectors.
> 
> The Climate Group, Head of Member Engagement, North America 2015 - 2018, New York
> ● Built and sustained multi-national relationships with corporate partners, increasing member
> engagement through dozens of successful virtual and in person forums.
> ● Grew corporate clean energy programs from inception to 2 00+ members (including RE100,
> EP100 and EV100 work). Developed and measured KPIs for each program.
> ● Coordinated US partners for Climate Week NYC, connecting C-suite business and governmental
> leaders with 500+ sustainability practitioners. Managed an international team of 15 in the 6-
> month lead up, and post event analysis. Managed up and down the team.
> ● Individually raised $500,000, bringing in new clients, board members and supporters.
> ● Worked closely with High-Net-Worth individuals on giving and bespoke fundraisers.
> 
> Vitality Institute, Climate and Health Policy Analyst 2013 - 2014, New York
> ● Wrote and researched healthcare policies to reduce the burden of non-communicable
> diseases, focused on detrimental climate impacts on health.
> ● Developed programs for employee health and employer cost savings in US, including a healthy
> food in the workplace toolkit, featuring an assessment instrument.
> ● Established client relationships, managed partnerships with academic institutions and
> presented the Institute’s work at international conferences.
> ● Worked with NGOs, food industry leaders and startup founders to develop healthy child-
> friendly recipes for celebrity chef Jamie Oliver using American Heart Association guidelines.
> 
> The Earth Institute, Columbia University, Community Coordinator 2012 - 2013, New York
> ● Organized discussion series for Columbia University’s science and policy community on climate
> change policy and adaptation and mitigation strategies.
> ● Translated scientific research for lay audiences, working between academics, policy makers
> and civil society.
> ● Managed a team of researchers and writers to design a neighborhood rebuilding plan after
> Hurricane Sandy. Advised sustainability-focused food access projects for Brooklyn.
> 
> Nature Means Business, Principal Investigator 2009 - 2012, New York
> ● Researched, edited, and assisted with writing a book called Environmental Debt: The Hidden
> Cost of a Changing Economy (by Amy Larkin, Palgrave Macmillan, 2013). Established web
> presence and marketing strategy for book promotion.
> ● Worked with Larkin to craft a new framework for the 21st century business connecting the ROI
> of business with the survival of the natural world.
> ● Worked with members of the Consumer Goods Forum including Coca-Cola, PepsiCo and
> Unilever to enact the CGF Refrigeration Resolution to eliminate HFCs (f-gasses).
> 
> Democracy in Action, Donations and Events Manager 2007 - 2009, Washington, D.C.
> ● Assisted hundreds of nonprofits with web-platform and interactive tools for charitable
> contributions and communication strategies.
> ● Coordinated user conference (300 people) and smaller gatherings for the tech sector, working
> with local businesses, politicians and NGOs in greater Washington D.C.
> ● Project managed engineers to ensure product delivery and end-user satisfaction.
> 
> ## EDUCATION
> 
> Columbia University, MA, Climate and Society 2013, New York, NY
> Science-based program focused on climate impacts on natural and human systems.
> Developed methodologies for building sustainable food and health systems in urban areas.
> 
> Sciences Po University, Science and Policy Program 2012, Paris, France
> Program aimed at bridging the gap between scientists and international policy makers.
> Focused on translating scientific findings to non-academic audiences.
> 
> Wesleyan University, BA, Honors in English and Gender Studies 2007, Middletown, CT
> High Honors in English and Gender Studies.
> Developed a curriculum for a new program called “Food Politics” and co-taught it twice.
> 
> ## AFFILIATIONS
> 
> Board Member of Columbia University’s Graduate School of Arts and Science. Head of the recent
> alumni and young professionals committee, developing fundraising initiatives for new donors.
> 
> ## SKILLS
> 
> Software (Google and Microsoft tools, html, front-end design, Mac and PC systems, data analysis
> tools, climate modeling/mapping), Financial and Decision Modeling (Cost Benefit Analysis, Raiser’s
> Edge, SalesForce, QuickBooks, Payflow Pro), Writing (grants, technical and policy reports, blogs,
> social media, and marketing materials), Teaching (didactic, interactive, curriculum design),
> Languages (conversational Spanish), Culinary (L’academie de Cuisinne).
> ---
> 
> write a cover letter for this job decrption: "The Director, Board & External Relations, is a key staff member of the EDF Action Core Team. Reporting to the President, EDF Action, they manage the organization’s activities related to external relationships, including donors and the Board of Directors, and oversee the internal alignment of a cross-functional team and organization-wide projects. The Director, Board & External Relations, will also provide direct support to the President and serve as trusted advisor to the President and the EDF Action management team. The position requires an individual who understands how to get things done in a large, complex organization through influence and collaboration. It is also essential that the person have experience in managing high-level relationships and in handling sensitive and confidential information. Location Note: this role can be remote in the U.S. or based out of our Washington DC Office on a fulltime or hybrid basis. Key Responsibilities Advisor to the President Act as a key thought partner, advisor, and problem-solver to the President, EDF Action by identifying priorities and strategically aligning staff time to meet those priorities. Manage a variety of long-term, cross-organizational projects bringing together important stakeholders. Provide communications support including internal and external communications, reports, memos and presentations. Spearhead and implement programs, systems, workflows, or processes that strengthen EDF Action’s impact. Attend meetings with/on behalf of the President, facilitate action and follow up items, and inform appropriate stakeholder Liaison to Development & Program Staff Serve as the primary liaison between EDF Action and Development, ensuring alignment on donor engagement strategies, proposal plans and other strategic donor communications. Guide and participate in strategizing for and raising funds to meet EDF Action and EDF Action PAC fundraising goals year to year. Support the President in managing interactions with and maintaining strong relationships with key funders, strategic partners and stakeholders. Serve as the primary liaison between EDF Action and EDF programs ensuring proper strategic alignment on use of, reporting on and securing of c4 funds. Manager of EDF Action Board Oversee the preparation and planning for EDF Action Board Meetings Manage Director engagement, recruitment, nominations and onboarding of new Directors Guide and participate in the management of EDF Action Board Committees Support the President in managing interactions with the Board chairs, committee leaders and other Directors. Participate in advancing EDF DEI goals in which people from all backgrounds and experiences feel connected, included, and empowered to address the environmental and organizational challenges in alignment with EDF values Qualifications At least 10+ years of relevant experience, including project/team management, fundraising and developing organizational systems experience and protocols in a nonprofit, political or campaign setting. Demonstrated experience managing relationships with senior-level executives and external stakeholders. Demonstrated ability to effectively manage programs and staff. Experience in project management and exceptional personal organization and attention to detail; Expertise in managing multiple projects concurrently, both independently and as a member of teams in a dynamic and creative environment; Proven skill at building relationships to engender trust and influence cross-functionally in order to drive execution toward common goals Sound, independent judgment to plan, prioritize and organize a diversified workload Excellent written and oral communication skills and the ability to work with colleagues and partners of varied backgrounds and experience. A broad understanding of environmental issues and demonstrated ability to collaborate with diverse stakeholders in large-scale, multi-initiative studies. Demonstrates self-awareness, cultural competency and inclusivity, and ability to work with colleagues and stakeholders across diverse cultures and backgrounds."
**assistant**:
> Dear Hiring Manager,
> 
> I am writing to express my strong interest in the Director, Board & External Relations position at EDF Action. With over a decade of experience as a sustainability professional and a demonstrated track record of managing diverse teams, fostering strategic partnerships, and driving organizational growth, I am confident in my ability to contribute to EDF Action's mission and be a valuable asset to your team.
> 
> Throughout my career, I have cultivated a deep understanding of how to expand networks, build relationships, and manage cross-functional teams to achieve ambitious goals. As the Manager of Strategic Partnerships at the Clean Energy Buyers Association, I successfully grew the membership network to over 400 corporate participants, representing $7.5 trillion in annual revenue. I also led international stakeholders in decarbonizing the grid and facilitated deals that brought over 64 GW of clean energy to the grid. These experiences have equipped me with the skills to effectively manage external relationships, navigate complex organizational dynamics, and drive impactful projects.
> 
> In addition, my expertise in fundraising and fund management aligns well with the responsibilities of the role. I have a proven track record of raising funds for new goals and scaling up existing projects. At the Climate Group, I individually raised $500,000 and brought in new clients, board members, and supporters. I also have experience in managing high-level relationships and handling sensitive and confidential information, ensuring that donor engagement strategies align with organizational priorities.
> 
> Furthermore, my strong communication skills, both written and verbal, have been instrumental in my previous roles. I have crafted messages tailored to diverse audiences and have experience in internal and external communications, including reports, memos, presentations, and strategic donor communications. I can provide the necessary support to the President and serve as a trusted advisor, helping to align staff time with organizational priorities.
> 
> Throughout my career, I have demonstrated exceptional project management skills, personal organization, and attention to detail. I thrive in dynamic and creative environments, where I can manage multiple projects concurrently with a focus on driving execution and achieving common goals. My ability to build relationships and engender trust has allowed me to collaborate effectively with stakeholders at all levels and drive positive change.
> 
> I hold a master's degree in Climate and Society from Columbia University, where I developed methodologies for building sustainable food and health systems in urban areas. I am also well-versed in climate modeling, data analysis tools, and financial and decision modeling.
> 
> In conclusion, I am excited about the opportunity to contribute to EDF Action's mission and work alongside a passionate
