**user**:
> My ancestor from England arrived in America in 1657. The first record we have of him here is in Salem, MA. What might have made him go there, of all places?
**assistant**:
> The mid-17th century was a dynamic period, particularly for those crossing the Atlantic to the New World. Your ancestor's arrival in Salem, Massachusetts, in 1657 places him at the heart of the Massachusetts Bay Colony during its early development, and there are several reasons why he might have chosen Salem:
> 
> 1. **Religious Freedom**: Many people migrated to the Massachusetts Bay Colony seeking religious freedom, as England was going through significant religious turmoil during this time. Salem, in particular, was initially settled by Puritans who wanted to practice their faith freely.
> 
> 2. **Economic Opportunities**: Salem was a growing community with a strong emphasis on trade and commerce. Your ancestor might have been drawn by opportunities for employment or entrepreneurship in fishing, shipping, or agriculture.
> 
> 3. **Community Connections**: It's possible that your ancestor had family or community ties in Salem. Migration networks often influenced people's destinations, as they moved to places where they knew others from their town or religious congregation.
> 
> 4. **Indentured Servitude**: Many people came to America as indentured servants, having their passage paid in exchange for several years of labor. Salem, being a significant port and growing colony, was a common destination for such arrangements.
> 
> 5. **Social and Political Factors**: Political disruptions in England, such as the English Civil Wars (1642–1651), may have pushed individuals toward more stable environments such as the colonies. After the wars, the Commonwealth period may have spurred migrations due to social restructuring and uncertainties.
> 
> For a more precise understanding, I would recommend looking into any specific documents, letters, or records from that time which might provide clues as to personal motivations and circumstances. Additionally, exploring the local history of Salem during that period might provide context to better understand the environment he was entering.
**user**:
> What is the first thing my ancestor would have seen of Salem in 1657?
**assistant**:
> When your ancestor arrived in Salem in 1657, the first sights would have likely included:
> 
> 1. **The Harbor**: Salem’s harbor would have been bustling with activity, filled with ships, boats, and fishermen. This would be one of the first indications of the town's economic life, as Salem was a key port for trade and fishing.
> 
> 2. **Settlements**: Upon disembarking, your ancestor would have seen a developing settlement with wooden houses, a few larger meetinghouses, and community buildings. The designs would have been quite simple and functional, reflecting the Puritan values of the time.
> 
> 3. **Farms and Gardens**: Surrounding the settlement, there would be fields and gardens cultivated by the early settlers. Farming was crucial for survival, and your ancestor would notice the attempt to create a self-sustaining community.
> 
> 4. **Native Land**: Depending on his exact arrival point, he may also have noticed the land and forests surrounding the settlement. The Indigenous peoples, who had lived in the area long before European arrival, may have been visible in their daily activities.
> 
> 5. **People**: Salem was home to a mix of settlers. Your ancestor would have encountered fellow Puritans, indentured servants, and possibly local Indigenous groups. The sounds of daily life, including chatter, livestock, and trade negotiations, would have filled the air.
> 
> 6. **Customs and Practices**: Observing the practices of daily life, such as religious gatherings, markets, and social interactions, would have provided insight into the community's values and norms.
> 
> The first impression would have been a vibrant yet stark environment, reflecting both the challenges and opportunities of colony life in the New World. The excitement and uncertainty of beginning a new chapter in life would have undoubtedly shaped his first experiences.
**user**:
> Where would he have stayed, upon arriving?
**assistant**:
> Upon arriving in Salem in 1657, your ancestor likely would have experienced one of the following accommodations:
> 
> 1. **Friends or Family**: If he had any connections in Salem, he might have stayed with relatives or acquaintances who could offer him a place to rest while he settled in. Community ties were crucial in the early colonies.
> 
> 2. **Temporary Lodging**: Early settlers often utilized inns or boarding houses. These would have been simple establishments offering food and a place to sleep, primarily catering to travelers and newcomers.
> 
> 3. **Local Congregation Homes**: Given the Puritan influence in Salem, new arrivals sometimes found temporary shelter through their church congregations. Religious communities often supported one another in this way.
> 
> 4. **Settler's Home**: If he was an indentured servant, he might have been required to reside with his employer for the duration of his servitude. This would involve living in the employer's household or nearby.
> 
> 5. **Self-Built Shelter**: Depending on his skills and resources, your ancestor might have started building a more permanent residence immediately upon arrival, especially if he intended to settle for the long term. 
> 
> 6. **Community Structures**: In some cases, communities had structures for transient populations, such as a communal hall or meetinghouse, where newcomers could stay temporarily until they found a more permanent lodging solution.
> 
> Regardless of where he initially stayed, it would have been a communal atmosphere, where helping one another was essential for survival in the early days of colonial life.
**user**:
> What kind of work would he have been able to find? He was arriving in June.
**assistant**:
> Arriving in Salem in June, your ancestor would have encountered a variety of work opportunities reflective of the season and the needs of the growing community. Here are some potential occupations he might have pursued:
> 
> 1. **Agricultural Labor**: June is a critical month for farming, so he could have found work on local farms. Tasks might have included planting, weeding, or harvesting crops like corn, beans, and vegetables.
> 
> 2. **Fishing**: Given Salem’s proximity to the coast, he might have gotten involved in fishing, a vital industry at the time. This could encompass both commercial fishing and trade, as well as subsistence fishing for personal sustenance.
> 
> 3. **Shipbuilding or Maritime Work**: Salem was an active port, so he could have worked in shipbuilding or assisting with trade and transport. Jobs might have included loading and unloading ships, caring for cargo, or even working with carpenters and craftsmen to build vessels.
> 
> 4. **Craftsmanship**: If he had specific skills, he might have found work as a carpenter, blacksmith, or another tradesman. Local shops often required skilled labor for various tasks, including the construction of tools and household items.
> 
> 5. **Manual Labor**: There would always be a demand for laborers to assist with construction, maintenance, or general errands and tasks in the growing settlement.
> 
> 6. **Domestic Work**: He might have found opportunities in domestic service, helping families with chores, cooking, or childcare, particularly if he was a young single man.
> 
> 7. **Salem’s Trade**: As Salem grew, it increasingly engaged in trade with other colonies and even Europe. Jobs related to trade, including trading houses or merchants, could have been available, especially as the town developed economically.
> 
> Overall, given the cooperative nature of early colonial life, it was common for people to take on multiple roles based on the season and community needs. Your ancestor would have quickly adapted to whatever work was available to support himself and contribute to the settlement.
