**user**:
> I have a QNAP NAS, and I want to mount it on my lab's linux server. I have followed some instructions to mount it under NFS, but it still comes in as read-only. Can I make it read/write for all users on my linux server?
**assistant**:
> Certainly! When mounting a QNAP NAS on a Linux server using NFS, there are a few things to check to ensure it's mounted with read/write permissions.
> 
> 1. **NFS Share Settings on QNAP**: Ensure that the NFS share on your QNAP is configured to allow read/write access. Go to the QNAP interface:
> 
>    - Open `Control Panel`.
>    - Go to `Shared Folders` and select the folder you want to share.
>    - Click on `Edit Properties`, then select the `NFS Permissions` tab.
>    - Ensure that the host/IP address of your Linux server is listed with read/write permissions. You might want to use a wildcard for the hostname or network if possible.
> 
> 2. **NFS Version and Options**: When mounting on your Linux server, use the correct options in your `fstab` file or when executing the `mount` command. Here's an example of a mount command:
> 
>    ```bash
>    sudo mount -t nfs -o rw,vers=3 <NAS_IP>:/path/to/share /local/mount/point
>    ```
> 
>    - Replace `<NAS_IP>` with the IP address of your NAS.
>    - Replace `/path/to/share` with the path of the NFS share on your NAS.
>    - Replace `/local/mount/point` with the local directory where you want to mount the share.
>    - The `rw` option is crucial for read/write access.
> 
>    You might also want to try using NFS version 4 (`vers=4`), depending on your setup.
> 
> 3. **Kernel and User Permissions**: Ensure that the server's kernel and network services support NFS. Additionally, verify that the local user and group IDs have the necessary permissions. Sometimes, mismatched user/group IDs between systems can cause permission issues.
> 
> 4. **Export Options on NAS**: Double-check the NFS export options on your NAS. They might need to be adjusted. They typically allow you to specify additional options like `no_root_squash`.
> 
> 5. **Edit `/etc/fstab` for Persistent Mounts**: If you want the mount to persist across reboots, add an entry to `/etc/fstab`:
> 
>    ```plaintext
>    <NAS_IP>:/path/to/share /local/mount/point nfs rw,defaults,vers=3 0 0
>    ```
> 
>    Modify the options as needed and test with a manual mount first to ensure it works.
> 
> After ensuring these settings are in place, try remounting the share. If you continue facing issues, checking the logs might provide more insight into potential errors or permission denials:
> 
> ```bash
> dmesg | grep nfs
> ```
> 
> Feel free to provide any errors or issues you're facing if it doesn't work after these adjustments.
**user**:
> For some reason, the "Edit Shared Folder Permission" button on my shared folders is disabled. Why is that?
**assistant**:
> The "Edit Shared Folder Permission" button being disabled in your QNAP NAS interface could be due to a few different reasons:
> 
> 1. **User Permissions**: Ensure that your user account has the necessary administrative privileges. Only users with administrator rights can modify shared folder settings.
> 
> 2. **Folder Lock**: If the shared folder is in use or locked, certain options may be grayed out. Make sure there are no active connections to the folder when trying to edit its settings.
> 
> 3. **Firmware Issues**: Occasionally, QNAP NAS devices may have bugs or glitches in certain firmware versions. Ensure that your NAS is running the latest firmware. You can check for updates in the `Control Panel` under `System` > `Firmware Update`.
> 
> 4. **Storage Pool Issues**: If the storage pool that houses the shared folder is not functioning correctly (e.g., degraded or not initialized), it may prevent changes to the shared folder settings. Check the status of your storage pool in the `Storage & Snapshots` section.
> 
> 5. **Network Configuration**: If your NAS is not properly connected to the network or there are IP conflicts, this could potentially affect functionality. Ensure the NAS is properly connected and reachable.
> 
> 6. **Browser Issues**: Sometimes, browser issues can cause interface elements not to display correctly. Try accessing the QNAP web interface using a different browser or clearing your current browser’s cache.
> 
> If none of these resolve the issue, you may consider restarting the NAS or consulting QNAP support for more specific troubleshooting regarding your model and firmware version.
**user**:
> You say I need to make sure the user group on the server matches QNAP's user group. How do I do that
**assistant**:
> To ensure that the user and group IDs on your Linux server match those on your QNAP NAS, follow these steps:
> 
> ### Step 1: Check User and Group IDs on QNAP
> 
> 1. **Access QNAP NAS via SSH**:
>    - Use an SSH client like PuTTY or the terminal to connect to your QNAP NAS. (Ensure SSH is enabled in the NAS settings.)
>    - Log in with an account that has administrative privileges.
>    
> 2. **List Users and Groups**:
>    - To see the list of users, run:
>      ```bash
>      cat /etc/passwd
>      ```
>    - To see the list of groups, run:
>      ```bash
>      cat /etc/group
>      ```
>    - Look for the user and group associated with the NFS share you wish to access.
> 
> ### Step 2: Check User and Group IDs on Your Linux Server
> 
> 1. **Open a Terminal on the Linux Server**.
> 
> 2. **List Users**:
>    - To check the ID of a specific user, run:
>      ```bash
>      id username
>      ```
>    - Replace `username` with the actual username you want to check. The output will include User ID (`uid`) and Group ID (`gid`).
> 
> 3. **List Groups**:
>    - To see the groups for a specific user, you can run:
>      ```bash
>      groups username
>      ```
> 
> 4. **Compare IDs**:
>    - Compare the `uid` (User ID) and `gid` (Group ID) from your Linux server to those on the QNAP NAS. Ensure that they match for the users and groups that need access to the NFS share.
> 
> ### Step 3: Adjust User and Group IDs (if necessary)
> 
> If there are mismatches, you can either:
> 
> 1. **Change the Linux User/Group IDs**:
>    - To change the user ID, use:
>      ```bash
>      sudo usermod -u new_uid username
>      ```
>    - To change the group ID, use:
>      ```bash
>      sudo groupmod -g new_gid groupname
>      ```
>    - Replace `new_uid`, `new_gid`, `username`, and `groupname` with the appropriate values.
> 
> 2. **Creating a New User/Group** (if necessary):
>    If you need to create a new user that matches the QNAP settings, do so using:
>    ```bash
>    sudo useradd -u desired_uid username
>    sudo groupadd -g desired_gid groupname
>    ```
> 
> 3. **Ensure Permissions**:
>    After modifying any user or group, make sure that the directories or files you want to share have the appropriate ownership:
>    ```bash
>    sudo chown -R username:groupname /path/to/share
>    ```
> 
> ### Step 4: Remount the NFS Share
> 
> After making changes to user and group IDs, you may need to unmount and remount the NFS share on your Linux server. Use:
> ```bash
> sudo umount /local/mount/point
> sudo mount -a  # If you set it in /etc/fstab
> ```
> 
> ### Step 5: Testing
> 
> To ensure that everything works as intended, test writing to the NFS share after the remount. 
> 
> Feel free to ask if you need any specific commands or assistance with a particular step!
