**assistant**:
> Below are selected log entries of past conversations, as part of an experimental AI memory system. T
**user**:
> In Julia, how can I check a DateTime to see if it's between 9 am and the time 9am - TIMESTEP, where timestep is a fractional number of hours (e.g., if TIMESTEP = 0.5, I want to check if it's between 8:30 and 9am)?
**assistant**:
> You can check if a `DateTime` object in Julia is within a specific time interval by comparing it to the start and end times of the interval using basic comparison operators. Here’s how you can do it:
> 
> 1. Define your `DateTime` object.
> 2. Define the end time (9 am).
> 3. Define the timestep (`TIMESTEP`) and calculate the start time.
> 4. Compare the `DateTime` object with the start and end times.
> 
> Here is an example implementation:
> 
> ```julia
> using Dates
> 
> function is_within_time_interval(dt::DateTime, TIMESTEP::Float64)
>     # Define the end time (9 am) for the given date
>     end_time = DateTime(dt.year, dt.month, dt.day, 9, 0)
>     
>     # Calculate the start time by subtracting the timestep (in hours) from the end time
>     start_time = end_time - Hour(round(Int, TIMESTEP)) - Minute((TIMESTEP - round(Int, TIMESTEP)) * 60)
>     
>     # Check if the datetime is within the interval
>     return start_time <= dt < end_time
> end
> 
> # Example usage
> current_time = DateTime(2024, 7, 15, 8, 45)
> TIMESTEP = 0.5
> result = is_within_time_interval(current_time, TIMESTEP)
> 
> println(result)  # Output: true if current_time is between 8:30 and 9:00
> ```
> 
> In this example:
> - `end_time` is set to 9 am on the same day as `dt`.
> - `start_time` is calculated by subtracting `TIMESTEP` hours from `end_time`.
> - The function returns `true` if `dt` is between `start_time` and `end_time`, and `false` otherwise.
> 
> Feel free to adjust the function logic if needed based on your specific requirements.
**user**:
> The DateTime may not be the same day as today. How should I handle that?
**assistant**:
> If the `DateTime` you are checking may not be on the same day as today, you can modify the function to handle cases where the time interval crosses midnight. Here's an updated version of the function that takes into account the possibility of the time interval spanning across different dates:
> 
> ```julia
> using Dates
> 
> function is_within_time_interval(dt::DateTime, TIMESTEP::Float64)
>     # Calculate the end time for the given date
>     end_time = DateTime(dt.year, dt.month, dt.day, 9, 0)
>     
>     # Calculate the start time by subtracting the timestep (in hours) from the end time
>     start_time = end_time - Hour(round(Int, TIMESTEP)) - Minute((TIMESTEP - round(Int, TIMESTEP)) * 60)
>     
>     # Handle the case where the interval crosses midnight
>     if start_time > end_time
>         end_time -= Day(1)  # Adjust end_time to the previous day
>     end
>     
>     # Check if the datetime is within the interval
>     return start_time <= dt < end_time
> end
> 
> # Example usage with a DateTime on a different day
> current_time = DateTime(2024, 7, 14, 8, 45)  # July 14, 2024, 8:45 AM
> TIMESTEP = 0.5
> result = is_within_time_interval(current_time, TIMESTEP)
> 
> println(result)  # Output: true if current_time is between 8:30 and 9:00 on July 14, 2024
> ```
> 
> In this updated version:
> - We calculate the `end_time` based on the input `DateTime` `dt`.
> - If the calculated `start_time` is later than `end_time`, it means the interval crosses midnight, so we adjust `end_time` to be the previous day.
> - We then check if the `DateTime` falls within the adjusted time interval.
> 
> This approach handles the scenario where the time interval spans across different dates, allowing you to accurately check if a `DateTime` falls within the specified time range. Feel free to adjust the function as needed for your specific use case.
**user**:
> Can't I just use the date part of the dt variable?
**assistant**:
> Yes, you can simplify the logic by extracting just the date part of the `dt` variable and comparing it with the start and end times you calculate for that date. This approach will help you avoid handling cases where the time interval crosses midnight. Here's how you can modify the function to use only the date part of the `DateTime` variable:
> 
> ```julia
> using Dates
> 
> function is_within_time_interval(dt::DateTime, TIMESTEP::Float64)
>     # Extract the date part of the input DateTime
>     date_part = Dates.value(Dates.Date(dt))
>     
>     # Calculate the end time for the given date
>     end_time = DateTime(date_part, 9, 0)
>     
>     # Calculate the start time by subtracting the timestep (in hours) from the end time
>     start_time = end_time - Hour(round(Int, TIMESTEP)) - Minute((TIMESTEP - round(Int, TIMESTEP)) * 60)
>     
>     # Check if the datetime is within the interval
>     return start_time <= dt < end_time
> end
> 
> # Example usage with a DateTime on a different day
> current_time = DateTime(2024, 7, 14, 8, 45)  # July 14, 2024, 8:45 AM
> TIMESTEP = 0.5
> result = is_within_time_interval(current_time, TIMESTEP)
> 
> println(result)  # Output: true if current_time is between 8:30 and 9:00 on July 14, 2024
> ```
> 
> In this updated version:
> - We extract the date part of the input `DateTime` variable `dt` using `Dates.Date(dt)`.
> - We then calculate the `end_time` and `start_time` based on this date part, effectively constraining the time interval to the same date as the input `DateTime`.
> - This approach simplifies the logic and ensures that you are checking if the `DateTime` falls within the specified time range on the same date, without needing to handle midnight crossings.
> 
> Feel free to use this simplified version in your Julia code for checking if a `DateTime` falls within a specific time interval on the same date.
**user**:
> `end_time = DateTime(date_part, 9, 0)` fails with "ERROR: ArgumentError: Day: 0 out of range (1:30)"
**assistant**:
> I see the issue. It seems that the error is due to the `DateTime` constructor trying to create a date-time with a day value of 0, which is invalid. To work around this issue, you can construct the `end_time` by adding the time part to the date extracted from `dt`, avoiding the day value error. Here's how you can update the function:
> 
> ```julia
> using Dates
> 
> function is_within_time_interval(dt::DateTime, TIMESTEP::Float64)
>     # Extract the date part of the input DateTime
>     date_part = Dates.value(Dates.Date(dt))
>     
>     # Calculate the end time by adding the time part to the extracted date
>     end_time = Date(date_part) + Hour(9)
>     
>     # Calculate the start time by subtracting the timestep (in hours) from the end time
>     start_time = end_time - Hour(round(Int, TIMESTEP)) - Minute((TIMESTEP - round(Int, TIMESTEP)) * 60)
>     
>     # Check if the datetime is within the interval
>     return start_time <= dt < end_time
> end
> 
> # Example usage with a DateTime on a different day
> current_time = DateTime(2024, 7, 14, 8, 45)  # July 14, 2024, 8:45 AM
> TIMESTEP = 0.5
> result = is_within_time_interval(current_time, TIMESTEP)
> 
> println(result)  # Output: true if current_time is between 8:30 and 9:00 on July 14, 2024
> ```
> 
> In this updated version:
> - We construct the `end_time` by adding the time part (9 AM) to the date extracted from the input `DateTime` `dt`, avoiding the day value error.
> - We then proceed to calculate the `start_time` based on the `end_time` and check if the input `DateTime` falls within the specified time range on the same date.
> 
> This adjustment should resolve the error and allow you to check if a `DateTime` falls within the specified time interval correctly. Let me know if you need further assistance!
**user**:
> It appears I cannot add an Hour to a Date:
> julia> time_9am = date_part + Hour(9)
> ERROR: MethodError: no method matching +(::Date, ::Hour)
**assistant**:
> I see the issue. To add a time duration like `Hour` to a `DateTime` object in Julia, you need to use the `Dates.datetime` function to combine the date part with the time part. Here's how you can update the function to calculate `end_time` correctly:
> 
> ```julia
> using Dates
> 
> function is_within_time_interval(dt::DateTime, TIMESTEP::Float64)
>     # Extract the date part of the input DateTime
>     date_part = Dates.value(Dates.Date(dt))
>     
>     # Calculate the end time by combining the extracted date with the desired time (9AM)
>     end_time = Dates.datetime(Dates.Date(date_part), Dates.Time(9, 0, 0))
>     
>     # Calculate the start time by subtracting the timestep (in hours) from the end time
>     start_time = end_time - Hour(round(Int, TIMESTEP)) - Minute((TIMESTEP - round(Int, TIMESTEP)) * 60)
>     
>     # Check if the datetime is within the interval
>     return start_time <= dt < end_time
> end
> 
> # Example usage with a DateTime on a different day
> current_time = DateTime(2024, 7, 14, 8, 45)  # July 14, 2024, 8:45 AM
> TIMESTEP = 0.5
> result = is_within_time_interval(current_time, TIMESTEP)
> 
> println(result)  # Output: true if current_time is between 8:30 and 9:00 on July 14, 2024
> ```
> 
> In this updated version:
> - We use `Dates.datetime` to combine the extracted date with the desired time (9 AM) to create the `end_time`.
> - By constructing the `end_time` as a `DateTime` object, we ensure that the time part is included while avoiding the error from adding a time duration directly to a date.
> 
> This adjustment should enable you to calculate the end time correctly for checking if a `DateTime` falls within the specified time interval. Let me know if you need further assistance or have any other questions!
