**assistant**:
> Below are selected log entries of past conversations, as part of an experimental AI memory system. T
**user**:
> is thera letter of support tmplate 
**assistant**:
> It seems like you're asking for a template for a letter of support. Is that correct? Here's a general template you can use or customize depending on the context:
> 
> ```markdown
> **[Your Name]**
> **[Your Title/Position]**
> **[Your Contact Information]**
> 
> **[Current Date]**
> 
> Dear [Recipient's Name],
> 
> I am writing this letter to express my strong support for [Person, Project, Organization you are supporting].
> 
> As a [Your Title/Your Role], I have had the opportunity to [describe your experience or association with the person or project you're supporting].
> 
> Based on my experience, I can confidently vouch for [Person, Project's, Organization's] exceptional abilities to [describe their qualifications, skills, achievements, or the positive aspects associated with the project or organization].
> 
> [Provide a paragraph or two providing detailed examples of why you're giving your support. If you're supporting a person, write about their skills, experience, and potential, providing as much relevant detail as possible. If you're endorsing a project or organization, describe the benefits it brings or its significance].
> 
> In conclusion, I urge you to consider [Person, Project, Organization] for [Purpose of the letter]. I am confident that they will exceed your expectations, as they have exceeded mine.
> 
> Please feel free to contact me at [Your Contact Information] if you need any additional information.
> 
> Thank you for considering my request.
> 
> Best regards,
> 
> [Your Name]
> ```
> Not knowing the specific context for your letter, you might need to adjust the template accordingly. I am here to help you with that as well.
