**user**:
> In dplyr, how can I set up an equation that uses the value from the previous row? I want to compute loss = 25 * (runif(1) < pyear) + decay * lag(loss).
**assistant**:
> In `dplyr`, you can use the `mutate()` function along with `lag()` to access the value from the previous row. Your equation for `loss` can be set up using these functions. Here's an example of how you can achieve this:
> 
> ```r
> library(dplyr)
> 
> # Example dataset
> df <- data.frame(
>   year = 1:10,
>   pyear = runif(10, 0, 1)
> )
> 
> # Parameters
> decay <- 0.9
> 
> # Compute loss
> df <- df %>%
>   mutate(loss = 25 * (runif(n()) < pyear) + decay * lag(loss, default = 0))
> 
> print(df)
> ```
> 
> Here is a breakdown of the code:
> 
> - `df`: This is your data frame that contains at least a column `pyear` and, optionally, `year` for reference.
> - `runif(n())`: This generates a random uniform number for each row, where `n()` is the number of rows.
> - `lag(loss, default = 0)`: This accesses the `loss` from the previous row. The `default = 0` is used to set the initial value for the first row calculation.
> - `mutate()`: This function is used to add new variables or modify existing ones in the data frame.
> 
> The equation will calculate `loss`, taking into account the `pyear` of the current row and the `loss` from the previous row, as described by your formula. Let me know if you need further assistance or adjustments!
**user**:
> Except, loss hasn't been computed yet when I try to do lag(loss), right?
**assistant**:
> You're correct! Since `loss` hasn't been computed yet when you're trying to use `lag(loss)`, it can lead to an issue because the value for the first calculation of `loss` will not yet exist. 
> 
> To handle this situation, you can start by initializing the first row of `loss` directly, then use a cumulative approach. Here's one way to do it:
> 
> 1. Compute an initial value for `loss`.
> 2. Use a loop or an alternative method to compute the subsequent values based on the previous rows.
> 
> Here’s how you can implement this using `purrr` along with `dplyr` to facilitate a more comprehensive solution:
> 
> ```r
> library(dplyr)
> library(purrr)
> 
> # Example dataset
> set.seed(42)  # For reproducibility
> df <- data.frame(
>   year = 1:10,
>   pyear = runif(10, 0, 1)
> )
> 
> # Parameters
> decay <- 0.9
> 
> # Initialize loss
> df <- df %>%
>   mutate(loss = NA_real_) %>%  # Create an empty column for loss
>   mutate(loss = accumulate(1:n(), function(loss_prev, i) {
>     if(i == 1) {
>       # For the first row
>       return(25 * (runif(1) < pyear[i]))
>     } else {
>       # For subsequent rows
>       return(25 * (runif(1) < pyear[i]) + decay * loss_prev)
>     }
>   }, .init = 0)[-1])  # Remove the initial 0 from the result
> 
> print(df)
> ```
> 
> ### Explanation:
> 1. **Initialization**: An empty column `loss` is created and set to `NA`.
> 2. **`accumulate()`**: This function from `purrr` is used to compute `loss` iteratively. It retains the previous value and allows you to compute the current one.
> 3. **Condition for First Row**: The first row of `loss` is calculated without using `lag()`; it uses the formula directly.
> 4. **Final Result**: The final line removes the initial value (`.init = 0`) from the result since it was just a placeholder for the first iteration.
> 
> This should allow you to compute your `loss` correctly across the rows. Let me know if you have any further questions!
