**user**:
> In pandas, how do I filter by the values in two columns?
**assistant**:
> To filter rows in a pandas DataFrame based on values in two columns, you can use boolean indexing. Here's an example to illustrate how this can be done:
> 
> ```python
> import pandas as pd
> 
> # Sample DataFrame
> data = {
>     'Column_A': [10, 20, 30, 40, 50],
>     'Column_B': ['X', 'Y', 'X', 'Y', 'X']
> }
> 
> df = pd.DataFrame(data)
> 
> # Filtering rows where Column_A is greater than 20 and Column_B is 'X'
> filtered_df = df[(df['Column_A'] > 20) & (df['Column_B'] == 'X')]
> 
> print(filtered_df)
> ```
> 
> In this example, the boolean condition `(df['Column_A'] > 20) & (df['Column_B'] == 'X')` is used to filter the rows. The `&` operator is used to denote the "and" condition. Make sure to use parentheses around each condition to ensure proper precedence.
> 
> Let me know if you need further clarification!
**user**:
> I expect a single row from this. How can I get a single value from a third column after the filtering?
**assistant**:
> To retrieve a single value from a third column after filtering the DataFrame, you can use the `.loc` or `.iloc` methods. Here's how you can do it with the previously filtered DataFrame:
> 
> ### Example Code
> 
> ```python
> import pandas as pd
> 
> # Sample DataFrame
> data = {
>     'Column_A': [10, 20, 30, 40, 50],
>     'Column_B': ['X', 'Y', 'X', 'Y', 'X'],
>     'Column_C': ['A', 'B', 'C', 'D', 'E']  # Third column
> }
> 
> df = pd.DataFrame(data)
> 
> # Filtering rows where Column_A is greater than 20 and Column_B is 'X'
> filtered_df = df[(df['Column_A'] > 20) & (df['Column_B'] == 'X')]
> 
> # Retrieve a single value from Column_C
> # Assuming you want the first result after filtering
> value = filtered_df.loc[filtered_df.index[0], 'Column_C']
> 
> print(value)
> ```
> 
> ### Explanation
> - The `filtered_df.loc[filtered_df.index[0], 'Column_C']` selects the first row of the filtered DataFrame and retrieves the value from `Column_C`.
> - Make sure that your filtering condition actually results in a single row; otherwise, you'll need to handle cases where the filtered DataFrame might be empty or have multiple rows.
> 
> Let me know if you need more help!
**user**:
> Is there a way to do that in one line?
**assistant**:
> Yes, you can achieve this in one line by chaining the filtering and value extraction. Here's how you can do it:
> 
> ### One-Liner Code
> 
> ```python
> import pandas as pd
> 
> # Sample DataFrame
> data = {
>     'Column_A': [10, 20, 30, 40, 50],
>     'Column_B': ['X', 'Y', 'X', 'Y', 'X'],
>     'Column_C': ['A', 'B', 'C', 'D', 'E']  # Third column
> }
> 
> df = pd.DataFrame(data)
> 
> # One-liner to get a single value from Column_C after filtering
> value = df.loc[(df['Column_A'] > 20) & (df['Column_B'] == 'X'), 'Column_C'].iloc[0]
> 
> print(value)
> ```
> 
> ### Explanation
> - This line filters the DataFrame to find the rows where `Column_A` is greater than 20 and `Column_B` is 'X'.
> - It then selects `Column_C` and uses `.iloc[0]` to get the first value from the resulting Series.
> 
> This way, you get the desired value in a concise one-liner! Let me know if you have any other questions!
