**assistant**:
> Below are selected log entries of past conversations, as part of an experimental AI memory system. They may have no bearing on the chat.
> 
> 
>   2023-05-02:
>   IMPLAN's "Total Final Demand" may be less than industry outputs due to exports and unutilized production; results should be interpreted with caution.
> 
> 
> 
>   2023-09-13:
>   Communicating the Breakdown of Total Risk Estimate
> 
> 
> 
>   2023-05-26:
>   James inquired about ecosystem services for food production and fisheries; Arachne provided key services and highlighted health consequences of nutrient deficiency and CO2 fertilization.
> 
> 
> 
>   2023-08-23:
>   Examples of natural-human coupled systems with management delays - fisheries, forests, water resources, climate change, soil in agriculture; delays pose challenges.
> 
> 
> 
>   2023-11-09:
>   Streamlined Methodology for Estimating Climate Change Economic Impacts
> 
> 
> 
>   2023-09-24:
>   Impacts of Fertilizer on Soil Health and Sustainable Practices
> 
> 
> 
>   2023-09-25:
>   Exploring Material Stocks and Flows: Potential Link to the Global Carbon Cycle
> 
> 
> 
>   2023-01-29:
>   James inquires about fastest growing emissions and reasons for climate risk assessment in India; Arachne provides insights on India's emissions growth, vulnerability to climate impacts, and poverty.
> 
> 
> 
>   2023-11-07:
>   Estimating Current Climate Losses: Methodology Assistance and Project Overview
> 
> 
> 
>   2023-08-27:
>   Ecological Economics and the Doughnut Model
> 
> 
>     
**user**:
> Can you provide some sentences for a report I am writing to define manufactured and renewable capital, where here is the text of an underlying source (cite as IWR2018):
> ---
> It is useful to confine assets to: (i) manufactured capital (roads, buildings, machines, equipment), (ii) human capital (knowledge, aptitude, education, skills), and (iii) natural capital (forests, agricultural land, rivers and estuaries, the atmosphere and the oceans – ecosystems more generally – and subsoil resources such as soil nutrients).
> 
> Capital goods are to be distinguished from an economy's social environment, which is the intangible medium in which goods and services are produced and allocated across persons, time and generations.
> 
> In this report, national capital is classified into two major categories: (1) renewable resources and (2) non-renewable resources.
> As shown in Fig 3.1, renewable resources are further broken down into (a) forest resources, which consist of timber and non-timber forest benefits; (b) fisheries, which are represented by the catch; and (c) agricultural land, which consists of cropland and pasture land. Non-renewable resources can be broken down into (d) fossil fuels (oil, natural gas and coal) and; (e) minerals (bauxite, copper, gold, iron, lead, nickel, phosphate, silver, tin and zinc). A relatively common accounting method is used to value these resources: total natural wealth is estimated by calculating the physical amount available and the corresponding shadow prices (rent) of the resources.
> ---
**assistant**:
> Certainly, James. Here are some sentences for your report:
> 
> Manufactured capital refers to the tangible physical entities that contribute to production and economic activity, such as roads, buildings, machines, and equipment (IWR2018). It is a crucial element that supports various sectors and industries, playing a key role in expanding economic growth and development. 
> 
> Alternatively, renewable capital, a category of national capital, encompasses resources that can naturally replenish over a reasonable period, such as forest resources (including timber and non-timber forest benefits), fisheries, represented by the catch, and agricultural land, comprising of cropland and pasture land (IWR2018). Renewable capital is a crucial component of economic activity as it can potentially regenerate indefinitely, enabling sustainable production systems and promoting long-term economic value.
> 
> In the economic perspective, it is vital to differentiate capital goods from an economy's social environment, an intangible medium through which goods and services are produced and allocated (IWR2018). Moreover, the value of these resources, both renewable and non-renewable, often employs a common accounting approach which involves estimating the total natural wealth by calculating the available physical amount and the corresponding shadow prices of the resources (IWR2018).
