**assistant**:
> Below are selected log entries of past conversations, as part of an experimental AI memory system. They may have no bearing on the chat.
> 
> 
>   2023-11-04:
>   Resolving Speech Recognition Issues
> 
> 
> 
>   2023-11-03:
>   Exporting R Tables to Word and Resolving Installation Error
> 
> 
> 
>   2023-11-04:
>   Exploring Differences Between Quaker Monthly Meetings
> 
> 
> 
>   2023-11-04:
>   Balancing Technology and Human Connection
> 
> 
> 
>   2023-11-04:
>   Dynamically Feeding Words in JavaScript SpeechSynthesis
> 
> 
> 
>   2023-11-04:
>   Exploring Async Functions and More
> 
> 
> 
>   2023-11-03:
>   Highlighting Countries in Climate Change Losses Graph
> 
> 
> 
>   2023-11-03:
>   Converting ISO3 Codes to Country Names with R's countrycode Library
> 
> 
> 
>   2023-11-02:
>   Academic Program Guidance and Email Response Assistance
> 
> 
> 
>   2023-11-03:
>   Error in ggplot with coord_map() and fix suggestions.
> 
> 
>     
**user**:
> I am writing a report on the losses that countries have already felt due to climate change. Here is the original proposal:
> ---
> Estimating Current Climate Losses - Project Proposal
> PI: James Rising, University of Delaware
> 
> Context: The planet has already warmed by 1.34 °C [1.2 - 1.5 °C], with extensive disruptions now being observed. Under one expert review of global damages, this suggests that climate losses may already be 2.05% of global GDP [0.9 - 3.4%], about $2.2 trillion. In poor, tropical, and agriculturally-dependent countries, current losses are expected to be significantly greater.
> 
> Climate-driven loss and damage will be a central discussion at COP28, taking place in UAE this December. Impacted countries need high-quality estimates of the losses they have already experienced, to demand support from developed countries. A strong basis for developing these estimates exists, in the form of sophisticated statistical models describing the historical relationship between economic growth and weather. These models can be used to attribute existing economic outcomes to climate change.
> 
> Deliverable: This project will develop best-estimates of the current macroeconomic losses from climate change, for each country across the globe. The main outcome will be percent reductions in GDP per capita and percent reductions in capital wealth, in 2023, relative to a world without the climate change experienced since 1950. GDP per capita is a useful measure for estimating government tax receipts and a proxy for personal income levels. A recent estimate of GDP losses, combining three of these results and produced by the PI for a previous ECF-funded project on the cost of climate change in the UK, is shown below.
> 
> However, lower GDP levels also imply the long-term destruction of productive capital, and an estimate of those capital losses will provide new evidence on the true losses borne by these countries due to climate change. The losses would also be reported as a global average and for various regional and country groups (e.g., LLMICs, G77, Sub-Saharan Africa).
> 
> Annually varying loss estimates will underlie these results, which will reflect greater losses in years with heat waves and in later years as climate change accelerates. We will develop short case studies from the EU and LLMICs will compare these GDP losses to other reported impacts of recent heat waves.
> 
> The estimates will be produced as part of a short report made initially available to the sponsors Nov. 1, 2023, and for release during COP 28. The work will then be prepared for academic publication.
> 
> Unique contribution: To produce these results, we bring together existing research on the relationship between GDP growth and climate (see Table under Points of Methodology). Over the past decade, this literature has proposed many different approaches to understanding the effect of climate on GDP, including investigations of the differential vulnerability of poor countries, the role of persistent losses to growth, and the potential of adaptation. Current attempts to synthesise this literature are limited to simply averaging the results. Using a machine learning model, calibrated to the results from this literature, we will produce an estimate that reflects the most advanced features of all of these papers.
> 
> The PI has developed a system for generating projections from this class of models for the UK climate impacts project. The machine learning approach is based on another of the PI’s projects, producing a best-estimate of the social cost of carbon.
> 
> Points of Methodology
> The core models will be drawn from the results in the following papers, which includes studies used recently by the US Council of Economic Advisors to estimate future climate damages.
> 
> Paper
> Temp.
> Prec.
> Add'l
> FE
> Data
> Notes
> Dell et al. 2012
> 🟠
> 🟠
> 
> 
> 🟡
> 🟡
> Differential effect for low-income
> Burke et al. 2015/ Callahan & Mankin 2022
> 🟡
> 🟡
> 
> 
> 🟢
> 🟡
> Global optimum, persistence
> Pretis et al. 2018
> 🟣
> 🟣
> Yes
> 🟢
> 🟠
> Global optimum, robust est.
> Baarsch et al. 2020
> 🟡
> 🟣
> Yes
> 🟠
> 🟠
> Local optimum, Africa-only
> Acevedo et al. 2020
> 🟢
> 🟢
> Yes
> 🟡
> 🟡
> Effect of shocks only
> Kahn et al. 2021
> 🟡
> 🟡
> Yes
> 🔴
> 🟡
> Adaptive local optimum
> Kotz et al. 2022
> 🟣
> 🟣
> 
> 
> 🟠
> 🟢
> Local and global optimum
> 
> Key: 🔴- Poor, 🟠- Fair, 🟡- Good, 🟢- Very Good, 🟣- Excellent
> 
> 
> The table shows an assessment of the quality of each model’s representation of temperature variables (Temp.), rainfall (Prec.), additional controls (Add’l), unobserved heterogeneity (FE), and underlying data (Data). No single existing estimate captures the full range of relevant factors that has been identified in the literature.
> 
> We will use ERA5 reanalysis weather data to produce historical projections of climate effects, available 1940 - present. To construct the counterfactual without climate change, we will resample values from the baseline period (1940 - 1960). A key question in the literature is the extent to which impacts put countries on a permanently lower growth trajectory. This was carefully analysed in a previous paper of the PI’s, and the resulting uncertain distribution of persistence will be used here.
> 
> Drawing upon both the headline estimates and additional results in the paper will provide evidence across the space of possible combinations of model elements. A random forest model will then be fit to these models, informed by meta-data about each. Finally, the random forest will be queried for damages from a model that simultaneously represents high-quality features in all model categories.
> 
> As an additional line of evidence, we will use the previously mentioned Howard & Sterner meta-analysis of damage results derived from expert elicitation. This provides both a measure of catastrophic risk, which will be applied uniformly across the globe, and an estimate of non-catastrophic global losses, which can be used as a loose constraint on the sum of the machine learning results.
> 
> These GDP values, along with additional information from the World Bank, will be used to calibrate country-specific Solow growth models, and this will be used to infer the loss to the total capital base that these GDP results imply.
> ---
> 
> Can you write a methodology section which would go into an appendix? This should be comprehensible by a general technical audience, and include all details. The structure of the analysis was as proposed, but further details and additions are mentioned below.
> 
> I will be asking for the steps of the analysis one at a time. Here, I would like a write-up of the Machine Learning section:
> 
>  - For each country, year, and Monte Carlo draw, we fit a random forest model from the available data on DirectImpact_it. Attributes are translated into quality values as follows:
> 
> metadata$Q.Weather <- 1 * (metadata$`Weather weight` == "Pop. weight")
> metadata$Q.Poverty <- 1 * (metadata$`Rich/Poor` == "Interact")
> metadata$Q.Temp <- ifelse(metadata$Temp %in% c("Quad", "Interacted with average", "Linear Spline", "VarT, DT, LDT, DT:T, LDT:LT"), 1,
>                    ifelse(metadata$Temp %in% c("1 Lag", "10 Lags", "5 Lags", "Quad of Historical Differences"), 0.75,
>                    ifelse(metadata$Temp != "NA", 0.5, 0)))
> metadata$Q.Prec <- ifelse(metadata$Prec....13 %in% c("Quad", "Interacted with average", "Segmented", "Linear Spline", "Indicatators"), 1,
>                    ifelse(metadata$Prec....13 %in% c("10 Lags", "1 Lag", "5 Lags"), 0.75,
>                    ifelse(metadata$Prec....13 != "NA", 0.5, 0)))
> metadata$Q.YearFE <- ifelse(metadata$`Year FE` == "By Region", 1,
>                      ifelse(metadata$`Year FE` == "By Continent", 0.75,
>                      ifelse(metadata$`Year FE` == "Yes", 0.5, 0)))
> metadata$Q.Trends <- ifelse(metadata$`Trends` == "Quad, by Unit", 1,
>                      ifelse(metadata$`Trends` == "Linear, by Unit", 0.5, 0))
> metadata$Q.OtherFE <- ifelse(metadata$`Other FE` %in% c("Poor x Year", "HPJ-FE"), 1,
>                       ifelse(metadata$`Other FE` %in% c("Poor", "IIS"), 0.5, 0))
> metadata$Q.Control <- ifelse(metadata$`Other Controls` == "Lag Weather, Disaster", 1,
>                       ifelse(metadata$`Other Controls` %in% c("Lag Weather", "7.0"), 0.5, 0))
> metadata$Q.GLags <- as.numeric(metadata$`Growth Lags`) / 4
> metadata$Q.YearLate <- 5 / (2015 - metadata$last.year + 5)
> metadata$Q.YearSpan <- (metadata$last.year - metadata$first.year) / 65
> 
> We then request the DirectImpact_it value from the RF model for which each of those quality values is 1.
>  - The global, population-weighted impact is shown in figure #RANDF.
> 
> Please include details from both the proposal and the content above. Please write this in LaTeX.
**assistant**:
> Sure, I'm happy to help craft a detailed methodology section for your appendix. Here's how it might look:
> 
> ---
> 
> \section{Appendix: Methodology}
> 
> \subsection{Machine Learning Approach}
> 
> A central component of our analysis is the deployment of a machine learning approach, specifically a random forest model, to estimate the direct impacts of climate change on each country's economic performance.
> 
> The model is trained on a dataset where each observation represents a single year in a single country, and the Monte Carlo drawing (\textit{DirectImpact\_it}). A collection of quality values served as attributes for the models, generated by translating relevant metadata. The mapping of each attribute to its quality values were conducted as follows:
> 
> \begin{verbatim}
> metadata$Q.Weather <- 1 * (metadata$`Weather weight` == "Pop. weight")
> metadata$Q.Poverty <- 1 * (metadata$`Rich/Poor` == "Interact")
> metadata$Q.Temp <- ifelse(metadata$Temp %in% c("Quad", "Interacted with average", "Linear Spline", "VarT, DT, LDT, DT:T, LDT:LT"), 1,
>                    ifelse(metadata$Temp %in% c("1 Lag", "10 Lags", "5 Lags", "Quad of Historical Differences"), 0.75,
>                    ifelse(metadata$Temp != "NA", 0.5, 0)))
> metadata$Q.Prec <- ifelse(metadata$Prec....13 %in% c("Quad", "Interacted with average", "Segmented", "Linear Spline", "Indicatators"), 1,
>                    ifelse(metadata$Prec....13 %in% c("10 Lags", "1 Lag", "5 Lags"), 0.75,
>                    ifelse(metadata$Prec....13 != "NA", 0.5, 
