**assistant**:
> Below are selected log entries of past conversations, as part of an experimental AI memory system. They may have no bearing on the chat.
> 
> 
>   2024-02-03:
>   Handling Multiple AJAX Requests in JavaScript with jQuery
> 
> 
> 
>   2024-02-03:
>   Understanding jQuery's `.each()` and Promise handling with Arachne
> 
> 
> 
>   2024-02-03:
>   Handling Promises in jQuery's .each Method
> 
> 
> 
>   2024-02-03:
>   Web Development Queries: jQuery Guidance
> 
> 
> 
>   2024-02-03:
>   Understanding jQuery's `.each()` and Promise handling with Arachne
> 
> 
> 
>   2024-02-03:
>   Understanding the Usage of `return` in JavaScript
> 
> 
> 
>   2024-02-04:
>   Diverse Guidance and Effective Solutions
> 
> 
> 
>   2024-02-04:
>   Ensuring Subdirectory Interpretation for Relative Paths
> 
> 
> 
>   2024-02-05:
>   Family-Friendly Meet-up Recommendation
> 
> 
> 
>   2024-02-05:
>   Rating Scale for R Experience
> 
> 
>     
**user**:
> What is "expenditure share" (from the I/O literature), and how can it be used to estimate the spillover effects of climate impacts?
**assistant**:
> Expenditure share, in the context of the Input-Output (I/O) literature, refers to the proportion of total expenses that a sector or industry spends on inputs from another specific sector or industry. These shares provide numeric representations of the interconnectedness of different sectors within an economy.
> 
> You can imagine an economy as a web of transactions between industries, e.g., the agriculture industry buys fertilizers from the chemical industry, machines from the manufacturing industry, etc. The expenditure share of the agriculture industry for the chemical industry would then roughly be the amount spent on fertilizers divided by the total agricultural input costs.
> 
> Estimating the spillover effects of climate impacts using expenditure shares can leverage the interconnectedness of different sectors. It starts with working out how climate impacts can directly affect individual sectors. For example, warmer temperatures could decrease agricultural output and thus increase the costs for the food industry.
> 
> These direct impacts then "spill over" into interlinked sectors through alterations in the purchase/supply dynamics influenced by changing expenditure shares, causing indirect effects. 
> 
> For instance, if climate impact reduces crop yield and increases agricultural product prices, the food processing industry, which takes agricultural goods as inputs, may experience increased costs, which could then be passed on to the retail sector and then to consumers.
> 
> By understanding the expenditure shares, we can model these intricate network effects, allowing us to estimate not just the initial direct impacts of climate changes, but also these secondary (or even tertiary) spillover impacts that ripple through the economy.
> 
> This method combines elements of climate science, economics, and network theory and offers a holistic approach towards understanding the full economic implications of climate impacts. However, it's crucial to remember that such models have inherent uncertainties and assumptions and so should be seen as one among many useful tools in the toolkit for understanding climate impacts.
**user**:
> So, say country i (with GDP y_i) imports and exports with country j (with GDP y_j). Country i imports a total of v_ij from country j and exports to country j e_j. Now country j is impacted by climate change, so it experiences an aggregate loss of d % of its GDP. What loss will that produce on country I?
**assistant**:
> To estimate the potential loss for country i due to the climate-induced GDP loss in country j, we would need to consider the trade relationship between the two countries, as well as the expenditure shares and the interconnectedness of their economies. 
> 
> Here's a possible approach to estimating the loss:
> 
> 1. Calculate the proportion of country j's GDP loss that can be attributed to the specific sector(s) involved in trade with country i. Let's call this proportion λ_ij. This could be based on available data, expert knowledge, or sector-specific impact assessments.
> 
> 2. Multiply the value v_ij by the proportion of country j's GDP loss to estimate the reduction in imports from country j for country i. Let's call this reduction in imports ΔM_ij.
> 
> 3. Next, we need to determine the expenditure share of country i on imports from country j. Let's call this expenditure share α_ij.
> 
> 4. Multiply ΔM_ij by the expenditure share α_ij to estimate the direct reduction in expenditure by country i on imports from country j. Let's call this reduction in expenditure ΔE_ij.
> 
> 5. The reduction in expenditure ΔE_ij can be viewed as the loss experienced by country i due to the climate-induced GDP loss in country j. However, to understand the overall impact on country i, we need to consider the indirect effects and the potential ripple effects through the economy.
> 
> 6. These indirect effects could cascade through the economy, affecting other sectors and potentially impacting overall output and economic activity. To capture these effects, more detailed modeling techniques, such as input-output analysis, computable general equilibrium models, or multi-regional input-output models, may be necessary. These models can help estimate the potential spillover effects and the overall macroeconomic impacts on country i.
> 
> It's worth noting that accurately estimating the loss for country i using this approach requires detailed data on trade flows, expenditure shares, and reliable sector-specific impact assessments. Additionally, the estimation is subject to uncertainties and assumptions inherent in the modeling approach.
> 
> Therefore, it's advisable to consult economists, researchers familiar with input-output analysis, or economic modeling experts to obtain more precise estimates tailored to the specific context of country i and its relationship with country j.
**user**:
> How do you calculate expenditure share α_ij?
**assistant**:
> To calculate the expenditure share (α_ij) of country i on imports from country j, you would need data on the total expenditure of country i and the value of imports from country j. Here's the formula to calculate the expenditure share:
> 
> α_ij = (value of imports from country j by country i) / (total expenditure of country i)
> 
> To break it down further, you would need the following information:
> 
> 1. Value of imports from country j by country i: This corresponds to the total value of goods or services imported by country i from country j. The import data should be specific to the trade relationship between the two countries.
> 
> 2. Total expenditure of country i: This represents the overall spending by country i on all goods and services. It encompasses personal consumption, government expenditures, investments, and net exports. These figures are typically available from national accounts or economic databases.
> 
> By dividing the value of imports from country j by country i's total expenditure, you obtain the proportion or share of country i's total expenditure that is attributed to imports from country j.
> 
> It's important to note that the accuracy of the expenditure share calculation relies on the availability and reliability of the data used, as well as the specific trade relationship being analyzed. Additionally, the expenditure share can vary across different sectors, so it's important to consider sector-specific data if available.
> 
> If you have access to detailed trade data, you can calculate the expenditure share using the formula above. Otherwise, consulting trade databases or working with economists or researchers familiar with trade analysis can help obtain the necessary data for a more accurate estimation.
**user**:
> Is the total expenditure of country i equal to its GDP?
**assistant**:
> It's important to clarify that the total expenditure of country i is not exactly the same as its Gross Domestic Product (GDP), though they are related concepts. GDP can be measured in three different ways: output, expenditure, and income approach. The expenditure approach to calculating GDP comes closest to what might be misconceived as "total expenditure," but there are key distinctions.
> 
> The Gross Domestic Product (GDP) of a country using the expenditure approach is the sum of:
> 
> 1. **Consumer Spending (C)**: The total amount of money spent by households in the economy on goods and services.
> 2. **Investment (I)**: This includes business investments in equipment and structures, residential construction, and changes in business inventories. 
> 3. **Government Spending (G)**: The total government expenditures on final goods and services.
> 4. **Net Exports (NX)**: This is the difference between a country's exports and imports (Exports - Imports).
> 
> Therefore, the formula for GDP using the expenditure approach is:
> 
> **GDP = C + I + G + (Exports - Imports)**
> 
> So, while the expenditure approach to GDP does incorporate total domestic expenditure on goods and services (which includes C, I, and G), it also adjusts for net exports. This means it includes the value of goods and services a country exports and subtracts the value of what it imports. 
> 
> In contrast, when discussing "total expenditure" in isolation without this context, one might mistakenly neglect the role of net exports or focus solely on domestic spending without the comprehensive scope of the GDP calculation.
> 
> It’s also worth noting that "total expenditure" could be interpreted differently in various contexts, possibly referring to total consumption, or sometimes specifically to government expenditure, depending on the discussion. However, when analyzing economic data and relationships, it's crucial to use precise definitions and, in the case of countries' economic activities, to rely on the established frameworks such as GDP for comprehensive assessments.
**user**:
> So, is total expenditure equal to C + I + G + Imports?
**assistant**:
> Yes, if you are defining "total expenditure" in the context of a country's economic activities to specifically include all spending on consumption, investment, and government expenditures within the country, plus the value of imports, then the formula you provided:
> 
> **Total Expenditure = Consumer Spending (C) + Investment (I) + Government Spending (G) + Imports**
> 
> accurately represents this concept. Here’s why each component is included:
> 
> - **Consumer Spending (C)** captures all expenditures by households on goods and services.
> - **Investment (I)** includes spending on capital goods that provide future service (e.g., buildings, machinery) and inventories.
> - **Government Spending (G)** consists of government expenditures on goods and services that directly absorb resources or are provided to consumers without charge.
> - **Imports** are added because they represent goods and services bought by residents of the country from other countries, contributing to the total spending in the domestic economy.
> 
> However, it’s important to note two key things about this formulation:
> 
> 1. **This is not a standard formula for GDP**: The standard expenditure approach to GDP calculation is **GDP = C + I + G + (Exports - Imports)**, where net exports (exports minus imports) are considered. The formula you've given actually represents total domestic spending plus imports, without taking into account the income generated from exports. This would overstate the actual expenditure related to the domestic production of goods and services measured by GDP.
> 
> 2. **The Role of Imports**: By including imports in this way, you're counting all the spending within the economy, regardless of whether these expenditures were on domestically produced or foreign goods and services. This perspective can be useful for specific types of economic analyses, especially those interested in measuring consumption and investment flows without regard to their origin.
> 
> Understanding the nuances between different economic metrics is crucial for accurately interpreting economic health and making informed decisions based on that data.
