**assistant**:
> The query "Offer suggestions. Bornali is from West Bengal, India" is quite open-ended.  However, sev
**user**:
> Offer suggestions. Bornali is from West Bangal, India.
**assistant**:
> Without specific context on what kind of suggestions you're seeking for Bornali, let's explore a few broad areas that could be meaningful based on West Bengal's societal, economic, and cultural context:
> 
> 1. **Education and Career Opportunities**: 
>    - If Bornali is considering higher education, exploring colleges and universities in Kolkata, known for their diverse programs, could be beneficial. Fields like environmental science, engineering, or public policy might align with addressing regional and global challenges.
>    - For career opportunities, sectors like technology, environmental sustainability, or social entrepreneurship could be promising. These fields are likely to grow and have a positive impact on the region.
> 
> 2. **Cultural Engagement**:
>    - West Bengal is renowned for its rich cultural heritage. Bornali might consider engaging in cultural activities such as traditional music, dance, or festivals like Durga Puja to stay connected with her roots and promote cultural understanding.
> 
> 3. **Sustainability and Climate Action**:
>    - Given the challenges of climate change, Bornali might find opportunities in sustainability initiatives, whether it's community-based environmental projects, renewable energy programs, or sustainable agriculture.
> 
> 4. **Social Impact**:
>    - Volunteering or working with NGOs focused on education, health, or poverty alleviation could be rewarding. Organizations working in the Sundarbans region, for example, could offer distinct experiences in conservation and community development.
> 
> 5. **Personal Development**:
>    - Engaging in online courses or workshops in emerging fields such as AI, data analysis, or digital marketing could provide competitive skills and open new avenues for career advancement.
> 
> If you can provide more context or specifics about what Bornali is interested in or what kind of guidance you're looking for, I can offer more tailored suggestions.
