**assistant**:
> Below are selected log entries of past conversations, as part of an experimental AI memory system. They may have no bearing on the chat.
> 
> 
>   2023-09-11:
>   Understanding the Limitations of the Deep Scattering Layer (DSL)
> 
> 
> 
>   2023-02-06:
>   James asked for a name for a folded piece of paper with students' names; Arachne suggested "name tag" or "place card."
> 
> 
> 
>   2023-01-30:
>   James asked what econometricians call the black-box relationships they find; Arachne responded that they are called "econometric models."
> 
> 
> 
>   2023-07-07:
>   James seeks a term to convey improving institutions; "infrastructurally" suggested to clarify interdisciplinary work.
> 
> 
> 
>   2023-07-03:
>   James asked about the AI's preferred pronouns; Arachne responded with comfort using she/her.
> 
> 
> 
>   2023-07-27:
>   James asked about additional security measures for his server; Arachne suggested firewall configuration, automatic updates, SSH hardening, and regular backups.
> 
> 
> 
>   2023-07-06:
>   James asked for a gender-neutral term for fishermen; Arachne suggested "fishers" as an acceptable and inclusive alternative.
> 
> 
> 
>   2023-02-03:
>   Term for "go back and forth between two things" provided ("alternate"); People native to the moon in "The Moon is a Harsh Mistress" identified as "Loonies".
> 
> 
> 
>   2023-04-27:
>   James seeks a term for "goodness by virtue of enthusiasm"; Arachne suggests "zeal," implying passionate commitment to a cause.
> 
> 
> 
>   2023-07-10:
>   Asked about term for temperature decrease with elevation; responded with "lapse rate" as the term.
> 
> 
>     
**user**:
> I have a simple SIR-like model of disease:
>     \nicefrac{dS}{dt} = g S - \beta \frac{S I}{N}
>     \nicefrac{dI}{dt} = \beta S I - \frac{I}{T}
> what is the term for the \beta parameter here?
**assistant**:
> In epidemiological SIR models, the parameter β (beta) is typically referred to as the **transmission rate** or the **infection rate**. It quantifies the rate at which healthy individuals (S, for susceptible) become infected (I) when coming into contact with an infected person.
> 
> Remember that the value of β takes into account both the rate at which people come into contact with each other and the probability that, given contact, transmission will occur. However, it does not capture changes in contact rate or infection probability due to changes in behavior or intervention measures unless explicitly modeled. 
> 
> A high β value indicates that the disease spreads easily through the population (assuming a lot of people are susceptible), while a low β indicates the opposite.
**user**:
> What is the term for T?
**assistant**:
> In the context of the SIR-like model you provided, the parameter T represents the **average infectious period** or the **duration of infection**. It is the average time an individual remains infectious after becoming infected.
> 
> The reciprocal of T, denoted as 1/T, represents the rate at which infected individuals recover or become non-infectious. Hence, T determines the length of time an individual contributes to the spread of the disease in the population.
> 
> It is worth noting that in more complex epidemiological models, such as the SEIR (Susceptible, Exposed, Infectious, Recovered) model, T may be divided further into the latent period and the infectious period, representing the time from exposure to becoming infectious and the time an individual remains infectious, respectively. However, in the simplified SIR-like model you provided, T represents the average duration of infection.
