**assistant**:
> Below are selected log entries of past conversations, as part of an experimental AI memory system. T
**user**:
> What are the next sectors that are ripe for electrification? Would the beverage industry and chemical industry be?
**assistant**:
> Electrification trends have been expanding across various sectors to reduce reliance on fossil fuels and increase energy efficiency. Here are some sectors that are ripe for further electrification:
> 
> 1. **Transportation**: Beyond cars, electrification is expanding to trucks, buses, and even planes. The push is towards electrifying heavy-duty vehicles and developing electric public transport infrastructure.
> 
> 2. **Heating**: Both residential and commercial heating systems can shift from fossil fuels to electric (e.g., heat pumps), which is more efficient and can be powered by renewable energy sources.
> 
> 3. **Industrial Processes**: Many sectors are identifying processes that can shift to electric energy. This includes:
>    - **Steel and Cement**: Both industries are exploring electric arc furnaces and alternative processes to reduce emissions.
>    - **Food Processing**: Electrification of heating and drying processes is increasing.
> 
> As for the beverage and chemical industries:
> 
> - **Beverage Industry**: Some electrification opportunities exist, such as using electric motors for bottling lines and electric boilers for pasteurization. Sustainability initiatives could drive further electrification particularly in refrigeration and packaging processes.
> 
> - **Chemical Industry**: There's significant potential here, particularly in transitioning from fossil fuel-based feedstocks to electrified processes. Technologies such as electric cracking for ethylene production and green hydrogen (produced via electrolysis) for ammonia production are under exploration.
> 
> Overall, both the beverage and chemical industries have potential for electrification, especially as technologies become more advanced and economically viable. Sustainability goals and advancements in renewable energy are likely to accelerate the transition in these sectors.
