**assistant**:
> The query "Nope, that doesn't do anything" is too vague to connect to any of the past discussions.  
**user**:
> I have a data array that is not initally created with decode_cf, but I want to add it later. How can I do that?
**assistant**:
> If you have a data array that wasn't initially created with the `decode_cf` parameter using `xarray.open_dataset()` or `xarray.open_dataarray()`, but you want to apply CF conventions to it after the fact, you can manually decode the data. Here's how you can do it:
> 
> 1. **Manually Decode Time**: If your data array contains time information that needs decoding, you can use `xarray.coding.times.decode_cf_datetime` to decode CF conventions for datetime. Here's an example:
> 
>    ```python
>    import xarray as xr
>    from xarray.coding.times import decode_cf_datetime
> 
>    # Let's assume `da` is your data array
>    time = decode_cf_datetime(da.time, da.time.attrs['units'], da.time.attrs.get('calendar', 'standard'))
>    da['time'] = time
>    ```
> 
> 2. **Decode Other CF Attributes**: For other CF conventions like missing values (indicated by `_FillValue` or `missing_value`), scale factors, and offsets, you can apply methods provided by `xarray`:
> 
>    ```python
>    # Automatically decode _FillValue, scale_factor, and add_offset
>    decoded_da = xr.decode_cf(da.to_dataset())
>    ```
> 
>    If your data array is not part of a larger dataset, you might first convert it to a dataset, decode, and then convert back:
> 
>    ```python
>    decoded_da = xr.decode_cf(da.to_dataset()).to_array()
>    ```
> 
> These approaches allow you to apply CF decoding to specific aspects of your data array even after it's been created. Adjust the methods according to which CF conventions your data requires.
**user**:
> My dataset has latitude and longitude only, but I'm using a library that expects it to have da.cf.get_bounds. When I try this, I still get that error and da.cf shows up as:
> Coordinates:
> - CF Axes:   X, Y, Z, T: n/a
> - CF Coordinates:   longitude, latitude, vertical, time: n/a
> - Cell Measures:   area, volume: n/a
> - Standard Names:   n/a
> - Bounds:   n/a
> 
> How can I get this to work properly?
**assistant**:
> To use `da.cf.get_bounds` effectively, your dataset needs to have bounds defined for the latitude and longitude coordinates. The bounds provide information about the extents of each cell in a grid, which `cf` expects when accessing spatial data. Here’s how to add bounds to your latitude and longitude coordinates in xarray:
> 
> 1. **Define Bounds**: You can create bounds for the latitude and longitude coordinates by defining the lower and upper bounds for each grid point. For example, if you have latitude values, the lower bound for each lat point could be `(lat[i] - delta)` and the upper bound `(lat[i] + delta)`, where `delta` is half the distance to the next latitude point.
> 
> 2. **Modify Your DataArray**: You can add these bounds to your data array like this:
> 
>    ```python
>    import numpy as np
>    import xarray as xr
> 
>    # Let's assume `da` is your existing DataArray with lat and lon
>    latitudes = da['latitude'].values
>    longitudes = da['longitude'].values
> 
>    # Calculate bounds
>    delta_lat = np.abs(latitudes[1] - latitudes[0]) / 2
>    delta_lon = np.abs(longitudes[1] - longitudes[0]) / 2
> 
>    lat_bounds = np.array([[lat - delta_lat, lat + delta_lat] for lat in latitudes])
>    lon_bounds = np.array([[lon - delta_lon, lon + delta_lon] for lon in longitudes])
> 
>    # Add bounds to the DataArray
>    da['latitude'].attrs['bounds'] = 'lat_bounds'
>    da['longitude'].attrs['bounds'] = 'lon_bounds'
> 
>    da['lat_bounds'] = (['latitude', 'bnds'], lat_bounds)
>    da['lon_bounds'] = (['longitude', 'bnds'], lon_bounds)
>    ```
> 
> 3. **Re-check CF Conventions**: After adding the bounds, re-check the CF conventions with `da.cf`. You should see the updated information regarding bounds:
> 
>    ```python
>    print(da.cf)
>    ```
> 
> 4. **Utilize `get_bounds`**: Now, you should be able to use `da.cf.get_bounds()` without running into issues.
> 
> By defining bounds for your latitude and longitude, you provide the necessary information that the library expects for handling spatial data, resolving the errors you were encountering.
**user**:
> I get an error on `da['lat_bounds'] = (['latitude', 'bnds'], lat_bounds)`:
> Traceback (most recent call last):
>   File "<stdin>", line 1, in <module>
>   File "/Users/admin/opt/anaconda3/envs/ccenv3/lib/python3.10/site-packages/xarray/core/dataarray.py", line 744, in __setitem__
>     self.coords[key] = value
>   File "/Users/admin/opt/anaconda3/envs/ccenv3/lib/python3.10/site-packages/xarray/core/coordinates.py", line 41, in __setitem__
>     self.update({key: value})
>   File "/Users/admin/opt/anaconda3/envs/ccenv3/lib/python3.10/site-packages/xarray/core/coordinates.py", line 166, in update
>     self._update_coords(coords, indexes)
>   File "/Users/admin/opt/anaconda3/envs/ccenv3/lib/python3.10/site-packages/xarray/core/coordinates.py", line 344, in _update_coords
>     raise ValueError(
> ValueError: cannot add coordinates with new dimensions to a DataArray
**assistant**:
> The error you're encountering indicates that you're trying to add coordinates with a new dimension to your DataArray, which isn't allowed. In this case, you're trying to create bounds for `latitude` in a way that conflicts with its existing dimensions. To properly add bounds, follow these steps:
> 
> 1. **Create the Bounds as a New DataArray**: Instead of trying to add bounds directly as coordinates to your original DataArray, you should treat them as a separate DataArray.
> 
> 2. **Construct the Bounds DataArray**: Here’s how to correctly create and assign the bounds to your existing DataArray without causing dimensional conflicts:
> 
> ```python
> import numpy as np
> import xarray as xr
> 
> # Assuming `da` is your existing DataArray with lat and lon
> latitudes = da['latitude'].values
> longitudes = da['longitude'].values
> 
> # Calculate bounds
> delta_lat = np.abs(latitudes[1] - latitudes[0]) / 2
> delta_lon = np.abs(longitudes[1] - longitudes[0]) / 2
> 
> lat_bounds = np.array([[lat - delta_lat, lat + delta_lat] for lat in latitudes])
> lon_bounds = np.array([[lon - delta_lon, lon + delta_lon] for lon in longitudes])
> 
> # Create DataArrays for bounds
> lat_bounds_da = xr.DataArray(lat_bounds, dims=['latitude', 'bnds'], coords={'latitude': latitudes, 'bnds': [0, 1]})
> lon_bounds_da = xr.DataArray(lon_bounds, dims=['longitude', 'bnds'], coords={'longitude': longitudes, 'bnds': [0, 1]})
> 
> # Assign bounds DataArrays to your existing DataArray
> da['lat_bounds'] = lat_bounds_da
> da['lon_bounds'] = lon_bounds_da
> 
> # Update attributes to indicate bounds
> da['latitude'].attrs['bounds'] = 'lat_bounds'
> da['longitude'].attrs['bounds'] = 'lon_bounds'
> ```
> 
> ### Explanation:
> - **Creation of Bounds**: You create the `lat_bounds` and `lon_bounds` as separate `DataArray` objects with their own dimensions.
> - **Assigning Bounds**: Instead of adding new coordinates directly to the original DataArray, you're adding these bounds as new DataArrays, thus avoiding dimensional conflicts.
> - **Attributes**: Finally, you set the `bounds` attribute for the latitude and longitude coordinates to point to the newly created bounds DataArrays.
> 
> After implementing this, you should be able to use `da.cf.get_bounds()` without encountering errors related to bounds.
**user**:
> Now the same error occurs on `da['lat_bounds'] = lat_bounds_da`. Wouldn't da need to be a dataset to add this new variable?
**assistant**:
> Yes, you're correct! If you're trying to add multiple variables (like bounds) to your DataArray, you should indeed convert it into a Dataset. Each variable in a Dataset can hold different dimensions and coordinates, making it easier to incorporate additional DataArrays like the bounds.
> 
> Here’s how to convert your DataArray into a Dataset and then add the bounds:
> 
> 1. **Convert DataArray to Dataset**: Use the `.to_dataset()` method.
> 2. **Add the Bounds DataArrays**: Add the bounds as new variables in the Dataset.
> 3. **Update Attributes**: Ensure that you set the bounds attributes appropriately.
> 
> Here's the code incorporating these steps:
> 
> ```python
> import numpy as np
> import xarray as xr
> 
> # Assuming `da` is your existing DataArray with lat and lon
> latitudes = da['latitude'].values
> longitudes = da['longitude'].values
> 
> # Calculate bounds
> delta_lat = np.abs(latitudes[1] - latitudes[0]) / 2
> delta_lon = np.abs(longitudes[1] - longitudes[0]) / 2
> 
> lat_bounds = np.array([[lat - delta_lat, lat + delta_lat] for lat in latitudes])
> lon_bounds = np.array([[lon - delta_lon, lon + delta_lon] for lon in longitudes])
> 
> # Create DataArrays for bounds
> lat_bounds_da = xr.DataArray(lat_bounds, dims=['latitude', 'bnds'], coords={'latitude': latitudes, 'bnds': [0, 1]})
> lon_bounds_da = xr.DataArray(lon_bounds, dims=['longitude', 'bnds'], coords={'longitude': longitudes, 'bnds': [0, 1]})
> 
> # Convert DataArray to Dataset
> ds = da.to_dataset(name='data_variable')  # Set name for your original data
> 
> # Add bounds DataArrays to the Dataset as new variables
> ds['lat_bounds'] = lat_bounds_da
> ds['lon_bounds'] = lon_bounds_da
> 
> # Update attributes to indicate bounds
> ds['latitude'].attrs['bounds'] = 'lat_bounds'
> ds['longitude'].attrs['bounds'] = 'lon_bounds'
> 
> # If you want to convert back to DataArray, you can do so by selecting the variable needed.
> # da = ds['data_variable']
> ```
> 
> ### Key Changes:
> - **Convert to Dataset**: `ds = da.to_dataset(name='data_variable')` converts the DataArray to a Dataset, allowing you to add multiple variables correctly.
> - **Adding Bounds**: `ds['lat_bounds'] = lat_bounds_da` and `ds['lon_bounds'] = lon_bounds_da` add the bounds without causing dimensional conflicts.
> - **Attributes for Coordinates**: You still set the bounds attributes on the latitude and longitude coordinates.
> 
> This approach should resolve the issues you were encountering, and allow you to work with `get_bounds()` on your dataset.
**user**:
> I've now done this, and I see the cf bounds show up at the dataset level:
> <xarray.Dataset>
> Dimensions:      (longitude: 4320, latitude: 2160, bnds: 2)
> Coordinates:
>     band         int64 ...
>   * longitude    (longitude) float64 -180.0 -179.9 -179.8 ... 179.8 179.9 180.0
>   * latitude     (latitude) float64 89.96 89.88 89.79 ... -89.79 -89.87 -89.96
>     spatial_ref  int64 ...
>   * bnds         (bnds) int64 0 1
> Data variables:
>     weights      (latitude, longitude) float32 ...
>     lat_bounds   (latitude, bnds) float64 ...
>     lon_bounds   (longitude, bnds) float64 ...
> 
> And:
> Coordinates:
> - CF Axes:   X, Y, Z, T: n/a
> 
> - CF Coordinates:   longitude, latitude, vertical, time: n/a
> 
> - Cell Measures:   area, volume: n/a
> 
> - Standard Names:   n/a
> 
> - Bounds:   n/a
> 
> Data Variables:
> - Cell Measures:   area, volume: n/a
> 
> - Standard Names:   n/a
> 
> - Bounds:   latitude: ['lat_bounds']
>             longitude: ['lon_bounds']
> 
> But when I ask for the data array, `da.weights.cf`, the bounds aren't there and I get an error from the library again.
**assistant**:
> It looks like the CF metadata is not propagating down to the individual data variables within your dataset. In order for the data variables (like `weights`) to recognize the bounds, they need to explicitly declare the bounds attribute. 
> 
> Here's how to ensure that your `weights` DataArray correctly references the bounds in the Dataset:
> 
> 1. **Set Bounds for Data Variables**: You need to add the bounds attribute to your `weights` variable in the Dataset.
> 
> Here's how you can do that:
> 
> ```python
> # Assuming `ds` is your Dataset
> ds['weights'].attrs['bounds'] = 'lat_bounds lon_bounds'  # Set bounds for weights
> 
> # Check the updated attributes
> print(ds['weights'].attrs)
> ```
> 
> ### Key Steps:
> - **Set Bounds Attribute**: Adding the attribute `bounds` to `weights` with the names of the corresponding bounds sets it up correctly, so it knows which bounds to use.
>   
> After you add these attributes, try checking `ds['weights'].cf` again. The bounds should now be available, and the library should work as expected.
> 
> ### Verify CF Compliance:
> After making these adjustments, recheck the CF conventions with:
> 
> ```python
> print(ds.cf)
> ```
> 
> ### Recap:
> The critical part is ensuring that each data variable correctly references its bounds. This explicit attribute definition helps libraries correctly interpret the geographical extents of your data. Let me know if this resolves the issue!
**user**:
> Nope, that doesn't do anything.
**assistant**:
> Let’s take a step back and make sure we’re correctly integrating the bounds into your DataArray. It sounds like the library you’re using still isn’t recognizing the bounds because they aren’t being associated properly with the `weights` variable. Here’s a revised approach to ensure everything is linked correctly:
> 
> 1. **Ensure the Bounds Are Correctly Assigned**: The bounds should be clearly defined in relation to the `weights` variable, and we want to make sure we're setting these up appropriately.
> 
> ### Steps to Properly Assign Bounds
> 
> 1. **Create a new DataArray for weights** and explicitly set the bounds.
> 
> ```python
> import xarray as xr
> import numpy as np
> 
> # Create a Dataset `ds` based on your existing DataArray `da`
> ds = da.to_dataset(name='data_variable')
> 
> # Example data for weights
> weights_data = np.random.random((ds.dims['latitude'], ds.dims['longitude']))  # Replace with your actual weights data
> 
> # Create a DataArray for weights, linking it to lat and lon, setting bounds
> ds['weights'] = xr.DataArray(
>     weights_data, 
>     dims=['latitude', 'longitude'],
>     coords={
>         'latitude': ds['latitude'],
>         'longitude': ds['longitude'],
>     }
> )
> 
> # Assign bounds for the latitude and longitude as attributes
> ds['weights'].attrs['bounds'] = 'lat_bounds lon_bounds'
> ds['lat_bounds'].attrs['standard_name'] = 'latitude bounds'
> ds['lon_bounds'].attrs['standard_name'] = 'longitude bounds'
> 
> # Now check the variable attributes
> print(ds['weights'].attrs)
> ```
> 
> 2. **Verify the CF Compliance**: This ensures that all elements are linked and that the bounds are understood by the CF conventions.
> 
> ```python
> # Check the CF attributes
> print(ds.cf)
> ```
> 
> ### Double Check the Configuration:
> 
> 1. **Ensure You're Using `xarray` CF Extensions**: Make sure that the `xarray` library has CF capabilities properly enabled. Sometimes compatibility issues can arise based on versions.
>    
> 2. **Consult Documentation**: Check the documentation for the library you are using to see if there are specific requirements for using `cf` and bounds, as certain libraries may have unique workflows.
> 
> ### Debugging:
> If you’re still facing issues, you can:
> 
> - **Print the Entire Dataset**:
>    ```python
>    print(ds)
>    ```
>    This output will help to ensure everything is connected correctly.
> 
> - **Check Each Individual Attribute**:
>    ```python
>    print(ds['weights'].cf)
>    ```
> 
> - **Consult Library-Specific Information**: The library you're using might have additional requirements for setting up bounds.
> 
> If these suggestions do not solve the issue, could you provide more information about which specific library expects the CF bounds and any relevant code snippets? This might help identify the problem more accurately!
