**assistant**:
> Below are selected log entries of past conversations, as part of an experimental AI memory system. T
**user**:
> Can you provide me an abstract class structure in python for a "MemoryProvider", an object which can do the following:
>  - Respond to a prompt (str) with a list of Snippets, each associated with a probability value (0 - 1). A Snippet is a simple data structure that contains (1) A source document URI str, (2) a location within that document (uint), and (3) a string that is the snippet.
>  - The ability to serialize and deserialize itself.
>  - A function for positive or negative learning, which takes a prompt, a Snippet, and a value 0 - 1 for whether the Snippet should (1) or should not (0) have gone with the prompt.
> 
> Subclasses would then implement this interface.
**assistant**:
> Sure, here is a rough sketch of an abstract class structure following your specifications for a `MemoryProvider` in Python:
> 
> ```python
> from abc import ABC, abstractmethod
> from typing import List, Tuple
> 
> # Define the Snippet data structure.
> class Snippet:
>     def __init__(self, source_uri: str, location: int, snippet: str):
>         self.source_uri = source_uri
>         self.location = location
>         self.snippet = snippet
> 
> # Define MemoryProvider as an abstract base class.
> class MemoryProvider(ABC):
>     @abstractmethod
>     def get_snippets(self, prompt: str) -> List[Tuple[float, Snippet]]:
>         """
>         Abstract method that takes a string prompt and returns a list of 
>         Snippet objects each associated with a probability (0-1).
>         """
>         pass
> 
>     @abstractmethod
>     def serialize(self) -> str:
>         """
>         Abstract method that serializes the object and returns the serialized 
>         representation as a string.
>         """
>         pass
> 
>     @classmethod
>     @abstractmethod
>     def deserialize(cls, serialized_str: str) -> 'MemoryProvider':
>         """
>         Class method that takes a serialized string and returns a deserialized 
>         instance of the class.
>         """
>         pass
> 
>     @abstractmethod
>     def learn(self, prompt: str, snippet: Snippet, value: float) -> None:
>         """
>         Abstract method that takes a string prompt, a Snippet object, and a 
>         value (0-1).
>         """
>         pass
> ```
> 
> This structure dictates that subclasses of `MemoryProvider` must provide implementation details for `get_snippets()`, `serialize()`, `deserialize()` and `learn()`. The `Snippet` class represents a simple data structure for the snippets.
> 
> Kindly note that this is a simple illustrative example, and you may need to adjust it to precisely fit your use case.
**user**:
> I would like to use this structure to provide additional memory snippets to an AI system, but I expect to need to implement several different approaches and then let the training result in improved results. So, for example, one MemoryProvider might search the internet, another might pull data from a local resource, etc.
> 
> What would be a good starting MemoryProvider, so I can start trying out this system?
**assistant**:
> A good starting point for a `MemoryProvider` implementation could be a basic `LocalMemoryProvider` that stores snippets locally and retrieves them based on prompts. Here's a simple example of how you could implement this:
> 
> ```python
> import json
> 
> class LocalMemoryProvider(MemoryProvider):
>     def __init__(self):
>         self.memory = {}  # Dictionary to store snippets, keyed by prompt
> 
>     def get_snippets(self, prompt: str) -> List[Tuple[float, Snippet]]:
>         if prompt in self.memory:
>             return [(1.0, snippet) for snippet in self.memory[prompt]]
>         else:
>             return []
> 
>     def serialize(self) -> str:
>         return json.dumps(self.memory)
> 
>     @classmethod
>     def deserialize(cls, serialized_str: str) -> 'MemoryProvider':
>         memory_provider = cls()
>         memory_provider.memory = json.loads(serialized_str)
>         return memory_provider
> 
>     def learn(self, prompt: str, snippet: Snippet, value: float) -> None:
>         if prompt not in self.memory:
>             self.memory[prompt] = []
>         if value > 0:
>             self.memory[prompt].append(snippet)
> ```
> 
> In this `LocalMemoryProvider` implementation, snippets are stored in a simple dictionary locally. When `get_snippets()` is called with a prompt, it retrieves the snippets associated with that prompt from the dictionary. The `serialize()` method converts the dictionary to a JSON string for serialization, and `deserialize()` reconstructs the dictionary from the serialized string. 
> 
> You can start populating the `LocalMemoryProvider` with some initial snippets and prompts to test how the system responds to queries and learns from feedback. 
> 
> Once you have the system running with the `LocalMemoryProvider`, you can then explore adding more advanced `MemoryProvider` subclasses that fetch snippets from the internet, databases, APIs, etc., to enhance the AI system's memory and performance.
