**user**:
> In an xarray dataset, ds, I have a STATE_FIPS variable and a CNTY_FIPS variable, and I would like to concatenate these two strings to make a FIPS variable. How do I do this?
**assistant**:
> In `xarray`, you can accomplish this via the `apply_ufunc` function. We'll also use `numpy` core function `char.add` to concatenate strings. 
> 
> Here is an example:
> 
> ```python
> import xarray as xr
> import numpy as np
> 
> # Make sure your STATE_FIPS and CNTY_FIPS are of type string.
> ds['STATE_FIPS'] = ds['STATE_FIPS'].astype(str)
> ds['CNTY_FIPS'] = ds['CNTY_FIPS'].astype(str)
> 
> # Use apply_ufunc to concatenate these strings.
> ds['FIPS'] = xr.apply_ufunc(np.char.add, ds['STATE_FIPS'], ds['CNTY_FIPS'])
> ```
> 
> In this script, `astype(str)` ensures the two variables are strings. `np.char.add` is then used to concatenate. Do be aware, however, that this will not work as expected if `STATE_FIPS` and `CNTY_FIPS` contain any missing values (`nan`). If they're numerical and contain `nan`, the conversion to string will result in a string 'nan'. Always make sure you handle missing data appropriately before such operations.
**user**:
> How do I rename a coordinate in xarray?
**assistant**:
> In `xarray`, you can rename a coordinate using the `rename` method. Here's an example:
> 
> ```python
> import xarray as xr
> 
> # Suppose you have an xarray dataset `ds` with a coordinate named 'old_coord'.
> # You can rename it to 'new_coord' using the `rename` method.
> ds = ds.rename({'old_coord': 'new_coord'})
> ```
> 
> In this example, `rename` is called on the dataset `ds` with a dictionary specifying the old coordinate name (`'old_coord'`) and the desired new coordinate name (`'new_coord'`). The `rename` method modifies the dataset in place, giving the specified coordinate the new name.
> 
> You can also use the `coords` attribute to directly access and modify coordinates. Here's an alternative approach:
> 
> ```python
> import xarray as xr
> 
> # Suppose you have an xarray dataset `ds` with a coordinate named 'old_coord'.
> # You can rename it to 'new_coord' using the `coords` attribute.
> ds.coords['new_coord'] = ds.coords['old_coord']
> ds = ds.drop('old_coord')
> ```
> 
> In this approach, you assign the values of the old coordinate to a new coordinate with the desired name. Then, you drop the old coordinate using the `drop` method. This also modifies the dataset in place.
**user**:
> How do I take a variable and make it a coordinate?
**assistant**:
> To make a variable in an xarray dataset a coordinate, you can use the `set_index` method. This method allows you to promote one or more variables as coordinates. Here's an example:
> 
> ```python
> import xarray as xr
> 
> # Suppose you have an xarray dataset `ds` with a variable named 'var'.
> # You can make 'var' a coordinate using the `set_index` method.
> ds = ds.set_index(var='var')
> ```
> 
> In this example, the `set_index` method is called on the dataset `ds` with the variable `var` specified as the argument. The `set_index` method promotes the variable `var` to a coordinate and modifies the dataset in place, updating the dimensions and explicitly specifying the variable as a coordinate.
> 
> You can also set multiple variables as coordinates using a list of variable names as the argument:
> 
> ```python
> import xarray as xr
> 
> # Suppose you have an xarray dataset `ds` with variables named 'var1' and 'var2'.
> # You can make both 'var1' and 'var2' coordinates using the `set_index` method.
> ds = ds.set_index(var=['var1', 'var2'])
> ```
> 
> This will promote both `var1` and `var2` as coordinates in the dataset. Note that when promoting multiple variables, the order in which the variables are listed will be the order of the resulting coordinates.
**user**:
> How do I write an xarray dataset with 2 dimensions to CSV?
**assistant**:
> To write an xarray dataset with 2 dimensions to a CSV file, you can use the `to_dataframe()` method to convert the dataset to a pandas DataFrame and then use the `to_csv()` method to write the DataFrame to a CSV file. Here's an example:
> 
> ```python
> import xarray as xr
> 
> # Suppose you have an xarray dataset `ds` with 2 dimensions, e.g., 'lat' and 'lon'.
> # You can write it to a CSV file as follows:
> 
> # Convert the dataset to a pandas DataFrame
> df = ds.to_dataframe()
> 
> # Write the DataFrame to a CSV file
> df.to_csv('output.csv')
> ```
> 
> In this example, `to_dataframe()` converts the xarray dataset `ds` to a pandas DataFrame. The resulting DataFrame will have the two dimensions ('lat' and 'lon') as columns, along with any variables in `ds` as additional columns.
> 
> Then, `to_csv()` is called on the DataFrame (`df`) to write it to a CSV file named 'output.csv'. You can specify a different file path or filename as needed.
> 
> Note that when writing to a CSV file, the index of the DataFrame will include the coordinates of the dataset. If you prefer not to include the coordinates in the CSV file, you can reset the index before writing to CSV by adding `df.reset_index(drop=True, inplace=True)` before calling `df.to_csv()`.
