**assistant**:
> Below are selected log entries of past conversations, as part of an experimental AI memory system. T
**user**:
> what woudl a memebshuio model for Tuner constuciotn look liek for the DC builiding onncioation hub, and NYC"s builing neenrgy exchagne look like? they have a prsnece in both cities. they would also like some hours of conuslting wit hteh green leae leaders program and to have access to the information in the CEO database (eneryg policy tracheker). Can you propise a packae that would includ these three programs and cost 50k per year?
**assistant**:
> Sure, I can make an attempt at crafting a membership model that involves the DC Construction Association Hub, Building Energy Exchange (NYC), Green Leaders Program consulting, and access to CEO database information within a budget of $50,000 annually.
> 
> Here is a rough proposal:
> 
> ### Package: Sustainable Construction Partnership
> 
> **1. DC Construction Association Hub Membership - $15,000**
> 
> **Benefits:**
> 
> - Access to meetings, workshops, and networking events within the DC area
> - Representation in policy and advocacy efforts towards a more sustainable construction industry
> - Access to exclusive research and data on sustainable construction
> 
> **2. NYC Building Energy Exchange Membership - $20,000**
> 
> **Benefits:**
> 
> - Access to events, training, and exclusive research in the NYC site
> - Direct involvement with efforts to bring down the carbon footprint in the NYC area through innovative building practices
> - Opportunities for collaboration on potential energy-efficient projects
> 
> **3. Green Leaders Program Consulting - $10,000**
> 
> **Benefits:**
> 
> - 20 hours of consulting time to discuss and dissect green building practices
> - Access to exclusive material, research, and data related to sustainable construction
> - Support in integrating these practices into your projects
> 
> **4. CEO Database (Energy Policy Tracker) Access - $5,000**
> 
> **Benefits:**
> 
> - Direct access to a comprehensive, constantly updated database of policy, legislation, and trends in the energy sector
> - Support in navigating and applying information to your specific projects or goals
> 
> This package falls around the budget of $50,000 ($15,000 + $20,000 + $10,000 + $5,000). Please note that prices are suggestive and may vary depending on actual quotes from each organization. Also, depending on the level of membership and engagement, it may be possible to further customize each offering.
**user**:
> can you devleop a partnerhsip prposal for Turner constuciton that taps into the work we do athte DC building innocation hub? and acess to the resouces we develop in NYC with the BE-EX (building energy exchnag?) they woould like to also have access to the energy policy database (CEO progream) and add in a few consutlign hours from the green lease learsers program total spend of 25K 
**assistant**:
> Certainly, here is a tailored partnership proposal for Turner Construction that leverages the resources of the DC Building Innovation Hub, the Building Energy Exchange (BE-Ex) in NYC, the CEO Energy Policy Database, and includes consulting hours from the Green Lease Leaders Program within a budget of $25,000:
> 
> ---
> 
> ### Partnership Proposal: Sustainable Building Innovation Collaboration
> 
> **Partners:** Turner Construction, DC Building Innovation Hub, Building Energy Exchange (BE-Ex) - NYC
> 
> **Key Components:**
> 
> 1. **Access to Resources:**
>    - **DC Building Innovation Hub (Annual Membership)**
>      - Networking opportunities in the sustainable building sector in the DC area
>      - Access to cutting-edge research and innovation in construction practices
> 
>    - **Building Energy Exchange (BE-Ex) Membership - NYC**
>      - Exclusive access to energy efficiency resources, workshops, and events in NYC
>      - Insights on sustainable building practices tailored to the NYC environment
> 
> 2. **Information Access:**
>    - **CEO Energy Policy Database Access**
>      - In-depth information on energy policies, guidelines, and trends
>      - Stay updated with the latest developments in the energy sector
> 
> 3. **Consulting Services:**
>    - **Green Lease Leaders Program (Consulting Hours)**
>      - Tailored consulting sessions on green leasing strategies and sustainable building operations
>      - Guidance on incorporating sustainability into real estate projects
> 
> **Proposed Allocation of Budget:**
> 
> - **DC Building Innovation Hub Membership:** $7,000
> - **BE-Ex Membership - NYC:** $8,000
> - **CEO Energy Policy Database Access:** $5,000
> - **Green Lease Leaders Program Consulting Hours:** $5,000
> 
> **Total Budget: $25,000**
> 
> **Expected Benefits for Turner Construction:**
> 
> - Access to a diverse network of stakeholders in the sustainable building sector
> - Tailored resources and insights for both the DC and NYC markets
> - In-depth understanding of energy policies and their implications on construction projects
> - Expert guidance on green leasing practices to enhance sustainability initiatives
> 
> This partnership aims to combine the strengths of all parties involved to foster innovation, sustainability, and knowledge-sharing in the construction industry while maximizing the value within the specified budget.
> 
> ---
> 
> Feel free to further tailor or adjust this proposal to better align with Turner Construction's specific needs and priorities.
