**user**:
> I have an overleaf project, which I've checked out using git, added a bunch of files to, and now I'm trying to push it back to the remote. But when I try I get:
> ```
> % git push
> Enumerating objects: 525, done.
> Counting objects: 100% (507/507), done.
> Delta compression using up to 8 threads
> Compressing objects: 100% (487/487), done.
> Writing objects: 100% (487/487), 50.93 MiB | 7.41 MiB/s, done.
> Total 487 (delta 47), reused 0 (delta 0), pack-reused 0
> remote: Resolving deltas: 100% (47/47)
> remote: error: internal error
> remote: 
> remote: hint: There was an internal error with the Git server.
> remote: hint: Please contact Overleaf.
> To https://git.overleaf.com/63bde79e523cf50a5a355be1
>  ! [remote rejected] master -> master (internal error)
> error: failed to push some refs to 'https://git.overleaf.com/63bde79e523cf50a5a355be1'
> ```
> 
> This might be because it's just too much data in one push for overleaf's git server to handle. But I've already committed it locally. How can I get the data to overleaf?
**assistant**:
> It seems like the large amount of data might indeed be causing issues with Overleaf's Git server. Here are some steps you can take to resolve this and potentially make your push successful:
> 
> 1. **Split the Commit into Smaller Commits:**
>    - First, you could try to split your large commit into several smaller ones. This can help in pushing the modified content incrementally.
>    - You can use `git rebase -i HEAD~<number_of_commits>` to interactively split the commits if your changes were all in one big commit.
>    - Alternatively, if you already have separate logical changes, you may want to commit them in smaller parts if you haven't done that already.
> 
> 2. **Increase Git HTTP Post Buffer:**
>    - Try increasing the Git HTTP post buffer size to handle larger push. You can do this by running:
>      ```bash
>      git config http.postBuffer 524288000
>      ```
>    - This sets the buffer to 500 MB, which might help if the issue is related to buffer capacity.
> 
> 3. **Utilize Overleaf's File Upload:**
>    - If the above methods are cumbersome, for efficiency, try uploading some files directly via the Overleaf web interface to reduce the data you need to transfer via Git.
> 
> 4. **Contact Overleaf Support:**
>    - Since the error explicitly mentions contacting Overleaf, it might be beneficial to reach out to them as this might be an issue on their end.
> 
> 5. **Check for Large Files:**
>    - Use the following command to identify large files in your repository that might be contributing to the size:
>      ```bash
>      git rev-list --objects --all | sort -k2 -n | tail -10
>      ```
>    - Consider whether these files are necessary or if they can be excluded from the push.
> 
> Remember to back up your local changes before performing operations that might alter your Git history, such as interactive rebasing.
**user**:
> Does git rebase work if all of the files were added in a single commit?
**assistant**:
> Yes, you can still use `git rebase` or other methods to split a single commit into smaller commits, even if all the changes were made in just one commit. Here’s how you can do it:
> 
> ### Method: Interactive Rebase
> 
> 1. **Start Rebase:**
>    Run the following command to initiate an interactive rebase for the last commit:
>    ```bash
>    git rebase -i HEAD~1
>    ```
>    This tells Git you want to edit the most recent commit.
> 
> 2. **Edit the Commit:**
>    In the text editor that opens, you'll see a line starting with `pick` for your single commit. Change `pick` to `edit`. It will look something like:
>    ```
>    edit <commit_hash> Your commit message
>    ```
> 
> 3. **Save and Exit:**
>    Save the file and exit the editor. Git will stop at this commit, allowing you to make changes.
> 
> 4. **Unstage the Changes:**
>    To split the commit, you first need to unstage all the changes:
>    ```bash
>    git reset HEAD^
>    ```
> 
> 5. **Stage and Commit Changes in Parts:**
>    Now you can stage and commit your changes in smaller batches. For example, you can use:
>    ```bash
>    git add <file1>
>    git commit -m "Add <file1>"
> 
>    git add <file2>
>    git commit -m "Add <file2>"
>    ```
>    Repeat this for each group of changes you want to commit separately.
> 
> 6. **Finish the Rebase:**
>    Once you have created the smaller commits, you need to finish rebasing:
>    ```bash
>    git rebase --continue
>    ```
> 
> ### Alternative Method: Using `git reset` and `git add`
> 
> If you find rebase complex, you can alternatively just use `git reset`:
> 
> 1. **Reset to the Previous Commit (Uncommit):**
>    ```bash
>    git reset HEAD^
>    ```
> 
> 2. **Stage Individual Files:**
>    Stage changes for individual files as you see fit:
>    ```bash
>    git add <file1>
>    git commit -m "Add <file1>"
> 
>    git add <file2>
>    git commit -m "Add <file2>"
>    ```
> 
> 3. **Repeat as Needed.**
> 
> ### After Splitting Commits
> Once you've made smaller commits, try pushing to Overleaf again:
> ```bash
> git push
> ```
> 
> This should help address the issue with the large push to Overleaf!
**user**:
> Okay, I was able to change my commit to just one file (a half-MB image), but it still fails:
> ```
> % git push
> Enumerating objects: 14, done.
> Counting objects: 100% (12/12), done.
> Delta compression using up to 8 threads
> Compressing objects: 100% (8/8), done.
> Writing objects: 100% (8/8), 549.69 KiB | 32.33 MiB/s, done.
> Total 8 (delta 4), reused 0 (delta 0), pack-reused 0
> remote: Resolving deltas: 100% (4/4)
> remote: error: internal error
> remote: 
> remote: hint: There was an internal error with the Git server.
> remote: hint: Please contact Overleaf.
> To https://git.overleaf.com/63bde79e523cf50a5a355be1
>  ! [remote rejected] master -> master (internal error)
> error: failed to push some refs to 'https://git.overleaf.com/63bde79e523cf50a5a355be1'
> ```
> Do you have other ideas?
**assistant**:
> If you’ve already reduced your commit size to a single half-MB file and are still encountering the “internal error,” here are some additional steps you can consider:
> 
> ### 1. **Check for File Types and Sizes:**
> Ensure that the file you are trying to upload is not restricted by Overleaf. Overleaf has certain limitations on file types and sizes. If the image is very large despite being a half-MB, consider resizing or compressing it further.
> 
> ### 2. **Try Different File Formats:**
> If the image is in a format like PNG or BMP, try saving it as a JPEG or another less resource-intensive format. That could potentially reduce the file size without losing too much quality.
> 
> ### 3. **Test with Another Small File:**
> Create a very small text file or image (e.g., a simple `.txt` file or an even smaller image) and try to push that. This will help determine if the issue is specifically related to that one image file or a broader problem with your Overleaf Git integration.
> 
> ### 4. **Clone a New Repository:**
> As a troubleshooting step:
> - Clone the project again in a new directory.
> - Add just the small file and try to push that to see if there are issues with your existing local setup.
> 
> ### 5. **Use an Alternative Upload Method:**
> If the file continues to fail:
> - Use the Overleaf web interface to upload the image directly instead of using Git.
> - This can serve as a workaround for any Git-related upload issues.
> 
> ### 6. **Git Configuration Settings:**
> You might want to check your Git configuration for any other settings that may limit your push. You can reset or adjust them as follows:
> ```bash
> git config --global http.postBuffer 524288000   # Adjust to a larger buffer
> git config --global core.compression 9           # Max compression
> ```
> 
> ### 7. **Contact Overleaf Support:**
> Given that the error mentions a potential issue with their server, consider reaching out to Overleaf support directly. Provide them with details of the error message you're receiving. They can check logs on their end to see if there's an issue with your specific project.
> 
> ### 8. **Try a Different Network:**
> Sometimes network issues can cause interruptions. If you're on a company or school network, try connecting from a different network or a personal hotspot.
> 
> ### Summary
> If the issue persists after these steps, involving Overleaf support will likely be necessary. They have the tools to diagnose and resolve issues on their end that aren’t accessible from your local Git setup.
