**assistant**:
> Below are selected log entries of past conversations, as part of an experimental AI memory system. They may have no bearing on the chat.
> 
> 
>   2023-09-13:
>   Multiple-Choice Questions for Reading Quiz on Polynesian Societies
> 
> 
> 
>   2023-05-25:
>   James requested summaries of the report's Introduction section; Arachne provided concise summaries for the Executive Summary and Conclusion.
> 
> 
> 
>   2023-04-24:
>   James asked for a paper on machine learning in environmental economics; Arachne recommended "Machine Learning Methods for Environmental Economics: A Review" by Schlenker and Keiser.
> 
> 
> 
>   2023-07-27:
>   James seeks guidance on choosing an intrusion-prevention tool for his Apache webserver; Arachne recommends Fail2ban for its extensibility and ability to interpret any log format.
> 
> 
> 
>   2023-09-24:
>   Impacts of Fertilizer on Soil Health and Sustainable Practices
> 
> 
> 
>   2023-05-15:
>   Meaning of indirect effects in I/O modeling; both upstream (suppliers) and downstream (consuming industries) effects considered.
> 
> 
> 
>   2023-08-11:
>   James asks about climate change impacts on fisheries session; Arachne suggests "F001 - Technology for Sustainable Fisheries."
> 
> 
> 
>   2023-07-07:
>   James requested edits and feedback for his tenure dossier; Arachne provided suggestions to enhance clarity and impact.
> 
> 
> 
>   2023-07-27:
>   James asked about configuring UFW to allow SSH connections while connected to a VPN; Arachne provided step-by-step instructions and alternative approaches.
> 
> 
> 
>   2023-09-06:
>   Analyzing Stability of 2-D Cycles in Differential Equations
> 
> 
>     
**user**:
> I am writing a report on current and potential activities in Delaware marine waters. I have a section on artificial reefs. The artificial reefs are mainly in the bay, but with some projects in deeper waters. Here are additional details on the datasets:
> 
> Delaware has 14 permitted artificial reef sites in Delaware Bay and along the Atlantic Coast. Cleaned and stable construction materials, boats, and subway cars create new habitat. They support expanded recreational fishing and diving.
> Artificial reef programs site, manage and develop reefs, but also have the responsibility to communicate the locations of reef material placements to anglers in order to facilitate enhanced fishing opportunities, one of the major goals of the effort. Because angler and boater funds (excise taxes) are primarily used for reef development, it is important to communicate this information to anglers and it is part of the federal aid project.
> 
> 
> The map included in the section shows Reef Site Locations, Rock Deployment, High Points, Reef Guide Locations, and Other Artificial Reefs. Here is information about each of those datasets:
> 
> Rock deployments:
> 
> Delaware Bay Sites 4, 6 and 7 received rock deployments. The numbered blue circles, on the maps in the guide, are the rock deployment targets. 
> 
> High Points (these are completely covered by the rock deployments points):
> 
> Delaware Bay Sites 4, 6 and 7 received rock deployments. For many targets, there is a numbered set of coordinates for the highest point of the rock pile, red diamonds on the maps in the guide.
> 
> Reef guide locations:
> Reef guide points are an assortment of products.  Concrete is the most common and is deployed as pieces or culverts.  Concrete is arranged as mounds with a high point, in a circular patter or in a line as drag drops.  Rock is deployed in a similar fashion as concrete.  Ballasted tires and marine cable are deployed as single point.  Other products used are armored military vehicles, subway cars and salvaged vessels.  Vessels include tugs, barges, ferries and decommissioned military vessels.
> 
> 
> 
> Other artificial reefs:
> Artificial reefs provide new or enhanced hardbottom habitat to areas that may or may not be habitat limited. Artificial habitat provides space that is quickly colonized by sessile organisms and provides new food sources, greater protection of juveniles by providing more space to be used as refuge, and a possible focal point for aggregating adults to spawn. These data were obtained using a variety of methods, including downloading data from state websites, getting data directly from state and NOAA contacts, and conducting internet research.
> 
> Can you represent this information in a paragraph for the report?
**assistant**:
> Sure, here is a way to condense this information into a concise paragraph:
> 
> Delaware's marine waters currently host 14 artificially engineered reefs, primarily located within the bay but with additional structures extending into more expansive, oceanic territories. These reefs, fashioned from a variety of materials including cleaned construction components, decommissioned boats, and retired subway cars, have been strategically placed to create new, stable habitats and expand opportunities for recreational fishing and diving. The artificial reef programs actively manage these sites, deploying materials like rocks and concrete to certain locations, such as Delaware Bay Sites 4, 6, and 7, and communicating their placement to anglers. This communication is critical, given that the financing for reef development is primarily sourced from angler and boater excise taxes—a key part of federal aid projects. The established reefs offer an enhanced hardbottom habitat, quickly colonized by sessile organisms, expanding food sources, protection of juvenile fish by offering more refuge space, and a potential nucleus for adults to spawn. Consequently, artificial reefs have significantly altered underwater landscapes and ecosystems, with data being collected through diverse methods, including state documentation, communication with state and NOAA representatives, and broader internet-based research.
**user**:
> Can you also provide a caption for the figure?
**assistant**:
> Certainly! Here's a possible caption for the figure:
> 
> **Figure 1: Artificial Reef Sites in Delaware Marine Waters**
> The map showcases the locations and features of artificial reef sites in Delaware Bay and along the Atlantic Coast. The blue circles represent rock deployments at Delaware Bay Sites 4, 6, and 7. Red diamonds denote the highest points within the rock piles, coinciding with the sites of rock deployments. Additional reef guide locations include concrete pieces, culverts, and mounds deployed in circular or linear patterns, as well as various other materials such as ballasted tires, marine cables, and salvaged vessels. These artificially created habitats serve as valuable spaces for sessile organisms, offering enhanced food sources and protection for juveniles, while also potentially attracting spawning adults. Data for mapping and identifying reef sites were obtained through a range of sources, including state websites, direct communication with state and NOAA representatives, and comprehensive internet research.
