**assistant**:
> Below are selected log entries of past conversations, as part of an experimental AI memory system. T
**user**:
> Can you write a preamble about differ leaning styles if you need breaks that ok?
**assistant**:
> # Preamble: Diverse Learning Styles and the Importance of Breaks
> 
> Learning is a deeply personalized experience and varies greatly from individual to individual. This is prominently reflected in the diverse learning styles that notch a significant place in pedagogy. These styles—commonly categorized as visual, auditory, kinesthetic, and read-write—attune to a learners' preferences on how they absorb, process, and comprehend new information.
> 
> Visual learners, for instance, excel when they see information displayed as charts, infographics, or videos. Auditory learners thrive through verbal instructions, podcasts, or songs. Kinesthetic learners, on the other hand, find hands-on activities and experiences to be the most effective, while read-write learners prefer traditional methods such as reading textbooks or writing notes.
> 
> In considering these variances, it's essential to remember the dynamic nature of learning. No one is constricted to a single style; indeed, most people utilize a blend of styles depending upon the learning situation.
> 
> However, regardless of one's learning style, breaks play a crucial role in the sustenance of one's intellectual vitality. Breaks are not idle moments of disengagement, rather they are strategic pauses to enhance productivity and creativity. Mindful breaks can prevent cognitive overloading, boost memory recall, and consolidate learning. They allow the brain time to assimilate new knowledge, make connections, and prepare for the next bout of learning.
> 
> Whether you're a full-time student, a professional in continuous learning, or a parent teaching their children, understanding different learning styles and embedding breaks can help create a more effective, enjoyable, and sustainable learning environment. In the grand scheme of things, these aspects contribute to fostering a culture of lifelong learning essential for personal growth and societal development in this rapidly changing world.
**user**:
> Can you simplify this? 
**assistant**:
> # Preamble: Understanding Different Learning Styles and the Importance of Taking Breaks
> 
> Everyone learns in their own special way. Some people like to see information (visual learners), some like to hear it (auditory learners), some like to do things (kinesthetic learners), and some prefer reading and writing (read-write learners).
> 
> It's important to know that most people use a mix of these styles depending on what they're learning. No one is stuck with just one style.
> 
> Regardless of how you learn best, taking breaks is super important. Breaks help your brain stay sharp and focused. They give your mind a chance to catch up on what you've learned, remember things better, and get ready for more learning.
> 
> Whether you're a student, a lifelong learner, or a parent teaching your kids, understanding how people learn differently and taking breaks can make learning easier, more fun, and healthier for your brain. It's all about keeping your mind fresh and ready to take on new challenges.
