**assistant**:
> Below are selected log entries of past conversations, as part of an experimental AI memory system. T
**user**:
> I am writing a story of one of my ancestors, and the story takes place in Norwich, UK during the Elizabethan era (specifically, 1563 - 1574). In a later story (two generations later), an ancestor meets a comic-relief character, a rat named Sergeant Buzfuz. I want to introduce a related character-- an ancestor of Buzfuz-- and I think it can be a rat that comes over with the Great Stranger Migration of Dutch and Flemish protestants. Ideally, this rat would have a name that is (1) interpretable in Dutch/Flemish, and (2) provides insight into the origin of Buzfuz's silly name, perhaps by sounding like it. Any ideas?
**assistant**:
> What a creative and engaging idea! Considering your requirements and the historical context of the Great Stranger Migration, we can craft a name for the rat that links to the future Sergeant Buzfuz while being appropriately Dutch or Flemish.
> 
> ### Name: Sergeant Bussfus
> 
> **Interpretation in Dutch/Flemish:**
> - **Bussfus** - This isn't a real Dutch word, but it closely resembles Dutch-sounding phonetics and could be interpreted as a playful or whimsical name that might have been adapted into the future "Buzfuz."
> 
> ### Historical Context:
> - **Sergeant** - Keeping the "Sergeant" title implies that this rat had a role or personality that your ancestor might have interpreted as having military precision or importance, fitting into the narrative with a sense of comic relief.
> 
> #### Reasons for the Name:
> 1. **Phonetic Bridge**: "Bussfus" sounds similar to "Buzfuz," providing a natural etymological evolution.
> 2. **Cultural Background**: The name is interpretable in a Dutch context, which is essential given the character's roots in the Great Stranger Migration.
> 3. **Playful Twist**: The name carries a whimsical tone, fitting the nature of a comic-relief character.
> 
> #### Additional Details:
> To add depth to the character, you could portray **Sergeant Bussfus** as a clever, resourceful rat who helps the Dutch and Flemish immigrants navigate their new environment. Perhaps his descendants retain this legacy of being helpful and willfully humorous, leading to the character of **Sergeant Buzfuz** two generations later.
> 
> I hope this helps tie your story elements together while adding a layer of historical and cultural richness. Happy writing!
