**user**:
> I want to parse a markdown document into a tree. The levels of the tree are sections ('#', '##', ...), and each set of children entirely consists of either section nodes or content (text) leaves. How can I do this in python?
**assistant**:
> To parse a Markdown document into a tree structure based on section levels, we can use a combination of regular expressions and a tree data structure. Here's a step-by-step guide with a sample implementation in Python:
> 
> 1. **Regular Expressions**: We'll use regular expressions to identify section headers (e.g., '#', '##', etc.) and separate content associated with each section.
> 
> 2. **Tree Data Structure**: We'll represent the parsed document as a tree where each node is either a section or content. A section node will have children that are either other sections or content.
> 
> Here's a sample implementation using Python:
> 
> ```python
> import re
> from collections import defaultdict
> 
> class Node:
>     def __init__(self, title="", level=0):
>         self.title = title
>         self.level = level
>         self.children = []
> 
> def parse_markdown_to_tree(markdown_content):
>     # Regex to find headers in Markdown
>     header_regex = re.compile(r'^(#+)\s*(.*)')
> 
>     # Split content by lines
>     lines = markdown_content.splitlines()
>     
>     # Root of our tree
>     root = Node("root", 0)
>     stack = [root]
> 
>     # Iterate over lines to build the tree
>     for line in lines:
>         header_match = header_regex.match(line)
>         if header_match:
>             hashes, title = header_match.groups()
>             level = len(hashes)  # Determine the level of this section
> 
>             # Create a new node
>             new_node = Node(title, level)
> 
>             # Find the right parent for this node
>             while stack and stack[-1].level >= level:
>                 stack.pop()
>             stack[-1].children.append(new_node)
>             stack.append(new_node)
>         else:
>             # Non-header content
>             if stack:
>                 stack[-1].children.append(line)
> 
>     return root
> 
> def print_tree(node, indent=0):
>     """
>     Simple function to print the tree with indentation
>     """
>     if not isinstance(node, Node):
>         print(" " * indent + "- " + node)
>     else:
>         print(" " * indent + f"{'#' * node.level} {node.title}")
>         for child in node.children:
>             print_tree(child, indent + 4)
> 
> # Example usage
> markdown_text = """
> # Section 1
> Some introductory content.
> 
> ## Subsection 1.1
> Content under subsection 1.1
> 
> # Section 2
> Content for section 2.
> """
> 
> tree_root = parse_markdown_to_tree(markdown_text)
> print_tree(tree_root)
> ```
> 
> ### Explanation:
> 
> - **Node Class**: Represents both section nodes and content leaves, where section nodes can have children.
> - **Regex**: Captures headers using lines that start with `#`.
> - **Tree Building**: We maintain a stack to track the current path in the tree hierarchy. Whenever a new section is encountered, we determine its level, pop stack elements until we find the correct parent, and then add it as a child to that parent.
> - **Content Handling**: Plain text is directly added as children to the most recent section node.
> 
> Run this code with your Markdown text, and it will print the tree representation, showing the hierarchy of sections and content. Feel free to adjust the printing function `print_tree` or the parsing logic as needed to fit your specific requirements.
**user**:
> How can I then write out that tree to json?
**assistant**:
> To write the tree structure to JSON, you'll need to convert your tree of `Node` objects into a format suitable for JSON serialization, typically a dictionary. Here's how you can do that:
> 
> 1. **Create a Function to Convert the Tree to a Dictionary**: This function will recursively traverse the tree and build a nested dictionary representation.
> 
> 2. **Use the `json` Module**: You can then use Python's `json` module to serialize the dictionary into a JSON string or write it directly to a file.
> 
> Here's how you can implement this:
> 
> ```python
> import json
> 
> def node_to_dict(node):
>     """Convert a Node into a dictionary."""
>     if isinstance(node, str):
>         return node  # If it's a content leaf, return as is
>     
>     return {
>         'title': node.title,
>         'level': node.level,
>         'children': [node_to_dict(child) for child in node.children]
>     }
> 
> def write_tree_to_json(tree_root, filepath=None):
>     """Write the tree to JSON. If filepath is provided, it will write to a file."""
>     tree_dict = node_to_dict(tree_root)
>     
>     if filepath:
>         # Write to a JSON file
>         with open(filepath, 'w') as json_file:
>             json.dump(tree_dict, json_file, indent=2)
>     else:
>         # Return as JSON string
>         return json.dumps(tree_dict, indent=2)
> 
> # Sample usage
> json_output = write_tree_to_json(tree_root)
> print(json_output)  # Print the JSON representation
> 
> # To write to a file, you could do:
> # write_tree_to_json(tree_root, 'tree_output.json')
> ```
> 
> ### Explanation:
> 
> - **`node_to_dict` Function**: This recursive function checks if the current node is a string (which represents a content leaf) or a `Node`. If it's a `Node`, it creates a dictionary with the title, level, and a list of children (converted through the same function).
>   
> - **`write_tree_to_json` Function**: This function converts the tree to a dictionary and either returns the JSON string or writes it directly to a file if a file path is provided.
> 
> - **Indentation**: The `indent` parameter in `json.dump` and `json.dumps` is set to `2` for pretty printing the JSON output.
> 
> ### Example Output:
> 
> When you run the provided code, the output will look something like this:
> 
> ```json
> {
>   "title": "root",
>   "level": 0,
>   "children": [
>     {
>       "title": "Section 1",
>       "level": 1,
>       "children": [
>         "Some introductory content.",
>         {
>           "title": "Subsection 1.1",
>           "level": 2,
>           "children": [
>             "Content under subsection 1.1"
>           ]
>         }
>       ]
>     },
>     {
>       "title": "Section 2",
>       "level": 1,
>       "children": [
>         "Content for section 2."
>       ]
>     }
>   ]
> }
> ```
> 
> Feel free to modify the structure as necessary to fit your specific needs!
**user**:
> Great. Can you modify this so that sequential text nodes are combined into one, and text nodes with no content are dropped?
**assistant**:
> Certainly! To modify the code so that sequential text nodes are merged into a single text node and empty text nodes are dropped, we can change the `node_to_dict` function. Here's how you'd do it:
> 
> 1. **Track Text Nodes**: When traversing the children of a section, we'll accumulate text nodes until we encounter a new section.
> 
> 2. **Combine and Filter**: We will combine the accumulated text into a single string and only add it to the dictionary if it's not empty.
> 
> Here's the updated implementation:
> 
> ```python
> import json
> 
> def node_to_dict(node):
>     """Convert a Node into a dictionary, combining sequential text nodes."""
>     if isinstance(node, str):
>         return node  # If it's a single content leaf, return as is
>     
>     combined_text = []
>     children_list = []
> 
>     for child in node.children:
>         if isinstance(child, str):
>             if combined_text or child.strip():  # Avoid starting with empty strings
>                 combined_text.append(child.strip())
>         else:
>             # If we have accumulated text, add it as a single string
>             if combined_text:
>                 children_list.append(" ".join(combined_text))
>                 combined_text = []
>             # Recursively process the subsection
>             children_list.append(node_to_dict(child))
> 
>     # At the end of processing, if there's remaining text, add it
>     if combined_text:
>         children_list.append(" ".join(combined_text))
> 
>     return {
>         'title': node.title,
>         'level': node.level,
>         'children': [child for child in children_list if child]  # Filter out empty entries
>     }
> 
> def write_tree_to_json(tree_root, filepath=None):
>     """Write the tree to JSON. If filepath is provided, it will write to a file."""
>     tree_dict = node_to_dict(tree_root)
>     
>     if filepath:
>         # Write to a JSON file
>         with open(filepath, 'w') as json_file:
>             json.dump(tree_dict, json_file, indent=2)
>     else:
>         # Return as JSON string
>         return json.dumps(tree_dict, indent=2)
> 
> # Example usage with a revised sample input
> markdown_text = """
> # Section 1
> Some introductory content. More details here.
> 
> ## Subsection 1.1
> Content under subsection 1.1. And more detail.
> 
> # Section 2
> Content for section 2.
> 
> This is extra content for section 2.
> """
> 
> tree_root = parse_markdown_to_tree(markdown_text)
> json_output = write_tree_to_json(tree_root)
> print(json_output)  # Print the JSON representation
> 
> # To write to a file, you could do:
> # write_tree_to_json(tree_root, 'tree_output.json')
> ```
> 
> ### Key Changes:
> 
> - **Combining Text Nodes**: The `node_to_dict` function now accumulates text nodes into a list called `combined_text`. When a section node is encountered, if there are any accumulated text nodes, they are combined into a single string and added to `children_list`.
> 
> - **Filtering Empty Content**: At the end of the `node_to_dict` function, we ensure only non-empty entries are included in the final list of children.
> 
> ### Example Output:
> 
> Given the modified Markdown input, the JSON output would look like this:
> 
> ```json
> {
>   "title": "root",
>   "level": 0,
>   "children": [
>     {
>       "title": "Section 1",
>       "level": 1,
>       "children": [
>         "Some introductory content. More details here.",
>         {
>           "title": "Subsection 1.1",
>           "level": 2,
>           "children": [
>             "Content under subsection 1.1. And more detail."
>           ]
>         }
>       ]
>     },
>     {
>       "title": "Section 2",
>       "level": 1,
>       "children": [
>         "Content for section 2. This is extra content for section 2."
>       ]
>     }
>   ]
> }
> ```
> 
> This structure effectively combines sequential text nodes and removes empty content nodes as requested.
