**assistant**:
> Below are selected log entries of past conversations, as part of an experimental AI memory system. T
**user**:
> I would like to make a simple Rshiny app, which loads in data from a CSV and displays it as a bar plot. I doesn't need to be interactive at this point, but I will be adding additional display items that are interactive later. Can you give me a setup for this?
**assistant**:
> Sure, I can help you get started with a basic RShiny app that loads data from a CSV file and displays it as a bar plot. Here’s a simple setup:
> 
> ### 1. Install Required Packages
> 
> If you haven't already, install the `shiny`, `readr`, and `ggplot2` packages:
> 
> ```r
> install.packages("shiny")
> install.packages("readr")
> install.packages("ggplot2")
> ```
> 
> ### 2. Create the RShiny App
> 
> Create a directory for your Shiny app, say `my_shiny_app`, and inside that directory create two files: `app.R` and `data.csv`.
> 
> ### 3. Prepare `data.csv`
> 
> For demonstration, prepare a simple `data.csv` file:
> 
> ```csv
> Category,Value
> A,10
> B,23
> C,17
> D,14
> ```
> 
> ### 4. Write the `app.R` File
> 
> Create an `app.R` file with the following content:
> 
> ```r
> # Load required packages
> library(shiny)
> library(readr)
> library(ggplot2)
> 
> # Define UI for the application
> ui <- fluidPage(
>   
>   # Application title
>   titlePanel("Simple Bar Plot from CSV"),
>   
>   # Main panel to display the plot
>   mainPanel(
>     plotOutput("barPlot")
>   )
> )
> 
> # Define server logic required to draw the plot
> server <- function(input, output) {
>   
>   # Read the data from CSV file
>   data <- read_csv("data.csv")
>   
>   # Generate bar plot
>   output$barPlot <- renderPlot({
>     ggplot(data, aes(x = Category, y = Value)) +
>       geom_bar(stat ="identity") +
>       theme_minimal() +
>       labs(title = "Bar Plot from CSV Data",
>            x = "Category",
>            y = "Value")
>   })
> }
> 
> # Run the application 
> shinyApp(ui = ui, server = server)
> ```
> 
> ### 5. Run Your Shiny App
> 
> To run the Shiny app, set your working directory to `my_shiny_app` and run:
> 
> ```r
> shiny::runApp()
> ```
> 
> ### Next Steps
> This basic setup will display a bar plot from your CSV data. When you’re ready to add interactivity, you can expand the UI and server logic to include input controls and dynamic updates. For example, you might add `selectInput` or `sliderInput` elements to filter or manage the data displayed in the plot.
> 
> Feel free to reach out if you need specific functionality or enhancements as you expand the app!
