**user**:
> Below is a LaTeX table reporting damage estimates (in %GDP) from an analysis:
> ---
> \begin{scriptsize}
> \begin{tabular}{lyzywxwuvu}
> & \multicolumn{3}{c}{\cellcolor{SSP370dark} \tblha{Current policies (\% GDP)}} & \multicolumn{3}{c}{\cellcolor{SSP126dark} \tblha{High mitigation (\% GDP)}} & \multicolumn{3}{c}{\cellcolor{SSPdifdark} \tblha{Avoided costs (\% points)}} \\
> & \cellcolor{SSP370} \makecell{\tblhb{1 in 20}\\\tblhb{less than}} & \tblhb{Expected} & \cellcolor{SSP370} \makecell{\tblhb{1 in 20}\\\tblhb{more than}} & \cellcolor{SSP126} \makecell{\tblhb{1 in 20}\\\tblhb{less than}} & \tblhb{Expected} & \cellcolor{SSP126} \makecell{\tblhb{1 in 20}\\\tblhb{more than}} & \cellcolor{SSPdif} \makecell{\tblhb{1 in 20}\\\tblhb{less than}} &  \makecell{\tblhb{Expected}\\\tblhb{change}} & \cellcolor{SSPdif} \makecell{\tblhb{1 in 20}\\\tblhb{more than}} \\
> \multicolumn{10}{l}{\tblhb{Total damages}} \\
> 2011-2030 & 1.20 & 2.37 & 3.77 & 1.19 & 2.39 & 3.84 & -1.04 & -0.02 & 0.97 \\ 
>   2041-2060 & 1.88 & 5.29 & 9.34 & 1.36 & 3.90 & 7.16 & -0.97 & 1.39 & 4.19 \\ 
>   2081-2100 & 2.42 & 10.22 & 19.52 & 0.74 & 3.68 & 7.35 & 0.72 & 6.54 & 13.22 \\ 
> \hline
> \multicolumn{10}{l}{\tblhb{Contributing results:}} \\
> \multicolumn{10}{l}{\tblhb{Drought \& inland flooding losses, including CGE effects, excluding double-counting}} \\
> 2011-2030 & 0.08 & 0.13 & 0.20 & 0.07 & 0.12 & 0.18 & -0.04 & 0.01 & 0.07 \\ 
>   2041-2060 & 0.11 & 0.26 & 0.50 & 0.04 & 0.16 & 0.35 & -0.02 & 0.10 & 0.26 \\ 
>   2081-2100 & 0.10 & 0.57 & 1.17 & -0.02 & 0.13 & 0.33 & 0.12 & 0.44 & 0.86 \\ 
> \multicolumn{10}{l}{\tblhb{Best-estimate of losses to agriculture, including CGE effects}} \\
> 2011-2030 & -0.04 & -0.01 & 0.02 & -0.04 & -0.01 & 0.02 & -0.04 & -0.00 & 0.04 \\ 
>   2041-2060 & -0.03 & 0.04 & 0.14 & -0.04 & 0.01 & 0.09 & -0.07 & 0.02 & 0.12 \\ 
>   2081-2100 & 0.04 & 0.17 & 0.33 & -0.04 & 0.01 & 0.08 & 0.03 & 0.16 & 0.32 \\ 
> \multicolumn{10}{l}{\tblhb{Total annual damages across livestock and fisheries}} \\
> 2011-2030 & -0.20 & -0.18 & -0.16 & -0.20 & -0.19 & -0.16 & -0.02 & 0.00 & 0.02 \\ 
>   2041-2060 & -0.19 & -0.07 & 0.17 & -0.20 & -0.14 & 0.02 & -0.02 & 0.07 & 0.22 \\ 
>   2081-2100 & -0.16 & 0.36 & 1.16 & -0.20 & -0.12 & 0.08 & -0.09 & 0.48 & 1.11 \\ 
> \multicolumn{10}{l}{\tblhb{Total welfare change from ecosystem impacts}} \\
> 2011-2030 & -0.14 & -0.09 & -0.03 & -0.13 & -0.09 & -0.02 & -0.02 & -0.00 & 0.01 \\ 
>   2041-2060 & -0.14 & -0.07 & 0.05 & -0.14 & -0.08 & 0.02 & -0.03 & 0.01 & 0.07 \\ 
>   2081-2100 & -0.09 & 0.08 & 0.39 & -0.14 & -0.06 & 0.07 & -0.08 & 0.15 & 0.39 \\ 
> \multicolumn{10}{l}{\tblhb{Total annual costs from energy supply and demand, including CGE effects}} \\
> 2011-2030 & 0.55 & 0.68 & 0.82 & 0.55 & 0.67 & 0.80 & -0.11 & 0.01 & 0.13 \\ 
>   2041-2060 & 0.71 & 0.86 & 0.97 & 0.55 & 0.78 & 0.94 & -0.09 & 0.08 & 0.27 \\ 
>   2081-2100 & 0.34 & 0.72 & 0.89 & 0.15 & 0.67 & 0.89 & -0.50 & 0.05 & 0.63 \\ 
> \multicolumn{10}{l}{\tblhb{Annual labour productivity losses, including CGE effects}} \\
> 2011-2030 & 0.60 & 0.76 & 0.96 & 0.59 & 0.75 & 0.93 & -0.15 & 0.01 & 0.18 \\ 
>   2041-2060 & 0.81 & 1.06 & 1.29 & 0.59 & 0.91 & 1.20 & -0.10 & 0.14 & 0.40 \\ 
>   2081-2100 & 0.90 & 1.16 & 1.36 & 0.12 & 0.76 & 1.12 & -0.06 & 0.40 & 0.88 \\ 
> \multicolumn{10}{l}{\tblhb{Best-estimate heat/cold mortality, change in death rate}} \\
> 2011-2030 & -0.18 & -0.11 & -0.04 & -0.14 & -0.07 & 0.00 & -0.14 & -0.04 & 0.06 \\ 
>   2041-2060 & -0.06 & 0.08 & 0.29 & -0.15 & -0.03 & 0.16 & -0.08 & 0.12 & 0.31 \\ 
>   2081-2100 & -0.03 & 0.40 & 1.10 & -0.19 & -0.05 & 0.16 & 0.04 & 0.45 & 1.08 \\ 
> \multicolumn{10}{l}{\tblhb{Total damages from coastal impacts, including CGE effects}} \\
> 2011-2030 & -0.04 & 0.01 & 0.07 & -0.04 & 0.01 & 0.07 & -0.05 & -0.00 & 0.06 \\ 
>   2041-2060 & 0.01 & 0.15 & 0.33 & -0.03 & 0.06 & 0.22 & -0.02 & 0.08 & 0.21 \\ 
>   2081-2100 & 0.12 & 0.49 & 0.97 & -0.04 & 0.06 & 0.24 & 0.11 & 0.42 & 0.78 \\ 
> \multicolumn{10}{l}{\tblhb{Best-estimate of trade losses}} \\
> 2011-2030 & 0.06 & 0.27 & 0.54 & 0.05 & 0.28 & 0.58 & -0.26 & -0.00 & 0.23 \\ 
>   2041-2060 & 0.02 & 0.61 & 1.49 & -0.05 & 0.51 & 1.34 & -0.50 & 0.10 & 0.71 \\ 
>   2081-2100 & -0.28 & 1.11 & 3.17 & -0.34 & 0.64 & 2.06 & -0.77 & 0.47 & 1.85 \\ 
> % TOTAL KNOWN:
> %  2011-2030 & 1.00 & 1.45 & 2.03 & 1.02 & 1.47 & 2.05 & -0.43 & -0.02 & 0.41 \\ 
> %  2041-2060 & 1.70 & 2.92 & 4.45 & 1.06 & 2.19 & 3.70 & -0.27 & 0.73 & 1.82 \\ 
> %  2081-2100 & 2.46 & 5.05 & 8.37 & 0.34 & 2.03 & 4.21 & 1.30 & 3.02 & 5.00 \\ 
> \multicolumn{10}{l}{\tblhb{Missing risks cost estimate}} \\
> 2011-2030 & 0.07 & 0.37 & 1.05 & 0.07 & 0.38 & 1.10 & -0.87 & -0.01 & 0.82 \\ 
>   2041-2060 & -0.14 & 0.66 & 2.24 & -0.14 & 0.55 & 1.83 & -1.60 & 0.11 & 1.95 \\ 
>   2081-2100 & -0.23 & 1.07 & 4.37 & -0.12 & 0.48 & 1.89 & -1.77 & 0.59 & 4.14 \\ 
> \multicolumn{10}{l}{\tblhb{Catastrophic damage risk}} \\
> 2011-2030 & -0.37 & 0.55 & 1.60 & -0.37 & 0.55 & 1.60 & -0.25 & 0.01 & 0.28 \\ 
>   2041-2060 & -1.14 & 1.71 & 5.02 & -0.78 & 1.16 & 3.58 & -0.41 & 0.55 & 2.14 \\ 
>   2081-2100 & -2.80 & 4.10 & 11.87 & -0.79 & 1.17 & 3.68 & -1.97 & 2.93 & 8.56 \\ 
> \end{tabular}
> \end{scriptsize}
> ---
> 
> Please summarize these results in text.
**assistant**:
> The table provides damage estimates expressed as a percentage of GDP for various scenarios across different time intervals (2011-2030, 2041-2060, 2081-2100). The scenarios are divided into current policies, high mitigation policies, and the avoided costs between them. In addition to total damages, the table breaks down contributing results into specific categories such as drought and flooding losses, agriculture losses, livestock and fisheries damages, ecosystem impacts, energy supply and demand costs, labor productivity losses, mortality changes due to heat/cold, coastal impacts, trade losses, missing risks, and catastrophic damage risks.
> 
> Key highlights:
> 
> - For the total damages, the expected damage for 2011-2030 period under current policies is 2.37% of GDP. This expected damage decreases slightly to 2.39% for high mitigation policies. The avoided costs show a small expected change of -0.02 percentage points.
> 
> - By 2081-2100, the expected damage under current policies increases dramatically to 10.22% of GDP. For high mitigation policies, this figure decreases to 3.68%; the expected change in avoided costs increases significantly to 6.54 percentage points.
> 
> - Drought and inland flooding losses are expected to increase from 0.13% (2011-2030) to 0.57% (2081-2100) under current policies. High mitigation significantly reduces these numbers.
> 
> - Losses to agriculture are generally small and turn from negative to positive over time, implying a potential shift from benefits to losses.
> 
> - Livestock and fisheries generally experience negative damages, suggesting benefits under all considered scenarios.
> 
> - Energy supply and demand related costs comprise a significant portion of total damages, increasing over time under current policies. High mitigation policies manage to limit these increases significantly.
> 
> - Labour productivity losses due to climate change are notable and they increase across all periods studied for the current policies scenario. Again, high mitigation policies keep these losses check.
> 
> - Heat and cold-related mortality rates change over time, with higher damages expected under current policies by 2081-2100. High mitigation policies maintain these rates at lower levels.
> 
> - For all periods, the high mitigation scenario generally results in lower damages compared to current policies. However, the avoided costs (or benefits) decrease over time, suggesting the increasing costs of mitigation.
> 
> In summary, the analysis indicates that damages due to climate change could comprise a significant percentage of the GDP, especially by the 2081-2100 period, with the most significant damages arising from energy supply and demand costs, labor productivity losses, and catastrophic damage risks. However, the adoption of high mitigation policies can significantly reduce these damages across all categories.
> 
