**assistant**:
> Below are selected log entries of past conversations, as part of an experimental AI memory system. T
**user**:
> I would like to build a simple dynamic website with the following features:
>  - People can post short written statements-- comments, basically, but I don't need any threading.
>  - Each statement has an "up-vote" button. It remembers (with cookies) which statements you've up-voted and shows these as already done.
>  - The statements are ordered on page-load based on which have the most up-votes.
> There does not need to be any user management: Anyone who comes to the page can post and up-vote.
> 
> Can you walk me through how to make this? I can do it on a clean Apache server or on Dreamhost.
**assistant**:
> Certainly! Building a simple dynamic website with those features is a fun project. Below is a step-by-step guide on how you can accomplish this:
> 
> ### Step 1: Set Up Your Environment
> 
> 1. **Hosting and Server Configuration**:
>    - Since you have Apache or Dreamhost, make sure to configure your server to handle PHP and have access to a database, probably MySQL, as it will be required.
>    
> 2. **Database Setup**:
>    - Create a database and a table to store the statements and their respective up-votes.
>    - Example schema:
>      ```sql
>      CREATE TABLE statements (
>          id INT AUTO_INCREMENT PRIMARY KEY,
>          text VARCHAR(255) NOT NULL,
>          upvotes INT DEFAULT 0
>      );
>      ```
> 
> ### Step 2: Create the Frontend
> 
> 1. **HTML Structure**:
>    - This will contain the form for submitting new statements and a section to display them.
>    ```html
>    <!DOCTYPE html>
>    <html lang="en">
>    <head>
>        <meta charset="UTF-8">
>        <meta name="viewport" content="width=device-width, initial-scale=1.0">
>        <title>Upvote System</title>
>        <style>
>            /* Basic styling for the page */
>            body { font-family: Arial, sans-serif; }
>            .statement { margin-bottom: 1em; }
>        </style>
>    </head>
>    <body>
> 
>    <h1>Post a Comment</h1>
>    <form id="postForm">
>        <textarea name="statement" id="statement" rows="3" required></textarea>
>        <button type="submit">Post</button>
>    </form>
> 
>    <h2>Statements</h2>
>    <div id="statementsList">
>        <!-- Statements will be loaded here -->
>    </div>
> 
>    <script src="https://code.jquery.com/jquery-3.6.0.min.js"></script>
>    <script src="main.js"></script>
>    </body>
>    </html>
>    ```
> 
> 2. **JavaScript and jQuery**:
>    - You'll use jQuery for AJAX requests to handle up-voting and posting.
>    - `main.js`:
>    ```javascript
>    $(document).ready(function() {
>        const loadStatements = () => {
>            $.get('get_statements.php', function(data) {
>                $('#statementsList').html(data);
>            });
>        };
> 
>        $('#postForm').submit(function(e) {
>            e.preventDefault();
>            const statement = $('#statement').val();
>            $.post('post_statement.php', { text: statement }, function() {
>                $('#statement').val(''); // Clear the text area
>                loadStatements();        // Refresh the statements list
>            });
>        });
> 
>        $(document).on('click', '.upvote', function() {
>            const id = $(this).data('id');
>            const votedStatements = JSON.parse(localStorage.getItem('votedStatements') || '[]');
>            if (!votedStatements.includes(id)) {
>                $.post('upvote.php', { id: id }, function() {
>                    votedStatements.push(id);
>                    localStorage.setItem('votedStatements', JSON.stringify(votedStatements));
>                    loadStatements();
>                });
>            }
>        });
> 
>        loadStatements(); // Initial load of statements
>    });
>    ```
> 
> ### Step 3: Backend Handling with PHP
> 
> 1. **Get Statements**:
>    - `get_statements.php`:
>    ```php
>    <?php
>    $conn = new mysqli('localhost', 'username', 'password', 'database');
>    $result = $conn->query("SELECT * FROM statements ORDER BY upvotes DESC");
>    while ($row = $result->fetch_assoc()) {
>        echo "<div class='statement'>";
>        echo "<p>" . htmlspecialchars($row['text']) . "</p>";
>        echo "<button class='upvote' data-id='" . $row['id'] . "'>Upvote (" . $row['upvotes'] . ")</button>";
>        echo "</div>";
>    }
>    $conn->close();
>    ?>
>    ```
> 
> 2. **Post Statement**:
>    - `post_statement.php`:
>    ```php
>    <?php
>    if (isset($_POST['text'])) {
>        $conn = new mysqli('localhost', 'username', 'password', 'database');
>        $text = $conn->real_escape_string($_POST['text']);
>        $conn->query("INSERT INTO statements (text) VALUES ('$text')");
>        $conn->close();
>    }
>    ?>
>    ```
> 
> 3. **Upvote**:
>    - `upvote.php`:
>    ```php
>    <?php
>    if (isset($_POST['id'])) {
>        $conn = new mysqli('localhost', 'username', 'password', 'database');
>        $id = (int)$_POST['id'];
>        $conn->query("UPDATE statements SET upvotes = upvotes + 1 WHERE id = $id");
>        $conn->close();
>    }
>    ?>
>    ```
> 
> ### Step 4: Remember Up-votes Using Cookies (or Local Storage)
> 
> You’ll be using Local Storage to remember which statements the user has up-voted. This is handled in the `main.js` script.
> 
> ### Final Notes
> 
> - Ensure your database connection parameters are replaced with actual credentials.
> - For improved security and efficiency, consider using prepared statements to prevent SQL injection.
> - Expand this template for more features or scalability as needed, such as user input validation and robust error handling.
> 
> Deploy your site by uploading these files to your server, making sure your database and server configurations are correctly set up. And that's it! You have a simple dynamic website with posting and up-voting functionalities. Enjoy watching the interactions unfold!
**user**:
> Can you update this with the idea that there are different pages of these statements? Each page could by specified by a URL get argument, and then it would only show statements on that page, and any new statements would go into the database referencing that page.
**assistant**:
> Sure! To implement pagination for your statements, you can add a page parameter to the URL, modify your database structure to include a page reference, and update your PHP and JavaScript code accordingly. Here’s how to do it:
> 
> ### Step 1: Update Database Schema
> 
> You need to modify your `statements` table to include a `page` column that references which page the statement belongs to:
> 
> ```sql
> ALTER TABLE statements ADD COLUMN page INT NOT NULL DEFAULT 1;
> ```
> 
> ### Step 2: Update Frontend HTML
> 
> You will modify the form to include a hidden input for the page number. The URL will also have a `page` parameter.
> 
> ```html
> <!DOCTYPE html>
> <html lang="en">
> <head>
>     <meta charset="UTF-8">
>     <meta name="viewport" content="width=device-width, initial-scale=1.0">
>     <title>Upvote System</title>
>     <style>
>         /* Basic styling for the page */
>         body { font-family: Arial, sans-serif; }
>         .statement { margin-bottom: 1em; }
>     </style>
> </head>
> <body>
> 
> <h1>Post a Comment</h1>
> <form id="postForm">
>     <textarea name="statement" id="statement" rows="3" required></textarea>
>     <input type="hidden" id="page" value="1"> <!-- Hidden Page Input -->
>     <button type="submit">Post</button>
> </form>
> 
> <h2>Statements</h2>
> <div id="statementsList">
>     <!-- Statements will be loaded here -->
> </div>
> 
> <!-- Pagination Control -->
> <div id="pagination">
>     <button id="prevPage">Previous</button>
>     <button id="nextPage">Next</button>
>     <span id="currentPage">Page 1</span>
> </div>
> 
> <script src="https://code.jquery.com/jquery-3.6.0.min.js"></script>
> <script src="main.js"></script>
> </body>
> </html>
> ```
> 
> ### Step 3: Update JavaScript for Pagination
> 
> You need to modify the JavaScript in `main.js` to handle page changes.
> 
> ```javascript
> let currentPage = 1;
> 
> $(document).ready(function() {
>     const loadStatements = (page) => {
>         $.get('get_statements.php?page=' + page, function(data) {
>             $('#statementsList').html(data);
>             $('#currentPage').text('Page ' + page);
>             currentPage = page;
>         });
>     };
> 
>     $('#postForm').submit(function(e) {
>         e.preventDefault();
>         const statement = $('#statement').val();
>         const page = currentPage;  // Use the current page for the statement
>         $.post('post_statement.php', { text: statement, page: page }, function() {
>             $('#statement').val(''); // Clear the text area
>             loadStatements(currentPage); // Refresh the statements list
>         });
>     });
> 
>     $(document).on('click', '.upvote', function() {
>         const id = $(this).data('id');
>         const votedStatements = JSON.parse(localStorage.getItem('votedStatements') || '[]');
>         if (!votedStatements.includes(id)) {
>             $.post('upvote.php', { id: id }, function() {
>                 votedStatements.push(id);
>                 localStorage.setItem('votedStatements', JSON.stringify(votedStatements));
>                 loadStatements(currentPage);
>             });
>         }
>     });
> 
>     $('#prevPage').click(function() {
>         if (currentPage > 1) {
>             loadStatements(currentPage - 1);
>         }
>     });
> 
>     $('#nextPage').click(function() {
>         loadStatements(currentPage + 1);
>     });
> 
>     // Load initial statements with the page parameter from the URL
>     const urlParams = new URLSearchParams(window.location.search);
>     const pageParam = parseInt(urlParams.get('page')) || 1;
>     loadStatements(pageParam);
> });
> ```
> 
> ### Step 4: Update Backend PHP Files
> 
> 1. **Get Statements**:
>    - Modify `get_statements.php` to accept a `page` parameter and filter based on that. Assume you'll show 5 statements per page.
>    
> ```php
> <?php
> $conn = new mysqli('localhost', 'username', 'password', 'database');
> 
> $page = isset($_GET['page']) ? (int)$_GET['page'] : 1;
> $limit = 5; // Number of statements per page
> $offset = ($page - 1) * $limit;
> 
> $stmt = $conn->prepare("SELECT * FROM statements WHERE page = ? ORDER BY upvotes DESC LIMIT ? OFFSET ?");
> $stmt->bind_param("iii", $page, $limit, $offset);
> $stmt->execute();
> $result = $stmt->get_result();
> 
> while ($row = $result->fetch_assoc()) {
>     echo "<div class='statement'>";
>     echo "<p>" . htmlspecialchars($row['text']) . "</p>";
>     echo "<button class='upvote' data-id='" . $row['id'] . "'>Upvote (" . $row['upvotes'] . ")</button>";
>     echo "</div>";
> }
> 
> $stmt->close();
> $conn->close();
> ?>
> ```
> 
> 2. **Post Statement**:
>    - Modify `post_statement.php` to include the `page` parameter when inserting a new statement.
> 
> ```php
> <?php
> if (isset($_POST['text']) && isset($_POST['page'])) {
>     $conn = new mysqli('localhost', 'username', 'password', 'database');
>     $text = $conn->real_escape_string($_POST['text']);
>     $page = (int)$_POST['page']; // Get the page number
>     
>     $stmt = $conn->prepare("INSERT INTO statements (text, page) VALUES (?, ?)");
>     $stmt->bind_param("si", $text, $page);
>     $stmt->execute();
>     
>     $stmt->close();
>     $conn->close();
> }
> ?>
> ```
> 
> 3. **Upvote**:
>    - The `upvote.php` file does not need any changes.
> 
> ### Final Notes
> 
> 1. **Pagination Control**: You might want to dynamically disable the "Previous" button when on the first page and the "Next" button on the last page. You'll need to determine how many total statements there are to implement this correctly.
> 
> 2. **Testing**: Make sure to thoroughly test all functionalities after implementing the pagination, especially regarding the correct statement references and pagination controls.
> 
> 3. **Scalability**: Consider adding features for users such as the ability to see how many total pages exist or limit the maximum number of stored statements per page.
> 
> That's the updated approach for paginating statements on your website! Enjoy building this dynamic site!
**user**:
> Hmm, I had imagined pages like "Vision Statements" and "Mission Statements", not numerical pages.
**assistant**:
> Got it! If you want to use named pages like "Vision Statements" and "Mission Statements" instead of numerical pagination, we can adjust the structure accordingly. This would involve modifying your database schema, changing how statements are stored, and updating your frontend and backend code to accommodate these named pages. Here’s how to implement it:
> 
> ### Step 1: Update the Database Schema
> 
> You'll need to ensure that your statements can reference named pages. You can use the same `statements` table but ensure the `page` column can hold a string instead of integers:
> 
> ```sql
> ALTER TABLE statements MODIFY COLUMN page VARCHAR(255) NOT NULL;
> ```
> 
> ### Step 2: Update Frontend HTML
> 
> Modify the form to allow the user to specify which named page they want to post to. We'll include a dropdown or buttons for selecting pages.
> 
> ```html
> <!DOCTYPE html>
> <html lang="en">
> <head>
>     <meta charset="UTF-8">
>     <meta name="viewport" content="width=device-width, initial-scale=1.0">
>     <title>Upvote System</title>
>     <style>
>         /* Basic styling for the page */
>         body { font-family: Arial, sans-serif; }
>         .statement { margin-bottom: 1em; }
>         .page-btn { margin-right: 10px; }
>     </style>
> </head>
> <body>
> 
> <h1>Post a Comment</h1>
> 
> <!-- Page Selection -->
> <div>
>     <button class="page-btn" data-page="Vision Statements">Vision Statements</button>
>     <button class="page-btn" data-page="Mission Statements">Mission Statements</button>
> </div>
> 
> <form id="postForm">
>     <textarea name="statement" id="statement" rows="3" required></textarea>
>     <input type="hidden" id="page" value="Vision Statements"> <!-- Default Page -->
>     <button type="submit">Post</button>
> </form>
> 
> <h2>Statements</h2>
> <div id="statementsList">
>     <!-- Statements will be loaded here -->
> </div>
> 
> <script src="https://code.jquery.com/jquery-3.6.0.min.js"></script>
> <script src="main.js"></script>
> </body>
> </html>
> ```
> 
> ### Step 3: Update JavaScript for Named Pages
> 
> Modify `main.js` to load and post statements based on the selected named page.
> 
> ```javascript
> let selectedPage = 'Vision Statements';
> 
> $(document).ready(function() {
>     const loadStatements = (page) => {
>         $.get('get_statements.php?page=' + encodeURIComponent(page), function(data) {
>             $('#statementsList').html(data);
>             selectedPage = page;
>         });
>     };
> 
>     $('#postForm').submit(function(e) {
>         e.preventDefault();
>         const statement = $('#statement').val();
>         const page = selectedPage;  // Use the selected page for the statement
>         $.post('post_statement.php', { text: statement, page: page }, function() {
>             $('#statement').val(''); // Clear the text area
>             loadStatements(selectedPage); // Refresh statements list for selected page
>         });
>     });
> 
>     $(document).on('click', '.upvote', function() {
>         const id = $(this).data('id');
>         const votedStatements = JSON.parse(localStorage.getItem('votedStatements') || '[]');
>         if (!votedStatements.includes(id)) {
>             $.post('upvote.php', { id: id }, function() {
>                 votedStatements.push(id);
>                 localStorage.setItem('votedStatements', JSON.stringify(votedStatements));
>                 loadStatements(selectedPage);
>             });
>         }
>     });
> 
>     $('.page-btn').click(function() {
>         selectedPage = $(this).data('page');
>         $('#page').val(selectedPage); // Update hidden input
>         loadStatements(selectedPage); // Load statements for the selected page
>     });
> 
>     // Load initial statements for the default page
>     loadStatements(selectedPage);
> });
> ```
> 
> ### Step 4: Update Backend PHP Files
> 
> 1. **Get Statements**:
>    - `get_statements.php` should handle string-based page parameters.
> 
> ```php
> <?php
> $conn = new mysqli('localhost', 'username', 'password', 'database');
> 
> $page = isset($_GET['page']) ? $_GET['page'] : 'Vision Statements'; // Default to "Vision Statements"
> $stmt = $conn->prepare("SELECT * FROM statements WHERE page = ? ORDER BY upvotes DESC");
> $stmt->bind_param("s", $page);
> $stmt->execute();
> $result = $stmt->get_result();
> 
> while ($row = $result->fetch_assoc()) {
>     echo "<div class='statement'>";
>     echo "<p>" . htmlspecialchars($row['text']) . "</p>";
>     echo "<button class='upvote' data-id='" . $row['id'] . "'>Upvote (" . $row['upvotes'] . ")</button>";
>     echo "</div>";
> }
> 
> $stmt->close();
> $conn->close();
> ?>
> ```
> 
> 2. **Post Statement**:
>    - `post_statement.php` will be similar but ensures the `page` parameter is accepted as a string.
> 
> ```php
> <?php
> if (isset($_POST['text']) && isset($_POST['page'])) {
>     $conn = new mysqli('localhost', 'username', 'password', 'database');
>     $text = $conn->real_escape_string($_POST['text']);
>     $page = $conn->real_escape_string($_POST['page']); // Sanitize user input
> 
>     $stmt = $conn->prepare("INSERT INTO statements (text, page) VALUES (?, ?)");
>     $stmt->bind_param("ss", $text, $page);
>     $stmt->execute();
>     
>     $stmt->close();
>     $conn->close();
> }
> ?>
> ```
> 
> 3. **Upvote**: 
>    - The `upvote.php` file remains unchanged.
> 
> ### Final Notes
> 
> - When the user clicks the "Vision Statements" or "Mission Statements" buttons, the interface loads the corresponding statements and allows them to post and up-vote as appropriate.
> - You can expand this further to include dynamic loading of different types of pages by adding more buttons or handling additional named pages as necessary.
> - Test thoroughly to ensure the statements are being categorized correctly based on the selected named page.
> 
> With this setup, you now have a fully functional site where users can interact with named pages of statements! Enjoy building it!
**user**:
> Okay, closer, but I don't want different versions of the main.js script. I just want one, and it would get the page name from the URL. So I could give people a URL like:
> https://myserver.org/upvote/?page=Vision Statement
**assistant**:
> Great! We can streamline the JavaScript to handle the page name dynamically from the URL. This way, you won’t need different versions of `main.js`. The script will read the `page` parameter from the URL and load the corresponding statements. Here’s how you can implement that:
> 
> ### Step 1: Update the Frontend HTML
> 
> You can simplify the button section since the page name will come from the URL instead. Here's how the updated HTML should look:
> 
> ```html
> <!DOCTYPE html>
> <html lang="en">
> <head>
>     <meta charset="UTF-8">
>     <meta name="viewport" content="width=device-width, initial-scale=1.0">
>     <title>Upvote System</title>
>     <style>
>         /* Basic styling for the page */
>         body { font-family: Arial, sans-serif; }
>         .statement { margin-bottom: 1em; }
>     </style>
> </head>
> <body>
> 
> <h1>Post a Comment</h1>
> 
> <form id="postForm">
>     <textarea name="statement" id="statement" rows="3" required></textarea>
>     <input type="hidden" id="page" value=""> <!-- Hidden Page Input -->
>     <button type="submit">Post</button>
> </form>
> 
> <h2>Statements</h2>
> <div id="statementsList">
>     <!-- Statements will be loaded here -->
> </div>
> 
> <script src="https://code.jquery.com/jquery-3.6.0.min.js"></script>
> <script src="main.js"></script>
> </body>
> </html>
> ```
> 
> ### Step 2: Update JavaScript
> 
> In `main.js`, we'll extract the page name from the URL when the page loads. Then, we'll load statements relevant to that page.
> 
> ```javascript
> $(document).ready(function() {
>     // Function to get the page name from URL parameters
>     const getPageFromUrl = () => {
>         const urlParams = new URLSearchParams(window.location.search);
>         return urlParams.get('page') || 'Vision Statements'; // Default page
>     };
> 
>     const loadStatements = (page) => {
>         $.get('get_statements.php?page=' + encodeURIComponent(page), function(data) {
>             $('#statementsList').html(data);
>             $('#page').val(page); // Set the hidden field to the current page
>         });
>     };
> 
>     $('#postForm').submit(function(e) {
>         e.preventDefault();
>         const statement = $('#statement').val();
>         const page = $('#page').val();  // Use the value from the hidden input
>         $.post('post_statement.php', { text: statement, page: page }, function() {
>             $('#statement').val(''); // Clear the text area
>             loadStatements(page); // Refresh statements list for the selected page
>         });
>     });
> 
>     $(document).on('click', '.upvote', function() {
>         const id = $(this).data('id');
>         const votedStatements = JSON.parse(localStorage.getItem('votedStatements') || '[]');
>         if (!votedStatements.includes(id)) {
>             $.post('upvote.php', { id: id }, function() {
>                 votedStatements.push(id);
>                 localStorage.setItem('votedStatements', JSON.stringify(votedStatements));
>                 loadStatements($('#page').val()); // Refresh statements for the current page
>             });
>         }
>     });
> 
>     // Load initial statements from the URL parameter
>     const page = getPageFromUrl();
>     loadStatements(page);
> });
> ```
> 
> ### Step 3: Backend PHP Files
> 
> The PHP files will remain largely unchanged, apart from ensuring that they can handle the `page` parameter coming from the URL.
> 
> 1. **Get Statements** (`get_statements.php`):
>    ```php
>    <?php
>    $conn = new mysqli('localhost', 'username', 'password', 'database');
> 
>    $page = isset($_GET['page']) ? $_GET['page'] : 'Vision Statements'; // Default page
>    $stmt = $conn->prepare("SELECT * FROM statements WHERE page = ? ORDER BY upvotes DESC");
>    $stmt->bind_param("s", $page);
>    $stmt->execute();
>    $result = $stmt->get_result();
> 
>    while ($row = $result->fetch_assoc()) {
>        echo "<div class='statement'>";
>        echo "<p>" . htmlspecialchars($row['text']) . "</p>";
>        echo "<button class='upvote' data-id='" . $row['id'] . "'>Upvote (" . $row['upvotes'] . ")</button>";
>        echo "</div>";
>    }
> 
>    $stmt->close();
>    $conn->close();
>    ?>
>    ```
> 
> 2. **Post Statement** (`post_statement.php`):
>    ```php
>    <?php
>    if (isset($_POST['text']) && isset($_POST['page'])) {
>        $conn = new mysqli('localhost', 'username', 'password', 'database');
>        $text = $conn->real_escape_string($_POST['text']);
>        $page = $conn->real_escape_string($_POST['page']); // Sanitize user input
> 
>        $stmt = $conn->prepare("INSERT INTO statements (text, page) VALUES (?, ?)");
>        $stmt->bind_param("ss", $text, $page);
>        $stmt->execute();
>        
>        $stmt->close();
>        $conn->close();
>    }
>    ?>
>    ```
> 
> 3. **Upvote** (`upvote.php`):
>    - This file remains unchanged.
> 
> ### Usage Example
> 
> Now, when you give users a URL like `https://myserver.org/upvote/?page=Vision Statements`, the site will load the corresponding statements for that page without any additional versions of the JavaScript file. This makes maintenance much easier and keeps your code clean.
> 
> ### Final Notes
> 
> - Test the loading of statements, posting new statements, and up-voting to ensure everything works with different pages seamlessly.
> - You could incorporate additional features like managing or listing available pages if needed, but this sets a good foundation for your dynamic statement management system! 
> 
> Enjoy building your application, and let me know if you need further assistance!
**user**:
> When I tested it, I was able to post a statement, and I can retrieve it by calling get_statements.php on the server, but when I just go to the webpage, I don't see any statements there.
**assistant**:
> If you're able to post statements and retrieve them using `get_statements.php` directly, but you don't see any statements on the webpage, it suggests that the JavaScript function responsible for loading and displaying the statements might not be executing correctly. Here are some steps you can take to troubleshoot and fix the issue:
> 
> ### Step 1: Verify URL in Browser
> 
> Ensure you are visiting the correct URL with the `page` parameter. It should look something like this:
> 
> ```
> https://myserver.org/upvote/?page=Vision Statements
> ```
> 
> Make sure there are no typos in the page name or URL structure.
> 
> ### Step 2: Check JavaScript Console for Errors
> 
> Open the developer console in your web browser (usually F12 or right-click and select "Inspect" > "Console") and check for any JavaScript errors or warnings. If there's an issue with the JavaScript file, it should show up here.
> 
> ### Step 3: Debug the JavaScript Loading Function
> 
> Make sure the function that loads the statements is being called and that the proper `page` parameter is being passed. You can add some console logs to verify that the script functions correctly.
> 
> Modify the `loadStatements` function in `main.js` to add console logging:
> 
> ```javascript
> const loadStatements = (page) => {
>     console.log("Loading statements for page:", page); // Debug log
>     $.get('get_statements.php?page=' + encodeURIComponent(page), function(data) {
>         if (data) {
>             $('#statementsList').html(data);
>         } else {
>             $('#statementsList').html("<p>No statements found.</p>");
>         }
>     }).fail(function(jqXHR, textStatus, errorThrown) {
>         console.error("Error loading statements:", textStatus, errorThrown); // Handle AJAX error
>     });
> };
> ```
> 
> ### Step 4: Check the PHP Response
> 
> Ensure that `get_statements.php` is returning the correct HTML for the statements. You can call `get_statements.php` directly in your browser with the same `page` parameter and see if you get the expected results. 
> 
> You should also check whether the `get_statements.php` file correctly handles the `page` parameter and that it returns the expected HTML format.
> 
> ### Step 5: Ensure `$(document).ready()` is Correctly Set Up
> 
> Make sure the script is executing after the DOM is loaded. The structure in your HTML and JavaScript should already be fine, but double-check that the `<script>` tag for `main.js` is placed at the end of the body section as previously indicated.
> 
> ### Step 6: Possible Caching Issues
> 
> Sometimes browsers cache older versions of JavaScript files. Clearing the browser's cache or performing a hard refresh (Ctrl + F5) may help resolve the issue if any changes were made recently.
> 
> ### Step 7: Disable CORS Issues
> 
> If you're testing this on a localhost or a separate domain and fetching data might trigger CORS issues. Ensure your AJAX request does not get blocked. For local testing, running everything on the same origin helps avoid issues.
> 
> ### Step 8: Check Server Logs 
> 
> Finally, if everything seems correct from your end (both HTML and JavaScript), check your server logs for any PHP errors or issues that might prevent `get_statements.php` from executing correctly.
> 
> ### Final Note
> 
> If the suggestions above do not resolve the issue, please share any console error messages you see, or the response from `get_statements.php`, and I can provide further assistance!
**user**:
> Okay, I got that working. Now, I'd like some styling. Maybe jquery-ui stuff. I want the writing box to be in a nice box. I want each statement to be in a nice box. I statements when they're posted to be added to the bottom of the statement list-- ideally expanding from nothing there. I want the whole page to be centered in a nice background.
**assistant**:
> Great to hear things are working! To add styling with jQuery UI and make your web page look nice and centered, you can follow these steps. Here’s how to incorporate jQuery UI components, center your content, and style the boxes for statements and the text area.
> 
> ### Step 1: Include jQuery UI
> 
> First, you need to include jQuery UI in your HTML file. You can add it via a CDN. Modify your HTML `<head>` section to include the jQuery UI CSS and JS files:
> 
> ```html
> <head>
>     <meta charset="UTF-8">
>     <meta name="viewport" content="width=device-width, initial-scale=1.0">
>     <title>Upvote System</title>
>     <link rel="stylesheet" href="https://code.jquery.com/ui/1.12.1/themes/base/jquery-ui.css">
>     <script src="https://code.jquery.com/jquery-3.6.0.min.js"></script>
>     <script src="https://code.jquery.com/ui/1.12.1/jquery-ui.min.js"></script>
>     <style>
>         body {
>             background-color: #f2f2f2; /* Light grey background */
>             font-family: Arial, sans-serif;
>             display: flex;
>             justify-content: center;
>             align-items: center;
>             height: 100vh; /* Full viewport height */
>             margin: 0; /* Remove default margin */
>         }
>         #container {
>             background: white;
>             padding: 20px;
>             border-radius: 10px;
>             box-shadow: 0 0 10px rgba(0, 0, 0, 0.1);
>             width: 50%; /* Adjust as needed */
>             max-width: 600px; /* Limiting max width */
>         }
>         #postForm {
>             margin-bottom: 20px;
>         }
>         #statement {
>             width: 100%; /* Full width */
>             min-height: 100px; /* Minimum height */
>         }
>         .statement {
>             background: #e0f7fa; /* Light blue background for statements */
>             border: 1px solid #00acc1; /* Teal border */
>             border-radius: 5px;
>             padding: 10px;
>             margin-bottom: 10px;
>             transition: all 0.3s; /* Smooth transition for expansion */
>         }
>         .statement:hover {
>             box-shadow: 0 2px 20px rgba(0, 0, 0, 0.2); /* Hover effect */
>         }
>         button {
>             background-color: #00796b; /* Teal button color */
>             color: white;
>             border: none;
>             border-radius: 5px;
>             padding: 10px 15px;
>             cursor: pointer;
>             transition: background-color 0.3s;
>         }
>         button:hover {
>             background-color: #004d40; /* Darker teal on hover */
>         }
>         #statementsList {
>             display: flex;
>             flex-direction: column;
>             gap: 10px; /* Space between statements */
>         }
>     </style>
> </head>
> ```
> 
> ### Step 2: Structure HTML with a Container
> 
> Wrap all your content in a container to center it properly. This has already been accounted for in the `<body>` with the `#container` div.
> 
> ```html
> <body>
>     <div id="container">
>         <h1>Post a Comment</h1>
>         <form id="postForm">
>             <textarea name="statement" id="statement" rows="3" required></textarea>
>             <input type="hidden" id="page" value=""> <!-- Hidden Page Input -->
>             <button type="submit">Post</button>
>         </form>
> 
>         <h2>Statements</h2>
>         <div id="statementsList">
>             <!-- Statements will be loaded here -->
>         </div>
>     </div>
>     <script src="main.js"></script>
> </body>
> ```
> 
> ### Step 3: Add UI Enhancements
> 
> You can use jQuery UI to style the text area if you like, but here’s a simple example that will enhance the posting and responses:
> 
> ```javascript
> $(document).ready(function() {
>     // Apply jQuery UI styles
>     $('#statement').datepicker(); // For example, if you want to add date picker functionality
>     $('#statement').addClass('ui-widget ui-widget-content ui-corner-all'); // Add jQuery UI styles
> 
>     // Keep everything from previous JS...
>     const loadStatements = (page) => {
>         $.get('get_statements.php?page=' + encodeURIComponent(page), function(data) {
>             $('#statementsList').hide().html(data).fadeIn(500); // Fade in effect for new statements
>         });
>     };
> 
>     $('#postForm').submit(function(e) {
>         e.preventDefault();
>         const statement = $('#statement').val();
>         const page = $('#page').val();  // Use the value from the hidden input
>         $.post('post_statement.php', { text: statement, page: page }, function() {
>             $('#statement').val(''); // Clear the text area
>             loadStatements(page); // Refresh statements list for the selected page
>         });
>     });
> 
>     $(document).on('click', '.upvote', function() {
>         const id = $(this).data('id');
>         const votedStatements = JSON.parse(localStorage.getItem('votedStatements') || '[]');
>         if (!votedStatements.includes(id)) {
>             $.post('upvote.php', { id: id }, function() {
>                 votedStatements.push(id);
>                 localStorage.setItem('votedStatements', JSON.stringify(votedStatements));
>                 loadStatements($('#page').val()); // Refresh statements for the current page
>             });
>         }
>     });
> 
>     // Load initial statements from the URL parameter
>     const page = getPageFromUrl();
>     loadStatements(page);
> });
> ```
> 
> ### Final Touches
> 
> 1. **Add Another jQuery UI Widget (Optional)**: Feel free to explore other jQuery UI components like widgets, sliders, or dialog boxes to enhance your application further.
>   
> 2. **Test Responsiveness**: After applying these styles, check the layout on different screen sizes to ensure it looks good on both mobile and desktop devices.
> 
> 3. **Customize Styles**: You can further customize buttons, margins, etc., to fit your aesthetic preferences.
> 
> Once you’ve applied these changes, you should see a much more visually appealing and user-friendly interface for your upvote system! Let me know if you need any more help or tweaks!
**user**:
> That looks a lot better. But I notice that the page gets too tall with a few statements. Even though I can scroll it, "Statements" (which I moved to the top rather than the Post box) gets half-cut-off.
**assistant**:
> To address the issue of the page becoming too tall and the "Statements" heading getting cut off when there are several statements, you can implement a few strategies to enhance the layout:
> 
> ### 1. Limit the Height of the Statements List
> 
> You can set a maximum height for the statements list and make it scrollable if it exceeds this height. This way, the heading remains visible at all times, and users can easily scroll through the statements.
> 
> ### 2. Modify CSS Styling
> 
> Here's how to adjust the CSS for the statements list:
> 
> ```css
> #statementsList {
>     max-height: 300px; /* Limit height */
>     overflow-y: auto; /* Enable vertical scrolling */
>     display: flex;
>     flex-direction: column;
>     gap: 10px; /* Space between statements */
>     border: 1px solid #ccc; /* Optional: a border for visual separation */
>     padding: 10px; /* Optional: padding around the content */
>     background: #ffffff; /* White background */
>     border-radius: 5px; /* Rounded corners */
> }
> ```
> 
> ### 3. Full CSS Example
> 
> So your complete CSS section would look like this:
> 
> ```css
> body {
>     background-color: #f2f2f2; /* Light grey background */
>     font-family: Arial, sans-serif;
>     display: flex;
>     justify-content: center;
>     align-items: center;
>     height: 100vh; /* Full viewport height */
>     margin: 0; /* Remove default margin */
> }
> 
> #container {
>     background: white;
>     padding: 20px;
>     border-radius: 10px;
>     box-shadow: 0 0 10px rgba(0, 0, 0, 0.1);
>     width: 50%; /* Adjust as needed */
>     max-width: 600px; /* Limiting max width */
> }
> 
> #postForm {
>     margin-bottom: 20px;
> }
> 
> #statement {
>     width: 100%; /* Full width */
>     min-height: 100px; /* Minimum height */
> }
> 
> .statement {
>     background: #e0f7fa; /* Light blue background for statements */
>     border: 1px solid #00acc1; /* Teal border */
>     border-radius: 5px;
>     padding: 10px;
>     margin-bottom: 10px;
>     transition: all 0.3s; /* Smooth transition for expansion */
> }
> 
> .statement:hover {
>     box-shadow: 0 2px 20px rgba(0, 0, 0, 0.2); /* Hover effect */
> }
> 
> button {
>     background-color: #00796b; /* Teal button color */
>     color: white;
>     border: none;
>     border-radius: 5px;
>     padding: 10px 15px;
>     cursor: pointer;
>     transition: background-color 0.3s;
> }
> 
> button:hover {
>     background-color: #004d40; /* Darker teal on hover */
> }
> 
> #statementsList {
>     max-height: 300px; /* Limit height */
>     overflow-y: auto; /* Enable vertical scrolling */
>     display: flex;
>     flex-direction: column;
>     gap: 10px; /* Space between statements */
>     border: 1px solid #ccc; /* Optional: border for visual separation */
>     padding: 10px; /* Optional: padding around the content */
>     background: #ffffff; /* White background */
>     border-radius: 5px; /* Rounded corners */
> }
> ```
> 
> ### 4. Adjust HTML
> 
> Make sure your statements list is structured correctly to reflect these styles. Ensure that the section containing statements starts below the heading:
> 
> ```html
> <h2>Statements</h2>
> <div id="statementsList">
>     <!-- Statements will be loaded here -->
> </div>
> ```
> 
> ### Final Notes
> 
> 1. **Test Responsiveness**: After making these changes, test how the interface behaves with various screen sizes and different numbers of statements.
>   
> 2. **Height Adjustment**: Feel free to adjust the `max-height` value in the CSS to suit your layout preferences.
> 
> By limiting the height of the statements list and allowing it to scroll, you'll keep the headings and input fields visible, improving overall usability. Let me know if you need any further adjustments!
**user**:
> Great. And now, can you change the shading of the upvote buttons so it's clear that it's already been "pressed", if I've pressed it at some point according to my cookies? Or should we use an on-off slider, and let people undo their up-voting?
**assistant**:
> Using an "on-off" toggle for up-voting is a great idea because it gives users more control—they can easily change their minds about an up-vote. We can implement this with a toggle button that visually indicates whether the statement has been up-voted or not. 
> 
> ### Step 1: Update the HTML for Upvote Buttons
> 
> We'll change the upvote button into a toggle button. Instead of a plain button, we can use a more stylish approach that visually indicates when it’s activated.
> 
> ```html
> <button class='upvote' data-id='" . $row['id'] . "' data-upvoted='0'>Upvote (" . $row['upvotes'] . ")</button>
> ```
> 
> ### Step 2: Update JavaScript
> 
> #### 1. Check for Up-voted Status
> 
> Update the JavaScript to check the local storage for previously up-voted statements and update the button styling accordingly when loading the statements. Here’s how the revised `loadStatements` function might look:
> 
> ```javascript
> const loadStatements = (page) => {
>     $.get('get_statements.php?page=' + encodeURIComponent(page), function(data) {
>         $('#statementsList').hide().html(data).fadeIn(500); // Fade in effect for new statements
>         
>         const votedStatements = JSON.parse(localStorage.getItem('votedStatements') || '[]');
>         votedStatements.forEach(id => {
>             // Mark the button as upvoted
>             $(`#statementsList .upvote[data-id='${id}']`).addClass('upvoted').data('upvoted', '1');
>         });
>     });
> };
> ```
> 
> #### 2. Modify Upvote Click Handling
> 
> Update the click handler for the upvote button to toggle its state and add or remove it from local storage:
> 
> ```javascript
> $(document).on('click', '.upvote', function() {
>     const id = $(this).data('id');
>     let votedStatements = JSON.parse(localStorage.getItem('votedStatements') || '[]');
>     
>     if ($(this).data('upvoted') === '0') { // Not upvoted
>         votedStatements.push(id);
>         $(this).addClass('upvoted').data('upvoted', '1'); // Add upvoted class
>     } else { // Already upvoted
>         votedStatements = votedStatements.filter(votedId => votedId !== id); // Remove from array
>         $(this).removeClass('upvoted').data('upvoted', '0'); // Remove upvoted class
>     }
>     
>     localStorage.setItem('votedStatements', JSON.stringify(votedStatements)); // Update local storage
>     
>     // Update upvote count in the database
>     $.post('upvote.php', { id: id }, function() {
>         loadStatements($('#page').val()); // Refresh statements for the current page
>     });
> });
> ```
> 
> ### Step 3: Update CSS for Upvote Button
> 
> Now, we'll add styles to visually distinguish between the normal and upvoted states of the button:
> 
> ```css
> .upvote {
>     background-color: #00796b; /* Teal button color */
>     color: white;
>     border: none;
>     border-radius: 5px;
>     padding: 10px 15px;
>     cursor: pointer;
>     transition: background-color 0.3s;
> }
> 
> .upvote.upvoted {
>     background-color: #004d40; /* Darker teal for upvoted state */
> }
> ```
> 
> ### Summary of Changes
> 
> 1. **Toggle Functionality**: The upvote button now toggles between an active and inactive state, allowing users to up-vote or undo their vote easily.
> 2. **Visual Feedback**: Styling changes give immediate visual feedback when a statement is up-voted.
> 3. **Persistent State**: The up-voting state is stored in local storage, allowing it to persist across page reloads.
> 
> ### Final Thoughts
> 
> This approach enhances user interactivity and provides a clean, intuitive user experience. Users can now easily see whether they've already up-voted a statement, and they have the flexibility to change their votes. 
> 
> Test the implementation to ensure everything works as expected, and let me know if you would like any further adjustments or enhancements!
**user**:
> Something has gone wrong here. When I upvote, it now increments by 2 each time and I can't down-vote.
**assistant**:
> It sounds like the upvote is being processed multiple times because the AJAX request to update the upvotes in the database is triggered every time the button is clicked. Below is a corrected implementation that ensures the proper voting behavior without duplication and allows for both upvoting and downvoting.
> 
> ### Step 1: Update the JavaScript
> 
> We'll adjust the logic to ensure that when a user clicks the upvote button, it processes the vote correctly and updates the upvote count only once.
> 
> #### 1. Update the Click Event Handler
> 
> Modify the click handler in your `main.js` file as follows:
> 
> ```javascript
> $(document).on('click', '.upvote', function() {
>     const id = $(this).data('id');
>     let votedStatements = JSON.parse(localStorage.getItem('votedStatements') || '[]');
> 
>     if ($(this).data('upvoted') === '0') { // If not upvoted
>         $(this).addClass('upvoted').data('upvoted', '1'); // Add upvoted class
>         votedStatements.push(id); // Add to array
>         
>         // Increment the upvote count
>         $.post('upvote.php', { id: id, increment: true }, function() {
>             // After successful increment, refresh the statements
>             loadStatements($('#page').val());
>         });
>     } else { // If already upvoted
>         $(this).removeClass('upvoted').data('upvoted', '0'); // Remove upvoted class
>         votedStatements = votedStatements.filter(votedId => votedId !== id); // Remove from array
>         
>         // Decrement the upvote count
>         $.post('upvote.php', { id: id, increment: false }, function() {
>             // After successful decrement, refresh the statements
>             loadStatements($('#page').val());
>         });
>     }
> 
>     localStorage.setItem('votedStatements', JSON.stringify(votedStatements)); // Update local storage
> });
> ```
> 
> ### Step 2: Update the Upvote PHP Logic
> 
> You need to modify your `upvote.php` file to handle both increments and decrements based on the incoming request. The updated logic could look like this:
> 
> ```php
> <?php
> if (isset($_POST['id']) && isset($_POST['increment'])) {
>     $conn = new mysqli('localhost', 'username', 'password', 'database');
>     $id = (int)$_POST['id'];
>     $increment = $_POST['increment'] === 'true';
> 
>     // Increment or decrement the upvote count
>     if ($increment) {
>         $conn->query("UPDATE statements SET upvotes = upvotes + 1 WHERE id = $id");
>     } else {
>         $conn->query("UPDATE statements SET upvotes = upvotes - 1 WHERE id = $id");
>     }
>     
>     $conn->close();
> }
> ?>
> ```
> 
> ### Summary of Changes
> 
> 1. **Toggle Voting Logic**: The upvote button now properly adds or removes votes based on whether the current state is upvoted or not.
> 2. **Single AJAX Call**: Each click results in a single AJAX call to update the database, preventing multiple incrementation.
> 3. **Decrement Logic**: Support for downvoting has been added by checking if the upvote was already registered.
> 
> ### Testing
> 
> Make sure to test the following after implementing these changes:
> 
> 1. Click to upvote a statement—it should increment the vote count by 1.
> 2. Click again to remove the vote—it should decrement the count.
> 3. Refresh the page to ensure the upvoting state persists due to local storage.
> 
> This approach should resolve the issues you're facing with double incrementing and allow for toggling votes. Let me know if you need any more assistance or additional features!
