**assistant**:
> Below are selected log entries of past conversations, as part of an experimental AI memory system. They may have no bearing on the chat.
> 
> 
>   2023-08-30:
>   Clarifying Assumptions and the Contingency of Robustness in Crop Yield Estimation
> 
> 
> 
>   2023-08-21:
>   James seeks a title for his talk on economic losses from climate change; Arachne suggests "Filling the Bucket: Towards a Comprehensive Assessment of Economic Losses from Climate Change in the UK."
> 
> 
> 
>   2023-09-17:
>   Adding Centered Header to LaTeX Document
> 
> 
> 
>   2023-03-09:
>   James asked about R equivalent to decode_cf; Arachne mentioned ncdf4, which doesn't decode time. Arachne then suggested using udunits2 for time decoding.
> 
> 
> 
>   2023-07-07:
>   James seeks a term to convey improving institutions; "infrastructurally" suggested to clarify interdisciplinary work.
> 
> 
> 
>   2023-10-20:
>   "Career Path Explorations: From Academic Researcher to Animal Representations"
> 
> 
> 
>   2023-03-11:
>   James requested a story about why it rains; Arachne explained it through the tale of a thirsty land being rejuvenated by raindrops.
> 
> 
> 
>   2023-09-12:
>   Converting ts Object to Data.Frame in R with Time Preservation
> 
> 
> 
>   2023-10-09:
>   Addressing Overexploitation of Marine Ecosystems
> 
> 
> 
>   2023-02-05:
>   Huns invading China confirmed; Correction made regarding Sesame Street songs about NYC, providing three examples.
> 
> 
>     
**user**:
> Tell me about the gods as understood by the gnostics.
**assistant**:
> In Gnosticism, a complex and somewhat enigmatic spiritual tradition that thrived in the first few centuries AD, the concept of God was layered and multifaceted. Here is a general overview:
> 
> **1. The Unknown God:** Above all, Gnostics posited the existence of a supreme, unknowable God who was the original source of creation, often called the Unknown, The One, or the Invisible Spirit. This God was a perfect entity, characterized by unity, eternity, and immateriality. 
> 
> **2. The Demiurge:** However, the material universe was not believed to be the creation of this supreme God. Instead, Gnostics held that a lesser divine being known as the Demiurge, or "false creator", was responsible for the physical universe. The Demiurge was either evil or misguided, depending on the specific Gnostic sect. He was largely ignorant of the existence of the higher, spiritual reality and claimed to be the true God. 
> 
> **3. The Aeons:** In between the supreme God and the Demiurge, Gnosticism postulated the existence of intermediate divine beings called Aeons. These entities resided in the ‘pleroma’, a spiritual realm where the totality of divine powers emanated from the supreme God. The Aeons were various aspects of God in Gnostic cosmology.
> 
> **4. Sophia:** Sophia was an important Aeon who played a crucial role in Gnostic narrative. She was the one who, due to her curiosity or pride, somehow resulted in the birth of the Demiurge. Her fall and redemption is also a key component in some Gnostic texts.
> 
> **5. Archons:** The Demiurge was also surrounded by helpers or administrators known as Archons who guard the material universe. 
> 
> The gods of Gnosticism thus represent a variety of concepts and entities, with Gnostic thought positing a much more complex and, in some ways, more pessimistic view of divinity than many other monotheistic religions. The overarching theme is the contrast between the spiritual world, as represented by the supreme God and the Aeons, and the material world, governed by the Demiurge and his Archons. Gnostics sought to escape the illusions of the Demiurge through gaining 'gnosis,' or knowledge of the spiritual truths.
**user**:
> What did the Gnostics think about Jesus? Was he the Demiurge?
**assistant**:
> Gnostics had a diverse range of beliefs when it came to Jesus, and these ideas varied among different Gnostic sects. It's important to note that Gnostic views on Jesus were often at odds with mainstream Christian beliefs.
> 
> In some Gnostic sects, Jesus was considered a divine figure who descended from the spiritual realm to impart knowledge (gnosis) to humans and free them from the control of the Demiurge and the material world. According to these beliefs, Jesus was seen as a revealer of truth, a spiritual guide, and a bringer of salvation. They emphasized his role as a spiritual teacher and the embodiment of divine wisdom rather than focusing on his crucifixion or resurrection.
> 
> However, other Gnostic sects held contrasting views. Some believed that Jesus was an entirely spiritual being and that he only appeared to have a physical body, denying the true humanity of Jesus. In these views, Jesus was seen as a pure emanation from the divine world rather than a true incarnation in human form.
> 
> It's worth noting that Gnostics generally regarded the material world with disdain and considered it a realm of illusion and suffering. They saw the Demiurge as the creator of this flawed material realm, often associating him with ignorance and evil. In contrast, they saw Jesus as a liberator who came to awaken people to their true spiritual nature and provide them with the knowledge to escape the grip of material existence.
> 
> Overall, Gnostic perspectives on Jesus were diverse, but they generally emphasized his role as a divine revealer of knowledge and a liberator from the control of the Demiurge and the material universe.
**user**:
> How did the Demiurge and Jesus come to be?
**assistant**:
> According to Gnostic beliefs, the origin and nature of the Demiurge and Jesus differ significantly.
> 
> 1. **The Demiurge**: Gnostics proposed that the Demiurge, often portrayed as an inferior deity or false creator, came into existence as a result of a cosmic error or a disruption in the divine realm. One prevalent myth found in some Gnostic texts involves a divine figure known as Sophia, an Aeon associated with wisdom. In this narrative, Sophia desires to explore the realms beyond the pleroma (the spiritual realm of divine emanations). In her curiosity, she either falls or involuntarily descends into the lower, material realm. This event leads to a disturbance in the divine order and contributes to the creation of the flawed material universe by the Demiurge.
> 
> 2. **Jesus**: Gnostic views of Jesus vary considerably. Some Gnostic sects regarded Jesus as an entirely spiritual being who only appeared to have a physical body. They believed that Jesus descended from the higher realms to impart spiritual knowledge (gnosis) to humanity and provide liberation from the material world. In these perspectives, Jesus was seen as an emanation of the divine, connecting humans to their true spiritual nature.
> 
> It's important to note that Gnostic cosmology and mythology differed among different sects and sources, and not all Gnostics shared the same beliefs about the origins of the Demiurge and Jesus. These concepts were subject to philosophical speculation and mythological symbolism, reflecting the complex and diverse nature of Gnostic thought.
**user**:
> Tell me more about the pleroma.
**assistant**:
> The term "pleroma" is derived from the Greek word meaning "fullness" or "abundance." In Gnostic thought, the pleroma refers to the spiritual realm or domain of divine fullness where the totality of divine powers and entities exist. It represents the highest and most transcendent level of reality, beyond the material universe governed by the Demiurge.
> 
> Here are some key aspects of the pleroma in Gnostic cosmology:
> 
> **1. Divine Aeons**: Within the pleroma, the divine powers and entities called "Aeons" reside. Aeons are often depicted as emanations or aspects of the supreme, unknowable God. They are considered luminous and divine beings representing various attributes, virtues, or aspects of the divine nature. Each Aeon carries a unique divine quality or characteristic.
> 
> **2. Unity and Harmony**: The pleroma is seen as a realm of unity and harmony, characterized by perfect balance and interconnection of the Aeons. It is a spiritual state where divine qualities exist in their purest form without distortion or conflict.
> 
> **3. Emanation and Hierarchy**: Gnostics believed that the divine energies and powers flow or emanate from the supreme God within the pleroma, forming a hierarchical structure. The Aeons, often arranged in pairs or syzygies, and their interactions create a complex network of divine relationships and manifestations.
> 
> **4. Gnosis and Salvation**: Gnostics saw the knowledge of the divine realities within the pleroma, known as gnosis, as a means for human salvation. Through acquiring gnosis, individuals could awaken to their spiritual nature, transcend the influence of the Demiurge and the material world, and thus reunite with the divine in the pleroma.
> 
> The pleroma embodies the realm of divine fullness and transcendence in Gnostic cosmology. It represents the ultimate reality beyond the flawed material universe, consisting of divine emanations and interrelated powers. Gnostics sought to reconnect with the pleroma by acquiring gnosis, ultimately seeking liberation from the illusions of the material realm and union with the divine.
**user**:
> How did the gnostics understand the idea you just used of "levels of reality"?
**assistant**:
> The concept of "levels of reality" or a hierarchical structure of existence was indeed present in Gnostic thought. Gnostics understood reality as being composed of multiple distinct levels or realms, each with its own characteristics and qualities. These levels of reality were often depicted in Gnostic cosmology as a vertical hierarchy, with the higher realms associated with divine perfection and the lower realms associated with imperfection and suffering.
> 
> Here is an exploration of how Gnostics understood these levels of reality:
> 
> 1. **The Pleroma**: At the highest level of reality, Gnostics conceived of the pleroma. It was the realm of divine fullness and perfection, where the supreme God and the Aeons resided. The pleroma was seen as a state of unity and harmony, free from the imperfections and limitations of the material world.
> 
> 2. **The Material Realm**: Below the pleroma lied the material realm, which was considered a lower and flawed level of reality. This realm was associated with the Demiurge, who was believed to be responsible for the creation of the physical universe. According to Gnostic beliefs, the material realm was characterized by imperfection, ignorance, and suffering.
> 
> 3. **Archons and Cosmic Forces**: In Gnostic cosmology, intermediate entities known as Archons were often depicted as existing between the pleroma and the material realm. These Archons were beings associated with the Demiurge, often acting as rulers, administrators, or even agents of cosmic forces within the material world.
> 
> Gnostics believed that these different levels of reality were distinct and influenced human existence. The ultimate goal for Gnostics was to transcend the limitations of the material realm and ascend to higher levels of reality, typically through acquiring spiritual knowledge (gnosis) and reconnecting with the divine in the pleroma.
> 
> It is important to note that the hierarchical structure of reality in Gnostic thought should not be interpreted as a purely linear or rigid framework. Gnostic cosmology was diverse and complex, with variations across different Gnostic sects and texts. The understanding of levels of reality and their interrelations varied, but the general idea of different realms or levels with varying degrees of perfection and divine influence was a common theme in Gnostic thought.
