**assistant**:
> Below are selected log entries of past conversations, as part of an experimental AI memory system. They may have no bearing on the chat.
> 
> 
>   2023-08-31:
>   Measuring Shipping Congestion and Converting Speeds
> 
> 
> 
>   2023-08-31:
>   Converting Lat-Lon Points to Gridded Dataset: Step-by-Step Guide in R
> 
> 
> 
>   2023-08-31:
>   Accounting for Spatial Interactions in Delaware Marine Waters
> 
> 
> 
>   2023-08-31:
>   Understanding Symbol Layer and Feature Symbology in QGIS DXF Files
> 
> 
> 
>   2023-09-01:
>   HTML to LaTeX Table Translation
> 
> 
> 
>   2023-09-01:
>   HTML to LaTeX Conversion: Organizing Table Content
> 
> 
> 
>   2023-09-02:
>   Dealing with Multiple Data-Generating Processes in Econometrics
> 
> 
> 
>   2023-09-02:
>   Understanding Betas in OLS Regression
> 
> 
> 
>   2023-09-03:
>   Frameworks and Activities for a Sustainable Investing Workshop
> 
> 
> 
>   2023-09-03:
>   Memory System Test and Privacy Clarification
> 
> 
>     
**user**:
> Can you evaluate the following company from it's about page:
> ---
> Ampacimon is the global leader in electricity grid monitoring. In particular, Ampacimon has deployed the largest number of dynamic line rating systems in the world. Our patented technologies increase the capacity of existing transmission and distribution systems, monitor critical asset health conditions, and identify mechanical and electrical faults.
> 
> Our Team
> We are around 70 people working for Ampacimon worldwide, in Atlanta (US), in Madrid (Spain) and in Liège (Belgium).
> Passionate about technology and motivated by the will to impact positively on tomorrow's world, we work with electrical networks companies all over the world. Our engineers, sale managers, technicians and support teams are all there to provide innovative solutions to meet our clients challenges.
> 
> Since 2019, Ampacimon is certified ISO 9001.
> 
> The strategic decision to use and develop the Quality Management System will allow our company to constantly improve its global performance and offer products and services of consistent quality.
> 
> From initial conception to final delivery, all the production steps are monitored by this rigorous quality management system. International standards, preventive checks and systematic production are all proven practices.
> --
> 
> In a low-medium-high scale, can you evaluate this company across the following criteria:
> 1.	Is there a clear sustainability impact? 
> 2.	Is the product unique/ does it have distinctive tech IP 
> 3.	Is the technology concept proven? 
> 4.	Is the company comprised of a diverse leadership team?
**assistant**:
> Based on the information provided in the company's about page, I can provide the following evaluations:
> 
> 1. Sustainability Impact: 
> Based on the text, Ampacimon's technologies have the potential to increase the capacity of existing transmission and distribution systems, monitor asset health conditions, and identify faults. This suggests a positive impact on the efficiency and reliability of electricity grids, which can contribute to the overall sustainability of energy systems. Therefore, on a low-medium-high scale, I would evaluate Ampacimon's sustainability impact as medium to high.
> 
> 2. Distinctive Tech IP:
> The company claims to be the global leader in electricity grid monitoring and has deployed the largest number of dynamic line rating systems in the world. While the about page does not provide specific information about their patented technologies, their unique position as a global leader indicates that they likely possess distinctive technology intellectual property. Therefore, on a low-medium-high scale, I would evaluate Ampacimon's product uniqueness/distinctive tech IP as medium to high.
> 
> 3. Technology Concept Proven:
> The about page does not explicitly mention the level of provenness of Ampacimon's technology concept. However, the fact that they have deployed a significant number of dynamic line rating systems suggests that their technology has been implemented and used by electricity grid companies worldwide. This suggests a level of provenness but does not provide explicit details. Therefore, the evaluation for technology concept provenness would be medium.
> 
> 4. Diverse Leadership Team:
> The about page does not explicitly mention the diversity of Ampacimon's leadership team. Without specific information about the composition of the leadership team in terms of diversity (e.g., gender, race, background), it is challenging to evaluate this criterion. Therefore, based on the given information, it is not possible to provide a evaluation for the company's leadership team diversity.
> 
> Please note that these evaluations are based solely on the information from the about page. Additional research or information may be necessary for a more comprehensive assessment of the company.
**user**:
> Please turn this into a table of low-medum-high-unknown for each critiera.
**assistant**:
> Certainly! Here is a table summarizing the evaluations for each criterion using the low-medium-high-unknown scale:
> 
> | Criteria                | Evaluation           |
> |-------------------------|----------------------|
> | 1. Sustainability Impact | Medium to High       |
> | 2. Distinctive Tech IP  | Medium to High       |
> | 3. Technology Concept Proven  | Medium              |
> | 4. Leadership Team Diversity  | Unknown              |
> 
> Keep in mind that the evaluation for leadership team diversity is marked as "Unknown" since the about page does not provide specific information about the diversity of Ampacimon's leadership team.
