**assistant**:
> Below are selected log entries of past conversations, as part of an experimental AI memory system. T
**user**:
> How do we move from a model of no feet o a pay for application to apply for GLL (Green lease leaders? We need a plan to have thieres of payment and a roll out strategy. Opportunity for corpotere sponosshiop too
**assistant**:
> Transitioning from a free application model to a tiered pay-for-application process can be quite a task and will require careful planning. Yet, if executed correctly, it can result in more sustainability-supportive investments for the Green Lease Leaders (GLL) program from both applicants and corporate sponsors. Here's a high-level plan:
> 
> ## Phase 1: Analysis and Planning
> 
> **Step 1: Competitive and Market Analysis**
> 
> Research other similar green initiatives globally, their financing models, and pricing. Analyze the market value, benefit, and impact of the Green Lease Leaders program to gauge how to price application processes at various tiers.
> 
> **Step 2: Financial Modelling**
> 
> Manage intensive financial modelling to estimate how pricing at different tiers might affect the number of applications and program revenue.
> 
> **Step 3: Defining Tiers**
> 
> For tiers, consider:
> 
> - A basic tier could be a nominal fee to cover administrative costs only.
> - A premium tier could offer more benefits: quicker processing, more feedback, and advice/consultation in the application.
> - Another higher tier could cater to large corporations/commercial buildings, offering benefits like faster processing, highlighted promotion, and personal consultation.
> 
> **Step 4: Develop a Corporate Sponsorship Package**
> 
> Present opportunities for corporate sponsorship, incorporating various levels of visibility and benefits for sponsors. 
> 
> ## Phase 2: Implementation and Roll-Out
> 
> **Step 5: Communication Strategy Development**
> 
> Develop clear messaging about why the GLL program is shifting to a pay-for-application model, emphasizing the benefits to applicants and the overall sustainability mission of the program.
> 
> **Step 6: Pilot Testing**
> 
> Consider pilot-testing a small sample of applicants to smooth out any issues before full roll-out. 
> 
> **Step 7: Official Roll-out**
> 
> Once confident in the strategy, officially roll it out. Ensure applicants understand the process and reasons for the pricing model. Offer clear instructions for corporate sponsors to contribute.
> 
> ## Phase 3: Evaluation and Adaptation
> 
> **Step 8: Feedback Collection and Monitoring**
> 
> Once the new model is live, collect feedback regularly from applicants, sponsors, and stakeholders. Monitor the impact, both in terms of revenue and market reception.
> 
> **Step 9: Regular Adjustment**
> 
> Based on feedback, adjust pricing, tiers, or benefits as required to ensure the model works as intended. 
> 
> Remember, it's very important to communicate the value provided by the GLL program and this pricing model to all stakeholders, highlighting how it helps focus on its sustainability mission while enhancing its service level. The proposed model should enable more comprehensive services and a deeper commitment to sustainable practices while providing the program more resources.
**user**:
> how do we introudce to memerbs the program is going form free to 1000 per application? 
**assistant**:
> Transitioning from a free application model to a paid one for your Green Lease Leaders program requires clear and transparent communication to your members. Here's a suggested plan to effectively introduce the new pricing structure:
> 
> ## Communication Plan:
> 
> ### 1. **Announcement Email:**
>    - Craft a detailed email explaining the reasons behind the pricing change, emphasizing the improved services and benefits that the paid model will bring. Be transparent about the need for financial sustainability to ensure the long-term success of the program.
> 
> ### 2. **Webinar or Virtual Town Hall:**
>    - Schedule a webinar or virtual town hall where you can discuss the changes live with your members. This allows for real-time interaction and Q&A sessions to address concerns directly.
> 
> ### 3. **FAQs and Information Sheet:**
>    - Create a comprehensive FAQ document and information sheet outlining the new pricing structure, payment methods, and benefits associated with each tier. Address common questions and concerns to proactively provide clarity.
> 
> ### 4. **Personalized Outreach:**
>    - Reach out to key members individually or in small groups to explain the changes and discuss how the new pricing model can benefit them specifically. Tailoring the message to their needs and interests can increase acceptance.
> 
> ### 5. **Engagement Campaign:**
>    - Develop a targeted engagement campaign across your communication channels (social media, newsletters, website) to raise awareness about the pricing change and emphasize the value proposition of the new model.
> 
> ### 6. **Feedback Mechanisms:**
>    - Encourage members to provide feedback on the new pricing structure through surveys or direct communication channels. Show that you are open to input and willing to address concerns where possible.
> 
> ### 7. **Transition Period:**
>    - Provide a transition period where existing members can still submit applications under the old pricing model for a limited time. This can help ease the transition and retain member loyalty.
> 
> ### 8. **Corporate Sponsorship Promotion:**
>    - Highlight how corporate sponsorship will enhance the program's offerings and visibility. Encourage members to explore sponsorship opportunities and the mutual benefits of supporting sustainability initiatives.
> 
> ### 9. **Follow-up Communication:**
>    - Follow up with members after the implementation of the new pricing model to gather feedback, address any remaining concerns, and reinforce the benefits and impact of the changes.
> 
> By implementing this communication plan, you can effectively introduce the new pricing structure to your members, build understanding and support for the changes, and maintain a positive relationship with your community as you enhance the sustainability impact of your program.
