**assistant**:
> Below are selected log entries of past conversations, as part of an experimental AI memory system. They may have no bearing on the chat.
> 
> 
>   2023-12-22:
>   Resolving Database Query Errors in MediaWiki
> 
> 
> 
>   2023-11-19:
>   Retrieving Non-Primitive Values from Pandas DataFrame
> 
> 
> 
>   2023-06-10:
>   James asks about managing bedtime routines for children sharing a room; Arachne suggests staggered bedtimes and sleep training tips.
> 
> 
> 
>   2023-12-24:
>   Fixing "Table doesn't exist" Error in MediaWiki Update
> 
> 
> 
>   2023-05-23:
>   James asked if $1 in 2011 dollars is worth more or less than $1 in 2021 dollars; Arachne explained that due to inflation, it's generally worth less.
> 
> 
> 
>   2023-08-24:
>   Understanding the Mean of Long-Tailed and Fat-Tailed Distributions
> 
> 
> 
>   2023-11-26:
>   Approximating p under A << 1 assumption
> 
> 
> 
>   2023-02-16:
>   Average land temperatures can be warmer or cooler than the global mean temperature; various factors and human activities play a role in their differences.
> 
> 
> 
>   2023-07-21:
>   Calculated SE of difference between 2 normal distributions with mean 0 and same SE: √2σ; √2σ is the formula for the SE of the difference.
> 
> 
> 
>   2023-05-17:
>   James asked about multi-line labels in Google's Treemaps; Arachne suggested using HTML entities or a custom charting solution like D3.js as a workaround.
> 
> 
>     
**user**:
> What does this mean in R:
> Error in children[[branch]] <- child : 
>   attempt to select less than one element in integerOneIndex
**assistant**:
> The error you're seeing in R, "attempt to select less than one element in integerOneIndex", usually occurs when you try to use an index which is less than 1. This can often happen if you're indexing a vector or list with an integer that is less than 1.
> 
> R, unlike some other programming languages, uses 1-based indexing instead of 0-based. This means that the first element in an array or list is at position 1 rather than at position 0. So, if you try to select an element at position 0 or a non-positive number, you will get this error. 
> 
> Given the error message, it appears that the index (`branch`) used to access the list (`children`) in `children[[branch]] <- child` is less than one, making it an illegal operation in R. You should check the value of `branch` to ensure it is a positive integer and that it doesn't exceed the length of `children`. 
> 
> Note that double brackets (`[[...]]`) are used for indexing elements in lists and you must provide exact single integer index, while single brackets (`[...]`) can take vectors of indices and return more complex structures.
> 
> The solution would be to debug where `branch` is being set and ensure it is within the valid range for `children`.
