**assistant**:
> Below are selected log entries of past conversations, as part of an experimental AI memory system. They may have no bearing on the chat.
> 
> 
>   2023-11-04:
>   Resolving Speech Recognition Issues
> 
> 
> 
>   2023-11-03:
>   Exporting R Tables to Word and Resolving Installation Error
> 
> 
> 
>   2023-11-04:
>   Exploring Differences Between Quaker Monthly Meetings
> 
> 
> 
>   2023-11-04:
>   Balancing Technology and Human Connection
> 
> 
> 
>   2023-11-04:
>   Dynamically Feeding Words in JavaScript SpeechSynthesis
> 
> 
> 
>   2023-11-04:
>   Exploring Async Functions and More
> 
> 
> 
>   2023-11-03:
>   Highlighting Countries in Climate Change Losses Graph
> 
> 
> 
>   2023-11-03:
>   Converting ISO3 Codes to Country Names with R's countrycode Library
> 
> 
> 
>   2023-11-02:
>   Academic Program Guidance and Email Response Assistance
> 
> 
> 
>   2023-11-03:
>   Error in ggplot with coord_map() and fix suggestions.
> 
> 
>     
**user**:
> I am writing a report on the losses that countries have already felt due to climate change. Here is the original proposal:
> ---
> Estimating Current Climate Losses - Project Proposal
> PI: James Rising, University of Delaware
> 
> Context: The planet has already warmed by 1.34 °C [1.2 - 1.5 °C], with extensive disruptions now being observed. Under one expert review of global damages, this suggests that climate losses may already be 2.05% of global GDP [0.9 - 3.4%], about $2.2 trillion. In poor, tropical, and agriculturally-dependent countries, current losses are expected to be significantly greater.
> 
> Climate-driven loss and damage will be a central discussion at COP28, taking place in UAE this December. Impacted countries need high-quality estimates of the losses they have already experienced, to demand support from developed countries. A strong basis for developing these estimates exists, in the form of sophisticated statistical models describing the historical relationship between economic growth and weather. These models can be used to attribute existing economic outcomes to climate change.
> 
> Deliverable: This project will develop best-estimates of the current macroeconomic losses from climate change, for each country across the globe. The main outcome will be percent reductions in GDP per capita and percent reductions in capital wealth, in 2023, relative to a world without the climate change experienced since 1950. GDP per capita is a useful measure for estimating government tax receipts and a proxy for personal income levels. A recent estimate of GDP losses, combining three of these results and produced by the PI for a previous ECF-funded project on the cost of climate change in the UK, is shown below.
> 
> However, lower GDP levels also imply the long-term destruction of productive capital, and an estimate of those capital losses will provide new evidence on the true losses borne by these countries due to climate change. The losses would also be reported as a global average and for various regional and country groups (e.g., LLMICs, G77, Sub-Saharan Africa).
> 
> Annually varying loss estimates will underlie these results, which will reflect greater losses in years with heat waves and in later years as climate change accelerates. We will develop short case studies from the EU and LLMICs will compare these GDP losses to other reported impacts of recent heat waves.
> 
> The estimates will be produced as part of a short report made initially available to the sponsors Nov. 1, 2023, and for release during COP 28. The work will then be prepared for academic publication.
> 
> Unique contribution: To produce these results, we bring together existing research on the relationship between GDP growth and climate (see Table under Points of Methodology). Over the past decade, this literature has proposed many different approaches to understanding the effect of climate on GDP, including investigations of the differential vulnerability of poor countries, the role of persistent losses to growth, and the potential of adaptation. Current attempts to synthesise this literature are limited to simply averaging the results. Using a machine learning model, calibrated to the results from this literature, we will produce an estimate that reflects the most advanced features of all of these papers.
> 
> The PI has developed a system for generating projections from this class of models for the UK climate impacts project. The machine learning approach is based on another of the PI’s projects, producing a best-estimate of the social cost of carbon.
> 
> Points of Methodology
> The core models will be drawn from the results in the following papers, which includes studies used recently by the US Council of Economic Advisors to estimate future climate damages.
> 
> Paper
> Temp.
> Prec.
> Add'l
> FE
> Data
> Notes
> Dell et al. 2012
> 🟠
> 🟠
> 
> 
> 🟡
> 🟡
> Differential effect for low-income
> Burke et al. 2015/ Callahan & Mankin 2022
> 🟡
> 🟡
> 
> 
> 🟢
> 🟡
> Global optimum, persistence
> Pretis et al. 2018
> 🟣
> 🟣
> Yes
> 🟢
> 🟠
> Global optimum, robust est.
> Baarsch et al. 2020
> 🟡
> 🟣
> Yes
> 🟠
> 🟠
> Local optimum, Africa-only
> Acevedo et al. 2020
> 🟢
> 🟢
> Yes
> 🟡
> 🟡
> Effect of shocks only
> Kahn et al. 2021
> 🟡
> 🟡
> Yes
> 🔴
> 🟡
> Adaptive local optimum
> Kotz et al. 2022
> 🟣
> 🟣
> 
> 
> 🟠
> 🟢
> Local and global optimum
> 
> Key: 🔴- Poor, 🟠- Fair, 🟡- Good, 🟢- Very Good, 🟣- Excellent
> 
> 
> The table shows an assessment of the quality of each model’s representation of temperature variables (Temp.), rainfall (Prec.), additional controls (Add’l), unobserved heterogeneity (FE), and underlying data (Data). No single existing estimate captures the full range of relevant factors that has been identified in the literature.
> 
> We will use ERA5 reanalysis weather data to produce historical projections of climate effects, available 1940 - present. To construct the counterfactual without climate change, we will resample values from the baseline period (1940 - 1960). A key question in the literature is the extent to which impacts put countries on a permanently lower growth trajectory. This was carefully analysed in a previous paper of the PI’s, and the resulting uncertain distribution of persistence will be used here.
> 
> Drawing upon both the headline estimates and additional results in the paper will provide evidence across the space of possible combinations of model elements. A random forest model will then be fit to these models, informed by meta-data about each. Finally, the random forest will be queried for damages from a model that simultaneously represents high-quality features in all model categories.
> 
> As an additional line of evidence, we will use the previously mentioned Howard & Sterner meta-analysis of damage results derived from expert elicitation. This provides both a measure of catastrophic risk, which will be applied uniformly across the globe, and an estimate of non-catastrophic global losses, which can be used as a loose constraint on the sum of the machine learning results.
> 
> These GDP values, along with additional information from the World Bank, will be used to calibrate country-specific Solow growth models, and this will be used to infer the loss to the total capital base that these GDP results imply.
> ---
> 
> Can you write a methodology section which would go into an appendix? This should be comprehensible by a general technical audience, and include all details. The structure of the analysis was as proposed, with the following details and additions:
> 
> Literature Review:
>  - We implement 61 models drawn from 8 papers on the empirical consequences of climate change for the macroeconomy. Each model is rated across 11 dimensions, ranging from data quality to model sophistication.
> 
> Projections:
>  - ERA5, 1940 - 2022
>  - Monte Carlos to represent uncertainty
>  - For each MC, we take a draw of the model parameters, and then simulate the model for each country under actual weather conditions (only accounting for temperature-based variables) and under a history simulated by resampling from the 1940 - 1959 baseline. The difference between these is then the ImmediateImpact_it for each country i in year t.
>  - Impacts are accumulated within each country across year follows:
> DirectImpact_it = \sum_{s \le t} (1 - phi)^(t - s) ImmediateImpact_it.
> The phi = 0.25 following Nath, Klenow and Ramey.
>  - We do not do this for the Kotz et al. models, which already include accumulation over years.
>  - The global projections are shown in Figure #METHPROJ for each model.
> 
> Random Forest model:
>  - For each country, year, and Monte Carlo draw, we fit a random forest model from the available data on DirectImpact_it. Attributes are translated into quality values as follows:
> 
> metadata$Q.Weather <- 1 * (metadata$`Weather weight` == "Pop. weight")
> metadata$Q.Poverty <- 1 * (metadata$`Rich/Poor` == "Interact")
> metadata$Q.Temp <- ifelse(metadata$Temp %in% c("Quad", "Interacted with average", "Linear Spline", "VarT, DT, LDT, DT:T, LDT:LT"), 1,
>                    ifelse(metadata$Temp %in% c("1 Lag", "10 Lags", "5 Lags", "Quad of Historical Differences"), 0.75,
>                    ifelse(metadata$Temp != "NA", 0.5, 0)))
> metadata$Q.Prec <- ifelse(metadata$Prec....13 %in% c("Quad", "Interacted with average", "Segmented", "Linear Spline", "Indicatators"), 1,
>                    ifelse(metadata$Prec....13 %in% c("10 Lags", "1 Lag", "5 Lags"), 0.75,
>                    ifelse(metadata$Prec....13 != "NA", 0.5, 0)))
> metadata$Q.YearFE <- ifelse(metadata$`Year FE` == "By Region", 1,
>                      ifelse(metadata$`Year FE` == "By Continent", 0.75,
>                      ifelse(metadata$`Year FE` == "Yes", 0.5, 0)))
> metadata$Q.Trends <- ifelse(metadata$`Trends` == "Quad, by Unit", 1,
>                      ifelse(metadata$`Trends` == "Linear, by Unit", 0.5, 0))
> metadata$Q.OtherFE <- ifelse(metadata$`Other FE` %in% c("Poor x Year", "HPJ-FE"), 1,
>                       ifelse(metadata$`Other FE` %in% c("Poor", "IIS"), 0.5, 0))
> metadata$Q.Control <- ifelse(metadata$`Other Controls` == "Lag Weather, Disaster", 1,
>                       ifelse(metadata$`Other Controls` %in% c("Lag Weather", "7.0"), 0.5, 0))
> metadata$Q.GLags <- as.numeric(metadata$`Growth Lags`) / 4
> metadata$Q.YearLate <- 5 / (2015 - metadata$last.year + 5)
> metadata$Q.YearSpan <- (metadata$last.year - metadata$first.year) / 65
> 
> We then request the DirectImpact_it value from the RF model for which each of those quality values is 1.
>  - The global, population-weighted impact is shown in figure #RANDF.
> 
> International Effects:
>  - We also include international effects, calibrated to trade effects from Brexit. Here is a description of this step, from another paper:
> The GDP-temperature literature uses local temperature shocks used to estimate empirical relationships driving annual differences in GDPs. These have a number of limitations, which make them unsuitable as a comprehensive top-down reflection of climate damages:
> \begin{itemize}
>     \item They only pick up only market impacts.
>     \item They exclude precipitation-driven impacts.
>     \item They exclude impacts that take multiple years to emerge
>     \item They exclude international spill-over effects.
> \end{itemize}
> 
> The last point offers an opportunity to improve these results. The total market impact on one economy would include the spill-over effects of losses to other economies, as transmitted through international trade. However, the local panel econometric approach only estimates the causal effect of local temperatures, so these are excluded.
> 
> We use this insight to calibrate trade spill-overs. To do this, we estimate the GDP impacts by country. Then we use Brexit CGE studies to calibrate the international effect of these impacts on the UK.
> 
> The Brexit CGE results that form the basis of this relationship are shown in \cref{tbl:brexit}, and the empirical relationship between import and export changes to GDP loss is shown in \cref{tbl:brexit-mod}.
> 
> \begin{table}[ht]
> \centering
> \begin{tabular}{llrrrl}
>   \hline
> Source & Scenario & \% GDP & \% Exports & \% Imports & Method \\ 
>   \hline
> Latorre et al. 2019 & Soft (Norway case) & -1.23 & -7.54 & -6.44 & GAMS \\ 
>   Latorre et al. 2019 & Hard (WTO case) & -2.53 & -16.94 & -14.42 & GAMS \\ 
>   Dhingra et al. 2017 & Soft Brexit scenario & -1.34 & -9.00 & -14.00 & Eaton–Kortum \\ 
>   Dhingra et al. 2017 & Hard Brexit scenario & -2.66 & -16.00 & -16.00 & Eaton–Kortum \\ 
>    \hline
> \end{tabular}
> \caption{Estimated losses to GDP, imports, and exports from selected Brexit studies. \label{tbl:brexit}.}
> \end{table}
> 
> \begin{table}[!htbp] \centering 
> \begin{tabular}{@{\extracolsep{5pt}}lc} 
> \\[-1.8ex]\hline 
> \hline \\[-1.8ex] 
>  & \multicolumn{1}{c}{\textit{Dependent variable:}} \\ 
> \cline{2-2} 
> \\[-1.8ex] & \% GDP \\ 
> \hline \\[-1.8ex] 
>  \% Exports & 0.160$^{**}$ \\ 
>   & (0.027) \\ 
>   & \\ 
>  \% Imports & $-$0.003 \\ 
>   & (0.027) \\ 
>   & \\ 
> \hline \\[-1.8ex] 
> Observations & 4 \\ 
> R$^{2}$ & 0.997 \\ 
> Adjusted R$^{2}$ & 0.995 \\ 
> Residual Std. Error & 0.151 (df = 2) \\ 
> F Statistic & 364.835$^{***}$ (df = 2; 2) \\ 
> \hline 
> \hline \\[-1.8ex] 
> \textit{Note:}  & \multicolumn{1}{r}{$^{*}$p$<$0.1; $^{**}$p$<$0.05; $^{***}$p$<$0.01} \\ 
> \end{tabular} 
>   \caption{Regression table based on the observations in \cref{tbl:brexit}. \label{tbl:brexit-mod}} 
>   \label{} 
> \end{table} 
> 
> The changes to local GDP and GDP due to spill-over effects are shown in \cref{fig:eachstudy}. Only the spill-over estimates are used.
> 
> \begin{figure}[htbp]
>     \centering
>     \includegraphics[width=\textwidth]{figures/channels/trade/eachstudy.pdf}
>     \caption{Results for UK and trade estimates according to each top-down study.}
>     \label{fig:eachstudy}
> \end{figure}
> 
> To combine the loss estimates across the three studies, we apply our standard meta-analysis approach (see \cref{sec:metaanal}).
> 
> \FloatBarrier
> 
> Capital Accumulation:
>  - We develop a model of capital dynamics in light of these effects, based on the Solow growth model and informed by the Inclusive Wealth capital framework.
>  - Inputs consist of:
>     - GDP, total Population, Savings Rates, and GDP-share-from-agriculture from the World Bank from 1960 (irregular years)
>     - Produced, human, and renewable capital estimates by country from the Inclusive Wealth Report 2018 for 1990, 1995, 2000, 2005, 2010, and 2014.
>  - The model includes the following equations (all country-specific):
>     - Product_t = (TFP_0 + dTFPdt t) (1 - DirectImpact_t - InternationalImpact_t) RenewableCapital_{t-1}^s_1t ProductedCapital_{t-1}^s_2t, HumanCapital_{t-1}^s^3t Population_{t-1}^s^4t
>       This is the standard Cobb-Douglas model, where the GDP impacts are assumed to apply fully to TFP.
>     - s_kt = s_k0 + t (s_kT - s_k0) / T where \sum_k s_k0 = 1 and \sum_k s_kT = 1.
>       The shares each have a linear trend.
>     - RenewableCapital_t = RenewableCapital_{t-1} (1 + (1 - \beta W_{t-1}) r exp(-b RenewableCapital_{t-1})) - s_1t Product_t / (1 + Product_t / RenewableCapital_{t-1})
>       This is a Ricker growth function, where growth rate is affected by temperature, and a harvest term depends upon the renewable capital share of GDP (that is, this is how much is extracted every year). The / (1 + Product_t / RenewableCapital_{t-1}) insures that harvest does not exceed available capital.
>     - ProducedCapital_t = ProducedCapital_{t-1} + (SavingsRate_0 + dSavingsRatedt t) Product_t - DepreciationRate ProducedCapital_{t-1}
>       This is the standard investment model, with a trend in the savings rate.
>     - HumanCapital_t = HumanCapital_{t-1} (1 + dlogHumanCapitaldt)
>  - The model is fit using MCMC computational Bayes with Stan, with the following priors:
>     - ReportedGDP_t ~ LogNormal(log(Product_t), Error_GDP)  for each year we have reported GDP from the World Bank.
>     - XCapital_t ~ LogNormal(log(XCapital_t), Error_XCapital)  for each year we have estimated capital of type XCapital from the IWR.
>     - GDP-share-from-agriculture ~ Normal(s_1t, Error_RenewableShare)  for each year it’s recorded by the World Bank.
>     - SavingsRate_t ~ Normal(SavingsRate_0 + dSavingsRatedt t, Error_SavingsRate)  for each year it’s recorded by the World Bank.
>     - dSavingsRatedt ~ Normal(0, Error_SavingsRate)
>     - DepreciationRate ~ Normal(0.05, 0.1)
>     - s_k0 - s_kT ~ Normal(0, Error_Shares)
>     - Error_Shares ~ Normal(0, 0.1)
>  - After fitting the model, we run the model with no climate change impacts (to the TFP and the renewable growth rate), and the CapitalImpact_it is the difference.
> 
> Reporting results
>  - Losses are reported as the population-weighted median across Monte Carlo draws and the interquartile range.
> 
> Please write this in LaTeX.
**assistant**:
> Certainly! Here is the methodology section written in LaTeX:
> 
> ```latex
> \section{Methodology}
> 
> \subsection{Literature Review}
> 
> We implemented a literature review of empirical consequences of climate change for the macroeconomy, drawing upon 61 models from 8 papers. Each model was rated across 11 dimensions, including data quality and model sophistication.
> 
> \subsection{Projections}
> 
> We used ERA5 data from 1940 to 2022 for our projections. To account for uncertainty, we utilized a Monte Carlo simulation approach. For each iteration, we sampled model parameters and simulated the model for each country under historical weather conditions (considering only temperature variables) and a resampled history from the 1940-1959 baseline. The difference between these simulations represented the immediate impact for each country in each year (ImmediateImpact\(_{it}\)). Impacts were accumulated within each country in the following manner:
> 
> \[
> \text{DirectImpact}_{it} = \sum_{s \le t} (1 - \phi)^{(t - s)} \text{ImmediateImpact}_{it}
> \]
> 
> Here, \(\phi = 0.25\) following Nath, Klenow, and Ramey. We excluded accumulation for the Kotz et al. models as they already accounted for it. The global projections are presented in Figure \#METHPROJ.
> 
> \subsection{Random Forest Model}
> 
> For each country, year, and Monte Carlo draw, we fitted a random forest model using the available data on DirectImpact\(_{it}\). We translated attributes into quality values, which included weather quality, poverty, temperature, precipitation, year fixed effects, trends, other fixed effects, control variables, growth lags, and time-related factors. We used a random forest model to query the DirectImpact\(_{it}\) value for which each quality value was assigned as 1. The global, population-weighted impact is depicted in Figure \#RANDF.
> 
> \subsection{International Effects}
> 
> To incorporate international effects, we calibrated the trade spill-overs using Brexit CGE studies. These studies provided estimates for the impact on GDP, exports, and imports due to Brexit scenarios. We employed a meta-analysis approach to combine the estimates and utilized the spill-over estimates only.
> 
> \subsection{Capital Accumulation}
> 
> We developed a model for capital dynamics based on the Solow growth model and the Inclusive Wealth capital framework. Inputs included GDP, total population, savings rates, and the share of GDP from agriculture. We obtained data from the World Bank and the Inclusive Wealth Report 2018.
> 
> The model comprised several equations, such as the Cobb-Douglas model for computing GDP, a Ricker growth function for renewable capital, an investment model for produced capital, and a human capital equation. Model parameters were estimated using MCMC computational Bayes with Stan and incorporated appropriate priors. The model was fitted with and without climate change impacts to derive the CapitalImpact\(_{it}\).
> 
> \subsection{Reporting Results}
> 
> Losses were reported as the population-weighted median across Monte Carlo draws, along with the interquartile range.
> 
> ```
