**user**:
> I have an example in my class about the many things that affect the price of Maine lobster:
> Season, there are seasons where lobster fishing is legal and seasons where it is not? 
> Size (there are also legal limits to size)
> Life stage, if it’s molting, you cannot ship it on ice
> Potentially gender (we have some policies on not fishing large females in Maine, but they do not have the same policies in Canada).
> Cost to fish lobster
> Substitutability (Spiny lobster in the Caribbean)
> Abundance in the water
> 
> I want to switch this over to Delaware's Blue Crab. How much of these apply, and which other things apply?
**assistant**:
> Switching the context from Maine lobster to Delaware Blue Crab, many of the same factors still apply. Here’s a breakdown of each variable and additional factors that specifically pertain to the Blue Crab market in Delaware:
> 
> 1. **Seasonality**: Just like with lobsters, blue crabs in Delaware have regulated fishing seasons to ensure sustainable populations. The primary crabbing season typically spans from April to mid-December. Off-season restrictions can influence supply and price.
> 
> 2. **Size and Regulation**: There are indeed size regulations for blue crabs where only individuals above a certain size can be legally harvested, similar to lobsters. These regulations aim to preserve the breeding population.
> 
> 3. **Life Stage**: The molting phase, known as the "soft-shell" stage for crabs, affects how they are processed and sold. Soft-shell crabs are a delicacy, but they are more fragile and require different handling than hard-shell crabs.
> 
> 4. **Gender**: In Delaware, there may be regulations protecting female crabs, especially those showing signs of being ready to spawn (in Maryland's portion of the Chesapeake Bay). These rules aim to protect the reproductive potential of the population.
> 
> 5. **Cost to Fish**: The cost of crabbing is influenced by equipment, fuel prices, and labor costs, just as it is with lobsters. These costs can fluctuate and often impact market prices.
> 
> 6. **Substitutability**: There are substitute products such as other types of crabs (e.g., Dungeness or King crabs) or seafood that can affect demand for blue crabs. The availability and price of these substitutes can impact blue crab prices.
> 
> 7. **Abundance in the Water**: The population of blue crabs can vary year by year due to environmental conditions, overfishing, and predation, directly affecting their availability and price.
> 
> Additional factors unique to the Blue Crab industry that could be considered might include:
> 
> 8. **Environmental Factors**: Water quality and habitat conditions in the Delaware Bay and surrounding estuaries can significantly affect crab populations. Factors like pollution, temperature changes, and salinity can impact crab health and numbers.
> 
> 9. **Local and Global Demand**: Local culinary traditions and tourism can amplify demand for blue crabs. Additionally, global seafood markets can affect prices if there are changes in international demand.
> 
> 10. **Climate Change**: Long-term shifts in climate can affect breeding patterns, habitable areas, and migration, thus influencing availability and market dynamics. 
> 
> 11. **Regulatory Changes and Conservation Efforts**: Policies aimed at conservation can alter fishing practices, which in turn affects supply. Cooperative management plans between states (e.g., Virginia, Maryland, and Delaware) can shape the market landscape.
> 
> These various factors combine to create a dynamic and complex market for blue crabs in Delaware, similar in complexity to that of Maine lobsters.
