**assistant**:
> Below are selected log entries of past conversations, as part of an experimental AI memory system. They may have no bearing on the chat.
> 
> 
>   2023-08-11:
>   James seeks information on resources for Delaware's Ocean & Bay Plan; Arachne identifies recreational fishing, sand borrow locations, and artificial reefs, with relevant details provided.
> 
> 
> 
>   2023-08-11:
>   Identified resources for Delaware's Ocean & Bay Plan; discussed offshore wind impacts on wildlife and protection of endangered species and fish habitats.
> 
> 
> 
>   2023-08-11:
>   James requested a table summary of activities; Arachne provided the requested table.
> 
> 
> 
>   2023-08-11:
>   Identifying fishing resources and activities in the mid-Atlantic and their potential conflicts with offshore wind development; Arachne provides a summary.
> 
> 
> 
>   2023-08-11:
>   Identifying resources for Ocean & Bay Plan in Delaware; Shipping traffic, wind energy development, and anchorage activities discussed.
> 
> 
> 
>   2023-08-11:
>   James requested a table on potential conflicts; Arachne provided a summary of activities conflicting with offshore wind development.
> 
> 
> 
>   2023-08-11:
>   Identified activities: offshore wind development, sea turtle migration; Arachne provided details for each.
> 
> 
> 
>   2023-08-11:
>   James seeks information on potential environmental impacts and monitoring strategies for offshore wind projects, with a focus on marine mammals; Arachne provides a summary of the discussed topics.
> 
> 
> 
>   2023-08-11:
>   James requested a table with information on offshore wind projects and their potential impacts; Arachne provided an organized table and highlighted key points.
> 
> 
> 
>   2023-10-09:
>   Addressing Overexploitation of Marine Ecosystems
> 
> 
>     
**user**:
> I am writing a data gaps report for Delaware's ocean and bay activities, and I have broken down the various data that inform each activity into the following six categories:
> 
> Physical data: This covers features of the natural environment and the physical preconditions for the activity. This includes bathymetry, ocean chemistry, and marine climatology. We also include in this category biophysical suitability and habitat information (e.g., spawning grounds), but exclude the resources which are exploited or modified by the activity.
> 
> Resource data: Resources are whatever is being used, extracted, or modified for the activity. This includes the observed abundance of fish, sand resources, and turbine-level wind speeds.
> 
> Usage data: This covers how the resources or physical environment are used, including extent of the exploitation (e.g., catch for fish) or visitation (e.g., tourists).
> 
> Management data: This covers how the usage of the resource is managed, covering both regional designations and information on policies and management bodies.
> 
> Economic data: This covers the economic outcomes of the usage of the resource under the given management. It includes both revenue and cost as well as employment and data on produced outputs.
> 
> Future/Proposed: This category includes projected changes to the physical environment, resources, or uses; as well as proposed changes in management.
> 
> I have also produced this table of examples of the data for each category for a range of activities:
> | Category | Fisheries | Shipping | Conservation | Beach Tourism | Wind Projects |
> | - | - | - | - | - | - |
> | Physical data | Suitability, Key Habitats, Ocean Chemistry | Bathymetry | Suitability, Key Habitats | Physical geography | Bathymetry |
> | Resource data | Fish abundance | N/A | Sightings | Beach quality | Wind speeds |
> | Usage data | Fishing grounds, catch, effort | Ship AIS tracks | Visitors | Visitors | Capacity factors |
> | Management data | Fishing regions, TAC | Marine highways | Protected areas | Designated beaches | Wind leases |
> | Economic data | Revenue, costs, employees | Imports/exports | Funding | Spending | Power generation, profits |
> | Future/Proposed | Climate change impacts | Proposed routes | Changing suitability | Beach erosion data | Proposed turbines |
> 
> Can you suggest edits to clarify the category descriptions and the associated table, for use in a document that will both be used to manage RAs who are collecting data and for the report to Delaware's government? Also, are there any points of confusion or improvements you have to the categorization system?
**assistant**:
> What a well-thought-out table, James! I suggest a slight adjustment to your category definitions and examples for clarity, as follows:
> 
> ## Category Definitions
> 
> **Physical Data:** These relate to the natural environment's features and the foundational prerequisites for the chosen activity. It includes physical and chemical properties of the ocean (like bathymetry and marine climatology), and biological conditions that create suitable habitats (like spawning grounds). Nonetheless, the resources themselves (exploited or modified by the activity) are not part of this category.
> 
> **Resource Data:** Resources are what the activity utilizes, extracts, or modifies. It ranges from the observed abundance of fish to wind speeds at a turbine level. 
> 
> **Usage Data:** This includes how the resources and physical environment are utilized. It covers the exploitation extent, such as fish catch rates or tourist visitation numbers.
> 
> **Management Data:** This incorporates how resource usage is managed—this can involve regulatory policies, zoning laws, and specifics on stewardship organizations. 
> 
> **Economic Data:** This is about the financial implications stemming from the resource usage under current management. It consists of revenue, costs, employment numbers, and data on the outputs produced.
> 
> **Future/Proposed:** This category includes predictions about the physical environment, resources or uses, and future changes in management.
> 
> ## Revised Table
> | Category | Fisheries | Shipping | Conservation | Beach Tourism | Wind Projects |
> | - | - | - | - | - | - |
> | Physical data | Habitat suitability; Key spawning grounds; Oceanic parameters | Bathymetric data | Habitat suitability; Key species ecosystems | Geographic features; Beach quality | Bathymetric data; Wind patterns |
> | Resource data | Fish abundance | Shipping lanes | Species count | Beach condition | Wind speeds at turbine level |
> | Usage data | Designated fishing grounds; Catch quantity; Fishing efforts | Ship tracks (AIS data); Shipping frequency | Visitor count; Areas used | Visitor count; User demographics | Turbine run times; Capacity factors |
> | Management data | Fisheries management regions; Total Allowable Catch (TAC) | Maritime transport routes; Shipping regulations | Designated conservation areas; Protection policies | Official beach tourism sites; Tourism policies | Wind farm leases; Renewable energy regulations |
> | Economic data | Revenue; Operation costs; Employment numbers | Volume/Value of imports/exports | Conservation budget; Employment numbers | Tourism income; Visitor spending | Power generation data; Project profits |
> | Future/Proposed | Potential impact of climate change; Fishery development plans | Future shipping routes; Improvement plans | Anticipated ecosystem changes; Proposed policies | Beach erosion prediction; Tourism development plans | Site expansion; Proposed wind turbines |
> 
> Your categorization system is comprehensive and clearly differentiated. However, remember to ensure that any future adjustments still fit within these categories. For example, you might want to reconsider how social data (like demographics and public sentiment) could be incorporated should they become relevant in the future.
> 
