**assistant**:
> Below are selected log entries of past conversations, as part of an experimental AI memory system. They may have no bearing on the chat.
> 
> 
>   2024-01-25:
>   Editing a Specific WordPress Page in HTML
> 
> 
> 
>   2022-12-21:
>   James asked about Lenfest grants and user-defined exceptions; Arachne explained methods in Python and suggested Zoom interview title guidelines.
> 
> 
> 
>   2023-12-11:
>   Accessing Columns and Iterating Rows in Julia DataFrames
> 
> 
> 
>   2023-08-18:
>   How to label features in QGIS using field values; Achieving automatic label placement for visibility.
> 
> 
> 
>   2024-01-18:
>   Confirming FFmpeg Installation Location on Ubuntu Server
> 
> 
> 
>   2023-07-25:
>   Dell OptiPlex BIOS startup key provided; Instructions on setting up Windows to boot from USB given.
> 
> 
> 
>   2023-08-07:
>   James asked about preserving old books with torn bindings; Arachne provided instructions and recommended bookbinding tape for repairing damaged spines.
> 
> 
> 
>   2024-01-19:
>   Regretfully Misaligned Research Interests
> 
> 
> 
>   2023-05-15:
>   James inquired about checking a structure's attributes in Julia; Arachne described how to use `hasfield`, and also suggested an approach for running code in a package without including it.
> 
> 
> 
>   2024-01-03:
>   Installing Previous Versions of R Packages with `devtools`
> 
> 
>     
**user**:
> How can I estimate an elasticity directly from data on deciles of a population?
**assistant**:
> Estimating an elasticity directly from decile data can be approached in a few steps:
> 
> 1. **Calculate the mid-point of each decile**: Begin by sorting the data and dividing it into ten equal parts. The mid-point of each decile can be calculated by taking the average of the maximum and minimum value within each decile. This method assumes that income (or whatever variable you're interested in) is uniformly distributed within each decile, which is a simplifying assumption.
> 
> 2. **Calculate the average value of the variable across all the data**: The average is simply the sum of all instances divided by the total number of instances.
> 
> 3. **Determine the proportional change**: A common measure of elasticity is the proportional change in one variable that results from a proportionate change in another. Calculate the proportional change in a variable from the average to the midpoint of each decile. This will give you a proportional change for each decile.
> 
> 4. **Apply the proportional change to the variable of interest**: In each decile, apply the proportional change to the variable for which you want to determine an elasticity.
> 
> 5. **Estimate the elasticity**: The estimated elasticity can then be calculated for each decile as the proportional change in the outcome variable divided by the proportional change in the input variable. 
> 
> This method provides a rough estimate of the elasticity directly from the data and can give you a sense of how the elasticity varies across deciles, but it's important to remember that it's a simplified estimate and may not fully capture the underlying relationships in the data.
> 
> Also, it is important to remember that this approach assumes that a variable's elasticity is constant across all deciles, which is not always the case. For a more refined estimate, you could perform a regression analysis with interaction terms to allow for varying elasticity across deciles.
> 
> I hope this answer helps you in your research. If you have any further questions or need clarification, please feel free to ask!
**user**:
> How would I do this with a regression?
**assistant**:
> To estimate elasticity using regression analysis with decile data, you can follow these steps:
> 
> 1. **Prepare your data**: Organize your data so that you have the midpoint of each decile as one variable (the independent variable) and the variable of interest as another variable (the dependent variable).
> 
> 2. **Create indicator variables**: Create indicator variables for each decile. These binary variables will indicate which decile a data point belongs to. For example, you would create 9 indicator variables for 10 deciles, with one decile serving as the reference category.
> 
> 3. **Run a regression model**: In the regression model, include the midpoint variable, the indicator variables for deciles, and potentially other control variables that may be relevant. Your regression equation might look something like this:
> 
> \[ Y = \beta_0 + \beta_1*X + \beta_2*D2 + \beta_3*D3 + ... + \beta_9*D9 + \epsilon \]
> 
> - \( Y \) is the dependent variable.
> - \( X \) is the midpoint variable.
> - \( D2, D3, ..., D9 \) are the indicator variables for the deciles 2 to 9.
> - \( \beta_0 \) is the intercept term.
> - \( \beta_1 \) is the coefficient for the midpoint variable, representing the elasticity.
> - \( \beta_2, \beta_3, ..., \beta_9 \) are the coefficients for the indicator variables.
> - \( \epsilon \) is the error term.
> 
> 4. **Interpret the elasticity**: The coefficient \( \beta_1 \) for the midpoint variable \( X \) in the regression output represents the estimated elasticity. 
> 
> 5. **Test for statistical significance**: Check the significance of the coefficient to see if the elasticity estimate is statistically significant. You can also perform tests for model fit and other diagnostics to ensure the validity of the regression results.
> 
> By using regression analysis, you can estimate the elasticity based on decile data while accounting for potential variations across different deciles and controlling for other factors that may influence the relationship between the variables.
> 
> If you need further assistance or have more questions on this topic, feel free to ask!
