**assistant**:
> Below are selected log entries of past conversations, as part of an experimental AI memory system. T
**user**:
> Conversation opened. 1 read message.
> 
> Skip to content
> Using Gmail with screen readers
> 
> 8 of 1,258
> Seeking your supervision and Mentorship.
> Inbox
> 
> temitope tolorunju <tolorunjuibad@gmail.com>
> Attachments
> Mon, Jun 3, 3:41 PM (17 hours ago)
> to jrising@udel.edu
> 
> I am Tolorunju Temitope, a prospective student for a Ph.D studies in the department of Marine Policy, University of Delaware.
> I had a Bachelor's degree in Aquaculture and Fisheries Management from the University of Agriculture, Abeokuta, Nigeria in 2001. I then earned a Masters degree in the department of Aquaculture and Fisheries Management, from the prestigious University of Ibadan, Ibadan, Nigeria.
> While I was reading through your  profile Online, I was inspired by your Scholarly accomplishment and also found out that your research areas, especially your works  are all in tandem with my research interest for my proposed doctoral studies in the department of Marine Policy, College of Earth, Ocean and Environmental Sciences, University of  Delaware, which  are on climate change, empirical estimates and social environment systems.
> I will be elated to have you accept me  as your Supervisee and by extension my Mentor, which will also be another of  your contributions to mitigating the effect climate especially in the Global South through capacity building and training experts from climate change worst hit regions.
> Please, find attached to this letter my doctoral studies research proposal, CV, Transcripts and Statement of purpose, all for my admission purposes.
> Your scholarly critique and enriching observations on the proposal and others are all welcome sir.
> Thank you for your time.
> Temitope
>  5 Attachments
>   •  Scanned by Gmail
**assistant**:
> Here's a summary of the core details and questions from Temitope's email:
> 
> - **Program of interest:** Ph.D. in Marine Policy
> - **Specific queries:** Request for supervision and mentorship, and feedback on attached documents (research proposal, CV, transcripts, and statement of purpose).
> 
> No other affiliations or background in the local Delaware/Mid-Atlantic area, or specific schools like MIT, Columbia, UC Berkeley, UChicago, LSE, or UD were mentioned.
> 
> Do you have any particular feedback on Temitope's documents that you would like to include in your response? Or should I proceed to draft the response email without detailed feedback on the attachments?
**user**:
> Just draft a response.
**assistant**:
> Subject: Re: Seeking your supervision and Mentorship
> 
> Dear Temitope,
> 
> Thank you for reaching out to me regarding your interest in pursuing a Ph.D. in Marine Policy at the University of Delaware. I appreciate your kind words about my research work and am glad to hear that our research interests align.
> 
> I am honored by your request for supervision and mentorship for your proposed doctoral studies. I commend your dedication to addressing climate change and social environmental systems, especially in regions heavily impacted by climate change.
> 
> I have reviewed the attachments you provided, including your research proposal, CV, transcripts, and statement of purpose. Your commitment and academic background in Aquaculture and Fisheries Management are impressive and will undoubtedly be assets in pursuing research in Marine Policy.
> 
> I will provide constructive feedback and observations on your documents to help strengthen your application for admission to the Ph.D. program. I believe your research interests and goals align well with the research focus of our department.
> 
> I look forward to the possibility of working together on your doctoral studies and contributing to your academic and research journey. Please feel free to reach out if you have any further questions or need additional guidance.
> 
> Thank you once again for considering me as your potential supervisor and mentor. Your dedication to mitigating the effects of climate change is commendable, and I am excited about the prospect of collaborating with you.
> 
> Warm regards,
> 
> James Rising
> [Your Title]
> [Your Contact Information]
**user**:
> Can you please make a much shorter response?
**assistant**:
> Subject: Re: Seeking your supervision and Mentorship
> 
> Dear Temitope,
> 
> Thank you for considering me as your prospective supervisor and mentor for your Ph.D. studies in Marine Policy at the University of Delaware. I appreciate your interest in aligning our research interests.
> 
> I will provide feedback on your attached documents to support your application. Your background and proposed research focus are impressive and relevant to our department.
> 
> I look forward to potentially collaborating with you on your doctoral journey. Feel free to reach out with any further questions.
> 
> Best regards,
> 
> James Rising
