**user**:
> I have a new Windows machine and I would like to set it up to dual-boot with Ubuntu. What are the steps for this?
**assistant**:
> Sure, James. Here's how to set up a dual-boot with Ubuntu on your new Windows machine:
> 
> ## Back up your data
> 
> **Please ensure that you back up your data before proceeding**. Creating a new partition and installing a new OS can potentially lead to data loss if not done properly.
> 
> ## Performance Check
> 
> Ensure that your system meets the minimum requirements for Ubuntu:
> 
> - 2 GHz dual core processor or better
> - 4 GB system memory
> - 25 GB of free hard drive space
> 
> ## Create A Space on The Hard Drive for Ubuntu
> 
> 1. **Search** for `Disk Management` in Windows and select the `Create and format hard disk partitions`.
> 
> 2. **Right-click** on the main partition (usually C:) and select `Shrink Volume`.
> 
> 3. **Decide how much space you want for your Ubuntu partition**. Ubuntu recommends at least 25 GB of space. This will be in MB in Disk Management, so multiply the number of GB you want by 1024 (e.g., 25*1024 MB for 25 GB).
> 
> 4. **Click** on the `Shrink` button.
> 
> A *black unallocated space* will appear for you to install Ubuntu on.
> 
> ## Download Ubuntu
> 
> 1. Go to Ubuntu’s website and download the ISO file of the version you want to install.
>    Download Link - https://ubuntu.com/download/desktop
> 
> ## Create a bootable Ubuntu USB 
> 
> 1. Download Rufus, a free and open-source portable application for Microsoft Windows that can be used to format and create bootable USB flash drives.
>    Download Rufus - https://rufus.ie/
> 
> 2. Open Rufus, **select** your USB drive, Ubuntu ISO file and then **click** `Start`.
> 
> ## BIOS setup
> 
> 1. **Restart** your PC and press the key to enter BIOS setup (often `ESC`, `F12`, `F1`, `F2`, or `DEL`), check your PC's user manual if unsure.
> 
> 2. Under `Boot` tab in BIOS, make sure the `USB HDD` is at the top of the boot order.
> 
> 3. **Save** changes, and **exit** BIOS.
> 
> Your PC should start from the USB drive and display the Ubuntu installation menu.
> 
> ## Installing Ubuntu
> 
> 1. **Select** `Install Ubuntu`, choose your **language** and *continue*.
>    
> 2. Make sure to **check** both `Download updates while installing Ubuntu` and `Install third-party software for graphics and Wi-Fi hardware and additional media formats`.
> 
> 3. When prompted with `Installation type` select `Something else` and *continue*.
> 
> 4. In partitioning window, **select** the `free space` (this will be the space we created earlier in Windows) and *click* `+` button underneath.
> 
> 5. **Create** the following partitions (The sizes provided are examples, adjust based on your requirements and the total disk space you have set aside for Ubuntu):
> 
>    * **`/ (root)`**: This is where Ubuntu itself will be installed. Choose `Primary` type, `EXT4` for format, and `/` for mount. Size can be the majority of your available space, let's say, 20 GB if you've dedicated 25 GB in total.
> 
>    * **`swap`**: This acts as extra memory. Choose `Primary` type, and select `swap area` for the format. Size is typically equal to or double your RAM size (if your RAM size is less than 4GB), or around 4GB if your RAM size is 4GB or more.
> 
>    * **`/home`**: This is where your personal files will be stored. Choose `Primary` type, `EXT4` for the format, and `/home` for the mount. Use the rest of your remaining space for this partition.
> 
> 6. **Select** the `EXT4` partition you just created and that the bootloader will be installed to the `EFI partition`.
> 
> 7. Then **click** `Install Now`. 
> 
> 8. After some time, Ubuntu will prompt you to restart your system. 
> 
> Now your Windows machine is able to dual boot Ubuntu! Every time you boot or restart, you will be given the option to start Ubuntu or Windows. Congratulations, and enjoy Ubuntu!
> 
> Remember, if you need help at any point during this process, don't hesitate to ask.
**user**:
> In the Ubuntu installation, I'm given the option to install ubuntu alongside windows boot manager. Isn't this what I want? What is the advantage of choosing "something else"?
**assistant**:
> Yes, the option to install Ubuntu alongside Windows Boot Manager is indeed a convenient option. It automatically detects the available free space on your hard drive and sets up the partitions for Ubuntu without any user intervention. This option is recommended for most users who want a simple and hassle-free dual-boot setup.
> 
> On the other hand, choosing the "Something else" option gives you more control over the partitioning process. It allows you to manually create, resize, or modify partitions according to your specific requirements. This can be useful if you have a particular partition setup in mind, want to use separate partitions for specific purposes, or want to make adjustments to an existing partition layout.
> 
> Here are a few advantages of choosing the "Something else" option:
> 
> 1. **Custom Partition Layout**: You can create custom partitions with specific sizes and mount points according to your needs. For example, you can create separate partitions for the root directory (`/`), home directory (`/home`), and swap space.
> 
> 2. **Preserving Existing Partitions**: If you have already set up partitions for specific purposes on your hard drive, choosing "Something else" allows you to preserve those partitions while adding Ubuntu to the mix.
> 
> 3. **Advanced Partitioning**: If you are experienced in partition management or have advanced requirements, the "Something else" option enables you to make fine-grained adjustments to partition sizes, formats, and mount points.
> 
> Choosing "Something else" requires a basic understanding of partitioning concepts, so if you're comfortable with that and want more control over the partition setup, feel free to select this option. Otherwise, the "Install alongside Windows Boot Manager" option will work perfectly fine for most users.
**user**:
> Why is it useful to have /home on a different partition than boot?
**assistant**:
> Having the `/home` directory on a separate partition from the `boot` partition can provide several benefits:
> 
> 1. **Data Separation**: By separating the system files (`boot`) from the user's data (`/home`), you minimize the risk of accidentally damaging or overwriting important user files during system upgrades or reinstallation. If you ever need to reinstall or upgrade your Ubuntu system, you can do so without affecting your personal files, settings, and customizations stored in `/home`.
> 
> 2. **Easier System Upgrades**: When a new version of Ubuntu is released, a clean installation is often recommended to avoid potential conflicts and improve performance. With a separate `/home` partition, you can perform a fresh installation of the new version without the need to backup and restore all your personal files. Simply mount the existing `/home` partition during the new installation, and your files will be readily accessible.
> 
> 3. **Operating System Flexibility**: If you wish to try out a different Linux distribution or switch between multiple distributions, having a separate `/home` partition allows you to keep your personal files and settings intact. You can install the new distribution or switch between existing ones while mounting the shared `/home` partition, providing a seamless transition without the need to backup and restore data.
> 
> 4. **File System Maintenance**: Having separate partitions for `/home` and `/boot` can make it easier to manage and maintain the file system. For example, if you want to reinstall or reformat the system partition (`/boot`) for any reason, it can be done without affecting the user's data on `/home`.
> 
> While having a separate `/home` partition offers these benefits, it's not a mandatory requirement. It ultimately depends on your specific needs and preferences. If you are comfortable managing all your personal files within the same partition as the system files, it simplifies the partitioning process. However, if you value the separation of system files and user data for better organization and easier system management, a separate `/home` partition can be advantageous.
