**assistant**:
> Below are selected log entries of past conversations, as part of an experimental AI memory system. T
**user**:
> I want to clean up some code, and add docstrings. Can you do this for the following file?
> 
> ```
> ################################################################################
> # Filename: cusomter.jl
> # Information about the fleet of cars available for charging.
> ################################################################################
> 
> # Inputs from current state
> vehicles = 4.
> vehicle_capacity = 75.7 # kWh / vehicle
> driving_energy_perhour = 329 * 42 / 8 / 1e3 # Wh/mile * miles/day * day/8 hr
> 
> energy_9am = vehicles * 329 * 42 / 1e3 + 0.3 * vehicle_capacity * vehicles # Requirement at 9am: Wh/mile * miles/day
> enerfrac_9am = energy_9am / (vehicle_capacity * vehicles)
> 
> """
> Specify the energy scheduled to be needed at any given future time (ignoring unscheduled activity)
> """
> function enerfrac_scheduled(dt::DateTime)
>     date_part = Dates.Date(dt)
>     dt_9am = DateTime(date_part, Dates.Time(9, 0, 0))
> 
>     if dt_9am - periodstep(1) ≤ dt < dt_9am
>         return enerfrac_9am
>     else
>         return enerfrac_min
>     end
> end
> 
> # Preferences
> weight_portion_below = 1.
> ```
**assistant**:
> Sure, I can help clean up the code and add docstrings. Here's a revised version:
> 
> ```julia
> ################################################################################
> # Filename: customer.jl
> # Information about the fleet of cars available for charging.
> ################################################################################
> 
> # Inputs from current state
> 
> # Number of vehicles
> vehicles = 4
> 
> # Vehicle battery capacity in kilowatt-hours (kWh) per vehicle
> vehicle_capacity = 75.7 
> 
> # Energy consumed by each vehicle per hour (kWh)
> driving_energy_perhour = 329 * 42 / 8 / 1e3  # Wh/mile * miles/day * (conversion to kWh)
> 
> # Total energy requirement at 9am in kWh
> energy_9am = vehicles * 329 * 42 / 1e3 + 0.3 * vehicle_capacity * vehicles  
> # Fraction of energy required at 9am relative to total capacity
> enerfrac_9am = energy_9am / (vehicle_capacity * vehicles)
> 
> """
>     enerfrac_scheduled(dt::DateTime) -> Float64
> 
> Calculate the energy fraction required at any given future time based on a schedule, 
> ignoring unscheduled activity.
> 
> # Arguments
> - `dt::DateTime`: The datetime for which the energy fraction is being calculated.
> 
> # Returns
> - `Float64`: The fraction of energy required.
> 
> """
> function enerfrac_scheduled(dt::DateTime)
>     # Extract the date part from the DateTime
>     date_part = Dates.Date(dt)
> 
>     # Set the target time at 9:00 AM on the same day
>     dt_9am = DateTime(date_part, Dates.Time(9, 0, 0))
> 
>     # Calculate the fraction of energy needed
>     if dt_9am - periodstep(1) ≤ dt < dt_9am
>         return enerfrac_9am
>     else
>         return enerfrac_min
>     end
> end
> 
> # Preferences
> 
> # Weight assigned to the portion of energy below a certain threshold
> weight_portion_below = 1.0
> ```
> 
> Notes on the changes:
> 1. Removed the periods after the numbers for `vehicles` and `weight_portion_below` to make them integers and floats respectively.
> 2. Clarified the comments explaining each variable.
> 3. Added a comprehensive docstring for the `enerfrac_scheduled` function.
> 4. Assumed `enerfrac_min` and `periodstep` are defined elsewhere in your code; you might need to adjust these according to your complete code context.
> 
> Is there anything else you'd like to refine or add?
**user**:
> Can you also make a simple unit test for this file?
**assistant**:
> Certainly! Here's a simple unit test for the `enerfrac_scheduled` function included in the same file or in a separate test file. For demonstration, I'll assume you're using Julia's built-in `Test` standard library.
> 
> Here's how you might set up a unit test:
> 
> ```julia
> using Test
> using Dates
> 
> # Include the functions you're testing
> # include("customer.jl")  # Uncomment if in a separate file
> 
> # Define a minimum energy fraction for testing
> const enerfrac_min = 0.0  # Example value, adjust based on your actual logic
> 
> # Simple unit tests for the enerfrac_scheduled function
> @testset "Energy Fraction Scheduled Tests" begin
>     
>     # Test case 1: Before 9 AM
>     dt_early = DateTime(2024, 7, 31, 8, 0, 0)
>     @test enerfrac_scheduled(dt_early) == enerfrac_min
> 
>     # Test case 2: Exactly at 9 AM
>     dt_at_9am = DateTime(2024, 7, 31, 9, 0, 0)
>     @test enerfrac_scheduled(dt_at_9am) == enerfrac_min
> 
>     # Test case 3: Just after 9 AM
>     dt_late = DateTime(2024, 7, 31, 9, 1, 0)
>     @test enerfrac_scheduled(dt_late) == enerfrac_min
> 
>     # Test case 4: Within the scheduled period (yesterday)
>     dt_scheduled = DateTime(2024, 7, 30, 9, 0, 0)
>     @test enerfrac_scheduled(dt_scheduled) == enerfrac_9am
> 
> end
> ```
> 
> ### Explanation of the Tests:
> 1. **Test Case 1:** Checks the function's output for a time before 9 AM to verify that it returns `enerfrac_min`.
> 2. **Test Case 2:** Checks the output exactly at 9 AM.
> 3. **Test Case 3:** Checks a case just after 9 AM to ensure it also returns `enerfrac_min`.
> 4. **Test Case 4:** Tests a time on the previous day at 9 AM to verify it returns `enerfrac_9am`.
> 
> ### Notes:
> - Make sure to replace `enerfrac_min` with the appropriate value from your implementation.
> - Adjust the `include("customer.jl")` line based on your file structure. If the test code is in a separate file, ensure it includes your original module or the necessary functions.
> - You may want to use `set!()` to configure any constants or variables if your testing environment requires isolation.
> 
> Let me know if you need any additional adjustments or explanations!
