**assistant**:
> Below are selected log entries of past conversations, as part of an experimental AI memory system. They may have no bearing on the chat.
> 
> 
>   2023-11-10:
>   Understanding NOAA Buoy Data
> 
> 
> 
>   2023-09-29:
>   Estimating Offshore Wind Power Potential
> 
> 
> 
>   2023-08-17:
>   Exploring Wave Energy Potential in Delaware
> 
> 
> 
>   2023-11-07:
>   Estimating Current Climate Losses - Methodology and Approach
> 
> 
> 
>   2023-08-21:
>   Summarize activities in Delaware marine waters; Highlight importance of ocean observing assets.
> 
> 
> 
>   2023-09-01:
>   HTML to LaTeX Table Translation
> 
> 
> 
>   2023-08-11:
>   James requested details on an undersea electricity transmission hub; Arachne provided relevant information and stakeholders.
> 
> 
> 
>   2023-09-30:
>   Expansion of Outline into Prose for Delaware's Marine Activities Report
> 
> 
> 
>   2023-08-11:
>   James seeks information on resources for Delaware's Ocean & Bay Plan; Arachne identifies recreational fishing, sand borrow locations, and artificial reefs, with relevant details provided.
> 
> 
> 
>   2023-11-26:
>   Approximating p under A << 1 assumption
> 
> 
>     
**user**:
> I have the following information from NOAA buoy's:
> Standard Meteorological Data
> WDIR
> Wind direction (the direction the wind is coming from in degrees clockwise from true N) during the same period used for WSPD. See Wind Averaging Methods
> WSPD
> Wind speed (m/s) averaged over an eight-minute period for buoys and a two-minute period for land stations. Reported Hourly. See Wind Averaging Methods.
> GST
> Peak 5 or 8 second gust speed (m/s) measured during the eight-minute or two-minute period. The 5 or 8 second period can be determined by payload, See the Sensor Reporting, Sampling, and Accuracy section.
> WVHT
> Significant wave height (meters) is calculated as the average of the highest one-third of all of the wave heights during the 20-minute sampling period. See the Wave Measurements section. Note: Buoy WVHTs are combined seas whereas Ship WVHTs are observed wind wave heights.
> DPD
> Dominant wave period (seconds) is the period with the maximum wave energy. See the Wave Measurements section.
> APD
> Average wave period (seconds) of all waves during the 20-minute period. See the Wave Measurements section.
> MWD
> Mean wave direction corresponding to energy of the dominant period (DOMPD). The units are degrees from true North just like wind direction. See the Wave Measurements section.
> PRES
> Sea level pressure (hPa). For C-MAN sites and Great Lakes buoys, the recorded pressure is reduced to sea level using the method described in NWS Technical Procedures Bulletin 291 (11/14/80).
> PTDY
> Pressure Tendency is the direction (plus or minus) and the amount of pressure change (hPa) for a three hour period ending at the time of observation.
> ATMP
> Air temperature (Celsius). For sensor heights on buoys, see Hull Descriptions. For sensor heights at C-MAN stations, see C-MAN Sensor Locations
> WTMP
> Sea surface temperature (Celsius). For sensor depth, see Hull Description.
> DEWP
> Dewpoint temperature taken at the same height as the air temperature measurement.
> VIS
> Station visibility (statute miles). Note that buoy stations are limited to reports from 0 to 1.9 miles.
> TCC
> Total cloud cover (eighths). The total fraction of the sky covered by clouds of all types.
> TIDE
> The water level in feet above or below Mean Lower Low Water (MLLW).
> Swell Wave Data
> S1HT
> Height of primary swell waves. Swell wave height is the vertical distance between any swell wave crest and the succeeding swell wave trough.
> S1PD
> Period of primary swell waves. Swell wave period is the time that it takes two successive swell wave crests to pass a fixed point.
> S1DIR
> True compass direction, in tens of degrees, from which primary swell waves are coming from.
> S2HT
> Height of the secondary swell waves. Swell wave height is the vertical distance between any swell wave crest and the succeeding swell wave trough.
> S2PD
> Period of secondary swell waves. Swell wave period is the time that it takes two successive swell wave crests to pass a fixed point.
> S2DIR
> True compass direction, in tens of degrees, from which secondary swell waves are coming from.
> 
> Given this information, can I estimate the direction and speed of surface ocean currents?
**assistant**:
> The direct measurements of wind, wave, and sea level data that you have from your NOAA buoy readings can provide some insights into the potential direction and speed of surface ocean currents, but it's important to note that these data alone cannot allow for precise estimation. Ocean currents are influenced by a number of factors including wind speed and direction, temperature gradients, fresh water input, and the Coriolis effect. 
> 
> Although there is a relationship between wind direction and wave direction to ocean current direction due to Ekman Transport, the data you have doesn't contain all the aspects required for calculating ocean currents (like sea water density, salinity, thermal structure, etc). Moreover, the precise speed of surface currents is also influenced by the geostrophic balance between pressure gradient forces and the Coriolis effect. 
> 
> For a precise calculation, you would need more data, methodologies, or models that cover more variables affecting ocean currents. For example, you could make use of satellite altimeter data which has been used to calculate the geostrophic currents of the ocean or use numerical ocean models.
> 
> That being said, often in the upper layer of the ocean, there exists a direct correlation between wind direction and surface current direction; this correlation becomes less pronounced with depth. So, wind data in combination with wave data can provide rough approximations or qualitatively indicate the surface current direction. 
> 
> Please consult with an expert in physical oceanography or a related field for more detailed calculations or prediction models to obtain reliable estimates on the speed and direction of ocean currents.
**user**:
> Can you provide an approximate relationship for translating wind and wave speed and direction into surface current speed and direction?
**assistant**:
> While I can provide a simplified approximation of the relationship between wind and wave data and surface current speed and direction, please keep in mind that this is a rough estimate and relies on several assumptions. The Ekman transport theory is commonly used to establish a relationship between wind and current patterns near the ocean surface.
> 
> 1. Wind Speed and Surface Current Speed:
> - Generally, higher wind speeds tend to result in faster surface current speeds.
> - However, the relationship between wind speed and surface current speed is not linear and can be affected by various factors such as the fetch (distance over which wind blows over the water), water depth, and local conditions.
> - As a very rough estimate, an increase in wind speed may result in a proportional increase in surface current speed. However, this relationship can vary depending on regional characteristics and other factors.
> 
> 2. Wind Direction and Surface Current Direction:
> - The relationship between wind direction and surface current direction depends on the latitude and the overall wind and pressure systems in the area.
> - In the Northern Hemisphere, the surface currents tend to be deflected to the right of the wind direction due to the Coriolis effect. So, the surface current direction may be slightly to the right of the wind direction.
> - In the Southern Hemisphere, the surface currents tend to be deflected to the left of the wind direction due to the Coriolis effect.
> 
> When it comes to wave data, there is a relationship between wind and wave direction, known as the "wave ene
