**assistant**:
> The most relevant past conversation is from **2024-04-07 21:44:10**:  James asked about optimizing t
**user**:
> How can I provide a smooth speaking experience when I'm using the web speechSynthesis API when the inputs is being collected from a streaming response. I currently use the code:
>     textout = ""
>     while (true) {
> 	const {done, value} = await reader.read();
> 	const text = new TextDecoder().decode(value);
> 	if (done) {
> 	    break
> 	}
> 	textout += text;
>     }
> 
>     speak_ui(textout, $('#voice'), $('#pitch').val(), $('#rate').val());
> 
> But I don't like that this has to wait until the entire streamed output has been recieved.
**assistant**:
> To achieve a more seamless speaking experience using the `speechSynthesis` API with a streaming input, you can utilize a strategy that handles smaller chunks of text as they arrive, instead of waiting for the entire output. This involves synthesizing speech in real-time as data is being read from the stream. Here's a modified version of your code to achieve that:
> 
> ```javascript
> async function speakStream(reader, voice, pitch, rate) {
>     const synth = window.speechSynthesis;
>     const decoder = new TextDecoder();
>     let speaking = false;
> 
>     while (true) {
>         const { done, value } = await reader.read();
>         
>         if (done) {
>             break;
>         }
> 
>         const text = decoder.decode(value);
>         
>         if (text.trim()) {
>             if (!speaking || synth.paused) {
>                 // If it's not currently speaking, or if it's paused, initiate speaking
>                 const utterance = new SpeechSynthesisUtterance(text);
>                 utterance.voice = voice;
>                 utterance.pitch = pitch;
>                 utterance.rate = rate;
> 
>                 utterance.onstart = () => {
>                     speaking = true;
>                 };
> 
>                 utterance.onend = () => {
>                     speaking = false;
>                 };
> 
>                 synth.speak(utterance);
>             } else {
>                 // If speech is ongoing, queue up the next utterance
>                 synth.cancel();  // Optional: Cancel current speech and start new
>                 const utterance = new SpeechSynthesisUtterance(text);
>                 utterance.voice = voice;
>                 utterance.pitch = pitch;
>                 utterance.rate = rate;
> 
>                 synth.speak(utterance);
>             }
>         }
>         
>         // Optional delay to allow time to process speech output before resuming reading more
>         await new Promise(resolve => setTimeout(resolve, 250));
>     }
> }
> 
> // Usage example
> // speakStream(readerFromStream, $('#voice')[0], $('#pitch').val(), $('#rate').val());
> ```
> 
> ### Key Points:
> 
> - **Real-Time Streaming**: The function reads from the stream in chunks and immediately processes and speaks each chunk using `speechSynthesis`.
>   
> - **SpeechSynthesis Management**: It ensures that a new `SpeechSynthesisUtterance` is created for each piece of text, adjusting the pitch, rate, and voice dynamically as per your controls.
> 
> - **Concurrency Control**: While it might be tempting to use `speechSynthesis.cancel()` to stop current speech immediately and start a new one, this can lead to rapid cancellation that sounds jarring. Experiment with it according to your needs.
> 
> - **Pause Handling**: If the stream continues while speech synthesis is ongoing, use queuing logic or pauses to control overlap.
> 
> This approach should help you maintain a nearly real-time feedback loop for speech synthesis as text data streams in. Customize the behavior to better suit the nuances of your speech content and streaming speed.
**user**:
> The input from the stream often comes in a single character at a time. Will this work in that case?
**assistant**:
> If the input from the stream comes in character by character, you'll need to modify the approach slightly to accommodate constructing meaningful chunks of text before passing them to the `speechSynthesis` API. Here’s how you can handle it:
> 
> 1. **Buffer Incoming Characters**: Collect characters until you reach a certain threshold (like a punctuation mark, or after a few characters) before speaking.
> 2. **Check for Silence**: Implement a brief pause after receiving a character to allow the stream to potentially send more characters, before deciding to synthesize speech.
> 
> Here’s an example of how you can implement this:
> 
> ```javascript
> async function speakStream(reader, voice, pitch, rate) {
>     const synth = window.speechSynthesis;
>     const decoder = new TextDecoder();
>     let buffer = '';
>     const maxBufferLength = 100; // or any suitable length
>     let speaking = false;
> 
>     while (true) {
>         const { done, value } = await reader.read();
>         
>         if (done) {
>             break;
>         }
> 
>         const text = decoder.decode(value);
>         buffer += text;
> 
>         // Check if buffer size exceeds max limit or if a pause occurs after certain characters
>         if (buffer.length >= maxBufferLength || buffer.endsWith('.') || buffer.endsWith('!') || buffer.endsWith('?')) {
>             if (!speaking) {
>                 const utterance = new SpeechSynthesisUtterance(buffer);
>                 utterance.voice = voice;
>                 utterance.pitch = pitch;
>                 utterance.rate = rate;
> 
>                 utterance.onstart = () => {
>                     speaking = true;
>                 };
> 
>                 utterance.onend = () => {
>                     speaking = false;
>                 };
> 
>                 synth.speak(utterance);
>                 buffer = ''; // Clear buffer after speaking
>             }
>         }
> 
>         // Optional delay to prevent overwhelming the synthesis engine
>         await new Promise(resolve => setTimeout(resolve, 100)); // Adjust the delay based on performance
>     }
> 
>     // Speak any remaining content in the buffer after the stream ends
>     if (buffer.length > 0) {
>         const utterance = new SpeechSynthesisUtterance(buffer);
>         utterance.voice = voice;
>         utterance.pitch = pitch;
>         utterance.rate = rate;
> 
>         synth.speak(utterance);
>     }
> }
> 
> // Usage example
> // speakStream(readerFromStream, $('#voice')[0], $('#pitch').val(), $('#rate').val());
> ```
> 
> ### Key Changes:
> 
> - **Buffering**: The code collects characters in a buffer until either the buffer reaches a predefined size or a punctuation mark is encountered (indicating that you have a complete thought or sentence).
>   
> - **Speaking Logic**: Once the buffer is large enough or appropriate to speak, it creates a `SpeechSynthesisUtterance` and speaks the content, then clears the buffer.
> 
> - **Final Buffer Check**: After completing the read loop, it checks if there’s any remaining text in the buffer and speaks it.
> 
> This approach should provide a smoother speaking experience, even with character-by-character input, by allowing the speech synthesis to occur at appropriate moments rather than as individual characters are received. Adjust the `maxBufferLength` and the conditions for speaking to best fit your use case.
