**user**:
> I'm writing a story that takes place in Salem, MA in 1657. My ancestor, also named James, has just arrived in the city and is about to meet his future wife, Elizabeth. He doesn't know it yet, but she's a witch. I think we'll show her animal-based powers soon, but first I need to just her to show herself as an independent-minded woman when they first meet. Maybe with a little rom-com misunderstanding too. Any suggestions? Maybe something with a wild-west feel, since that also underlies the story.
**assistant**:
> It sounds like a delightful story with some intriguing elements! Here's a suggestion for their first meeting that combines the independent spirit of Elizabeth with a touch of rom-com misunderstanding.
> 
> **Scene:**
> 
> James has just arrived in Salem, weary from his travels. As he walks through the bustling marketplace, he notices a curious commotion in a nearby stall selling fabric and sewing supplies. 
> 
> Elizabeth is an independent-minded, self-sufficient woman who runs this stall, known for her unusual and vibrant fabrics. She's in a playful argument with a local merchant. They are loudly discussing the quality of his goods and how they pale in comparison to the fabrics she imports, which she claims have far more character—as if they themselves tell stories.
> 
> **Misunderstanding:**
> 
> James, unfamiliar with the local dialects and Elizabeth's quick wit, overhears Elizabeth exclaim, "I'd sooner believe these threads could weave themselves than put stock in your drab cloth!" Thinking this woman must actually believe in magical, self-weaving fabric, and wondering at the oddity, he interrupts to "correct" her misunderstanding in a typically 1650s gentlemanly manner.
> 
> Elizabeth laughs, amused by his earnest yet misguided assumption, and counters by challenging him to help with the situation. She hands him a few bolts of her colorful fabric and asks him to judge their merits against the merchant's wares. Contrasting the vivid, intricate designs with the dull, simple ones, James soon finds himself ensnared by Elizabeth's cleverness and charm.
> 
> **Sparks and Connection:**
> 
> As they test the fabrics together, Elizabeth shares her views on independent living and the power of craftsmanship, unknowingly weaving a deeper magic—one of charm and connection. James is captivated by her intelligence and self-assurance. He awkwardly tries to impress by offering to carry the fabrics back to her stall—a classic gesture—but Elizabeth brushes him off with a quick, knowing smile, insisting she can handle it herself. It’s clear she is more than capable of taking care of herself.
> 
> Through this encounter, you've set the stage not just for Elizabeth's independence but also hinted at her latent mystical talents—perhaps hinted by the unusually patterned fabrics that give a nod to her secret abilities. This sets up exciting tension and chemistry that can be drawn on as the story unfolds, particularly when her animal-based powers are revealed in future scenes.
