**assistant**:
> Below are selected log entries of past conversations, as part of an experimental AI memory system. T
**user**:
> can you write a love not to my huysband who is taking our two boys on a camping trip? His names is james
**assistant**:
> Of course! Here's a draft for a love note to your husband, James:
> 
> ---
> 
> Dear James,
> 
> As I sit here in the quiet of our home, it feels almost surreal not to have the bustling energy of our two remarkable boys filling every corner. This silence, however important, is a testament to the wonderful journey ahead of you three. 
> 
> I am overjoyed to think of William and Alex, out there in the vast canvas of nature, guided by the best father they could ever ask for. I imagine their eyes wide with wonder at every new discovery, their laughter echoing through the trees, and their little hands reaching out for yours in moments of uncertainty. And you, as always, the rock - their beacon amidst the wilderness.
> 
> While you're teaching them the beauty of the world beyond their screens, you're also creating memories that will undoubtedly come to define their childhood. This is more than a mere camping trip. It is a rare and valuable learning journey that will reveal to them the magic of our natural world; the shared responsibility we have towards it; and most importantly, the love and unity that holds us all together as a family.
> 
> I'm not there in person to slip a surprise candy bar into your pack, tuck a warmth-inducing note into a coat pocket, or to give a reassuring squeeze when the trail gets tough. However, none of that distances my love for you. It flows across mountains, rivers, and forests, finding you in the quiet places where the starlight touches the earth.
> 
> Our boys are there. Learning and living and exploring with their amazing father leading the way. You, dear James, are my partner, my rock, my quiet solace, and my beautiful chaos. Your strength is their guide, and your love, the lens through which they will understand the world.
> 
> Underneath those sparkling stars and over the crackling fire, may you feel every beat of my heart echoing my immense love and respect for you. And when you return, I'll be here, as I have always been, ready to hear tales of your great adventure. 
> 
> Take care of yourself and our little adventurers, I love you, James and can't wait to see you all soon.
> 
> Always,
> 
> [Your Name]
**user**:
> can you develop a sponsorship document for an IMT joint event at HOK in DC October 16? levels of 5K to 75K for the headline sponsor
**assistant**:
> Certainly! Here is a draft for a sponsorship document for an IMT joint event at HOK in DC on October 16, offering sponsorship levels ranging from $5,000 to $75,000 for the headline sponsor:
> 
> ---
> 
> **IMT Joint Event Sponsorship Opportunities**
> 
> *Date:* October 16, [Year]
> *Location:* HOK, Washington D.C.
> 
> ---
> 
> **Dear Prospective Sponsor,**
> 
> We are thrilled to invite you to partner with us for the upcoming joint event hosted by the Institute for Market Transformation (IMT) at HOK in Washington D.C. on October 16. This event promises to bring together key stakeholders, experts, and thought leaders in the sustainability and built environment sector for a day of insightful discussions, networking opportunities, and collaboration.
> 
> **Event Overview:**
> The event will feature panel discussions, keynote speakers, interactive workshops, and networking sessions focused on innovative solutions for advancing sustainability in the built environment. Attendees will include industry leaders, policymakers, researchers, and professionals dedicated to driving positive change in the real estate and energy sectors.
> 
> **Sponsorship Levels:**
> We are offering a range of sponsorship opportunities to suit your organization's goals and budget. Each sponsorship level includes unique benefits designed to maximize your brand exposure and engagement with our audience.
> 
> 1. **Gold Sponsor - $75,000**
>    - Exclusive opportunity to be recognized as the headline sponsor of the event
>    - Keynote speaking slot at the event
>    - Company logo featured prominently on event materials and marketing collateral
>    - Dedicated exhibition space at the venue
>    - Recognition in pre and post-event press releases and marketing campaigns
>    - VIP networking opportunities with industry leaders and speakers
> 
> 2. **Silver Sponsor - $30,000**
>    - Prominent recognition as a key sponsor of the event
>    - Company logo displayed on event signage and materials
>    - Recognition in marketing communications and social media promotions
>    - Complimentary registrations for select company representatives
>    - Opportunity to host a breakout session or workshop
> 
> 3. **Bronze Sponsor - $15,000**
>    - Acknowledgment as a valued sponsor of the event
>    - Company logo featured on event website and promotional materials
>    - Verbal recognition during the event program
>    - Networking opportunities with attendees and speakers
>    - Discounted registration for company representatives
> 
> 4. **Supporting Sponsor - $5,000**
>    - Recognition as a supporting sponsor of the event
>    - Company logo included on event materials
>    - Listing on the event website and in promotional materials
>    - Networking opportunities with attendees
> 
> ---
> 
> **Contact Us:**
> For more information on sponsorship opportunities or to discuss a customized package tailored to your needs, please contact [Your Name] at [Your Email Address] or [Your Phone Number].
> 
> We look forward to partnering with you to make this event a resounding success and to showcase your commitment to sustainability and innovation in the built environment.
> 
> Sincerely,
> 
> [Your Name]
> [Your Title]
> Institute for Market Transformation
> 
> ---
> 
> Please customize the document with specific details, contact information, and branding to suit your needs.
**user**:
> can you develop a sponsorship document for an IMT joint event at HOK in DC October 16? levels of 5K to 75K for the headline sponsor. The format will be 3 speeches of 5 min and 1 slide and the opportunity to hang up posters of projects 
**assistant**:
> Absolutely! Below is a revised sponsorship document for an IMT joint event at HOK in DC on October 16, offering sponsorship levels ranging from $5,000 to $75,000 for the headline sponsor. The format allows for three speeches of 5 minutes each with one slide per speech and the opportunity to display posters of projects:
> 
> ---
> 
> **IMT Joint Event Sponsorship Opportunities**
> 
> *Date:* October 16, [Year]
> *Location:* HOK, Washington D.C.
> 
> ---
> 
> **Dear Prospective Sponsor,**
> 
> We are delighted to extend this exclusive opportunity for your organization to sponsor the upcoming IMT Joint Event at HOK in Washington D.C. on October 16. This event promises to unite leaders and professionals from the sustainability and built environment sectors in a day of enriching discussions, networking, and collaboration.
> 
> **Event Overview:**
> The event will feature a dynamic format including three 5-minute speeches with one accompanying slide per speech, as well as the unique opportunity for sponsors to showcase posters of their innovative projects to a prominent audience of industry experts, policymakers, and stakeholders.
> 
> **Sponsorship Levels:**
> We offer a range of sponsorship opportunities tailored to meet your organization's visibility goals and budget, with benefits designed to maximize your brand exposure and engagement with our distinguished attendees.
> 
> 1. **Gold Sponsor - $75,000**
>    - Exclusive recognition as the headline sponsor of the event
>    - Opportunity for three 5-minute speeches with one slide each
>    - Prime display space for posters of your projects during the event
>    - Logo prominently featured on event materials and marketing collateral
>    - Complimentary registrations for key company representatives
>    - VIP networking opportunities with industry leaders
> 
> 2. **Silver Sponsor - $30,000**
>    - Prominent recognition as a key sponsor of the event
>    - Opportunity for one 5-minute speech with a slide
>    - Display space for posters of your projects during the event
>    - Logo displayed on event signage and promotional materials
>    - Complimentary registrations for select company representatives
>    - Networking opportunities with attendees and speakers
> 
> 3. **Bronze Sponsor - $15,000**
>    - Acknowledgment as a valued sponsor of the event
>    - Logo featured on event website and promotional materials
>    - Display space for posters of your projects during the event
>    - Verbal recognition during the event program
>    - Networking opportunities with attendees and speakers
> 
> 4. **Supporting Sponsor - $5,000**
>    - Recognition as a supporting sponsor of the event
>    - Logo included on event materials
>    - Display space for posters of your projects during the event
>    - Listing on the event website and in promotional materials
>    - Networking opportunities with attendees
> 
> ---
> 
> **Contact Us:**
> For more information on sponsorship opportunities or to discuss a customized package tailored to your needs, please contact [Your Name] at [Your Email Address] or [Your Phone Number].
> 
> Don't miss this chance to align your brand with the leading voices in sustainability and innovation in the built environment. We look forward to collaborating with you to make this event a success!
> 
> ---
> 
> Best Regards,
> 
> [Your Name]
> [Your Title]
> Institute for Market Transformation
> 
> ---
> 
> Feel free to adapt this template with your specific details and branding to create a compelling sponsorship document for the IMT event at HOK.
