**user**:
> Can I divide costs of adaptation infrastructure for climate change into capex and open?
**assistant**:
> Yes, you can divide the costs of adaptation infrastructure for climate change into capital expenditures (capex) and operational expenditures (opex). This is a common approach in financial planning and budgeting for infrastructure projects. Here's a brief explanation of each:
> 
> 1. **Capital Expenditures (Capex):** These are the initial costs incurred to build or acquire the infrastructure. This includes expenses related to design, construction, equipment, land acquisition, and other one-time costs necessary to make the infrastructure operational. For climate adaptation, this might encompass building sea walls, installing flood barriers, or constructing resilient buildings.
> 
> 2. **Operational Expenditures (Opex):** These are the ongoing costs required to operate and maintain the infrastructure over its lifetime. This includes expenses such as maintenance, repairs, staffing, utilities, and other day-to-day operational needs. For climate adaptation, this might involve regular inspections, maintenance of flood gates, or managing disaster response systems.
> 
> Separating costs into capex and opex helps in budgeting and assessing the long-term financial requirements of climate adaptation projects, as well as in making decisions about financing and investments. If you have specific projects in mind, you can further break down these costs to understand their implications better.
**user**:
> What about broader adaptation projects, which may income non-capital expenses (eg incentives) or have to overcome barriers?
**assistant**:
> <html>
>   <head>
>     <title>Internal Server Error</title>
>   </head>
>   <body>
>     <h1><p>Internal Server Error</p></h1>
>     
>   </body>
> </html>
**user**:
> What about broader adaptation projects, which may income non-capital expenses (eg incentives) or have to overcome barriers?
**assistant**:
> When considering broader adaptation projects that include non-capital expenses and must navigate various barriers, it’s essential to adopt a comprehensive approach to budgeting and planning. Here are some key factors to consider:
> 
> ### 1. **Non-Capital Expenses**
>    - **Incentives:** These can include financial subsidies, tax breaks, or grants aimed at encouraging private investment or behavior change (e.g., incentivizing sustainable agricultural practices or renewable energy adoption).
>    - **Training & Capacity Building:** Funds allocated for educating stakeholders, local communities, or project implementers can enhance the effectiveness of adaptation measures.
>    - **Public Awareness Campaigns:** Expenses incurred in raising awareness about climate risks and adaptation strategies can be critical for ensuring community engagement.
> 
> ### 2. **Barriers to Implementation**
>    - **Financial Barriers:** Lack of funding sources, high initial costs, or uncertainty regarding returns on investment can hinder adaptation efforts. 
>    - **Institutional Barriers:** Inefficient bureaucratic processes, lack of coordination among agencies, or insufficient policies supporting adaptation can pose significant challenges.
>    - **Social Barriers:** Community resistance, lack of local knowledge, or cultural factors may impede the acceptance and implementation of adaptation strategies.
>    - **Technological Barriers:** Limited access to adaptive technologies or a lack of technical expertise can be additional hurdles.
> 
> ### 3. **Comprehensive Budgeting Approach**
>    - **Holistic Financial Models:** Consider both capex (e.g., construction of infrastructure) and opex (e.g., maintenance) alongside non-capital expenses in a comprehensive financial model.
>    - **Cost-Benefit Analysis:** Evaluate the long-term benefits of adaptation projects, including avoided costs from climate impacts and enhanced community resilience.
>    - **Stakeholder Engagement:** Involve various stakeholders in planning and budgeting to identify potential barriers and develop strategies to overcome them.
> 
> ### 4. **Leveraging Funding Options**
>    - **Public-Private Partnerships (PPPs):** Collaborations between government and private entities can mobilize resources and expertise.
>    - **International Funding:** Explore grants, loans, or investments from international organizations focused on climate resilience and sustainability.
>    - **Community-Based Funding Models:** Encourage local funding mechanisms, such as community investment funds or crowdfunding, to support adaptation initiatives.
> 
> By taking these factors into account, you can create a more resilient and effective adaptation strategy that not only addresses physical infrastructure needs but also the broader socio-economic context of climate adaptation. If you have specific projects or scenarios in mind, I can help you dive deeper into those!
**user**:
> Is that the right terminology? Capex + opex + non-capital expenses?
**assistant**:
> The terminology you're using—**Capex**, **Opex**, and **Non-Capital Expenses**—is generally correct, but let's clarify a few aspects to ensure precision and clarity:
> 
> 1. **Capex (Capital Expenditures):** Refers to the one-time expenses for acquiring or upgrading physical assets (like infrastructure).
> 
> 2. **Opex (Operational Expenditures):** Refers to ongoing costs for running and maintaining those assets (like utilities and maintenance).
> 
> 3. **Non-Capital Expenses:** This term can encompass a variety of costs that don't fit into capex or opex, including:
>    - **Incentives:** Financial motivations for behavior or investment changes.
>    - **Training and Capacity Building:** Education and skill development costs.
>    - **Awareness Campaigns:** Promotional expenses aimed at community engagement.
> 
> ### Alternative Terminology
> - **Transaction Costs:** Sometimes used to describe costs associated with market transactions, which can include some of the non-capital expenses.
> - **Supplementary Costs / Project Costs:** If you want a broader term that includes all expenses related to a project beyond capital and operational aspects, these terms can be useful.
> 
> ### Recommended Framework
> A clearer way to present project costs might be:
> 
> - **Capital Expenditures (Capex)**
> - **Operational Expenditures (Opex)**
> - **Additional Costs (Including Non-Capital Expenses, Incentives, Training, etc.)**
> 
> Using "Additional Costs" can provide a broad umbrella for diverse expenses that don’t neatly fit into capex or opex categories, making it easier to understand the overall budget structure of adaptation projects. 
> 
> If you'd like to focus on specific categories or need further refinement, feel free to ask!
