**assistant**:
> Below are selected log entries of past conversations, as part of an experimental AI memory system. They may have no bearing on the chat.
> 
> 
>   2023-06-05:
>   James seeks active, exciting paper titles on structural changes' impact on social cost of carbon; Arachne offers alternative suggestions.
> 
> 
> 
>   2023-04-14:
>   James requested an introductory academic paper on automated hypothesis generation; Arachne recommended a paper, then provided an alternative after acknowledging the incorrect initial suggestion.
> 
> 
> 
>   2023-08-24:
>   Understanding the Mean of Long-Tailed and Fat-Tailed Distributions
> 
> 
> 
>   2023-04-24:
>   James asked for a paper on machine learning in environmental economics; Arachne recommended "Machine Learning Methods for Environmental Economics: A Review" by Schlenker and Keiser.
> 
> 
> 
>   2023-02-06:
>   James asked for a name for a folded piece of paper with students' names; Arachne suggested "name tag" or "place card."
> 
> 
> 
>   2023-10-02:
>   Exploring the Environmental Kuznets Curve and the Role of Regulation
> 
> 
> 
>   2023-10-09:
>   Addressing Overexploitation of Marine Ecosystems
> 
> 
> 
>   2023-10-02:
>   Addressing Challenges of Economic Growth and Environmental Quality
> 
> 
> 
>   2023-07-10:
>   Does variable order matter in ANOVA? No, order doesn't matter; correct assignment of variables and context are important.
> 
> 
> 
>   2023-10-09:
>   Understanding Models and Exploitation Rates in Fisheries
> 
> 
>     
**user**:
> What does it mean for a person to be listed last among the authors of a scientific paper?
**assistant**:
> In many scientific disciplines, the last author listed on a scientific paper often holds a special significance. This spot is typically reserved for the senior author or principal investigator, the person who provided the overarching supervision for the research project.
> 
> This convention, however, varies across different fields. For instance, in fields such as mathematics or theoretical physics, authors are often listed alphabetically, irrespective of their contribution.
> 
> It's crucial to realize that the authorship order may not fully reflect the exact contributions of each author. This is why some journals now require an 'author contribution' section in the manuscript, where each author’s specific roles are explained.
> 
> As with many aspects of academia, practice varies, and it's always a good idea to understand the conventional practices of the specific field or ask for clarification when necessary. In some cases, the corresponding author (the point of contact for the paper) might be indicated with a special symbol instead of their position in the author list.
