**assistant**:
> Below are selected log entries of past conversations, as part of an experimental AI memory system. They may have no bearing on the chat.
> 
> 
>   2023-04-05:
>   James asked about a term for developers working on projects for a day; Arachne said it's called a hackathon.
> 
> 
> 
>   2023-10-23:
>   Alternative Terms for People with Ph.D.s
> 
> 
> 
>   2023-11-04:
>   Dynamically Feeding Words in JavaScript SpeechSynthesis
> 
> 
> 
>   2023-07-10:
>   Does variable order matter in ANOVA? No, order doesn't matter; correct assignment of variables and context are important.
> 
> 
> 
>   2023-12-16:
>   House Lifting for Flood Risk Mitigation
> 
> 
> 
>   2023-08-23:
>   Fast Vegetarian Dinner: Stir-Fry Vegetables with Tofu in Soy Sauce Recipe
> 
> 
> 
>   2023-08-23:
>   James asked about exporting a layout in QGIS; Arachne provided a workaround using layout templates.
> 
> 
> 
>   2023-05-15:
>   James requested a multilingual blessing combining Lutheran, Jewish, secular, and Native American elements; Arachne provided options and refined a chosen version to meet James' preferences.
> 
> 
> 
>   2023-07-28:
>   How to combine dictionaries in Julia for the union of their keys; `merge()` function achieves this.
> 
> 
> 
>   2023-08-17:
>   James asked how to add a layer to a group in QGIS; Arachne provided a step-by-step guide.
> 
> 
>     
**user**:
> What is it called when you give in to someone on one thing so you can get the bigger thing?
**assistant**:
> The strategy you're referring to is often called "concession" or "compromise". In the context of negotiations, it might also be considered a type of "strategic concession" or "tactical concession". It involves yielding on a smaller issue to gain advantage or leverage on a more important or substantial issue.
**user**:
> Perfect.
**assistant**:
> I'm glad I could provide the information you were looking for! If you have any more questions or need further assistance, feel free to ask.
