**assistant**:
> Below are selected log entries of past conversations, as part of an experimental AI memory system. T
**user**:
> I have a 2-page Word document, which was previously longer, but now I see that it's still 3 MB. How can I make it smaller?
**assistant**:
> If your Word document is surprisingly large in size, it likely contains embedded elements like images, fonts, or other media. Here are some steps you can take to reduce its size:
> 
> 1. **Compress Images**: Images are often the primary culprits in large document sizes.
>    - Click on any image in your document to activate the "Picture Format" tab.
>    - Click "Compress Pictures." 
>    - Choose options to apply changes to all pictures in the document and select lower resolutions if suitable.
> 
> 2. **Remove Unused Data**: Word documents sometimes retain information, like revision history or added metadata, that can increase file size.
>    - Go to "File" > "Info" > "Check for Issues" > "Inspect Document."
>    - Remove any unnecessary information, like document properties and personal information.
> 
> 3. **Change File Format**: Save the document in a different format like PDF or as a reduced-size DOCX.
>    - Go to "File" > "Save As" and choose either PDF, optimizing for minimum size, or re-save as a DOCX, which might inherently reduce the file size. 
> 
> 4. **Check for Embedded Objects**: Sometimes embedded objects or non-visible content get stuck in the document.
>    - Go through your document and remove any unnecessary embedded content, such as OLE objects, links, or charts that might not be crucial.
> 
> 5. **Use Built-in Optimization Tools**: Newer versions of Word include optimization tools.
>    - Under the "File" menu, there might be options for "Merge & Optimize" or similar tools designed to reduce file size.
> 
> 6. **Inspect Fonts**: Your document could be storing extra font data.
>    - Go to "File" > "Options" > "Save" and make sure "Embed fonts in the file" is unchecked unless necessary. If embedding is necessary, ensure "Embed only the characters used in the document" is checked.
> 
> After trying these steps, save your document with a new name to check the reduced size. Let me know if any particular step needs further explanation!
