**user**:
> Can you translate the following into an easy-to-read text list?
> 
> \begin{longtable}{p{.9 in}p{5.75 in}}
> 
>   2023, 2024 & {\bf Coupling Natural to Human Systems} -- UD \\
>   2023 & {\bf Philosophy of Research Seminar} -- UD \\
>   2022 & {\bf Marine Policy Seminar} -- UD \\
>   2022, 2023 & {\bf Climate Change Economics} -- UD \\
>   2021 & {\bf Complex Systems Analysis} -- UD \\
>   % 2019 & {\bf Applied Environmental Economics} -- LSE \\
>   2018, 2019 & {\bf Climate Change: Science, Economics, and Policy} -- LSE \\
> 
>   2013, 2015 & {\bf Complexity Science} -- Columbia University, developed
>   curriculum and co-taught with Upmanu Lall
>   and Johannes Castner (2013) and Marion Dumas (2015) \\
> 
>   2012 & {\bf Progressive Alternatives} -- Columbia University (joint
>   with Harvard and Sciences Po), TA for Jeffrey Sachs
>   \\
>   2011 & {\bf Environmental Science for Sus.
>     Dev.} -- Columbia University, TA for John Mutter \\
> 
>   2008 &
>   {\bf Future Seminar} -- Experimental Study Group, M.I.T., Instructor \\
> 
>   2005 &
>   {\bf Run the World Seminar} -- Experimental Study Group, M.I.T., and
>   Olin College of Engineering, Instructor \\
> 
>   2005 &
>   {\bf Philosophy of Love} -- Massachusetts Institute of Technology, TA for Lee Perlman \\
> 
>   2005 &
>   {\bf Introductory Electronics} -- Olin College of
>   Engineering, TA for Gill Pratt \\
> 
>   2005 &
>   {\bf Engineering of Distributed Systems} -- Olin College of
>   Engineering, TA for Gill Pratt \\
> 
>   2004 &
>   {\bf Human System Dynamics} -- Olin College of
>   Engineering, Instructor \\
> 
>   2004 &
>   {\bf Engineering of Continuous Systems} -- Olin College of
>   Engineering, TA for Gill Pratt \\
> 
>   2004 -- 2005 &
>   {\bf Discrete Signal Processing} -- Olin College of
>   Engineering, TA for Diana Dabby \\
> 
>   2003 &
>   {\bf Software Using Images and Sound} -- Olin College of
>   Engineering, TA for Jill Crisman \\
> 
>   2003 &
>   {\bf Technologies and Cultures} -- Experimental Study Group, M.I.T.,
>   co-taught with Amilio Aviles \\
> 
>   2003 &
>   {\bf The Learning Seminar} -- Experimental Study Group, M.I.T., Instructor \\
> 
>   2001 -- 2002 &
>   {\bf Structure and Interpretation of Computer Programs} --
>   Massachusetts Institute of Technology, TA for Eric Grimson and Ben
>   Vandiver \\
> 
>   2000 -- 2003 &
>   {\bf Lego Robotics Seminar} -- Experimental Study Group, M.I.T., Instructor \\
> \end{longtable}
**assistant**:
> Certainly! Here's the list in an easy-to-read format:
> 
> - **Coupling Natural to Human Systems** – UD (2023, 2024)
> - **Philosophy of Research Seminar** – UD (2023)
> - **Marine Policy Seminar** – UD (2022)
> - **Climate Change Economics** – UD (2022, 2023)
> - **Complex Systems Analysis** – UD (2021)
> - **Climate Change: Science, Economics, and Policy** – LSE (2018, 2019)
> - **Complexity Science** – Columbia University, developed curriculum and co-taught with Upmanu Lall and Johannes Castner (2013) and Marion Dumas (2015) (2013, 2015)
> - **Progressive Alternatives** – Columbia University (joint with Harvard and Sciences Po), TA for Jeffrey Sachs (2012)
> - **Environmental Science for Sustainable Development** – Columbia University, TA for John Mutter (2011)
> - **Future Seminar** – Experimental Study Group, M.I.T., Instructor (2008)
> - **Run the World Seminar** – Experimental Study Group, M.I.T., and Olin College of Engineering, Instructor (2005)
> - **Philosophy of Love** – Massachusetts Institute of Technology, TA for Lee Perlman (2005)
> - **Introductory Electronics** – Olin College of Engineering, TA for Gill Pratt (2005)
> - **Engineering of Distributed Systems** – Olin College of Engineering, TA for Gill Pratt (2005)
> - **Human System Dynamics** – Olin College of Engineering, Instructor (2004)
> - **Engineering of Continuous Systems** – Olin College of Engineering, TA for Gill Pratt (2004)
> - **Discrete Signal Processing** – Olin College of Engineering, TA for Diana Dabby (2004–2005)
> - **Software Using Images and Sound** – Olin College of Engineering, TA for Jill Crisman (2003)
> - **Technologies and Cultures** – Experimental Study Group, M.I.T., co-taught with Amilio Aviles (2003)
> - **The Learning Seminar** – Experimental Study Group, M.I.T., Instructor (2003)
> - **Structure and Interpretation of Computer Programs** – Massachusetts Institute of Technology, TA for Eric Grimson and Ben Vandiver (2001–2002)
> - **Lego Robotics Seminar** – Experimental Study Group, M.I.T., Instructor (2000–2003)
**user**:
> Also the following. Drop the amounts, and ignore commented lines:
> \begin{longtable}{p{.9 in}p{5.75 in}}
>   % 2023 -- 2024 & {\bf The Integrated Assessment Model (IAM) for the
>   %                Damage Cost Calculation of Climate Change} -- PI: Dr.
>   %                Hwang (funded by Korea Ministry of Environment, KRW 15,000,000$^*$) \\
>   2024 - 2026 & {\bf Global Cost of Inaction} -- PI: Drew Shindell
>                 (Funded by CCAC) \\
>   2024 & {\bf Optimal bidding strategies for PJM regulation} -- PI:
>          Willet Kempton (Funded by Nuuve Holding Corp.) \\
>   2023 -- 2024 & {\bf Ocean and bay information gaps analysis} -- Lead
>                  PI (Funded by Delaware DNREC, \$83,000) \\
>   2023 -- 2024 & {\bf Delaware’s coastal economy: contribution, risks, and
>                  opportunities} -- PI (Funded by Town of Bethany Beach,
>          \$42,000) \\
>   2023 & {\bf New horizons for understanding of the economic
>          consequences of climate change} -- Co-PI (Funded by the Royal
>          Society, \pounds 50,000) \\
>   2022 -- 2023 & {\bf Faculty Course Development grant} -- PI (Funded
>                  by the UD Climate Change Science \& Policy Hub,
>                  \$2,500) \\
>   2021 -- 2022
>   & {\bf Economic Costs of Climate Change in the United Kingdom} -- PI
>     (Funded by the European Climate Foundation, \pounds 16,400) \\
>   2019 -- 2022
>   & {\bf Mapping and modeling of interbasin water transfers within the
>     United States} -- PI: Landon Marston (Funded by NIWR/USGS,
>     \$250,000). \\
>   2019 -- 2021
>   & {\bf The economic impacts of climate change -- expert workshop} -- Co-PI (Funded
>     by Department for Business, Energy \& Industrial Strategy, \pounds 80,000) \\
>   2018 -- 2019 & {\bf Economic and policy analysis for improving smallholder
>                  coffee producers' incomes} -- PI (Funded by Lavazza
>                  Foundation, \$30,000$^*$). \\
>   2015 -- 2016 & {\bf Social Science Meta Analysis and Research Transparency}
>                  -- PI: Solomon Hsiang (Funded by the Berkeley Institute for
>                  Transparency in the Social Sciences, \$30,000) \\
>   2015 & {\bf Probabilistic projections of potential humanitarian response needs 2015-2035} -- PI: Marc
>          Levy (\$5,000$^*$) \\
>   2014 -- 2017 & {\bf America's water: the changing landscape of risk, competing demands
>                  and climate} -- Co-PIs: Upmanu Lall, Lisa Goddard, Michael Gerrard, Marc
>                  Levy, and Brendan O'Flaherty (Funded by NSF, \$2,016,098) \\
>   2014 -- 2015 & {\bf Earth Institute Study of Coffee Production and
>                  Trade} -- PI: Jeffrey Sachs (Funded by Illy Coffee and Lavazza, \$200,000) \\
>   2013 -- 2014 & {\bf Econometric assessment of climate change impacts
>                  in the USA} -- PI: Solomon Hsiang \\
>   2013 -- 2014 & {\bf Electricity and green development} -- PI:
>                  Wolfram Schlenker (Funded by GGGI, \$20,000) \\
> %  2013 -- 2014 & {\bf Emotions, elections, and Hurricane Sandy} -- PI:
> %                 Douglas Almond (\$1,100) \\
>   2013 & {\bf Damage Function Merging for Integrated Assessment
>          Models} -- PI: Robert Kopp (\$10,000) \\
> \end{longtable}
**assistant**:
> Here's the cleaned-up list without amounts and commented lines:
> 
> - **Global Cost of Inaction** – PI: Drew Shindell (2024 - 2026)
> - **Optimal bidding strategies for PJM regulation** – PI: Willet Kempton (2024)
> - **Ocean and bay information gaps analysis** – Lead PI (2023 - 2024)
> - **Delaware’s coastal economy: contribution, risks, and opportunities** – PI (2023 - 2024)
> - **New horizons for understanding the economic consequences of climate change** – Co-PI (2023)
> - **Faculty Course Development grant** – PI (2022 - 2023)
> - **Economic Costs of Climate Change in the United Kingdom** – PI (2021 - 2022)
> - **Mapping and modeling of interbasin water transfers within the United States** – PI: Landon Marston (2019 - 2022)
> - **The economic impacts of climate change -- expert workshop** – Co-PI (2019 - 2021)
> - **Economic and policy analysis for improving smallholder coffee producers' incomes** – PI (2018 - 2019)
> - **Social Science Meta Analysis and Research Transparency** – PI: Solomon Hsiang (2015 - 2016)
> - **Probabilistic projections of potential humanitarian response needs 2015-2035** – PI: Marc Levy (2015)
> - **America's water: the changing landscape of risk, competing demands and climate** – Co-PIs: Upmanu Lall, Lisa Goddard, Michael Gerrard, Marc Levy, and Brendan O'Flaherty (2014 - 2017)
> - **Earth Institute Study of Coffee Production and Trade** – PI: Jeffrey Sachs (2014 - 2015)
> - **Econometric assessment of climate change impacts in the USA** – PI: Solomon Hsiang (2013 - 2014)
> - **Electricity and green development** – PI: Wolfram Schlenker (2013 - 2014)
> - **Damage Function Merging for Integrated Assessment Models** – PI: Robert Kopp (2013)
**user**:
> And here's another. Try to shorten the references when possible:
> 
> \begin{itemize}
> \item Moore, F. C., Drupp, M. A., {\bf Rising, J.}, Dietz, S., Rudik,
>   I., Wagner, G. (in press). Synthesis of evidence yields high social
>   cost of carbon due to structural model variation and
>   uncertainties. {\it PNAS}.
> \item Hultgren, A., Carleton, T., Delgado, M., Gergel, D. R.,
>   Greenstone, M., Houser, T., Hsiang, S., Jina, A., Kopp, R. E.,
>   Malevich, S. B., McCusker, K. E., Mayer, T., Nath, I., {\bf Rising,
>     J.}, Rode, A., Yuan, J. (in press). Estimating Global Impacts to
>   Agriculture from Climate Change Accounting for Adaptation. {\it Nature}.
> \item {\bf Rising, J.}, Hussain, A., Schwarzwald, K., Trisovic,
>   A. (2024). A practical guide to climate econometrics: Navigating key
>   decision points in weather and climate data analysis. {\it Journal
>     of Open Source Education}. % FA
> \item Oremus, K. L., {\bf Rising, J.}, Ramesh, N., Ostroski,
>   A. J. (2024). Geolocated fish spawning habitats. {\it Scientific
>     Data}.
> \item Waidelich, P., Batibeniz, F., {\bf Rising, J.}, Kikstra, J.  S.,
>   Seneviratne, S. I. (2024). Climate damage projections beyond
>   annual temperature. {\it Nature Climate Change}. % SLA
> \item Kotchen, M., {\bf Rising, J.}, Wagner, G. (2023). The costs of
>   ``costless'' climate mitigation. {\it Science} Policy Forum
>   (cover). See also ibid. (2024). Accurately interpreting IPCC
>   assessments—Response.
> \item {\bf Rising, J.} (2023). Confounding Adaptation in Perennial
>   Climate Damages: A Unified Statistical Approach for Brazilian
>   Coffee. {\it Journal of the Association of Environmental and
>     Resource Economists}. % FA
> \item Kramer, L., Teurlincx, S., Rashleigh, B., Janssen, A. B. G.,
>   Janse, J. H., Brauman, K. A., Földesi, C, van Wijk, D., de Senerpont
>   Domis, L. N., Patil, S. D., Rashidi, P., Hamel, P., {\bf Rising,
>     J.}, Mooij, W. M., Kuiper, J. J. (2023). New paths for
>   modelling freshwater nature futures. {\it Sustainability Science}.
> \item {\bf Rising, J.}, Linsenmeier, M., De Menezes, A. (2023). Weather drives variation in COVID-19 transmission and
>     detection. {\it Environmental Research: Climate}.  % FA
> \item Siddik, M., Dickson, K., {\bf Rising, J.,}, Ruddell, B.,
>   Marston, L. (2023). Interbasin water transfers in the United
>   States and Canada. {\it Scientific Data}.
> \item {\bf Rising, J.}, Tedesco, M., Piontek, F., Stainforth, D. (2022). The
>   missing risks of climate change. {\it Nature} (cover). % FA
> \item {\bf Rising, J.}, Taylor, C., Ives, M., Ward, R. E. (2022). Challenges
>   and innovations in the economic evaluation of the risks of climate
>   change. {\it Ecological Economics}. % FA
> \item Carleton, T. A., Jina, A., Delgado, M. T., Greenstone, M.,
>   Houser, T., Hsiang, S. M., Hultgren, A., Kopp, R. E., McCusker,
>   K. E., Nath, I., {\bf Rising, J.}, Rode, A., Seo, H. K., Viaene, A., Yuan,
>   J., Zhang, A. T. (2022). Valuing the global mortality consequences
>   of climate change accounting for adaptation costs and benefits. {\it
>     Quarterly Journal of Economics}.
> \item {\bf Rising, J.}, Josset, L., Troy, T., Lall, U. (2022). The
>   importance of infrastructure and national demand to represent
>   constraints on water supply in the United States. {\it Global
>     Environmental Change}. % FA
> \item Taylor, C., {\bf Rising, J.} (2021). Tipping point dynamics in
>   global land use. {\it Environmental Research Letters}. % SLA
> \item Kikstra, J., Waidelich, P., {\bf Rising, J.}, Yumashev, D., Hope, C.,
>   and Brierley, C. (2021). The social cost of carbon dioxide under
>   climate-economy feedbacks and temperature variability. {\it
>     Environmental Research Letters}. % SLA
> \item Dietz, S., {\bf Rising, J.}, Stoerk, T., and Wagner, G. (2021).
>   Economic impacts of tipping points in the climate system. {\it
>     PNAS}. See also ibid. (2022). Reply to Keen et al.: Dietz et
>   al. modeling of climate tipping points is informative even if
>   estimates are a probable lower bound.
> \item Rode, A., Carleton, T., Delgado, M., Greenstone, M., Houser, T.,
>   Hsiang, S., Hultgren, A., Jina, A., Kopp, R., McCusker, K., Nath,
>   I., {\bf Rising, J.}, Yuan, J. (2021). Estimating a social cost of
>   carbon for global energy consumption. {\it Nature}.
> \item Piontek, F., Drouet, L., Emmerling, J., Kompas, T., M\'ejean,
>   A., Otto, C., {\bf Rising, J.}, Soergel, B., Taconet, N., Tavoni,
>   M. (2021).  From biophysical to economic impacts of climate change:
>   an integrated perspective.  {\it Nature Climate Change}.
> \item {\bf Rising, J.} \& Devineni, N. (2020). Crop switching reduces
>   agricultural losses from climate change in the United States by half
>   under RCP 8.5. {\it Nature Communications}. % FA
> \item Brelsford, C., Dumas, M., Schlager, E., Dermody, B., Aiuvalasit,
>   M., Allen-Dumas, M., Beecher, J., Bhatia, U., D'Odorico, P., Garcia,
>   M., Gober, P., Groenfeldt, D., Lansing, S., Madani, K.,
>   Méndez-Barrientos, L. E., Mondino, E., Müller, M., O'Donnell, F.,
>   Owuor, P. M., {\bf Rising, J.}, Sanderson, M., de Souza, F. A., Zipper,
>   S. (2020). Developing a sustainability science approach for
>   water systems. {\it Ecology and Society}.
> \item {\bf Rising, J.} (2020). Decision-making and integrated assessment
>   models of the water-energy-food nexus. {\it Water Security}. % FA
> \item Ciscar, J-C., {\bf Rising, J.}, Kopp, R., \& Feyen,
>   L. (2019). Assessing future climate change impacts in the EU and the
>   USA: insights and lessons from two continental-scale projects. {\it
>     Environmental Research Letters}.
> \item Ramesh, N., {\bf Rising, J.}, \& Oremus, K. L. (2019). The small world
>   of global marine fisheries: the cross-boundary consequences of
>   larval dispersal. {\it Science}.
> \item Josset, L., Allaire, M., Hayek, C., {\bf Rising, J.}, Thomas, C., \&
>   Lall, U. (2019).  The USA water data gap - A survey of
>   state-level water data platforms to inform the development of a
>   national water portal.  {\it Earth's Future}.
> \item Campbell, K., {\bf Rising, J.}, Mbilo, J. M., \& Klopp, J. (2018).
>   Accessibility across transport modes and residential developments in
>   Nairobi.  {\it Journal of Transport Geography}.
> \item Moore, F. C., {\bf Rising, J.}, Lollo, N., Springer, C., Vasquez, V.,
>   Dolginowm A., Hope, C., \& Anthoff, D. (2018).  MIMI-PAGE, an
>   open-source implementation of the PAGE09 integrated assessment
>   model. {\it Scientific Data}.
> \item Hsiang, S., Kopp, R., Jina, A., {\bf Rising, J.}, {\it et al.}
>   (2017). Estimating economic damage from climate change in the United
>   States. {\it Science}.
> \item {\bf Rising, J.} (2017). A flexible approach to model coupling through
>   probabilistic pooling.  {\it Environmental Modelling and Software}.
> \item Dumas, M., {\bf Rising, J.}, \& Urpelainen, J. (2016). Path
>   Dependence, Political Competition, and Renewable Energy Policy: A
>   Dynamic Model. {\it Ecological Economics}.
> \item Houser, T., Kopp, R., Hsiang, S., Delgado, M., Jina, A., Larsen,
>   K., Mastandrea, M., Mohan, S., Muir-Wood, R., Rasmussen, D. J.,
>   {\bf Rising, J.}, \& P. Wilson (2015). {\it Economic risks of climate
>     change: an American prospectus}.  Columbia University Press.
> \item {\bf Rising, J.} (2014).  Creating the Commons: Fisheries and the
>   World Bank.  {\it History of economic thought and policy}, 75 --
>   95, {\sc DOI:} {\tt 10.3280/SPE2014-001003}. % FA
> \end{itemize}
> 
**assistant**:
> Here’s the shortened list of references:
> 
> - Moore, F. C., Drupp, M. A., **Rising, J.**, Dietz, S., Rudik, I., Wagner, G. (in press). High social cost of carbon due to model variation. *PNAS*.
> - Hultgren, A., Carleton, T., **Rising, J.**, et al. (in press). Global impacts to agriculture from climate change. *Nature*.
> - **Rising, J.**, Hussain, A., Schwarzwald, K., Trisovic, A. (2024). Guide to climate econometrics: Key decision points in data analysis. *Journal of Open Source Education*.
> - Oremus, K. L., **Rising, J.**, Ramesh, N., Ostroski, A. J. (2024). Geolocated fish spawning habitats. *Scientific Data*.
> - Waidelich, P., Batibeniz, F., **Rising, J.**, et al. (2024). Climate damage projections beyond temperature. *Nature Climate Change*.
> - Kotchen, M., **Rising, J.**, Wagner, G. (2023). Costs of “costless” climate mitigation. *Science* Policy Forum.
> - **Rising, J.** (2023). Confounding adaptation in climate damages: A statistical approach for Brazilian coffee. *Journal of the Association of Environmental and Resource Economists*.
> - Kramer, L., **Rising, J.**, et al. (2023). Modelling freshwater nature futures. *Sustainability Science*.
> - **Rising, J.**, Linsenmeier, M., De Menezes, A. (2023). Weather drives COVID-19 transmission variation. *Environmental Research: Climate*.
> - Siddik, M., Dickson, K., **Rising, J.**, et al. (2023). Interbasin water transfers in the US and Canada. *Scientific Data*.
> - **Rising, J.**, Tedesco, M., Piontek, F., Stainforth, D. (2022). The missing risks of climate change. *Nature*.
> - **Rising, J.**, Taylor, C., Ives, M., Ward, R. E. (2022). Innovations in evaluating climate change risks. *Ecological Economics*.
> - Carleton, T. A., et al. (2022). Valuing global mortality consequences of climate change. *Quarterly Journal of Economics*.
> - **Rising, J.**, Josset, L., Troy, T., Lall, U. (2022). Infrastructure's role in US water supply constraints. *Global Environmental Change*.
> - Taylor, C., **Rising, J.** (2021). Tipping point dynamics in global land use. *Environmental Research Letters*.
> - Kikstra, J., Waidelich, P., **Rising, J.**, et al. (2021). Social cost of carbon under climate feedbacks. *Environmental Research Letters*.
> - Dietz, S., **Rising, J.**, et al. (2021). Economic impacts of climate tipping points. *PNAS*.
> - Rode, A., et al. (2021). Estimating social cost of carbon for global energy. *Nature*.
> - Piontek, F., et al. (2021). From biophysical to economic impacts of climate change. *Nature Climate Change*.
> - **Rising, J.**, Devineni, N. (2020). Crop switching reduces agricultural losses from climate change. *Nature Communications*.
> - Brelsford, C., **Rising, J.**, et al. (2020). A sustainability science approach for water systems. *Ecology and Society*.
> - **Rising, J.** (2020). Integrated assessment models of the water-energy-food nexus. *Water Security*.
> - Ciscar, J-C., **Rising, J.**, et al. (2019). Assessing future climate impacts in the EU and USA. *Environmental Research Letters*.
> - Ramesh, N., **Rising, J.**, Oremus, K. L. (2019). Global marine fisheries and larval dispersal. *Science*.
> - Josset, L., et al. (2019). Survey of state-level water data platforms in the USA. *Earth's Future*.
> - Campbell, K., **Rising, J.**, et al. (2018). Accessibility in Nairobi across transport modes. *Journal of Transport Geography*.
> - Moore, F. C., **Rising, J.**, et al. (2018). MIMI-PAGE: open-source PAGE09 model. *Scientific Data*.
> - Hsiang, S., Kopp, R., **Rising, J.**, et al. (2017). Estimating economic damage from climate change in the United States. *Science*.
> - **Rising, J.** (2017). A flexible approach to model coupling via probabilistic pooling. *Environmental Modelling and Software*.
> - Dumas, M., **Rising, J.**, Urpelainen, J. (2016). Path dependence and renewable energy policy. *Ecological Economics*.
> - Houser, T., et al. (2015). *Economic risks of climate change: an American prospectus*. Columbia University Press.
> - **Rising, J.** (2014). Creating the commons: Fisheries and the World Bank. *History of Economic Thought and Policy*, 75-95. DOI: 10.3280/SPE2014-001003.
