**user**:
> How do I reset my git repo to point to the commit that's on github, while leaving all of my changed files in place?
**assistant**:
> To reset your local Git repository to point to the commit currently on GitHub while keeping your changed files in place, you can follow these steps:
> 
> 1. **Fetch the Latest Changes**: First, ensure you have the latest updates from the remote repository.
>    ```bash
>    git fetch origin
>    ```
> 
> 2. **Find Out the Commit to Reset To**: Identify the commit hash you want to reset to, typically the latest commit on the main branch of your GitHub repository. You can use something like:
>    ```bash
>    git log origin/main -1
>    ```
>    Replace `main` with the name of the branch you're interested in if it's different.
> 
> 3. **Reset to the Commit**: Reset your local branch to the desired commit. Use the `--soft` option to keep your changes.
>    ```bash
>    git reset --soft origin/main
>    ```
> 
>    If your local changes are unstaged, but you want to keep them as staged, use:
>    ```bash
>    git reset --mixed origin/main
>    ```
> 
>    If you prefer to keep them as unstaged changes, use:
>    ```bash
>    git reset origin/main
>    ```
> 
> 4. **Check Your Work**: You can verify the results by checking the status of your repository:
>    ```bash
>    git status
>    ```
> 
> This process will align your local branch’s commit history with what is currently on GitHub, but leave your modified files intact. If any of your files were staged before the reset, use `git reset` without options (implying `--mixed`), which will unstage them. If you need any more help or a specific approach for a more complex situation, just let me know!
