**assistant**:
> Several past discussions are relevant to James Rising's query about the best research institutions f
**user**:
> What are the best research institutions for working on the climate change from an interdisciplinary perspective, across Europe or the UK? I'm going to apply to an ERC grant to move there.
**assistant**:
> Applying for an ERC grant is a fantastic opportunity for conducting innovative interdisciplinary research on climate change. Europe and the UK are home to several top-tier institutions excelling in this field from diverse perspectives. Here are some notable ones:
> 
> 1. **University of Oxford (UK):** The Oxford Martin School focuses on interdisciplinary research tackling global challenges, including climate change. The Environmental Change Institute (ECI) is another globally recognized center dedicated to this field, emphasizing collaborative approaches.
> 
> 2. **Imperial College London (UK):** Imperial is known for its Grantham Institute – Climate Change and the Environment, which unites climate science with policy and innovation, fostering interdisciplinary work across its faculties.
> 
> 3. **University of Cambridge (UK):** The Cambridge Centre for Climate Science is part of a consortium promoting interdisciplinary research involving various disciplines such as earth sciences, economics, and policy.
> 
> 4. **ETH Zurich (Switzerland):** Known for its comprehensive research on climate change, ETH Zurich excels in integrating science with policy and technological solutions.
> 
> 5. **Potsdam Institute for Climate Impact Research (PIK) (Germany):** PIK is renowned for its interdisciplinary focus on climate impact research, combining natural and social sciences to inform global climate policy.
> 
> 6. **Tyndall Centre for Climate Change Research (UK):** With branches across several universities (including Manchester, East Anglia, and Newcastle), Tyndall Centre specializes in transdisciplinary research on climate change mitigation and adaptation.
> 
> 7. **Stockholm Resilience Centre (SRC) (Sweden):** The SRC at Stockholm University is famous for its work on resilience and sustainability, merging ecology with social science to study climate impacts and solutions.
> 
> 8. **Wageningen University & Research (Netherlands):** Known for its environmental sciences programs, Wageningen offers interdisciplinary approaches to agriculture and sustainability in climate change contexts.
> 
> 9. **Vulnerability and Climate Change Unit at the Basque Centre for Climate Change (BC3) (Spain):** BC3 is dedicated to integrating climate sciences into wider sustainability research with a focus on climate vulnerability and adaptation strategies.
> 
> Choosing the best fit will depend on your specific research interests within climate change and the type of interdisciplinary collaboration you seek. Consider also the local research culture, language preferences, and potential for building long-term collaborations. Good luck with your application!
