**assistant**:
> Below are selected log entries of past conversations, as part of an experimental AI memory system. T
**user**:
> This is from a student I co-advise. QE is "qualifying exam".
> I have lots of availability the week of Aug. 19. The week of Aug. 26, I'm out Thursday and Friday, and the week of Sep. 2, I'm out Monday and Tuesday.
**assistant**:
> Here's a draft for your response:
> 
> ---
> 
> Subject: Re: Unofficial QE Scheduling
> 
> Hi Steve,
> 
> Thank you for your email and updates on the scheduling process. It’s understandable that this has been a bit frustrating given the circumstances.
> 
> I have a good amount of availability the week of August 19, so we should aim for that week if possible. During the week of August 26, I am unavailable on Thursday and Friday. For the week of September 2, I will be out on Monday and Tuesday. 
> 
> To ensure we coordinate efficiently, could you choose a time that aligns with my availability using this link: [https://zcal.co/i/SoJjSjU0](https://zcal.co/i/SoJjSjU0)?
> 
> Looking forward to getting this scheduled and moving forward.
> 
> Best regards,
> 
> James
> 
> ---
> 
> Let me know if there are any adjustments or additions you’d like to make.
**user**:
> Do you think I should respond to the other stuff in here?
**assistant**:
> It might be a good idea to acknowledge the student's frustration and briefly address the other aspects of the email. Here is a revised draft including that acknowledgment:
> 
> ---
> 
> Subject: Re: Unofficial QE Scheduling
> 
> Hi Steve,
> 
> Thank you for reaching out about the unofficial QE scheduling. I understand the challenges you're facing, and I appreciate your efforts to navigate through this process.
> 
> Regarding the availability for scheduling the QE, I have a lot of flexibility during the week of August 19 and would prefer to aim for that week if possible. Please feel free to suggest some times that work for you during that period.
> 
> I have noted your unavailability on Thursday and Friday of the week of August 26, as well as on Monday and Tuesday of the week of September 2. We'll need to plan around those dates accordingly.
> 
> If you have any other concerns or updates you'd like to discuss, please feel free to share them. Let's work together to find a suitable time for the QE.
> 
> Looking forward to resolving this efficiently and advancing with the process.
> 
> Best regards,
> 
> James
> 
> ---
> 
> Feel free to adjust the response to better suit the communication style and tone you typically use with the student. Let me know if you'd like further refinements.
**user**:
> What's the hip term for electronic music?
**assistant**:
> The term "EDM" (Electronic Dance Music) is commonly used as a hip term for electronic music, especially in the context of electronic dance music genres like house, techno, dubstep, and more. It has become a popular way to refer to the broad spectrum of electronic music styles that are produced for dance-based entertainment.
