**assistant**:
> Below are selected log entries of past conversations, as part of an experimental AI memory system. They may have no bearing on the chat.
> 
> 
>   2023-02-24:
>   James inquired about projects and academic papers assessing climate risks and calculating total welfare losses; Arachne provided examples and highlighted key papers and concepts.
> 
> 
> 
>   2023-04-13:
>   James asked for projects and papers providing a comprehensive assessment of climate risks and welfare losses; Arachne provided examples and acknowledged limitations.
> 
> 
> 
>   2023-10-02:
>   Addressing Challenges of Economic Growth and Environmental Quality
> 
> 
> 
>   2023-06-05:
>   James seeks active, exciting paper titles on structural changes' impact on social cost of carbon; Arachne offers alternative suggestions.
> 
> 
> 
>   2023-08-15:
>   Summarized individual sectors' damage estimates and their trends; identified impacts and mitigation pathways.
> 
> 
> 
>   2023-08-15:
>   Summarized damage estimates from climate change and benefits of mitigation policies; highlighted the importance of strong mitigation measures.
> 
> 
> 
>   2023-07-12:
>   James asks about connecting vulnerability indices to economic damages from climate change; Arachne advises on complexities and suggests an approach for establishing a mathematical relationship.
> 
> 
> 
>   2023-09-28:
>   Understanding GDP in the Solow Growth Model
> 
> 
> 
>   2023-05-22:
>   James asked about the best global climate model; Arachne explained that there isn't a single "best" model due to the complex and diverse aspects of the climate system.
> 
> 
> 
>   2023-07-12:
>   James seeks updated climate damage estimates accounting for adaptation; Arachne suggests Climate Impact Lab, National Climate Assessment, IPCC, DICE model, and a relevant paper.
> 
> 
>     
**user**:
> I am writing a report on the losses that countries have already felt due to climate change. Here is the original proposal:
> ---
> Estimating Current Climate Losses - Project Proposal
> PI: James Rising, University of Delaware
> 
> Context: The planet has already warmed by 1.34 °C [1.2 - 1.5 °C], with extensive disruptions now being observed. Under one expert review of global damages, this suggests that climate losses may already be 2.05% of global GDP [0.9 - 3.4%], about $2.2 trillion. In poor, tropical, and agriculturally-dependent countries, current losses are expected to be significantly greater.
> 
> Climate-driven loss and damage will be a central discussion at COP28, taking place in UAE this December. Impacted countries need high-quality estimates of the losses they have already experienced, to demand support from developed countries. A strong basis for developing these estimates exists, in the form of sophisticated statistical models describing the historical relationship between economic growth and weather. These models can be used to attribute existing economic outcomes to climate change.
> 
> Deliverable: This project will develop best-estimates of the current macroeconomic losses from climate change, for each country across the globe. The main outcome will be percent reductions in GDP per capita and percent reductions in capital wealth, in 2023, relative to a world without the climate change experienced since 1950. GDP per capita is a useful measure for estimating government tax receipts and a proxy for personal income levels. A recent estimate of GDP losses, combining three of these results and produced by the PI for a previous ECF-funded project on the cost of climate change in the UK, is shown below.
> 
> However, lower GDP levels also imply the long-term destruction of productive capital, and an estimate of those capital losses will provide new evidence on the true losses borne by these countries due to climate change. The losses would also be reported as a global average and for various regional and country groups (e.g., LLMICs, G77, Sub-Saharan Africa).
> 
> Annually varying loss estimates will underlie these results, which will reflect greater losses in years with heat waves and in later years as climate change accelerates. We will develop short case studies from the EU and LLMICs will compare these GDP losses to other reported impacts of recent heat waves.
> 
> The estimates will be produced as part of a short report made initially available to the sponsors Nov. 1, 2023, and for release during COP 28. The work will then be prepared for academic publication.
> 
> Unique contribution: To produce these results, we bring together existing research on the relationship between GDP growth and climate (see Table under Points of Methodology). Over the past decade, this literature has proposed many different approaches to understanding the effect of climate on GDP, including investigations of the differential vulnerability of poor countries, the role of persistent losses to growth, and the potential of adaptation. Current attempts to synthesise this literature are limited to simply averaging the results. Using a machine learning model, calibrated to the results from this literature, we will produce an estimate that reflects the most advanced features of all of these papers.
> 
> The PI has developed a system for generating projections from this class of models for the UK climate impacts project. The machine learning approach is based on another of the PI’s projects, producing a best-estimate of the social cost of carbon.
> 
> Points of Methodology
> The core models will be drawn from the results in the following papers, which includes studies used recently by the US Council of Economic Advisors to estimate future climate damages.
> 
> Paper
> Temp.
> Prec.
> Add'l
> FE
> Data
> Notes
> Dell et al. 2012
> 🟠
> 🟠
> 
> 
> 🟡
> 🟡
> Differential effect for low-income
> Burke et al. 2015/ Callahan & Mankin 2022
> 🟡
> 🟡
> 
> 
> 🟢
> 🟡
> Global optimum, persistence
> Pretis et al. 2018
> 🟣
> 🟣
> Yes
> 🟢
> 🟠
> Global optimum, robust est.
> Baarsch et al. 2020
> 🟡
> 🟣
> Yes
> 🟠
> 🟠
> Local optimum, Africa-only
> Acevedo et al. 2020
> 🟢
> 🟢
> Yes
> 🟡
> 🟡
> Effect of shocks only
> Kahn et al. 2021
> 🟡
> 🟡
> Yes
> 🔴
> 🟡
> Adaptive local optimum
> Kotz et al. 2022
> 🟣
> 🟣
> 
> 
> 🟠
> 🟢
> Local and global optimum
> 
> Key: 🔴- Poor, 🟠- Fair, 🟡- Good, 🟢- Very Good, 🟣- Excellent
> 
> 
> The table shows an assessment of the quality of each model’s representation of temperature variables (Temp.), rainfall (Prec.), additional controls (Add’l), unobserved heterogeneity (FE), and underlying data (Data). No single existing estimate captures the full range of relevant factors that has been identified in the literature.
> 
> We will use ERA5 reanalysis weather data to produce historical projections of climate effects, available 1940 - present. To construct the counterfactual without climate change, we will resample values from the baseline period (1940 - 1960). A key question in the literature is the extent to which impacts put countries on a permanently lower growth trajectory. This was carefully analysed in a previous paper of the PI’s, and the resulting uncertain distribution of persistence will be used here.
> 
> Drawing upon both the headline estimates and additional results in the paper will provide evidence across the space of possible combinations of model elements. A random forest model will then be fit to these models, informed by meta-data about each. Finally, the random forest will be queried for damages from a model that simultaneously represents high-quality features in all model categories.
> 
> As an additional line of evidence, we will use the previously mentioned Howard & Sterner meta-analysis of damage results derived from expert elicitation. This provides both a measure of catastrophic risk, which will be applied uniformly across the globe, and an estimate of non-catastrophic global losses, which can be used as a loose constraint on the sum of the machine learning results.
> 
> These GDP values, along with additional information from the World Bank, will be used to calibrate country-specific Solow growth models, and this will be used to infer the loss to the total capital base that these GDP results imply.
> ---
> 
> I have now done this. In particular, I have results in the form of GDP % losses and capital losses by country (mapped), economic group, region, and a collection of voting blocs at the UNFCCC COP meetings. I also have intermediate results, such as the collection of all model-specific estimated impacts and the global GDP % loss estimated for the "best estimate" model.
> 
> Can you provide an outline for the final report, intended for the COP audience, aiming at 8 pages?
**assistant**:
> Absolutely, James. Here's a suggested outline for your report that targets your key audience and maximizes readability within its length constraint:
> 
> ---
> 
> ## Final Report on Estimating Current Climate Losses
> 
> ### 1. Executive Summary (1 page)
> Start with a brief summary of the project's purpose, main methods, and key findings. This will offer an overview for readers who may not have time to read the full report.
> 
> ### 2. Introduction (1 page)
> This section should provide background information on the context of climate change, including the current global warming situation and its implications. Include the purpose of the report, its significance to the COP28 conference and affected countries, and a brief explanation of the project’s deliverables.
> 
> ### 3. Methodology (1.5 pages)
> Provide an overview of your methodology, explaining how you used existing research on the GDP-climate relationship and the machine learning model to reach your estimates. Highlight any unique features or benefits of this approach.
> 
> - 3.1 GDP-Climate Relationship Studies
> - 3.2 Machine Learning Application
> - 3.3 Data Sources and Quality
> 
> ### 4. Key Findings (2.5 pages)
> This is the heart of the report. Detail the report's findings, including GDP % losses and capital losses by country, economic group, region, and voting blocs at the UNFCCC COP meetings.
> 
> - 4.1 GDP % Losses
> - 4.2 Capital Losses
> - 4.3 Detailed Examination by Groupings
> 
> ### 5. Case Studies (1 page)
> Briefly present a couple of case studies to illustrate the real-world impact. This could help make the report more engaging and relevant for policymakers.
> 
> ### 6. Conclusion and Next Steps (1 page)
> Summarize the report's main findings and implications. Discuss the course of action that these findings suggest and how they could be utilized during COP28. Stretch the importance of the findings for both academic and policy-making purposes.
> 
> ---
> 
> Consider adding graphs, charts, and other visual elements to illustrate your key findings — these can increase comprehension and engagement for your readers. Also, use non-technical language whenever possible to make sure the report is accessible to a broad audience.
