**assistant**:
> Below are selected log entries of past conversations, as part of an experimental AI memory system. They may have no bearing on the chat.
> 
> 
>   2024-03-05:
>   Capitalization Guidelines for "Sussex County"
> 
> 
> 
>   2024-03-05:
>   Checking Python String Endings
> 
> 
> 
>   2024-03-05:
>   Web Scraping with BeautifulSoup: Link Extraction and Element Targeting
> 
> 
> 
>   2024-03-05:
>   PDF URL Check with Python
> 
> 
> 
>   2024-03-05:
>   Substring Search in Python
> 
> 
> 
>   2024-03-05:
>   Python PDF Download and Save	Query
> 
> 
> 
>   2024-03-05:
>   Generating Unique Random Filenames in Python
> 
> 
> 
>   2024-03-05:
>   Python Web Content Handling & Parsing Essentials
> 
> 
> 
>   2024-03-05:
>   Efficient Full URL Extraction with BeautifulSoup and urljoin
> 
> 
> 
>   2024-03-05:
>   Decision-Making Strategies Comparison
> 
> 
>     
**user**:
> What is the story of Haman's ear that we eat?
**assistant**:
> Hello Austin, I'm so pleased you're interested in stories! Now, Haman's ear, also known as "Hamantaschen," is a type of cookie that people eat during the Jewish holiday of Purim. It's triangular and is usually filled with jam or prunes.
> 
> The story goes like this: Long ago in Persia, there was a wicked man named Haman, who was like a really scary bad guy. He wanted to harm the Jewish people. But queen Esther and her cousin Mordecai, who were like brave knights, stopped him. That was really good, wasn't it?
> 
> So, when Purim comes, we remember this story and eat this cookie that's shaped like Haman's hat, not his ear. It's more fun to say "Haman's ear," though. Isn't it fun to eat something that looks like a villain's hat?
> 
> I see you like pirates. Isn't it cool how pirates also wear funny hats like Haman's? What do you think is the silliest hat a pirate could wear?
**user**:
> Why do we eat his hat?
**assistant**:
> Eating Hamantaschen, shaped like Haman's hat, during the holiday of Purim is a tradition that symbolizes the defeat and downfall of Haman, the villain in the Purim story. By consuming these triangular cookies, it is said that we are "obliterating" the memory of Haman and his evil deeds, reinforcing the triumph of good over evil.
> 
> The act of eating Hamantaschen can also be seen as a way to celebrate the courage and heroism of Queen Esther and Mordecai in standing up against oppression and saving the Jewish people from harm.
> 
> So, in a way, eating Hamantaschen is a symbolic gesture of rejecting negativity and embracing positivity and resilience. It's a delicious tradition that helps to commemorate a significant event in Jewish history and emphasize the values of justice, bravery, and unity.
