**assistant**:
> Below are selected log entries of past conversations, as part of an experimental AI memory system. They may have no bearing on the chat.
> 
> 
>   2023-07-21:
>   Query about mean of exponential of normal random variable; Answered with formula for log-normal distribution mean.
> 
> 
> 
>   2023-03-11:
>   James requested a story about why it rains; Arachne explained it through the tale of a thirsty land being rejuvenated by raindrops.
> 
> 
> 
>   2023-08-24:
>   Understanding the Mean of Long-Tailed and Fat-Tailed Distributions
> 
> 
> 
>   2023-09-07:
>   Estimating Asymptotic Level and Decay Rate in Negative Feedback Loops
> 
> 
> 
>   2023-07-21:
>   Calculated SE of difference between 2 normal distributions with mean 0 and same SE: √2σ; √2σ is the formula for the SE of the difference.
> 
> 
> 
>   2023-02-28:
>   Query regarding academic contribution: a unique and significant addition to knowledge in an academic discipline; response provided.
> 
> 
> 
>   2023-07-20:
>   James asked for a concise way to read a file as a string in Python; Arachne provided a one-liner code snippet with `read()` and a context manager for proper file handling.
> 
> 
> 
>   2022-12-21:
>   James asked about Lenfest grants and user-defined exceptions; Arachne explained methods in Python and suggested Zoom interview title guidelines.
> 
> 
> 
>   2023-01-31:
>   Importance of diversity in membership organizations; benefits include inclusiveness, improved decision making, creativity, understanding of different perspectives, and stronger communities.
> 
> 
> 
>   2023-05-05:
>   Origin of "hope springs eternal"; Christians appreciate its connection to faith and resilience.
> 
> 
>     
**user**:
> Why do exponential distributions come about?
**assistant**:
> Exponential distributions naturally arise when modeling the timing of events that occur independently and at a constant average rate, often referred to as "memoryless" or "lack of aging" processes. 
> 
> In real-world terms, this might be the timing of radioactive decay, the delay between phone calls at a call center, or time until a lightbulb fails, given that these processes operate independent of the amount of time that has passed.
> 
> Let's break these aspects down:
> 
> **1. Independent Events:** These are events whose occurrence does not depend on or influence other events. For instance, one customer's call to a call center doesn't influence the next customer's call.
> 
> **2. Constant Average Rate:** Over a sufficiently long time, the average rate of events remains constant. 
> 
> **3. Memoryless Property:** The probability of the event occurring does not change no matter how much time has passed. This, above all, distinguishes the exponential distribution. For example, the chance of a radioactive atom decaying in the next minute is the same no matter how long we've been watching. This is the distinct "memoryless" property of the exponential distribution.
> 
> In mathematical terms, if the time between events follows an exponential distribution, you can model it with a parameter λ, the rate at which events occur. The probability density function of this distribution is:
> 
>     f(x|λ) = λ e^(−λx) for x >= 0, 0 otherwise 
> 
> The exponential distribution is the continuous counterpart to the geometric distribution, which models the number of trials it takes to get a first success in Bernoulli trials.
> 
> This versatility and these properties make the exponential distribution a prevalent tool in probability theory and statistics.
