**user**:
> I'm plotting a matrix in Julia with Plots.heatmap, but I want to change the x-axis so it goes from 2023-07-17 12:00:00 to 2023-07-18 23:00:00 (the columns correspond to hours). How can I do that?
**assistant**:
> To customize the x-axis of a heatmap with specific datetime labels in Julia, you can use `Plots.heatmap` by specifying the x-axis tick labels with the desired time interval. First, you need to generate the datetime sequence that matches your matrix columns. Here's a step-by-step guide on how to do this:
> 
> 1. Create the datetime sequence from "2023-07-17 12:00:00" to "2023-07-18 23:00:00" with a 1-hour interval.
> 2. Use this sequence as the ticks for the x-axis.
> 
> Here's a code example:
> 
> ```julia
> using Plots
> using Dates
> 
> # Create a matrix to plot, e.g., a 36xN matrix where each column corresponds to an hour
> data = rand(10, 36)  # Example data
> 
> # Generate datetime ticks from 2023-07-17 12:00:00 to 2023-07-18 23:00:00
> start_time = DateTime(2023, 7, 17, 12, 0, 0)
> end_time = DateTime(2023, 7, 18, 23, 0, 0)
> hourly_ticks = collect(start_time:Hour(1):end_time)
> 
> # Plot the heatmap with custom x-axis ticks
> heatmap(
>     1:size(data, 2), 1:size(data, 1), data;
>     xticks = (1:length(hourly_ticks), string.(hourly_ticks)),
>     xlabel = "Time",
>     ylabel = "Row",
>     title = "Heatmap with Custom X-axis"
> )
> ```
> 
> This code generates a sequence of `DateTime` objects as `hourly_ticks` and then uses these for the `xticks` parameter in the `heatmap` function. Each tick will be labeled with the formatted date and time, aligning with the columns of your matrix. Adjust the `string.(hourly_ticks)` if you need a different datetime format.
**user**:
> This is too many values on the x-axis. How can I just show, say, every 6 hours?
**assistant**:
> To display ticks on the x-axis every 6 hours, you can modify the `xticks` parameter to select only those indices that correspond to the desired interval. Here's how you can adjust the code:
> 
> ```julia
> using Plots
> using Dates
> 
> # Create a matrix to plot, e.g., a 10x36 matrix where each column corresponds to an hour
> data = rand(10, 36)  # Example data
> 
> # Generate datetime ticks from 2023-07-17 12:00:00 to 2023-07-18 23:00:00
> start_time = DateTime(2023, 7, 17, 12, 0, 0)
> end_time = DateTime(2023, 7, 18, 23, 0, 0)
> hourly_ticks = collect(start_time:Hour(1):end_time)
> 
> # Select every 6th hourly tick
> six_hour_ticks = hourly_ticks[1:6:length(hourly_ticks)]
> 
> # Plot the heatmap with custom x-axis ticks every 6 hours
> heatmap(
>     1:size(data, 2), 1:size(data, 1), data;
>     xticks = (1:length(six_hour_ticks), string.(six_hour_ticks)),
>     xlabel = "Time",
>     ylabel = "Row",
>     title = "Heatmap with Custom X-axis (Every 6 Hours)"
> )
> ```
> 
> ### Explanation:
> - The `six_hour_ticks` variable selects every 6th element from the `hourly_ticks` array.
> - Now, the `xticks` parameter uses this reduced set, resulting in fewer ticks displayed on the x-axis, making your heatmap clearer and more readable. 
> 
> You can adjust the step in `1:6:length(hourly_ticks)` to any other value if you want a different interval.
**user**:
> And how can I just show the hour? The datetime strings are too long
**assistant**:
> If you want to display just the hour in the x-axis labels of your heatmap, you can format the datetime strings to include only the hour. You can use the `hour` function along with string interpolation for this. Here’s how to modify the code:
> 
> ```julia
> using Plots
> using Dates
> 
> # Create a matrix to plot, e.g., a 10x36 matrix where each column corresponds to an hour
> data = rand(10, 36)  # Example data
> 
> # Generate datetime ticks from 2023-07-17 12:00:00 to 2023-07-18 23:00:00
> start_time = DateTime(2023, 7, 17, 12, 0, 0)
> end_time = DateTime(2023, 7, 18, 23, 0, 0)
> hourly_ticks = collect(start_time:Hour(1):end_time)
> 
> # Select every 6th hourly tick
> six_hour_ticks = hourly_ticks[1:6:length(hourly_ticks)]
> 
> # Extract just the hour from the datetime objects
> hour_labels = string.(hour.(six_hour_ticks))  # Get hour as strings
> 
> # Plot the heatmap with custom x-axis ticks showing only hours
> heatmap(
>     1:size(data, 2), 1:size(data, 1), data;
>     xticks = (1:length(six_hour_ticks), hour_labels),
>     xlabel = "Time (Hour)",
>     ylabel = "Row",
>     title = "Heatmap with Custom X-axis (Every 6 Hours)"
> )
> ```
> 
> ### Key Changes:
> - `hour_labels = string.(hour.(six_hour_ticks))` extracts the hour from each `DateTime` object and converts it to a string.
> - The `xticks` parameter now uses `hour_labels`, which will display only the hour on the x-axis. 
> 
> This results in a cleaner and more compact x-axis, making the heatmap easier to read.
