**assistant**:
> Below are selected log entries of past conversations, as part of an experimental AI memory system. They may have no bearing on the chat.
> 
> 
>   2023-12-09:
>   Wave Impact on Ship Speed Approximation
> 
> 
> 
>   2023-11-10:
>   Understanding NOAA Buoy Data
> 
> 
> 
>   2023-07-09:
>   James wanted to drop one column of boolean factors in `model.matrix()`; Arachne provided code on using `contrasts.arg` to control column inclusion.
> 
> 
> 
>   2023-03-11:
>   Explained broadcasting NaN issue in xarray and provided method to create DataArray from DataSet dimensions; answered how to subset columns and get column list in GeoPandas.
> 
> 
> 
>   2023-06-08:
>   How to check if a value is a vector in Julia; Arachne recommends using the `isa` function with `AbstractVector`.
> 
> 
> 
>   2023-09-29:
>   Converting degree-minute coordinates to decimal in Excel
> 
> 
> 
>   2023-08-11:
>   James asked for a table summarizing various activities; Arachne provided the requested table with details on firing ranges, NASA facility, historic places, seashore, shipwrecks, and artifacts.
> 
> 
> 
>   2023-12-01:
>   Estimating Surface Ocean Currents from Wind and Wave Data
> 
> 
> 
>   2023-10-18:
>   Replacing NA values with 0 in an R dataframe
> 
> 
> 
>   2023-03-09:
>   James asked about R equivalent to decode_cf; Arachne mentioned ncdf4, which doesn't decode time. Arachne then suggested using udunits2 for time decoding.
> 
> 
>     
**user**:
> I have weather data formatted as text in the following way:
> ```
> ID      T1 TIME    LAT     LON DIST HDG WDIR  WSPD   GST  WVHT   DPD   APD MWD   PRES  PTDY  ATMP  WTMP  DEWP   VIS  TCC  TIDE  S1HT  S1PD  S1DIR  S2HT  S2PD  S2DIR   Ice   Sea      SwH      SwP     SwD     WWH    WWP    WWD      STEEPNESS
>            (GMT)                 nm  °T   °T   kts   kts    ft   sec   sec  °T     in    in    °F    °F    °F   nmi  8th    ft    ft   sec     °T    ft   sec     °T   Acc   Ice       ft      sec              ft    sec
> NTKM3    O 1818  41.29  -70.10    0 318  360  18.1  22.9     -     -     -   -  30.29     -  34.7  42.6     -     -    -     -     -     -      -     -     -      -  ---- -----        -       -       -       -      -      -              -
> ```
> I would like to parse this in python and be able to extract out any of the fields (e.g., WDIR). How can I do that?
**assistant**:
> Given your data, it seems that the values you're interested in are separated by spaces and may vary in the number of spaces between entries. In this case, one approach to consider is to parse this data using Python's `pandas` library, specifically with the `read_csv` function and using a regex pattern as the separator or delimiter.
> 
> Here is a python script that will load your data into a pandas DataFrame:
> 
> ```python
> import pandas as pd
> from io import StringIO
> 
> # Your data string
> data = """
> ID      T1 TIME    LAT     LON DIST HDG WDIR  WSPD   GST  WVHT  ...
>            (GMT)                 nm  °T   °T   kts   kts   ft    ...
> NTKM3    O 1818  41.29  -70.10    0 318  360  18.1  22.9     -    ...
> """
> 
> # Reading the data string into a pandas DataFrame using regex for varying number of spaces
> df = pd.read_csv(StringIO(data), sep="\s+", engine='python')
> 
> # Now 'df' is a pandas DataFrame that contains your parsed data. You can use it like so:
> 
> # Print the entire DataFrame:
> print(df)
> 
> # Print the 'WDIR' column:
> print(df['WDIR'])
> ```
> 
> In the `pd.read_csv` method, `\s+` is a regular expression (regex) that matches any whitespace (space, tab, newline, etc.) one or more times. This is helpful because it means pandas will correctly parse your single space-separated values, even if there are multiple spaces between some of them.
> 
> Note that the precise column names will depend on your actual data. Make sure to replace 'WDIR' with the column name you want to extract. Also, if your data string doesn't exactly fit the format you provided (more or fewer columns, for instance), adjust accordingly.
**user**:
> Here is the description of the WDIR variable:
>             # WDIR: Wind direction (in degrees true, from which it is blowing).
> Can you tell me how to interpret the value in that column? Is it from north clockwise or from east counterclockwise?
**assistant**:
> The Wind Direction (WDIR) value typically represents the direction from which the wind is blowing, given in degrees true. To interpret the value correctly, you need to consider the reference frame.
> 
> In meteorology and oceanography, wind direction is usually reported with respect to geographic or true north. This means that a wind direction of 0 degrees (or 360 degrees) indicates a wind blowing from the true north, while 90 degrees represents a wind blowing from the true east, 180 degrees from the true south, and 270 degrees from the true west. The scale follows a clockwise direction, where 180 degrees separates opposite wind directions (e.g., 0 and 180 degrees represent winds from opposite directions, such as north and south).
> 
> To summarize, the wind direction in the WDIR column is from true north and follows a clockwise direction, with 0 degrees representing a wind from the true north, 90 degrees from the true east, 180 degrees from the true south, and 270 degrees from the true west.
