**assistant**:
> Below are selected log entries of past conversations, as part of an experimental AI memory system. T
**user**:
> I'm writing a story where Barbary Corsairs attack and English ship near the Canary Islands, but then a Spanish ship comes to the rescue. Could that have happened? What would the Corsairs have said that's sort of like "Spanish Ho!"?
**assistant**:
> Barbary Corsairs were indeed active in the waters around the Canary Islands during the 16th and 17th centuries, targeting European ships for plunder and capturing crew members for ransom or slavery. English ships were common targets, and these waters were heavily trafficked, making them a plausible location for your story.
> 
> As for Spanish intervention, it's historically feasible that a Spanish ship might come to the aid of an English vessel. The Spanish Empire was keen to protect its interests and shipping routes around the Canary Islands, which were part of Spanish territory. While Anglo-Spanish relations were complex and often adversarial during this period, mutual enemies and the practicalities of maritime safety might have led to such a collaboration against common foes like the Corsairs.
> 
> In terms of what the Corsairs might have exclaimed upon spotting a Spanish ship, they could have used an equivalent phrase to "Spanish Ho!" The word "ho" is an English maritime cry used to alert crew members to a sighting. In this context, it could have been something like "¡Españoles a la vista!" ("Spaniards in sight!") or a simple alarm like "¡Español!" in Arabic or Turkish, which might have been more likely depending on the language in use. The panic or urgency would be communicated through tone rather than specific words.
**user**:
> What would have been the call in Arabic or Turkish?
**assistant**:
> In Arabic, a likely phrase the Corsairs might have used to alert their crew could be:
> 
> - **"الأسبان!"** (Al-Asbān!) - meaning "The Spaniards!"
> 
> In Turkish, the phrase could have been:
> 
> - **"İspanyollar!"** - meaning "The Spaniards!"
> 
> Both phrases would convey an urgent alert to recognize the presence of a Spanish ship, emphasizing the imminent danger and the need for action. The call would likely have been delivered in a commanding tone to ensure that it was heard clearly amidst the chaos of the attack.
