**assistant**:
> Below are selected log entries of past conversations, as part of an experimental AI memory system. They may have no bearing on the chat.
> 
> 
>   2023-08-17:
>   James asked how to add a layer to a group in QGIS; Arachne provided a step-by-step guide.
> 
> 
> 
>   2023-04-27:
>   Getting the 10th lowest number in R using `sort()` and indexing; Explained combinations for choosing 10 out of 30.
> 
> 
> 
>   2023-08-22:
>   James asked how to take a random draw from a multivariate normal distribution in scipy; Arachne provided a solution using `multivariate_normal.rvs`.
> 
> 
> 
>   2022-12-21:
>   James asked about Lenfest grants and user-defined exceptions; Arachne explained methods in Python and suggested Zoom interview title guidelines.
> 
> 
> 
>   2023-08-24:
>   How to receive window close notifications in Flask using JavaScript and AJAX; Cautions and limitations of the approach were highlighted.
> 
> 
> 
>   2023-05-03:
>   James asked about categorical variables in the `ranger` package in R; Arachne explained how to handle them and provided an example.
> 
> 
> 
>   2023-05-23:
>   How to draw from a conditional normal distribution; Difference between β̂ and expected value in econometrics.
> 
> 
> 
>   2023-08-03:
>   James reviews a paper claiming random major assignment at Xiamen University; Arachne clarifies allocation process based on multiple factors.
> 
> 
> 
>   2023-08-18:
>   How to label features in QGIS using field values; Achieving automatic label placement for visibility.
> 
> 
> 
>   2023-10-16:
>   Building a Function in R with Arbitrary Arguments for Random Number Functions
> 
> 
>     
**user**:
> In python, how can I retrieve a url as a string?
**assistant**:
> To retrieve the content from a URL as a string in Python, you can use the `requests` library, which is simple and straightforward to use. 
> 
> Here's a standard way to make a GET request to a URL and retrieve its content as a string:
> 
> ```python
> import requests
> 
> def get_url_content_as_string(url):
>     response = requests.get(url)
> 
>     # MAKING SURE THE REQUEST WAS SUCCESSFUL
>     if response:
>         # .text RETURNS THE RESPONSE CONTENT AS A STRING
>         return response.text
>     else:
>         return "Unable to retrieve content"
>         
> content = get_url_content_as_string('http://example.com')
> ```
> In this example, the function `get_url_content_as_string(url)` retrieves the content from the given URL as a string. Note that the `requests.get(url)` function returns a Response object, and its `.text` property retrieves the content sent by the server in unicode format.
> 
> Before extracting the content, the script checks `if response:`. This statement checks whether the server returned a successful response (HTTP status code in the range 200-299). If the response was not successful, the function returns a string indicating the failure.
**user**:
> With BeautifulSoup, how can I find a div by its class?
**assistant**:
> To find a `div` element by its class using BeautifulSoup in Python, you can use the `.find()` or `.find_all()` method along with the `class_` parameter. The `class_` parameter is used because `class` is a reserved keyword in Python. Here's an example:
> 
> ```python
> from bs4 import BeautifulSoup
> 
> # Assuming you have the HTML content in a variable called "html_content"
> # and you have created a BeautifulSoup object from it, like this:
> soup = BeautifulSoup(html_content, 'html.parser')
> 
> # Finding a single div by class
> div_element = soup.find('div', class_='your-class-name')
> 
> # Finding multiple divs by class
> div_elements = soup.find_all('div', class_='your-class-name')
> ```
> 
> In the above code, `find()` is used to find the first `div` element with the given class name. The `find_all()` method is used to find all `div` elements with the given class name, and it returns a list of matching elements.
> 
> Replace `'your-class-name'` with the specific class name you are looking for. Note that the `class_` parameter is used instead of `class`, as mentioned earlier, to avoid conflicts with the reserved keyword in Python.
**user**:
> How do I choose a random entry from an list?
**assistant**:
> To choose a random entry from a list in Python, you can use the `random.choice()` function from the `random` module. Here's an example:
> 
> ```python
> import random
> 
> my_list = [1, 2, 3, 4, 5]
> 
> random_entry = random.choice(my_list)
> print(random_entry)
> ```
> 
> In the above code, `random.choice(my_list)` selects a random entry from the `my_list` list. The chosen entry is then stored in the `random_entry` variable. Finally, `print(random_entry)` displays the selected random entry.
> 
> Make sure that you have imported the `random` module at the beginning of your code using `import random`.
