**assistant**:
> Below are selected log entries of past conversations, as part of an experimental AI memory system. They may have no bearing on the chat.
> 
> 
>   2023-08-24:
>   Understanding the Mean of Long-Tailed and Fat-Tailed Distributions
> 
> 
> 
>   2023-07-10:
>   Does variable order matter in ANOVA? No, order doesn't matter; correct assignment of variables and context are important.
> 
> 
> 
>   2023-05-17:
>   James asked about multi-line labels in Google's Treemaps; Arachne suggested using HTML entities or a custom charting solution like D3.js as a workaround.
> 
> 
> 
>   2023-07-21:
>   Query about mean of exponential of normal random variable; Answered with formula for log-normal distribution mean.
> 
> 
> 
>   2023-02-07:
>   James asked about the development of a child's ability to see color; Arachne explained that it typically develops around 6 months of age and improves with more visual experience.
> 
> 
> 
>   2023-08-24:
>   Obtaining High-Resolution Employment Data at the NAICS Level
> 
> 
> 
>   2023-10-29:
>   Ship Visibility in the 1850s
> 
> 
> 
>   2023-08-22:
>   James asked about converting 3-hourly netCDF data to daily data in Python; Arachne provided step-by-step instructions, resolving the issue.
> 
> 
> 
>   2023-02-16:
>   Average land temperatures can be warmer or cooler than the global mean temperature; various factors and human activities play a role in their differences.
> 
> 
> 
>   2023-05-01:
>   Guide to performing factor analysis in R; calculation of factor scores and error term explained.
> 
> 
>     
**user**:
> I see a dataset that offers, "The near-surface zonal and meridional total velocities, and near-surface radial velocities, measured by High Frequency radars that are part of the European High Frequency radar Network. These data are delivered together with standard deviation of near-surface zonal and meridional raw velocities, Geometrical Dilution of Precision (GDOP), quality flags and metadata."
> 
> What does total and radial velocities mean here?
**assistant**:
> "Near-surface zonal and meridional total velocities" in this dataset refers to the components of motion in specific geographical directions. Here's a breakdown:
> 
> - "Zonal" velocity typically refers to the east-west component of motion.
> - "Meridional" velocity typically refers to the north-south component of motion.
> 
> The "total velocity" is a combination of these two components, representing the complete velocity vector. To compute it, one typically applies the Pythagorean theorem, as these two components are usually perpendicular. The total velocity accounts for the motion in both directions (east-west and north-south) simultaneously.
> 
> "Radial" velocity, on the other hand, is a bit different. In the context of radar measurements, it's the velocity of an object directly towards (or directly away from) the radar station. In this case, the radial velocity is a component of the total velocity that is directly towards or away from the radar station.
> 
> Remember that "near-surface" indicates that these velocities are measured within a certain height range close to the Earth's surface—as opposed to say, at high atmospheric levels or deep in the ocean.
