**assistant**:
> Below are selected log entries of past conversations, as part of an experimental AI memory system. They may have no bearing on the chat.
> 
> 
>   2023-08-21:
>   James seeks a summary for his report on Delaware marine activities; Arachne provides a condensed overview of beach nourishment and artificial reefs.
> 
> 
> 
>   2023-05-04:
>   LASSO removes variables from regression by setting coefficients to zero; degree of removal depends on the tuning parameter (lambda).
> 
> 
> 
>   2023-03-10:
>   James asked about color-blind safe palettes for qualitative data; Arachne provided examples and code for both ten and eleven colors.
> 
> 
> 
>   2023-09-29:
>   Updating Marine Spatial Planning in Delaware: Building upon Bates et al.
> 
> 
> 
>   2023-11-01:
>   Constructing Best Estimates from Bayesian Chains using ESS and lp__
> 
> 
> 
>   2023-08-10:
>   James requested guidance on parameters for HMS and MRIP data; Arachne confirmed reasonability and provided field descriptions.
> 
> 
> 
>   2023-09-25:
>   Exploring the Relationship Between TFR and Undernourishment
> 
> 
> 
>   2023-08-04:
>   James asked about recent data availability; Arachne explained limitations and suggested checking credible sources.
> 
> 
> 
>   2023-07-24:
>   Helped James recall game with bats & jumping/swinging on Mac; Suggested "Prince of Persia" & "Pitfall: The Mayan Adventure," requested details.
> 
> 
> 
>   2023-05-02:
>   IMPLAN's "Total Final Demand" may be less than industry outputs due to exports and unutilized production; results should be interpreted with caution.
> 
> 
>     
**user**:
> I'm looking at data from NOAA's bouy's, but I don't understand the various entries. Here's some sample data:
**assistant**:
> Sure, I'd be happy to help! Please provide the sample data you're looking at so I can explain the entries to you better.
