**assistant**:
> Below are selected log entries of past conversations, as part of an experimental AI memory system. They may have no bearing on the chat.
> 
> 
>   2023-07-24:
>   User asked how to remove rounded rectangle around `geom_labels` in ggplot; Arachne provided code to set `label.padding` and `label.r` to `unit(0, "lines")`. User still saw square box;
> 
> 
> 
>   2023-05-29:
>   How to make the best decision with multiple models?; Methods include model averaging, maximin rule, Bayesian theory, and ensemble methods.
> 
> 
> 
>   2023-05-17:
>   James wanted to force an HTML element's width and wrap its content; Arachne provided CSS code but also mentioned common reasons for width not being respected.
> 
> 
> 
>   2023-05-01:
>   James designs language with N, I, and O; Arachne translates "NI OI IN PIR?" as "Sense change, opine known?"
> 
> 
> 
>   2023-08-19:
>   Quick Retrieval of Last N Lines from a File in Python
> 
> 
> 
>   2023-09-17:
>   Adding Centered Header to LaTeX Document
> 
> 
> 
>   2023-07-27:
>   James seeks feedback on summarizing climate change disconnect; Arachne provides suggestions.
> 
> 
> 
>   2023-07-06:
>   Inquiry about the usage of terms "small-holder farmers" and "small-scale farmers"; Arachne clarified their interchangeability and contextual variations.
> 
> 
> 
>   2023-08-11:
>   James asked for a tabular representation of activities; Arachne provided a concise summary of the extracted information.
> 
> 
> 
>   2023-08-19:
>   Assessing the Shelf Life of Expired Mustard
> 
> 
>     
**user**:
> I have an image in Beamer, and I want to put some caption text next to it. How can I do that?
**assistant**:
> To place some caption text next to an image in Beamer, you can use the `minipage` environment. Here is an example:
> 
> ```tex
> \begin{frame}
>     \begin{minipage}{0.6\textwidth}
>         \includegraphics[width=\textwidth]{image_file}
>     \end{minipage}
>     \begin{minipage}{0.3\textwidth}
>         Your caption text here.
>     \end{minipage}
> \end{frame}
> ```
> 
> In this example, your image will take up 60% of the text width `(0.6\textwidth)` and your caption will take up30% `(0.3\textwidth)`. You can adjust these values according to your needs.
> 
> Note: The two `\textwidth` values don't add up to 100% because it's generally a good idea to leave some whitespace to prevent elements from seeming crowded.
**user**:
> I want to make the text small, but when I do begin{small} around my text, the spacing between lines doesn't change. How can I make that change too?
**assistant**:
> To change the line spacing as well when using the `small` environment around your text in Beamer, you can use the `setspace` package and adjust the line spacing manually. Here's an example:
> 
> ```tex
> \documentclass{beamer}
> \usepackage{setspace}
> 
> \begin{document}
> \begin{frame}
>     \begin{spacing}{0.8} % Adjust line spacing as desired
>         \begin{small} % Make the text small
>             Your text here.
>         \end{small}
>     \end{spacing}
> \end{frame}
> \end{document}
> ```
> 
> In this example, the line spacing is adjusted by specifying the spacing factor within the `spacing` environment. A factor of `0.8` reduces the line spacing to 80% of the default spacing. You can modify the factor according to your preference.
> 
> By combining the `spacing` environment with the `small` environment, you can make the text small and adjust the line spacing simultaneously.
