**assistant**:
> Below are selected log entries of past conversations, as part of an experimental AI memory system. They may have no bearing on the chat.
> 
> 
>   2024-02-21:
>   Grant Proposal Refinement
> 
> 
> 
>   2024-02-22:
>   SSP Scenarios Comparison
> 
> 
> 
>   2024-02-22:
>   Grant Proposal Executive Summary Assistance
> 
> 
> 
>   2024-02-23:
>   Customizing ggplot Legends
> 
> 
> 
>   2024-02-23:
>   Calculating Government Tax Income from I/O SAM Taxes
> 
> 
> 
>   2024-02-23:
>   Marine Research Data Clarification
> 
> 
> 
>   2024-02-24:
>   Model Ship Finishing Guidance
> 
> 
> 
>   2024-02-24:
>   Global Model Income Distribution Representation
> 
> 
> 
>   2024-02-25:
>   Stakeholder Engagement Drafting for NOWASTING Project
> 
> 
> 
>   2024-02-26:
>   Gracious Exchange with Scott Odell
> 
> 
>     
**user**:
> how can companies benefits from technical hubs?
**assistant**:
> Companies can benefit from technical hubs in a variety of ways:
> 
> 1. **Access to Talent**: Tech hubs often attract skilled professionals, providing companies a rich talent pool from which to recruit.
> 
> 2. **Innovation and Collaboration**: Proximity to other tech companies can foster a dynamic environment of innovation and collaboration. Through shared working spaces or networking events, employees can exchange ideas, learn from each other, and even collaborate on projects.
> 
> 3. **Partnerships and Investments**: Tech hubs often attract investors looking for promising startups to fund. Moreover, companies can develop strategic partnerships with neighboring businesses for mutual growth.
> 
> 4. **Forward-Thinking Culture**: The culture in tech hubs tends to be more innovative and forward-thinking, which can inspire companies to adopt similar values.
> 
> 5. **Infrastructure and Services**: Tech hubs are often well-equipped with the latest technologies and supportive infrastructures like high-speed internet, which facilitate the operations of tech companies. Furthermore, such hubs usually have specific services tailored for tech companies, like specialized legal or financial services.
> 
> 6. **Government Support**: When a tech hub is recognized by the city or country, it often comes with benefits like tax incentives, funding opportunities, and supportive legislative environment.
> 
> 7. **Learning Opportunities**: Being part of a tech hub gives companies access to the latest advances in technology and business strategies, enabling them to remain competitive.
> 
> 8. **Brand Association**: Being located in a well-known tech hub can enhance a company’s reputation as it becomes associated with the hub's prestige—for example, being located in Silicon Valley.
> 
> However, while there are many potential benefits, companies can also face challenges in tech hubs such as higher competition for talent, increased living and operational costs, and a possible cultural shift for established enterprises. Thus, it’s crucial for companies to weigh both the potential pros and cons before deciding to invest in a technical hub.
**user**:
> how can companies benefits from technical hubs? what benifit do they get form sponsoring them? 
**assistant**:
> Companies can benefit from sponsoring technical hubs in several ways:
> 
> 1. **Brand Visibility and Recognition**: By sponsoring a technical hub, companies can increase their visibility and enhance their brand recognition within the tech community. This can lead to positive associations with innovation and support for the industry.
> 
> 2. **Access to Talent**: Sponsoring a technical hub can provide companies with enhanced access to top talent in the industry. This can be beneficial for recruitment efforts and can help ensure that the company has a skilled workforce.
> 
> 3. **Networking Opportunities**: Sponsorship often comes with networking opportunities, such as exclusive events or access to industry leaders. This can help companies forge valuable connections and partnerships that can drive business growth.
> 
> 4. **Innovation and Collaboration**: Sponsoring a technical hub can facilitate collaboration and innovation. Companies may have the opportunity to work on joint projects, share insights, and exchange ideas with other sponsors and members of the hub.
> 
> 5. **Community Engagement**: Sponsoring a technical hub demonstrates a company's commitment to supporting the local tech ecosystem and community. This can help foster goodwill and positive relationships with stakeholders.
> 
> 6. **Access to Resources**: Companies that sponsor technical hubs may gain access to resources and services offered by the hub, such as mentorship programs, educational workshops, or research facilities.
> 
> 7. **Market Exposure**: Sponsoring a technical hub can also provide companies with exposure to new markets and potential customers. This can help the company expand its reach and grow its customer base.
> 
> Overall, sponsoring a technical hub can be a strategic investment for companies looking to enhance their brand, engage with the tech community, access talent and resources, and drive innovation and growth within their organization.
