**assistant**:
> Below are selected log entries of past conversations, as part of an experimental AI memory system. They may have no bearing on the chat.
> 
> 
>   2023-12-25:
>   Money-Saving Tips for Disneyland Visit
> 
> 
> 
>   2024-02-05:
>   Reporting Square Kilometers with `siunitx`
> 
> 
> 
>   2023-03-09:
>   James inquires about making paper sticky with rubber cement; Arachne provides step-by-step instructions and safety considerations.
> 
> 
> 
>   2023-07-13:
>   James inquires about addressing a Korean collaborator and writing Korean Won; Arachne provides guidance on both.
> 
> 
> 
>   2023-05-10:
>   James asked about researchers at the University of Delaware studying the green transition; Arachne provided tips and drafted a letter of introduction.
> 
> 
> 
>   2023-07-25:
>   James asks about the frequency of needing the password for installing 3rd-party drivers on Ubuntu; Arachne clarifies its limited usage.
> 
> 
> 
>   2023-06-11:
>   James requested a recipe for "Three Bears' Special Forest Berry Porridge"; Arachne provided the recipe in the style of the three bears, including ingredients and instructions.
> 
> 
> 
>   2024-01-18:
>   Troubleshooting Slow-saving of Large Pandas DataFrame to RData
> 
> 
> 
>   2024-01-07:
>   Removing "ENGINE=MyISAM" from SQL Files
> 
> 
> 
>   2023-05-12:
>   James seeks edits for a just green transition grant proposal; Arachne provides concise guidance and edits.
> 
> 
>     
**user**:
> I have a global I/O table, describing both multiple sectors for each country and many countries. First, I aggregate everything to just 1 sector for each country, plus each country has a single final demand column and a single value added row. How can I use that to calculate the loss in output (or GDP?) in country i from a loss in output in country j?
**assistant**:
> To understand how a loss in output in country j affects output (or GDP) in country i, we can leverage the cumulative interdependencies represented in the global input-output (IO) table. 
> 
> Starting with a single sector for each country makes this easier. The global IO table can be interpreted as a reflection of the interconnectedness of world economies. Each element in the matrix, a(ij), quantifies the output from country i necessary for one unit of output in country j.
> 
> 1. **Calculate the Leontief Inverse Matrix**: This matrix includes all direct and indirect requirements of output across economies. The Leontief inverse (L) is calculated as L = (I - A)^-1, where I is the identity matrix and A is your IO matrix.
> 
> 2. **Calculate the Total Output Vector**: This can be found by pre-multiplying the final demand by the Leontief inverse (L). Let's call our total output vector X. Therefore, X = L * F.
> 
> 3. **Calculate the Loss in Output in Country j**: Let's assume this is a known quantity and denote it as loss_j. 
> 
> 4. **Calculate the Effect on Country i**: If we assume the loss in output in country j leads to a proportionate reduction in demand from country j's column in the IO table, then the new final demand would be F' = F - loss_j. Calculate the new total output vector X' = L * F'. 
> 
> 5. **Determine the loss in output (or GDP) in country i** due to the loss in output in country j by calculating the difference between the original and new total output vectors for country i (loss_i = X_i - X'_i). 
> 
> Remember, these steps assume output/cost relationships remain constant and perfectly linear, which may not hold in real-world scenarios, especially in significant economic disturbances. Thus, these calculations should be interpreted in consideration of these inherent limitations in input-output modeling.
**user**:
> When I construct my matrices (before taking the inverse), I end up with a block matrix of the following form:
> ( Z Y )
> ( VA 0)
> 
> Sum sum of the rows across the top blocks equal the sum of the columns across the "left" blocks. But that's not true of the remaining rows and columns. Is this a problem?
**assistant**:
> In the block matrix form you have described:
> \( \begin{matrix} Z & Y \\ VA & 0 \end{matrix} \)
> 
> It is normal to observe that the sum of the rows in the top blocks (Z and Y) are equal to the sum of the columns in the left blocks (Z and VA). This property ensures consistency in the flow of goods and services within and between sectors.
> 
> If the sums do not balance for the remaining rows and columns, where VA represents the value added and 0 represents the final demand, it is expected in input-output modeling. Here's why:
> 
> - **Value Added (VA)**: The value added column typically represents the value added by each sector in the economy. This value captures the difference between revenue generated from the sale of goods and services and the cost of intermediate inputs. The sum across the value-added row provides a measure of the total value added in the economy.
> 
> - **Final Demand (0)**: The final demand row usually captures the total demand for goods and services in the economy (across sectors) for final consumption, investment, government expenditure, and net exports. However, the sum of this row doesn't have to match any specific column or row total because it represents the total demand without any categorization.
> 
> Therefore, the sums not balancing for the remaining rows and columns (excluding the value-added and final demand rows and columns) is not a problem. It reflects the unique characteristics of value added and final demand in the context of an input-output matrix. Just ensure that the relationships within the sectors and between sectors remain accurate for the specific calculations you intend to perform in your analysis.
**user**:
> Wait, I thought that Y was my final demand. The 0 was just an extra block in the matrix. I'm not even sure if it should be 0.
**assistant**:
> I understand your concern. If Y represents your final demand and you're uncertain about the presence of the 0 block in your matrix, let's clarify the structure and interpretation of the block matrix in the context of input-output analysis:
> 
> Considering your block matrix as:
> \[ \begin{matrix} Z & Y \\ VA & 0 \end{matrix} \]
> 
> - **Z**: This block typically represents the intermediate demand matrix, showing the interindustry flows between sectors. Each element z_ij indicates the amount of output from sector i required by sector j as an input.
> 
> - **Y (Final Demand)**: This block represents the final demand vector for each sector, encompassing the total demand from final consumers, investments, government, and exports. The final demand vector Y influences the entire economy and serves as an exogenous variable in input-output models.
> 
> - **VA (Value Added)**: This block represents the value added by each sector in the economy. It captures the difference between the value of output and the value of intermediate consumption. The sum of the value-added row provides insights into the total value added across sectors.
> 
> - **0 Block**: If the '0' block does not represent a meaningful component in your model, you may consider excluding it from your matrix representation.
> 
> When fitting an input-output model to your data, ensure that the structure aligns with the conventions of input-output analysis, where the Z matrix captures interindustry transactions, the final demand vector Y accounts for exogenous demands, and the value-added row represents value creation within each sector. Adjust the matrix structure as needed to accurately reflect the economic relationships you aim to model.
**user**:
> Okay, but can I still construct the Leontief Inverse Matrix from this whole thing?
**assistant**:
> Yes, you can still construct the Leontief Inverse Matrix from the block matrix representation you provided, which includes the sectors' intermediate demand (Z), final demand (Y), and value added (VA). The Leontief Inverse Matrix is a fundamental tool in input-output analysis for understanding the interdependencies among sectors in an economy.
> 
> To construct the Leontief Inverse Matrix from your block matrix:
> \[ \begin{matrix} Z & Y \\ VA & 0 \end{matrix} \]
> 
> 1. **Constructing the Total Requirements Matrix (A)**:
>    - Concatenate the Z matrix and the Y column vector horizontally to create a total requirements matrix A.
>    - Append the VA row below the A matrix to include the value added information.
> 
> 2. **Calculating the Leontief Inverse Matrix (L)**:
>    - Compute the Leontief Inverse Matrix (L) using the formula: L = (I - A)^(-1), where I is the identity matrix of appropriate dimensions.
>    - In this case, A consists of the combined Z and Y matrices, so (I - A) should account for the total requirements including both the intermediate demand and final demand.
> 
> 3. **Interpreting the Leontief Inverse Matrix**:
>    - The Leontief Inverse Matrix quantifies the total requirements of each sector, including both direct and indirect effects, to meet final demand in an economy. It can provide insights into the multiplier effects of changes in final demand or sectoral outputs on the overall economy.
> 
> By constructing the Leontief Inverse Matrix from your block matrix, you can analyze the intersectoral relationships and dependencies within the economy, enabling you to assess the impact of shocks, changes in final demand, or output reductions on different sectors and the economy as a whole.
**user**:
> But if A is just Z and Y, it won't be square, right?
**assistant**:
> You are correct. If the matrix A consists of only the Z and Y blocks, it will not be square, which can pose challenges when trying to directly compute the Leontief Inverse Matrix using the formula (I - A)^(-1). 
> 
> In the standard Leontief Inverse Matrix calculation, the matrix A should be a square matrix to ensure the feasibility of taking its inverse. To address this issue with your block matrix representation:
> \[ \begin{matrix} Z & Y \\ VA & 0 \end{matrix} \]
> 
> You may need to adjust the structure of your matrices to ensure a square total requirements matrix A. One common approach to achieving this is by incorporating identity matrices to expand the original A matrix to a square form. Here's a simplified example:
> 
> 1. **Expand the A matrix**:
>    - Create an identity matrix of appropriate dimensions (e.g., the same size as the Z block) and concatenate it with the Z block to form an expanded matrix A`.
>    - Adjust the dimensions of the Y block accordingly to maintain compatibility.
> 
> 2. **Calculate the Leontief Inverse Matrix**:
>    - With the expanded A` matrix, apply the formula (I - A`)^(-1) to compute the Leontief Inverse Matrix.
> 
> By expanding the A matrix to ensure squareness before computing the Leontief Inverse, you can overcome the issue of non-squareness and proceed with analyzing the intersectoral relationships and impacts within your input-output model accurately. Adjusting the matrix structure as needed will enable you to derive meaningful insights from your input-output analysis.
