**assistant**:
> Below are selected log entries of past conversations, as part of an experimental AI memory system. They may have no bearing on the chat.
> 
> 
>   2023-01-20:
>   James inquired about births in the Belgariad series; Arachne revealed Polgara as the first to give birth, and Garion as a strong warrior's baby and heir to the Rivan throne.
> 
> 
> 
>   2023-12-24:
>   Catch-22 in Mediawiki Upgrade: Creating Temporary LocalSettings.php file
> 
> 
> 
>   2023-05-29:
>   How to make the best decision with multiple models?; Methods include model averaging, maximin rule, Bayesian theory, and ensemble methods.
> 
> 
> 
>   2023-04-25:
>   Historical event behind Japan's decision to "give up the gun" was Sakoku policy implemented during Tokugawa Shogunate (1603-1868); limited firearms use and production.
> 
> 
> 
>   2023-12-16:
>   Finding Humorous Alternatives for Chaos and Overwhelm
> 
> 
> 
>   2023-12-18:
>   Administrative Units in China
> 
> 
> 
>   2023-12-14:
>   Connecting to University Server: Tips and Considerations
> 
> 
> 
>   2023-05-23:
>   How to draw from a conditional normal distribution; Difference between β̂ and expected value in econometrics.
> 
> 
> 
>   2023-06-12:
>   James wanted to encode a unicode object to ASCII in Python 2; Arachne provided methods to remove or replace unencodable characters.
> 
> 
> 
>   2023-12-21:
>   Creating Python Maps of Latitude/Longitude Areas with Geopandas
> 
> 
>     
**user**:
> What's another way to say: "Interesting. I might be very interested in that." without saying "interesting" twice?
**assistant**:
> "Fascinating. This could pique my interest considerably."
**user**:
> Can you give another way?
**assistant**:
> "Intriguing. I find myself quite drawn to that."
