**assistant**:
> Below are selected log entries of past conversations, as part of an experimental AI memory system. T
**user**:
> can you make this into a table? "
> 
> Tier Options:
> Full Webinar Series Sponsorship							Cost: $30,000
> Benefits:
> Primary logo visibility on webinar marketing materials, email blasts, social media and presentation materials
> 5-minute speaking slot in two webinars to promote your organization and share your thematic solution (one solution per webinar) 
> List of attendees and their organizations 
> 
> 
> Partial Webinar Series Sponsorship							Cost: $10,000
> Benefits:
> Mid-size logo visibility on webinar marketing materials, email blasts, social media and presentation materials
> 2-minute speaking slot at two webinars to promote your organization and share your thematic solution (one solution per webinar) 
> 
> 
> Single Webinar Sponsorship								Cost: $6,000
> Benefits:
> Small logo visibility on webinar marketing materials, email blasts, social media and presentation materials
> 1-minute speaking slot to promote your organization at a single webinar and share a thematic solution 
> "
**assistant**:
> Sure, here is the information presented as a table:
> 
> | Tier Options                         | Cost    | Benefits                                                                                                                                       |
> |--------------------------------------|---------|------------------------------------------------------------------------------------------------------------------------------------------------|
> | Full Webinar Series Sponsorship      | $30,000 | Primary logo visibility on materials, email blasts, social media and presentations 5-minute speaking slot in two webinars Attendee list provided |
> | Partial Webinar Series Sponsorship   | $10,000 | Mid-size logo visibility on materials, email blasts, social media and presentations 2-minute speaking slot at two webinars                      |
> | Single Webinar Sponsorship           | $6,000  | Small logo visibility on materials, email blasts, social media and presentations 1-minute speaking slot at a single webinar                     |
