**assistant**:
> Below are selected log entries of past conversations, as part of an experimental AI memory system. T
**user**:
> what is a god linkedin campaign for vlaentines day with the focus on "we love our partners" what kinds of posts do you suggest ?
**assistant**:
> Certainly, James. A LinkedIn campaign for Valentine's Day centered around "We Love Our Partners" theme can be a great way to showcase your appreciation for your business partners or collaborators. Here are some ideas for posts:
> 
> 1. **Testimonials from Partners:** Share testimonials from your partners expressing how much they love working with you. This can help build trust and credibility among your network.
> 
> 2. **Partnership Success Stories:** Share a post highlighting a recent success or project completed in collaboration with a partner. Be sure to express your gratitude and love for your partners helping make it happen.
> 
> 3. **Partner Profiles:** Create and share a series of posts profiling each of your partners. Include details about what they do, why you love working with them, and how they contribute to your mutual success.
> 
> 4. **Behind-the-Scenes:** Consider sharing videos or photos from behind-the-scenes that demonstrate the great relationship you have with your partners. This can help humanize your company and your partners.
> 
> 5. **Partner Interviews:** Conduct brief interviews with your partners where they discuss why they love working with your company and what makes your partnership unique.
> 
> 6. **User-Generated Content:** Encourage your partners to share posts expressing their love for your company and the work you do together. You can then reshare these posts on your LinkedIn page.
> 
> 7. **Celebration Post:** Create a special graphic post dedicated to Valentine's Day, celebrating love and partnership. Include a heartfelt message about how much you love and appreciate your partners.
> 
> Remember, LinkedIn is a professional platform, so while we are celebrating love, keep the tone professional and focused on business achievements and collaboration.
**user**:
> what is a god linkedin campaign for vlaentines day with the focus on "we love our partners" what kinds of posts do you suggest ? can you sugegst a scheudel of posts in linkedin
**assistant**:
> Certainly, James. Here is a suggested schedule of posts for your LinkedIn campaign centered around the theme "We Love Our Partners" for Valentine's Day:
> 
> **Week Prior:**
> 1. **Monday:** Introduction post teasing the upcoming Valentine's Day campaign. Tease the theme and build anticipation.
> 2. **Wednesday:** Share a post highlighting the importance of partnerships in business success. Acknowledge past partnerships.
> 3. **Friday:** Preview upcoming partner testimonials or success stories. Encourage followers to stay tuned.
> 
> **Valentine's Week:**
> 1. **Monday:** Launch the campaign with a post expressing love and appreciation for your partners. Share a partner success story.
> 2. **Wednesday:** Partner spotlight post featuring one of your key partners. Highlight their achievements and why you love working with them.
> 3. **Friday:** Share a video compilation of partner testimonials expressing their love for your collaboration.
> 
> **Valentine's Day:**
> 1. **Monday:** Special Valentine's Day post, showcasing a heartfelt message of gratitude for all partners. Use engaging visuals or graphics.
> 2. **Wednesday:** Share a behind-the-scenes post showing the teamwork and collaboration between your team and partners.
> 3. **Friday:** Recap post summarizing the campaign, thanking partners for their contributions, and looking forward to future collaborations.
> 
> Ensure each post includes engaging visuals, such as images or videos, and relevant hashtags like #PartnerLove #ValentinesDay #BusinessPartners. Remember to interact with comments and engage with your audience throughout the campaign to maintain interest and build connections with your followers.
