**assistant**:
> Below are selected log entries of past conversations, as part of an experimental AI memory system. They may have no bearing on the chat.
> 
> 
>   2023-04-25:
>   James asked for a reading on the challenges of freedom in academic research from an existential perspective; Arachne suggested "The Myth of Sisyphus" and "The Denial of Death" as insightful works.
> 
> 
> 
>   2023-11-26:
>   Job Nagarmi Sowah's Ph.D. Application in Environmental Economics
> 
> 
> 
>   2022-12-24:
>   James asked about traditional anniversary gift origins; Arachne explained academic publishing statuses.
> 
> 
> 
>   2023-02-05:
>   Huns invading China confirmed; Correction made regarding Sesame Street songs about NYC, providing three examples.
> 
> 
> 
>   2023-03-22:
>   Inquiry on impactful "Braiding Sweetgrass" chapter for Philosophy of Research; "Allegiance to Gratitude" emphasizes ethical values.
> 
> 
> 
>   2023-05-18:
>   James seeks edits for a two-minute pitch on the clean energy transition; Arachne provides a clearer, engaging version emphasizing social justice and interdisciplinary collaboration.
> 
> 
> 
>   2023-09-12:
>   Showing Appreciation for a Gift from a PhD Student
> 
> 
> 
>   2023-04-15:
>   James requests evaluation of research assistant candidates for PAGE model project; Arachne provides rankings and updates based on criteria, adjusting for candidate focus on data science.
> 
> 
> 
>   2023-04-13:
>   James wants a Lin Manuel Miranda-style song for Camilo's self-discovery in Encanto; Arachne creates "Shifting Shapes, Steadfast Heart" where Camilo and his family unite through their magic.
> 
> 
> 
>   2023-11-24:
>   Advancing the Discussion on Loss & Damage at COP27
> 
> 
>     
**user**:
> Please draft for me an email response to the following email or email
> thread. The email will come from me. Please keep the text
> professional, dispassionate, and to-the-point.
> 
> Conversation opened. 1 read message.
> 
> Skip to content
> Using Gmail with screen readers
> 
> 14 of 1,302
> Happy Thanksgiving from Shun Tong
> Inbox
> 
> Shun Tong
> Thu, Nov 23, 11:35 AM (3 days ago)
> to James
> 
> Dear Prof.Rising
> 
> Happy Thanksgiving! At this time of warmth and gratitude, I want to express my sincere thanks for your support since my arrival in the U.S. three months ago. Your patience and kindness have made my transition approach into this new chapter easier and smoother. 
> 
> I am also appreciative of your guidance, more importantly, which has been a compass in the vast and complex world of academia, helping me navigate through challenges and opportunities with clarity and purpose.
> 
> I am deeply appreciative of your insights and encouragement, which have profoundly impacted my academic pursuits, infusing me with the confidence and motivation to press on, even in the face of adversity.
> 
> As we celebrate Thanksgiving, I want to acknowledge how much your support has meant to me during these initial months. I look forward to continuing to learn and grow with your guidance.
> 
> Wishing you a peaceful and joyful Thanksgiving with your family.
> 
> With my deepest gratitude,
> Shun Tong
> Page 12 of 20benjamin.jullien@gsccnetwork.org
**assistant**:
> Subject: Re: Happy Thanksgiving from Shun Tong
> 
> Dear Shun Tong,
> 
> I hope this message finds you well. Thank you for your heartwarming Thanksgiving wishes. 
> 
> I appreciate your kind words and am glad to hear that you're finding value in our interactions. It's been a pleasure supporting and witnessing your growth within the U.S and the academic community. Your dedication and drive to adapt and learn are truly commendable, and I am confident that they will take you far in your academic pursuits and beyond.
> 
> Navigating a new culture and academic environment can indeed be challenging, but remember, every challenge faced is an opportunity for growth. I remain committed to helping guide you in your journey and am excited to continue witnessing your development.
> 
> Thank you once again for your thoughtfulness. I hope you too had a peaceful and joyful Thanksgiving.
> 
> Here's to ongoing learning and success.
> 
> Best Regards,
> James
> 
