**assistant**:
> Below are selected log entries of past conversations, as part of an experimental AI memory system. They may have no bearing on the chat.
> 
> 
>   2023-12-22:
>   Resolving Database Query Errors in MediaWiki
> 
> 
> 
>   2023-12-19:
>   Handling PHP Error and Missing Arguments in WordPress Widget
> 
> 
> 
>   2023-08-09:
>   James encountered an import error between `statsmodels` and `pandas`; Arachne suggested updating or downgrading the packages.
> 
> 
> 
>   2023-11-03:
>   Error in ggplot with coord_map() and fix suggestions.
> 
> 
> 
>   2023-07-25:
>   James asked how to get dimension keys in Mimi framework; Arachne suggested passing keys as argument to run_timestep function.
> 
> 
> 
>   2023-07-26:
>   Fixing orphaned hole error in shapefile; Converting gBuffer output to SpatialPoly for writing.
> 
> 
> 
>   2023-11-03:
>   Exporting R Tables to Word and Resolving Installation Error
> 
> 
> 
>   2023-09-01:
>   HTML to LaTeX Table Translation
> 
> 
> 
>   2023-08-29:
>   Improving Color Visibility in ggplot2 Legends
> 
> 
> 
>   2023-07-18:
>   Asked how to repeatedly call an Ajax command until stop condition is met; Arachne provided jQuery code example to implement recursive function for this purpose.
> 
> 
>     
**user**:
> I am updating an old version of mediawiki. On the database update, I get the error "/Database.php: Error 1146: Table 'openworld_existencia_org.categorylinks' doesn't exist
> Function: DatabaseUpdater::doCollationUpdate". How can I fix this?
**assistant**:
> The error is saying that the `categorylinks` table doesn't exist in your `openworld_existencia_org` database. This can happen when updating an older version of MediaWiki if one or more of the required tables were not created during the setup or got deleted somehow.
> 
> Here is what you can do to fix the error:
> 
> 1.  First, check if the table really doesn't exist. You can do this by logging into your MySQL database using a client, like phpMyAdmin, and navigating to the `openworld_existencia_org` database. Once there, inspect the list of tables to see if `categorylinks` is present. 
> 
> 2.  If the table doesn’t exist, you would need to create it manually. The SQL command to create the table is stored in the MediaWiki's installation `.sql` file. 
> 
> For MediaWiki 1.37, you can find the file in the root directory of your MediaWiki installation, in the folder `\maintenance\tables.sql`. Open this file up and look for a CREATE TABLE statement for the `categorylinks` table. The SQL statement should look something like this:
> 
>     ```sql
>     CREATE TABLE /*_*/categorylinks (
>       cl_from int unsigned NOT NULL default 0,
>       cl_to varchar(255) binary NOT NULL default '',
>       cl_sortkey_prefix varchar(255) binary NOT NULL default '',
>       cl_sortkey varbinary(230) NOT NULL default '',
>       cl_collation varbinary(32) NOT NULL default '',
>       cl_type varbinary(32) NOT NULL default 'page',
>       cl_timestamp timestamp NOT NULL default CURRENT_TIMESTAMP,
>       PRIMARY KEY cl_from(cl_from,cl_to),
>       KEY cl_sortkey(cl_to,cl_type,cl_sortkey,cl_from),
>       KEY cl_timestamp(cl_to,cl_timestamp)
>     ) /*$wgDBTableOptions*/;
>     ```
> 
>     Please adjust this SQL statement according to your SQL file in your version.
> 
> 3. Open your MySQL client (e.g., phpMyAdmin), select your database `openworld_existencia_org`, and execute the SQL statement. 
> 
> 4. After you have created the table, you can rerun the database update script.
> 
> Please note that it's strongly recommended to back up your database before making any changes to it. This way, in case something goes wrong, you can restore your database to its previous state. 
> 
> If you continue to have issues, don't hesitate to reach out.
