**assistant**:
> Below are selected log entries of past conversations, as part of an experimental AI memory system. T
**user**:
> Can I use plot_grid in R with different amounts of space between the panels?
**assistant**:
> `plot_grid` from the `cowplot` package in R is quite flexible, but it doesn't directly support setting different amounts of space between panels. However, you can achieve this effect by creating individual plots with specific spacing and then combining them with `plot_grid`.
> 
> Here's a workaround approach:
> 
> 1. Use `ggplot2` or any plot-making function to create individual plots.
> 2. Add additional blank plots using `plot_spacer()` or a similar approach to control spacing.
> 3. Combine your plots using `plot_grid` while strategically placing the spacers to adjust the space between specific panels.
> 
> Here's a small example:
> 
> ```r
> library(ggplot2)
> library(cowplot)
> 
> # Create some example plots
> plot1 <- ggplot(mpg, aes(displ, hwy)) + geom_point()
> plot2 <- ggplot(mpg, aes(cty, hwy)) + geom_point()
> plot3 <- ggplot(mpg, aes(fl)) + geom_bar()
> 
> # Create blank plot spacers with limited height
> spacer <- plot_spacer() + theme(axis.ticks = element_blank(), axis.text = element_blank())
> 
> # Arrange plots with varying space
> grid <- plot_grid(
>   plot1, spacer, plot2, spacer + theme(plot.margin = margin(2,0,2,0)), plot3,
>   nrow = 3,
>   rel_heights = c(1, 0.1, 1) # Adjust spacer height relative to the plots
> )
> 
> # Display the grid
> print(grid)
> ```
> 
> In this example, `plot_spacer()` is used to create spaces between plots, and `rel_heights` adjust their sizes. You can tweak these parameters according to your needs for achieving different spacing arrangements.
**user**:
> My R doesn't recognize plot_spacer(). I do have cowplot loaded.
**assistant**:
> If `plot_spacer()` isn't recognized in your R environment even with `cowplot` loaded, it may be a version issue, or perhaps it’s not imported correctly. You can alternatively create a blank plot using `ggplot2`. Here's how to do it:
> 
> 1. **Create empty plots** using `ggplot()` with no data.
> 2. **Combine these empty plots** with your actual plots using `plot_grid()`.
> 
> Here’s a modified example:
> 
> ```r
> library(ggplot2)
> library(cowplot)
> 
> # Create some example plots
> plot1 <- ggplot(mpg, aes(displ, hwy)) + geom_point()
> plot2 <- ggplot(mpg, aes(cty, hwy)) + geom_point()
> plot3 <- ggplot(mpg, aes(fl)) + geom_bar()
> 
> # Create empty plots for spacing
> spacer <- ggplot()+ geom_blank() + theme_void()  # Creates an empty plot
> 
> # Arrange plots with varying space
> grid <- plot_grid(
>   plot1, spacer + theme(plot.margin = margin(2, 0, 2, 0)), plot2,
>   spacer + theme(plot.margin = margin(4, 0, 4, 0)), plot3,
>   nrow = 3,
>   rel_heights = c(1, 0.1, 1)  # Adjust heights for visual appeal
> )
> 
> # Display the grid
> print(grid)
> ```
> 
> In this code:
> 
> - `geom_blank()` creates an empty plot.
> - `theme_void()` removes all axes and text for a clean appearance.
> - You can adjust the `margin` values in the `theme()` function applied to the spacers to control the space around them.
> 
> By utilizing empty plots effectively, you can create the visual spacing you desire in your grid without relying directly on `plot_spacer()`.
**user**:
> Okay, that works to increase the spacing. But I want to almost entirely remove the spacing between two plots. Can I do that?
**assistant**:
> Yes, you can almost entirely remove the spacing between plots in `plot_grid()` by setting the margins to zero for the plots you want to bring closer together. Here’s how to do it:
> 
> 1. Set the plot margins using `theme()` to `margin(0, 0, 0, 0)`.
> 2. Combine the plots using `plot_grid()`.
> 
> Here’s an updated example to minimize spacing between specific plots:
> 
> ```r
> library(ggplot2)
> library(cowplot)
> 
> # Create some example plots
> plot1 <- ggplot(mpg, aes(displ, hwy)) + geom_point()
> plot2 <- ggplot(mpg, aes(cty, hwy)) + geom_point()
> plot3 <- ggplot(mpg, aes(fl)) + geom_bar()
> 
> # Remove margins for plots to be close together
> plot1_no_margin <- plot1 + theme(plot.margin = margin(0, 0, 0, 0))
> plot2_no_margin <- plot2 + theme(plot.margin = margin(0, 0, 0, 0))
> 
> # Create a spacer with very small height if needed
> spacer <- ggplot() + geom_blank() + theme_void()
> 
> # Arrange plots to minimize space between plot1 and plot2
> grid <- plot_grid(
>   plot1_no_margin, plot2_no_margin,
>   spacer + theme(plot.margin = margin(0, 0, 0, 0)), 
>   plot3,
>   nrow = 4,
>   rel_heights = c(1, 0, 1)  # Adjust heights as needed
> )
> 
> # Display the grid
> print(grid)
> ```
> 
> ### Explanation:
> - **Setting Margins to Zero**: The `theme(plot.margin = margin(0, 0, 0, 0))` call ensures that both `plot1` and `plot2` have no spacing around them.
> - **Adding Spacer**: You can include a very small spacer (via `ggplot() + geom_blank() + theme_void()`) if you still want to visually differentiate them slightly.
> - **Adjusting `rel_heights`**: This controls the height proportions of the plots. If you use `rel_heights = c(1, 0, 1)`, it effectively hides the spacer's height.
> 
> This approach allows you to nearly eliminate the vertical spacing between the specified plots while maintaining control over other aspects of the layout. Adjust the heights appropriately based on your specific needs!
**user**:
> Can I just remove the margin on the right of one graph and the left of another?
**assistant**:
> Yes, you can specifically remove the right margin of one plot and the left margin of another to bring them closer together without altering the margins of the entire layout. You can achieve this by using `theme()` and setting the relevant margins to zero.
> 
> Here's how you can do it:
> 
> ```r
> library(ggplot2)
> library(cowplot)
> 
> # Create some example plots
> plot1 <- ggplot(mpg, aes(displ, hwy)) + geom_point() +
>   theme(plot.margin = margin(0, 0, 0, 0))  # Remove all margins, adjust as needed
> 
> plot2 <- ggplot(mpg, aes(cty, hwy)) + geom_point() +
>   theme(plot.margin = margin(0, 0, 0, 0))  # Remove all margins, adjust as needed
> 
> # Create another plot for the example
> plot3 <- ggplot(mpg, aes(fl)) + geom_bar()
> 
> # Adjust margins for specific plots
> plot1_adjusted <- plot1 + theme(plot.margin = margin(0, 1, 0, 0))  # Right margin small, left of next plot will meet it
> plot2_adjusted <- plot2 + theme(plot.margin = margin(0, 0, 0, 0))  # Left margin removed
> 
> # Combine the plots
> grid <- plot_grid(
>   plot1_adjusted, plot2_adjusted, plot3,
>   nrow = 1,
>   rel_heights = c(1, 1, 1)
> )
> 
> # Display the grid
> print(grid)
> ```
> 
> ### Explanation:
> - **Setting Margins**: 
>   - For `plot1`, we set the right margin to a small value (here I've used `1`, but you can adjust based on how close you want the plots to be).
>   - For `plot2`, we set the left margin to `0` to eliminate the space on the left side.
> - **Arrange in `plot_grid`**: You can arrange the plots and specify the number of rows or columns as desired.
> 
> This method allows you to customize the spacing between specific plots without affecting the overall layout. Adjust the margin values to get the exact spacing you want!
**user**:
> Also, in my cowplot, my smaller figures have number labels on the x-axes that all run together. How can I fix that?
**assistant**:
> To improve the readability of x-axis labels in smaller figures created with `cowplot`, you can use a few different techniques:
> 
> 1. **Rotate the x-axis labels**: This often helps if the labels are overlapping.
> 2. **Modify the text size**: Make the labels smaller or adjust their size to fit better.
> 3. **Use fewer breaks**: Reduce the number of labels by setting specific breaks on the x-axis.
> 4. **Adjust the scaling**: Ensure that the plots have adequate space for labels.
> 
> Here's a sample code snippet showing how to implement these techniques:
> 
> ```r
> library(ggplot2)
> library(cowplot)
> 
> # Create example data
> data1 <- data.frame(x = 1:10, y = rnorm(10))
> data2 <- data.frame(x = 1:10, y = rnorm(10))
> 
> # Create smaller figures with rotated x-axis labels
> plot1 <- ggplot(data1, aes(x, y)) + 
>   geom_point() + 
>   scale_x_continuous(breaks = 1:10) + # Set specific breaks
>   theme(axis.text.x = element_text(angle = 45, hjust = 1, size = 8))  # Rotate and adjust the text size
> 
> plot2 <- ggplot(data2, aes(x, y)) + 
>   geom_point() + 
>   scale_x_continuous(breaks = 1:10) +  # Set specific breaks
>   theme(axis.text.x = element_text(angle = 45, hjust = 1, size = 8))  # Rotate and adjust the text size
>   
> # Combine the plots
> grid <- plot_grid(plot1, plot2, ncol = 2)  # Adjust columns as needed
> 
> # Display the grid
> print(grid)
> ```
> 
> ### Explanation:
> 
> - **`scale_x_continuous(breaks = 1:10)`**: This explicitly sets the x-axis breaks. Adjust the values based on your data for better representation.
> - **`element_text(angle = 45, hjust = 1, size = 8)`**: 
>   - The `angle = 45` rotates the labels to a 45-degree angle.
>   - `hjust = 1` ensures the text aligns properly after rotation.
>   - `size = 8` adjusts the font size of the labels; you can modify this value based on your needs.
>   
> You can adjust the angles, sizes, and breaks to get the desired readability for your specific figures. This should help eliminate any overlap and improve the clarity of your x-axis labels in the smaller plots!
**user**:
> I don't really want to set specific breaks-- it's just a continuous axis, and I want the code to work for different ranges of the data. Can I just reduce the number of breaks that are shown?
**assistant**:
> Yes! You can reduce the number of breaks shown on a continuous axis without specifying exact break values by using the `scale_x_continuous()` function with the `breaks` argument set to `waiver()` and the `labels` argument to automatically handle fewer ticks.
> 
> Here's how to do that:
> 
> 1. Use `scales::breaks_width()` to specify the width of the breaks, which effectively reduces the number of labels shown.
> 2. Use the `waiver()` function to allow the function to automatically determine breaks based on the data.
> 
> Here’s an example to illustrate this:
> 
> ```r
> library(ggplot2)
> library(cowplot)
> library(scales)  # Needed for breaks_width()
> 
> # Create example data
> data1 <- data.frame(x = seq(0, 100, length.out = 100), y = rnorm(100))
> 
> # Create a plot with reduced x-axis labels
> plot1 <- ggplot(data1, aes(x, y)) + 
>   geom_point() + 
>   scale_x_continuous(breaks = breaks_width(10)) +  # Reduce number of breaks to every 10 units
>   theme(axis.text.x = element_text(angle = 45, hjust = 1, size = 8))  # Rotate and adjust the text size
> 
> # Repeat for a second plot or adjust as necessary
> plot2 <- ggplot(data1, aes(x, y)) + 
>   geom_point() + 
>   scale_x_continuous(breaks = breaks_width(10)) +  # Reduce number of breaks to every 10 units
>   theme(axis.text.x = element_text(angle = 45, hjust = 1, size = 8))  # Rotate and adjust the text size
> 
> # Combine the plots
> grid <- plot_grid(plot1, plot2, ncol = 2)
> 
> # Display the grid
> print(grid)
> ```
> 
> ### Explanation:
> - **`breaks_width(10)`**: This generates breaks at every 10 units automatically. You can change `10` to other values based on your dataset's range to adjust how many ticks are shown.
> - **`theme(axis.text.x = element_text(angle = 45, hjust = 1, size = 8))`**: This retains the label rotation and sizing, ensuring they remain readable without overlap.
> 
> This way, you keep the continuous nature of the x-axis while managing the number of displayed labels effectively! Adjust the width value in `breaks_width()` to fit your specific data ranges.
