**assistant**:
> The most relevant past discussion is the one from **2024-07-08 14:28:54**, where James extracted dat
**user**:
> How can I find a YAML dictionary (each line should read "Category": "Extracted Information") inside of a string and extract it, in python?
**assistant**:
> To find and extract a YAML dictionary within a string in Python, you'll need to identify the relevant portion of the string that corresponds to the YAML format. This involves a bit of string manipulation in conjunction with YAML parsing. Here's a step-by-step guide to accomplish this using the `pyyaml` library:
> 
> 1. **Identify the YAML Block**: Use regular expressions to identify the block of text that looks like a YAML dictionary.
> 2. **Parse the YAML Block**: Load the identified YAML block into a Python dictionary.
> 
> Here's a sample implementation:
> 
> ```python
> import re
> import yaml
> 
> def extract_yaml_dict(text):
>     # Regular expression to find a block that looks like a dictionary
>     yaml_regex = r'(?<=\n|^)(\s*".+": ".+"\s*\n)+(?=\n|$)'
> 
>     # Search for the YAML block
>     match = re.search(yaml_regex, text)
>     if match:
>         # Extract the YAML text
>         yaml_text = match.group(0)
> 
>         # Parse the YAML text into a Python dictionary
>         try:
>             yaml_dict = yaml.safe_load(yaml_text)
>             return yaml_dict
>         except yaml.YAMLError as exc:
>             print(f"Error parsing YAML: {exc}")
>             return None
>     else:
>         print("No YAML dictionary found.")
>         return None
> 
> # Example usage
> text = """
> Some intro text
> "Category1": "Extracted Information 1"
> "Category2": "Extracted Information 2"
> Some closing text
> """
> 
> yaml_dict = extract_yaml_dict(text)
> if yaml_dict:
>     print(yaml_dict)
> ```
> 
> ### Key Points:
> - **Regex Usage**: The regex pattern `(?<=\n|^)(\s*".+": ".+"\s*\n)+(?=\n|$)` looks for blocks of text where each line matches the pattern of `"Category": "Extracted Information"`.
>   - **(?<=\n|^)** ensures it starts at the line beginning or after a newline.
>   - **(\s*".+": ".+"\s*\n)+** matches one or more lines containing key-value pairs.
>   - **(?=\n|$)** ensures it ends at the line's end or before a newline.
> - **YAML Parsing**: `yaml.safe_load()` is used to parse the identified YAML block into a Python dictionary. It's safe for untrusted input.
>   
> Ensure you install the required library with `pip install pyyaml` before running the script. Through this approach, you'll efficiently locate and convert YAML blocks into usable Python dictionaries.
