**user**:
> How can I drop a parenthetical statement in a string in R?
**assistant**:
> To remove a parenthetical statement from a string in R, you can use a regular expression with the `gsub` function. This allows you to match and substitute the text you want to remove. Here's a concise way to do it:
> 
> ```r
> # Example string
> text <- "This is an example (with a parenthetical statement) in a string."
> 
> # Remove the parenthetical statement
> cleaned_text <- gsub("\\s*\\([^\\)]+\\)", "", text)
> 
> # Output the result
> cleaned_text
> ```
> 
> In this solution:
> 
> - `\\s*` matches any whitespace before the parenthesis (to remove any space if present).
> - `\\(` and `\\)` represent the literal parentheses.
> - `[^\\)]+` matches any character except the closing parenthesis, effectively capturing the entire parenthetical content.
> - The `gsub` function replaces the matched pattern with an empty string, effectively removing it.
> 
> You should now have the original sentence without the parenthetical statement.
