**assistant**:
> Below are selected log entries of past conversations, as part of an experimental AI memory system. They may have no bearing on the chat.
> 
> 
>   2023-06-29:
>   Difference between I-20 and DS-2019 forms for US visas; I-20 for F-1 visa, DS-2019 for J-1 visa, issued by different institutions.
> 
> 
> 
>   2023-08-12:
>   James seeks help drafting a response to Nasrin; Arachne suggests Ph.D. in Environmental Economics and mentioning James for funding.
> 
> 
> 
>   2023-11-26:
>   Job Nagarmi Sowah's Ph.D. Application in Environmental Economics
> 
> 
> 
>   2023-11-12:
>   Pirates and Movies: A Playful and Apologetic Conversation
> 
> 
> 
>   2023-06-19:
>   James sought auto-scrolling improvement for chat UX; Arachne provided code for detecting user scroll position and suggested refactoring to handle scrolled user action.
> 
> 
> 
>   2023-07-21:
>   James suggests responding to an email from Md. Emran Hosen, expressing interest in Ph.D. in Environmental Economics; Arachne encourages him to apply and notes limited funding availability.
> 
> 
> 
>   2023-08-30:
>   Understanding Reviewer's Suggestion for `reset_index()` in Pandas Code
> 
> 
> 
>   2023-08-23:
>   Case study of shifting-the-burden dynamic in modern agriculture: over-reliance on chemical fertilizers undermines sustainability; organic farming as underutilized solution.
> 
> 
> 
>   2023-08-12:
>   James seeks response to Nasrin's email; Arachne identifies potential programs of interest and highlights her relevant background.
> 
> 
> 
>   2023-08-14:
>   James requested a shorter summary for the EMPOWER project's Community Benefit Plan; Arachne provided a condensed version addressing key elements and outcomes.
> 
> 
>     
**user**:
> Conversation opened. 1 read message.
> 
> Skip to content
> Using Gmail with screen readers
> 
> 18 of 1,302
> Thanksgiving Day
> Inbox
> 
> Alabi Paul
> Thu, Nov 23, 3:10 AM (3 days ago)
> to James
> 
> 
> Images are not displayed. Display images below - Always display images from alabipaul11@gmail.com
> Dear Dr. James,
> 
> Happy Thanksgiving day! I hope you're doing very well today. In the spirit of this moment of celebration, I reflect on the importance of the role of academic staff and their essential contribution to shaping a bright future for many aspiring professionals. I am grateful for the opportunity to meet you and everything you represent in my career aspirations.
> 
> I look forward to remarkable memories with you in the years to come and the opportunity to join the prestigious Environmental Science and Management department next Fall! I wish you and your loved ones a warm and joyous holiday filled with moments of gratitude and happiness.
> 
> Sincerely yours,
> Paul Alabi (your graduate student)
> 
> 
> 
> Mailtrack	Sender notified by
> Mailtrack	11/22/23, 11:59:40 PM	
> 
> Page 1 of 2benjamin.jullien@gsccnetwork.org
**assistant**:
> Subject: Re: Thanksgiving Day
> 
> Dear Paul,
> 
> Thank you for your warm and heartfelt message. It's always inspiring to know that our academic community does not only foster intellectual growth, but it also builds connections and shared memories across miles and cultures.
> 
> Your ambition and dedication to the field of Environmental Science and Management is commendable and I am optimistic about the contributions you'll make in the future. I look forward to welcoming you to our department next Fall and working together in molding your career aspirations.
> 
> May you also have a wonderfully joyous holiday season filled with gratitude and happiness. 
> 
> Kind regards,
> James Rising
**user**:
> Can you edit this message with the understanding that this student has deferred admission, but I look forward to welcoming them this next fall?
**assistant**:
> Subject: Re: Thanksgiving Day
> 
> Dear Paul,
> 
> Thank you for your warm and heartfelt message. It's always inspiring to know that our academic community not only fosters intellectual growth but also builds connections and shared memories across miles and cultures.
> 
> I highly appreciate your ambition and dedication to the field of Environmental Science and Management. While I understand that you have deferred your admission, I am thrilled to know that we will have the opportunity to welcome you to our department next Fall. Your determination and passion will undoubtedly make a significant impact as you pursue your career aspirations.
> 
> May you also have a wonderfully joyous holiday season filled with gratitude and happiness.
> 
> Kind regards,
> James Rising
