**user**:
> I have recently split off a project into a new repo for the next version in git.  The old version is at https://github.com/openmodels/MimiPAGE2020.jl and the new is at https://github.com/openmodels/MimiPAGE2025.jl. I just merged something into a branch on the old repo (to the `ccac` branch), and now I want to merge these changes into my new repo (also to the `ccac` branch. How do I do that from the command line?
**assistant**:
> Here are the steps to merge changes from a branch in the old repository into a branch in the new repository:
> 
> 1. **Add the old repository as a remote in your local clone of the new repository**:
>    ```bash
>    cd path/to/MimiPAGE2025.jl
>    git remote add old-repo https://github.com/openmodels/MimiPAGE2020.jl
>    ```
> 
> 2. **Fetch the branches from the old repository**. This will update all branches, but in particular, you are interested in the `ccac` branch.
>    ```bash
>    git fetch old-repo
>    ```
> 
> 3. **Check out the `ccac` branch in your new repository**, ensuring you are on the branch where you want to merge the changes.
>    ```bash
>    git checkout ccac
>    ```
> 
> 4. **Merge the changes from the `ccac` branch in the old repository**. This will bring in the changes you've just merged into that branch.
>    ```bash
>    git merge old-repo/ccac
>    ```
> 
> 5. **Resolve any conflicts**, if there are any. Open the conflicting files, look for the markers, and edit these files as needed to resolve the conflicts.
> 
> 6. **Commit the merged changes**. After resolving the conflicts, if any, commit the changes.
>    ```bash
>    git commit
>    ```
> 
> 7. **Push the changes to your new repository**:
>    ```bash
>    git push origin ccac
>    ```
> 
> This will ensure that your `ccac` branch in the new repository (`MimiPAGE2025.jl`) is updated with the latest changes from the `ccac` branch in the old repository (`MimiPAGE2020.jl`). Let me know if you need further help with any of these steps!
**user**:
> Also, if I have a .gitignore file in my base directory, do I need one in subdirectories?
**assistant**:
> You generally do not need separate `.gitignore` files in subdirectories if the rules in your base directory's `.gitignore` file cover the files and directories you wish to ignore. However, there are some scenarios where having a `.gitignore` file in a subdirectory can be beneficial:
> 
> 1. **Specific Ignoring**: If you want to add additional ignore rules that apply only to the contents of a specific subdirectory, having a `.gitignore` in that subdirectory allows you to specify those rules without cluttering the base `.gitignore` file.
> 
> 2. **Clarity**: If your project has many files and directories, a `.gitignore` at the subdirectory level can make it clearer which files are being ignored in that specific context.
> 
> 3. **Different Ignore Patterns**: If the subdirectory contains files or directories that are not logically related to those in the main repository and need distinct ignore rules, a separate `.gitignore` can help.
> 
> ### Example
> 
> For instance, if your base `.gitignore` contains the following:
> 
> ```plaintext
> *.log
> temp/
> ```
> 
> And you have a subdirectory called `logs/`, if you want to ignore only `.txt` files in `logs/`, you can have a separate `.gitignore` in `logs/`:
> 
> ```plaintext
> *.txt
> ```
> 
> ### Conclusion
> 
> - You **don't need** a separate `.gitignore` in subdirectories **if** the base rules are sufficient.
> - Consider a subdirectory `.gitignore` when dealing with specific needs or for clarity.
> 
> Feel free to ask if you need more details or examples!
