**assistant**:
> Below are selected log entries of past conversations, as part of an experimental AI memory system. T
**user**:
> I want to run many copies of a calculation in R in parallel. I can put each in a function, and it will operate on independent data, but because the individual operations are slow, I want to make sure that I can get (and save) results as they come in. How can I do this?
**assistant**:
> Running many copies of a calculation in parallel in R can be done using packages such as `parallel`, `doParallel` or `foreach`. Since you want to retrieve and save results as they come in, we should use the `foreach` package in combination with the `doParallel` package which has more flexibility for this.
> 
> Please see the following steps:
> 
> 1. **Install necessary packages.**
> 
> ```R
> install.packages(c( "doParallel", "foreach"))
> ```
> 
> 2. **Load the packages.**
> 
> ```R
> library(doParallel)
> library(foreach)
> ```
> 
> 3. **Setup a cluster based on the number of cores in your system.**
> 
> ```R
> cl <- makeCluster(detectCores())
> registerDoParallel(cl)
> ```
> 
> 4. **Define your independent function.**
> 
> For example, let's say your function is called `slow_calculation` and it takes a dataframe as input.
> 
> ```R
> slow_calculation <- function(df) {
>   # Your specific calculation on df
> }
> ```
> 
> 5. **Use `foreach` to run the function in parallel and combine the results**
> 
> ```R
> results <- foreach(df = list_df, .combine = "c", .multicombine = TRUE, .packages = "yourNeededPackages") %dopar% {
>   result <- slow_calcellation(df)
>   
>   # Save your result, this could be to a database, a file, or wherever you need
>   saveRDS(result, paste0("/path/to/save/results_", Sys.time(), ".RDS"))
>   
>   return(result)
> }
> ```
> 
> `foreach` with `%dopar%` is used for the parallel computation. The `.combine` and `.multicombine` argument are used to specify how the results from each parallel operation are combined.
> 
> 6. **Stop the cluster once your calculations are complete.**
> 
> ```R
> stopCluster(cl)
> ```
> 
> Using `saveRDS` will enable you to save the result object in their individual RDS file, with timestamped file names. This way, even if the script crashes in between, you will not lose the already computed results. You can read these file later using `readRDS()`. Be sure to replace `"/path/to/save/"` with your actual path. 
> 
> For the packages your function needs, list them in `.packages` argument. 
> 
> This code will distribute the processing of each dataframe across your available cores, saving individual results to disk as they complete.
**user**:
> I am working on a mac, so I think that means I can do forking rather than the socket approach, which I've heard is faster. Can I use that to do this?
**assistant**:
> Yes, on a Mac, you can indeed use forking as a parallel processing method instead of the socket approach. Forking creates child processes by duplicating the parent process, and in many cases, it can be faster and more memory efficient compared to the socket approach.
> 
> To use forking for parallel computing in R on a Mac, you can modify the code we discussed earlier to utilize forking instead of sockets. Here's how you can do it:
> 
> 1. **Load the necessary libraries and set up the cluster using forking:**
> 
> ```R
> library(doParallel)
> library(foreach)
> 
> # Set up a cluster using forking
> cl <- makeForkCluster(detectCores())
> registerDoParallel(cl)
> ```
> 
> 2. **Define and run the parallel calculations using `foreach` as before:**
> 
> ```R
> results <- foreach(df = list_df, .combine = "c", .multicombine = TRUE, .packages = "yourNeededPackages") %dopar% {
>   result <- slow_calcellation(df)
>   
>   # Save your result
>   saveRDS(result, paste0("/path/to/save/results_", Sys.time(), ".RDS"))
>   
>   return(result)
> }
> ```
> 
> 3. **Stop the fork cluster once calculations are complete:**
> 
> ```R
> stopForkCluster(cl)
> ```
> 
> Using `makeForkCluster()` instead of `makeCluster()` sets up a fork cluster for parallel processing. This takes advantage of the fork system call available in Unix-based operating systems, such as macOS.
> 
> By following these steps and replacing the relevant portions in your existing code, you can leverage forking as a parallel processing method on your Mac for faster and more memory-efficient computations.
