**user**:
> I'm using model.matrix in R to get the predictor matrix for predicting an econometric model. Normally this works, but I have some boolean columns, and these show up twice (as `column`TRUE and `column`FALSE) in the predictor matrix. But the regression model only has these once, since the other column would be linearly dependent. Can I get model.matrix to only give me one of these columns?
**assistant**:
> Yes, you can control which column of a boolean (factor) variable is dropped by using the `contrasts.arg` argument of the `model.matrix()` function. `model.matrix()` uses 'contrasts' to differ between factor levels and usually drops the first level. You can override this default behavior by specifying the contrasts for the respective factor(s). Here is an example:
> 
> ```r
> # Simulate data
> data <- data.frame('y' = rnorm(100), 'X1' = rbinom(100, 1, 0.5))
> 
> # Convert boolean to factor
> data$X1 <- as.factor(data$X1)
> 
> # Original matrix with first (FALSE) level dropped
> original_matrix <- model.matrix(~ ., data)
> #>    (Intercept) X1TRUE
> #>     1              0
> #>     2              1
> #>     ...
> 
> # Specify contrasts to drop the second (TRUE) level
> contrast_matrix <- model.matrix(~ ., data = data,
>                                 contrasts.arg = list(X1 = contr.treatment(2, base = 2)))
> #>    (Intercept) X1FALSE
> #>     1              1
> #>     2              0
> #>     ...
> ```
> This will produce a new model matrix where the second (TRUE) level of the boolean variable has been dropped, rather than the first (FALSE) one.
> 
> Remember to adjust '2' to the correct number of levels if you have more than two levels, and replace 'X1' with your variable name. 
> 
> Using a similar process, you can drop any level of any factor variable you want, which is very handy if the defaults are not what you need.
**user**:
> For some reason, though, neither of the "factors" of TRUE and FALSE are being dropped. Why would this be?
**assistant**:
> If the factors for TRUE and FALSE are not being dropped as expected, there could be a couple of potential reasons:
> 
> 1. The variable might not be recognized as a factor: Make sure the variable is properly defined as a factor using the `as.factor()` function. If it is recognized as a different variable type (such as character or numeric), `model.matrix()` will treat it as a continuous variable and include all the levels in the predictor matrix.
> 
> 2. The contrast method might not be specified correctly: Double-check that the `contrasts.arg` argument is correctly defined, so that the specific levels you want to drop are specified. Depending on the levels of the factor variable, you may need to use a different contrast method, such as `contr.treatment()`, `contr.poly()`, or `contr.helmert()`.
> 
> 3. The column might also be a logical (TRUE/FALSE) variable rather than a factor: In this case, `model.matrix()` will treat it as a continuous variable since there are only two unique values. To fix this, you can convert the logical variable to a factor using `as.factor()`.
> 
> If you are still experiencing issues, it would be helpful if you could provide a specific example of your data, along with the code you are using, so I can better understand the problem and assist you further.
