**user**:
> Summarize the next page.
**assistant**:
> Could you provide the text from page one? That way, I can create an accurate summary for you.
**user**:
> Summarize the next page.
**assistant**:
> markdown
> Page six of the document "Environment of Peace" highlights the intertwining crises of global security and environmental degradation. It underscores rising insecurity marked by conflict and displacement alongside environmental decline with issues like extreme weather and biodiversity loss. These crises interact, creating complex risks, particularly in ecologically vulnerable countries prone to instability. The document calls attention to the need for integrated solutions recognizing links between environmental health, peace, and human rights, as emphasized in international declarations and initiatives.
**user**:
> Summarize the next page.
**assistant**:
> markdown
> Page seven of "Environment of Peace" discusses the need to fundamentally rethink peace in light of environmental degradation and its link to insecurity and conflict. The text highlights that while governments are aware of climate change, they fail to address its major drivers urgently. Environmental decline can lead to disease spread, social instability, and violence. It stresses the importance of an inclusive idea of security that combines state-centered and human-centered perspectives. Effective responses require cooperation and adaptability, contrasting with militarization, which isn't a long-term solution. The page critiques government spending that harms the environment and fails to fund climate action, framing these expenses as conflict subsidies. It calls for more ambitious international cooperation to restore environmental integrity and tackle global crises.
**user**:
> Summarize the next page.
**assistant**:
> markdown
> Page eight of "Environment of Peace" discusses the allocation of climate adaptation funds, highlighting that fragile states receive disproportionately less support. It emphasizes resilience as crucial for surviving shocks and notes that resilience can buffer against various threats, both climate-related and not. The text describes how necessary societal transitions may cause dislocation, underscoring the importance of community involvement for successful outcomes. It criticizes the recent rise of autocratic leaders for undermining environmental and security cooperation. The page concludes with examples of hope and emphasizes that cooperation and adaptability are fundamental principles for tackling intertwined global challenges, offering insights from the report’s recommendations and principles.
**user**:
> Summarize the next page.
**assistant**:
> markdown
> Page nine of "Security in a New Era of Risk" emphasizes the necessity for inclusive solutions to address intertwined crises of environmental degradation and global insecurity. The page outlines recommendations for governments, the UN, private sectors, and civil society to expedite action with both immediate and visionary strategies. Key recommendations include addressing linked crises with joint solutions, investing in preparedness and resilience, financing peace rather than risk, ensuring a just and peaceful transition, fostering inclusivity, and promoting research and education. These actions aim to reverse negative trends and pursue mutually beneficial solutions, despite current distractions like active wars.
**user**:
> Summarize the next page.
**assistant**:
> markdown
> Page nine of "Security in a New Era of Risk" emphasizes the necessity for inclusive solutions to address intertwined crises of environmental degradation and global insecurity. The page outlines recommendations for governments, the UN, private sectors, and civil society to expedite action with both immediate and visionary strategies. Key recommendations include addressing linked crises with joint solutions, investing in preparedness and resilience, financing peace rather than risk, ensuring a just and peaceful transition, fostering inclusivity, and promoting research and education. These actions aim to reverse negative trends and pursue mutually beneficial solutions, despite current distractions like active wars.
**user**:
> Here is page 11 of a PDF, in a text-based layout:
> ===
> 1            T                     WO
>              CRISE           S
>                           With the toll of conflict
>                           rising and the natural
>                           environment degrading
>                           fast , our world is facing twin
>                           crises—and governments are
>                           only just waking up to the
>                           scale of the risks these crises
> AND                       p ose to humanity.
> A DE   FICI  T
>                                                      9
> ===
> In addition, the page has the following images, as described below:
> ===
> This image shows a close-up of a texture that resembles a wood grain pattern. The color is primarily a soft, light pinkish-brown, resembling a natural, warm wood tone. The pattern includes horizontal lines and variations in shade that mimic the natural lines found in wood. The texture gives the image a natural and organic appearance.
> ===
> The image depicts a black and white scene of deforestation in a forested area. Numerous tree stumps and fallen logs are scattered across the ground, indicating that many trees have been cut down. The branches and remains of the trees are spread around, creating an impression of devastation. In the background, there stands a line of trees, giving contrast to the cleared area in the foreground. The overall atmosphere is somber, reflecting the impact of logging or land clearing activities on the forest.
> ===
> The image is a black and white illustration of a large, circular arc resembling a dome or semi-circle. The arc is outlined in white on a black background, with a thin dashed line extending from the right side, suggesting a continuation or extension. There are no additional details or elements present within the arc.
> ===
> The image is a textured background with a deep reddish-brown color. The surface appears to be slightly rough, with a grainy pattern that includes a variety of small specks and subtle variations in tone. These specks add a sense of depth and texture to the image. The overall effect is reminiscent of a vintage or aged paper or fabric.
> ===
> The image shows a close-up of a traditional hunting trap called a Paiute Deadfall. It consists of a large piece of wood or bark that is propped up by a thin, angled stick. This stick is part of a triangular framework and is attached to a long, slender stick that acts as a lever or trigger. The setup is designed to collapse when the trigger is disturbed, causing the heavy object to fall on and trap small animals. The image is in black and white, highlighting the texture and details of the wooden components.
> ===
> Please write this in a stream appropriate for a text-to-speech reader.
**assistant**:
> This is an audio rendering of page eleven from the document titled "Security in a New Era of Risk."
> 
> The text reads as follows:
> 
> "With the toll of conflict rising and the natural environment degrading fast, our world is facing twin crises—and governments are only just waking up to the scale of the risks these crises pose to humanity." 
> 
> This concludes the main text on the page.
> 
> In addition, the page includes various images described below:
> 
> - The first image shows a close-up of a texture resembling a wood grain pattern, primarily in a soft, light pinkish-brown color that conveys a warm, natural wood tone. The pattern features horizontal lines and variations in shade that mimic natural wood, giving it an organic appearance.
> 
> - The second image depicts a black and white scene of deforestation in a forested area. Numerous tree stumps and fallen logs are scattered across the ground, indicating that many trees have been cut down. The branches and remnants of trees create an impression of devastation, with a line of trees in the background contrasting the cleared area in the foreground. The overall atmosphere is somber, reflecting the impact of logging or land clearing activities on the forest.
> 
> - The third image is a black and white illustration of a large, circular arc resembling a dome or semi-circle. The arc is outlined in white against a black background, with a thin dashed line extending from the right side, suggesting a continuation. There are no additional details or elements within the arc.
> 
> - The fourth image features a textured background with a deep reddish-brown color. The surface appears slightly rough, with a grainy pattern that includes various small specks and subtle variations in tone. This texture adds depth to the image, reminiscent of vintage or aged paper or fabric.
> 
> - The fifth image shows a close-up of a traditional hunting trap known as a Paiute Deadfall. It consists of a large piece of wood or bark propped up by a thin, angled stick, which is part of a triangular framework. This stick is connected to a long, slender stick that acts as a lever or trigger. The setup is designed to collapse when the trigger is disturbed, causing the heavy object to fall and trap small animals. The image is in black and white, highlighting the texture and details of the wooden components.
> 
> This concludes the descriptions of the images on the page.
