**assistant**:
> Below are selected log entries of past conversations, as part of an experimental AI memory system. They may have no bearing on the chat.
> 
> 
>   2023-01-19:
>   James asked about postpartum hair shedding and smelly gas in babies, Arachne explained; James sought blinds in Philadelphia, Arachne provided store recommendations.
> 
> 
> 
>   2023-04-05:
>   James asked about a term for developers working on projects for a day; Arachne said it's called a hackathon.
> 
> 
> 
>   2023-01-30:
>   James asked what econometricians call the black-box relationships they find; Arachne responded that they are called "econometric models."
> 
> 
> 
>   2024-01-03:
>   Shoe Tradition and Epiphany Connection
> 
> 
> 
>   2023-12-12:
>   Analyzing the Link Between Food Consumption and Health Outcomes
> 
> 
> 
>   2024-01-21:
>   CO2 Fertilization and Nutrient Loss in Crops
> 
> 
> 
>   2023-05-01:
>   James designs language with N, I, and O; Arachne translates "NI OI IN PIR?" as "Sense change, opine known?"
> 
> 
> 
>   2023-02-15:
>   James asked about virtue and vice in Stoic philosophy; Arachne explained their definitions, focusing on cultivating virtuous character and inner peace.
> 
> 
> 
>   2023-09-29:
>   Building on Bates et al.: Augmenting Delaware Marine Spatial Planning Data
> 
> 
> 
>   2023-06-12:
>   James asked about terminology and methods for variance decomposition; Arachne provided insights on residual variance and introduced the concept of shared variance.
> 
> 
>     
**user**:
> Where can I find a summary of what is known about the consequences of undernutrition on health?
**assistant**:
> There are numerous sources available where you can find detailed, research-backed information on the consequences of undernutrition on health. Below are some highly regarded resources:
> 
> 1. [World Health Organization](https://www.who.int/nutrition/topics/undernutrition/en/): The WHO provides numerous resources and reports on undernutrition globally. They cover the causes, prevalence, and consequences, with a focus on public health.
> 
> 2. [Centers for Disease Control and Prevention](https://www.cdc.gov/nccdphp/dnpao/publications/health-consequences.html): The CDC provides information on both over and undernutrition, with a specific focus on children and young adults.
> 
> 3. [UNICEF](https://data.unicef.org/topic/nutrition/malnutrition/): UNICEF has multitude of resources on undernutrition and malnutrition in children worldwide.
> 
> 4. [Global Nutrition Report](https://globalnutritionreport.org/): The Global Nutrition Report dives into aspects of nutrition and health, providing in-depth analysis and insights into the state of the world's nutrition.
> 
> 5. [Research Articles](https://pubmed.ncbi.nlm.nih.gov/): PubMed is a free search engine providing access to references from life science articles and online books. Searching undernutrition will yield multiple studies and reviews summarizing the consequences of undernutrition on health.
> 
> 6. [Books](https://www.amazon.com/Nutrition-Public-Health-Michelle-McGill-Collins/dp/1439882794): "Nutrition and Public Health" by Michelle A. McGregor provides an in-depth look into the link between nutrition and health consequences, including undernutrition.
> 
> Remember, the consequences of undernutrition can vary greatly depending on the individual, their age, gender, general health, and the length/severity of their nutritional deficit. It's always best to consult with a healthcare provider or a nutritional specialist for personalized information.
