**assistant**:
> Below are selected log entries of past conversations, as part of an experimental AI memory system. They may have no bearing on the chat.
> 
> 
>   2023-01-29:
>   James inquires about fastest growing emissions and reasons for climate risk assessment in India; Arachne provides insights on India's emissions growth, vulnerability to climate impacts, and poverty.
> 
> 
> 
>   2023-06-28:
>   Discussion on grant proposal for climate change impacts on food production and health; suggesting project titles and acronyms.
> 
> 
> 
>   2023-08-21:
>   James seeks a title for his talk on economic losses from climate change; Arachne suggests "Filling the Bucket: Towards a Comprehensive Assessment of Economic Losses from Climate Change in the UK."
> 
> 
> 
>   2023-08-11:
>   James asks about climate change impacts on fisheries session; Arachne suggests "F001 - Technology for Sustainable Fisheries."
> 
> 
> 
>   2023-06-28:
>   Requested words related to climate, environment, health, or food starting with 'O'; Explained significance of Ewoks in Star Wars.
> 
> 
> 
>   2023-05-01:
>   James requested information on researchers in climate change and environmental economics; Arachne provided summaries of 10 experts' affiliations and research interests.
> 
> 
> 
>   2023-08-11:
>   James requests a simplified plain language summary of a scientific abstract on climate change impacts on fish spawn; Arachne provides a revised summary.
> 
> 
> 
>   2023-10-08:
>   Optional Rendering of Arguments in Flask Templates
> 
> 
> 
>   2023-04-27:
>   Inquired about ISO code "CYN"; Arachne stated there is no such code for a country.
> 
> 
> 
>   2023-08-15:
>   James asked how to change the title on legends in QGIS's layout system; Arachne provided step-by-step instructions.
> 
> 
>     
**user**:
> I am writing a report on how climate change is already causing country GDP to be lower than it would have otherwise been. My report template allows only very short titles-- a couple words for the main title and a couple for the subtitle. Can you suggest some short titles?
**assistant**:
> Main Title: "Climate Cost"
> Subtitle: "GDP Erosion"
> 
> or
> 
> Main Title: "Invisible Drain"
> Subtitle: "Climate vs. GDP"
> 
> or 
> 
> Main Title: "Warming Penalties"
> Subtitle: "Lost GDP"
> 
> or 
> 
> Main Title: "Hot Economies"
> Subtitle: "Fading GDP"  
> 
> or
> 
> Main Title: "Climate Debt"
> Subtitle: "Hidden GDP Losses"
