**assistant**:
> Below are selected log entries of past conversations, as part of an experimental AI memory system. They may have no bearing on the chat.
> 
> 
>   2023-11-19:
>   Exporting GeoDataFrames to Import into QGIS
> 
> 
> 
>   2024-02-03:
>   Understanding the Usage of `return` in JavaScript
> 
> 
> 
>   2024-01-04:
>   Julia DataFrame Column Naming and Renaming
> 
> 
> 
>   2023-12-11:
>   Constructing Matrix from CSV Data in Julia
> 
> 
> 
>   2023-07-28:
>   Pizza storage: Box vs. plastic container; Arachne warns of taste changes due to lack of sealing.
> 
> 
> 
>   2023-11-10:
>   Oceanic Trenches and Tidal Bores
> 
> 
> 
>   2023-04-27:
>   Getting the 10th lowest number in R using `sort()` and indexing; Explained combinations for choosing 10 out of 30.
> 
> 
> 
>   2023-06-09:
>   James asked how to create a vector with a value repeated N times in Julia; Arachne suggested using the `fill()` function.
> 
> 
> 
>   2023-09-29:
>   Converting degree-minute coordinates to decimal in Excel
> 
> 
> 
>   2023-03-17:
>   James asks for retrieving a numeric vector from a data.table column; Arachne provides code and instructions, including using indexing operator and `unlist()`.
> 
> 
>     
**user**:
> I am generating a "partial-persistent" accumulation of impacts using the following R code:
> ```
> stats::filter(c(rep(0, 30), dimpact), (1 - .08)^(0:30), sides=1)[-1:-30])
> ```
> Can you express that in math?
**assistant**:
> Sure, I'd be happy to translate that R code into mathematical notation. I believe your R code is implementing a convolution operation on the `dimpact` vector, using a decaying "window" to model the partial persistence. We can express it as follows:
> 
> Let's define `dimpact` as the vector [dimpact_0, dimpact_1, ..., dimpact_n], representing impacts, and `decay` as the vector [(1 - 0.08)^0, (1 - 0.08)^1, ..., (1 - 0.08)^30], representing the weights over time.
> 
> The operation `(1 - .08)^(0:30)` creates the decay vector, and the `rep(0, 30)` pads the `dimpact` vector with zeroes for the first 30 positions to account for previous years' impacts when applying the convolution.
> 
> The `stats::filter()` function applies a convolution operation between `dimpact` and a reversed version of the `decay` vector. The `sides` parameter set to `1` means that it's using past values only.
> 
> In mathematical notation, after the zero-padding, it might be expressed as:
> 
> `result[t] = sum_{i=0}^{30} dimpact[t-i] * decay[i]`
> 
> where `t` refers to the time step, and `i` is the index within the window.
> 
> And in the original `dimpact` timescale (ignoring zero-padding):
> 
> `result[t] = sum_{i=max(0,t-30)}^{t} dimpact[i] * decay[t-i]`
> 
> if `t>=0` and `t< length(dimpact)`.
**user**:
> Now, I have an accumulated vector (`result`) and I would like to back out the original `dimpact` vector. How can I do that?
**assistant**:
> To back out the original `dimpact` vector from the accumulated `result` vector obtained through the convolution operation with the decay vector, you can use the following approach:
> 
> 1. Define the decay vector as before: `decay = (1 - 0.08)^(0:30)`.
> 
> 2. Initialize an empty vector to store the reconstructed `dimpact` values.
> 
> 3. Iterate over the `result` vector and apply the reverse operation of the convolution by using the decay vector in reverse. Here's the mathematical representation of the reverse operation:
> 
> `dimpact[t] = result[t] - sum_{i=max(0, t-30)}^{t-1} dimpact[i] * decay[t-i]`, where `t >= 30`.
> 
> 4. Implement this operation in R code to reconstruct the original `dimpact` values based on the accumulated `result` vector. Here's an example R code snippet for this process:
> 
> ```R
> # Define decay vector
> decay <- (1 - 0.08)^(0:30)
> 
> # Initialize empty vector to store reconstructed dimpact
> reconstructed_dimpact <- numeric(length(result))
> 
> # Iterate to reconstruct dimpact values
> for (t in 31:length(result)) {
>   reconstructed_dimpact[t] <- result[t] - sum(reconstructed_dimpact[(t-30):(t-1)] * rev(decay))
> }
> ```
> 
> By iterating backward through the accumulated `result` vector and applying the reverse convolution operation, you can reconstruct the original `dimpact` values that led to the accumulation.
