**assistant**:
> Below are selected log entries of past conversations, as part of an experimental AI memory system. T
**user**:
> I want to do KNN prediction in R, but I don't want to have a separate training and test dataset. How can I do this?
**assistant**:
> Sure, you can use the k-nearest neighbors (KNN) algorithm in R without splitting your data by performing leave-one-out cross-validation (LOOCV). LOOCV is an approach where each data point is used as a test set one at a time, and the rest of the data is used as the training set. Given your preference, this method fits perfectly.
> 
> Here's a step-by-step guide on how to implement LOOCV for KNN prediction in R using the `caret` package:
> 
> 1. **Install and load the required packages**:
>     ```R
>     install.packages("caret")
>     install.packages("class")
>     library(caret)
>     library(class)
>     ```
> 
> 2. **Prepare your data**:
>     Assume `data` is your dataset and `target` is the response variable.
>     ```R
>     data <- iris # Using Iris dataset as an example
>     target <- data$Species
>     ```
> 
> 3. **Set up LOOCV**:
>     Create a control object for cross-validation using the `trainControl` function with the method set to "LOOCV".
>     ```R
>     control <- trainControl(method="LOOCV")
>     ```
> 
> 4. **Train the KNN model using LOOCV**:
>     Use the `train` function from the `caret` package to train the model.
>     ```R
>     set.seed(123) # Set seed for reproducibility
>     knn_fit <- train(Species ~ ., data=data, method="knn", trControl=control, tuneLength=10)
>     ```
> 
> 5. **Inspect the results**:
>     The trained model `knn_fit` will contain the prediction results and performance metrics based on LOOCV.
>     ```R
>     print(knn_fit)
>     ```
> 
> Here’s a more concise example:
> 
> ```R
> # Load necessary libraries
> library(caret)
> library(class)
> 
> # Load your data (using iris dataset for example)
> data <- iris
> target <- data$Species
> 
> # Set up LOOCV control
> control <- trainControl(method="LOOCV")
> 
> # Train the KNN model
> set.seed(123)
> knn_fit <- train(Species ~ ., data=data, method="knn", trControl=control, tuneLength=10)
> 
> # Print the results
> print(knn_fit)
> ```
> 
> This approach will give you the performance metrics for the KNN model as evaluated by leave-one-out cross-validation on your entire dataset, no separate train-test split needed.
**user**:
> What does the tuneLength option do?
**assistant**:
> The `tuneLength` option in the `train` function of the `caret` package specifies a range of values to be explored during the hyperparameter tuning process for the selected model. 
> 
> For the k-nearest neighbors (KNN) algorithm, `tuneLength` determines the number of neighbors (k) to be tested. For example, if `tuneLength = 10`, the `train` function will test the KNN model with k values ranging from 1 to 10, evaluating the performance of each model based on the specified resampling method (in this case, LOOCV).
> 
> After evaluating the performance metrics of each tested k value, the `train` function will select the optimal k value based on the chosen evaluation metric (e.g., accuracy, AUC, etc.) and use this value to train the final model. 
> 
> By using `tuneLength`, you can automatically search for the best hyperparameter value (in this case, the number of neighbors, k) without the need for manual tuning, helping you to find the most optimal parameter for your KNN model.
