**assistant**:
> Below are selected log entries of past conversations, as part of an experimental AI memory system. They may have no bearing on the chat.
> 
> 
>   2023-08-15:
>   Damage estimates table provides insights into climate change impacts; high mitigation policies reduce damages significantly.
> 
> 
> 
>   2023-11-06:
>   Estimating Current Climate Losses: Impacts, Disparities, and Future Trajectories
> 
> 
> 
>   2023-11-07:
>   Estimating Current Climate Losses - Methodology and Approach
> 
> 
> 
>   2023-11-06:
>   Estimating Current Climate Losses and Global Disparities
> 
> 
> 
>   2023-08-15:
>   James requested key sectoral results from an analysis on climate damage estimates; Arachne provided estimates and policy comparisons.
> 
> 
> 
>   2023-08-15:
>   Potential damages under current policies; high-mitigation scenario can curtail impacts.
> 
> 
> 
>   2023-10-16:
>   Understanding the Impact of Discount Rates on Levelized Costs
> 
> 
> 
>   2023-11-07:
>   Estimating Current Climate Losses: Methodology Assistance and Project Overview
> 
> 
> 
>   2023-08-15:
>   Summarized individual sectors' damage estimates and their trends; identified impacts and mitigation pathways.
> 
> 
> 
>   2023-08-15:
>   A study shows significant impacts of climate change across various sectors, while high mitigation efforts can effectively reduce the negative impacts; detailed data in supplementary information.
> 
> 
>     
**user**:
> The following is a description of an integrated assessment model:
> ---
> | **Simulation Settings** |
> - **Time Start:**  2020
> - **Time Length:**  80
> - **Time Step:**  1
> - **Time Units:**  Years
> - **Algorithm:**  RK1
>  |
> | --- | --- |
> | **Model Variables** |
> | **Carbon Intensity of Energy** |
> - **Value:**  0.84\*(1 - [MAC])
> - **Units:**  Unitless
>  |
> | **Carbon Price** |
> - **Value:**  239
> - **Units:**  Unitless
>  |
> | **CO2 Emissions** |
> - **Value:**  (45000 / 160000)\*[Carbon Intensity of Energy]\*[Energy Demand]
> - **Units:**  Unitless
>  |
> | **Damage Coefficient** |
> - **Value:**  1.145
> - **Units:**  Unitless
>  |
> | **Damages** |
> - **Value:**  [Damage Coefficient]\*([Global Warming]^2)
> - **Units:**  Unitless
>  |
> | **Effective Income** |
> - **Value:**  [Global Income per Capita]\*(1 - [Damages] / 100)-[Per Person Mitigation Cost]
> - **Units:**  Unitless
>  |
> | **Energy Demand** |
> - **Value:**  (160000 / (10500\*7.82))\*[Global Income per Capita]\*[Population]\*[Energy Intensity of GDP]
> - **Units:**  Unitless
>  |
> | **Energy Intensity of GDP** |
> - **Value:**  exp(-.008 \* (Years() - 2020))
> - **Units:**  Unitless
>  |
> | **Global Warming** |
> - **Value:**  (2.05 / 4000)\*[Cumulative CO2 Emissions]
> - **Units:**  Unitless
>  |
> | **Per Person Mitigation Cost** |
> - **Value:**  [Total Mitigation Cost]/([Population]\*1e9)
> - **Units:**  Unitless
>  |
> | **Total Mitigation Cost** |
> - **Value:**  (45000 / 160000)\*0.84\*[Energy Demand]\*[Average Mitigation Cost]\*1e6
> - **Units:**  Unitless
>  |
> | **Model Stocks** |
> | **Cumulative CO2 Emissions** |
> - **Initial Value:**  2400
> - **Non-Negative:**  No
> - **Units:**  Unitless
>  |
> | **Global Income per Capita** |
> - **Initial Value:**  10500
> - **Non-Negative:**  No
> - **Units:**  Unitless
>  |
> | **Population** |
> - **Initial Value:**  7.82
> - **Non-Negative:**  No
> - **Units:**  Unitless
>  |
> | **Model Flows** |
> | **Flow** |
> - **Rate:**  [CO2 Emissions]/1000
> - **Alpha:**  _None_
> - **Omega:**  Cumulative CO2 Emissions
> - **Positive Only:**  Yes
> - **Units:**  Unitless
>  |
> | **Inc. Growth** |
> - **Rate:**  (1.4 / 100)\*[Global Income per Capita]
> - **Alpha:**  _None_
> - **Omega:**  Global Income per Capita
> - **Positive Only:**  Yes
> - **Units:**  Unitless
>  |
> | **Pop. Growth** |
> - **Rate:**  (17/1000 - 8/1000)\*(10500 / [Effective Income])\*[Population]
> - **Alpha:**  _None_
> - **Omega:**  Population
> - **Positive Only:**  Yes
> - **Units:**  Unitless
>  |
> | **Model Converters** |
> | **Average Mitigation Cost** |
> - **Data:**  0,0; 0.16,1.6; 0.32,6.4; 0.44,13; 0.6,28.2; 0.67,40.1; 1,150.65
> - **Source:**  MAC
> - **Interpolation:**  Linear
> - **Units:**  Unitless
>  |
> | **MAC** |
> - **Data:**  0,0; 20,0.16; 40,0.32; 70,0.44; 120,0.6; 220,0.67; 450,1
> - **Source:**  Carbon Price
> - **Interpolation:**  Linear
> - **Units:**  Unitless
>  |
> | **SSP CO2 Emissions** |
> - **Data:**  2015,39148.75802; 2020,44808.03822; 2030,52847.35932; 2040,58497.96983; 2050,62904.05862; 2060,66568.36762; 2070,70041.97857; 2080,73405.22592; 2090,77799.04942; 2100,82725.83312
> - **Source:**  Time
> - **Interpolation:**  Linear
> - **Units:**  Unitless
>  |
> ---
> 
> Can you describe this model in LaTeX, representing each formula but replacing the big table with clear headings and lists? You do not need to include the units.
**assistant**:
> The specified integrated assessment model can be described in LaTeX as follows:
> 
> ```latex
> \section{Simulation Settings}
> \begin{itemize}
>   \item Time Start: 2020
>   \item Time Length: 80
>   \item Time Step: 1
>   \item Time Units: Years
>   \item Algorithm: RK1
> \end{itemize}
> 
> \section{Model Variables}
> \begin{align}
>   \text{Carbon Intensity of Energy} & : 0.84*(1 - [\text{MAC}]) \\
>   \text{Carbon Price} & : 239 \\
>   \text{CO}_2 \text{ Emissions} & : (45000 / 160000)*[\text{Carbon Intensity of Energy}]*[\text{Energy Demand}] \\
>   \text{Damage Coefficient} & : 1.145 \\
>   \text{Damages} & : [\text{Damage Coefficient}]*([\text{Global Warming}]^2) \\
>   \text{Effective Income} & : [\text{Global Income per Capita}]*(1 - [\text{Damages}] / 100)-[\text{Per Person Mitigation Cost}] \\
>   \text{Energy Demand} & : (160000 / (10500*7.82))*[\text{Global Income per Capita}]*[\text{Population}]*[\text{Energy Intensity of GDP}] \\
>   \text{Energy Intensity of GDP} & : \exp(-.008 * (\text{Years()} - 2020)) \\
>   \text{Global Warming} & : (2.05 / 4000)*[\text{Cumulative CO}_2 \text{ Emissions}] \\
>   \text{Per Person Mitigation Cost} & : [\text{Total Mitigation Cost}] / ([\text{Population}]*1e9) \\
>   \text{Total Mitigation Cost} & : (45000 / 160000)*0.84*[\text{Energy Demand}]*[\text{Average Mitigation Cost}]*1e6 \\
> \end{align}
> 
> \section{Model Stocks}
> \begin{itemize}
>   \item \textbf{Cumulative CO}_2 \text{ Emissions}:
>     \begin{itemize}
>       \item Initial Value: 2400
>       \item Non-Negative: No
>     \end{itemize}
>   \item \textbf{Global Income per Capita}:
>     \begin{itemize}
>       \item Initial Value: 10500
>       \item Non-Negative: No
>     \end{itemize}
>   \item \textbf{Population}:
>     \begin{itemize}
>       \item Initial Value: 7.82
>       \item Non-Negative: No
>     \end{itemize}
> \end{itemize}
> 
> \section{Model Flows}
> \begin{align}
>   \text{Flow Rate} & : [\text{CO}_2 \text{ Emissions}] / 1000 \\
>   \text{Inc. Growth Rate} & : (1.4 / 100)*[\text{Global Income per Capita}] \\
>   \text{Pop. Growth Rate} & : (17/1000 - 8/1000)*(10500 / [\text{Effective Income}])*[\text{Population}] \\
> \end{align}
> 
> \section{Model Converters}
> \begin{itemize}
>   \item \textbf{Average Mitigation Cost}:
>     \begin{itemize}
>       \item Data: 0,0; 0.16,1.6; 0.32,6.4; 0.44,13; 0.6,28.2; 0.67,40.1; 1,150.65
>       \item Source: MAC
>       \item Interpolation: Linear
>     \end{itemize}
>   \item \textbf{MAC}:
>     \begin{itemize}
>       \item Data: 0,0; 20,0.16; 40,0.32; 70,0.44; 120,0.6; 220,0.67; 450,1
>       \item Source: Carbon Price
>       \item Interpolation: Linear
>     \end{itemize}
>   \item \textbf{SSP CO}_2 \text{ Emissions}:
>     \begin{itemize}
>       \item Data: 2015,39148.75802; 2020,44808.03822; 2030,52847.35932; 2040,58497.96983; 2050,62904.05862; 2060,66568.36762; 2070,70041.97857; 2080,73405.22592; 2090,77799.04942; 2100,82725.83312
>       \item Source: Time
>       \item Interpolation: Linear
>     \end{itemize}
> \end{itemize}
> ```
> 
> Please make sure to include the necessary LaTeX packages (such as `amsmath` for align environment) in your document preamble. Moreover, please note that `\text` command is used to add words in formulae.
> 
> Note: As per your request, the model description doesn't include units. If they are needed later on, do let me know.
