**user**:
> Is it possible to take a raster (from raster library in R) that covers a subset of the globe and "pad" it to cover the whole globe?
**assistant**:
> Definitely, you can pad an existing raster to cover the entire globe in R, using the `extend()` function from the `raster` library. Here's an example below:
> 
> ```R
> # Load necessary library
> library(raster)
> 
> # Create an example raster
> r <- raster(ncol=10, nrow=10)
> values(r) <- 1:ncell(r)
> extent(r) <- extent(c(-125, -60, 25, 60)) # this sets boundaries of your raster in degrees
> 
> # Set the global extent
> global_extent <- extent(-180, 180, -90, 90)
> 
> # Use extend() function to pad the raster to global coverage
> r_padded <- extend(r, global_extent)
> 
> # The new raster can now plot as more extended or padded
> plot(r_padded)
> ```
> 
> This code should give you a raster (`r_padded`) that covers the globe. The new areas added by this operation will have their cell values set to `NA`, but you could fill these with a default value if you prefer, using the `values()` function. It's important to remember that your original raster's resolution (the size of each cell) will determine the resolution of the newly added regions. If you need a different resolution, consider resampling your initial raster before padding it. 
> 
> I hope this helps! Let me know if there's anything else you need.
**user**:
> Can you provide an example of how to set all padded area to 0, rather than NA?
**assistant**:
> Certainly! If you want to set all the padded areas to a specific value, such as 0, instead of `NA`, you can use the `mask()` function from the `raster` library in R. Here's an example:
> 
> ```R
> # Load necessary library
> library(raster)
> 
> # Create an example raster
> r <- raster(ncol=10, nrow=10)
> values(r) <- 1:ncell(r)
> extent(r) <- extent(c(-125, -60, 25, 60)) # this sets boundaries of your raster in degrees
> 
> # Set the global extent
> global_extent <- extent(-180, 180, -90, 90)
> 
> # Use extend() function to pad the raster to global coverage
> r_padded <- extend(r, global_extent)
> 
> # Set the padded areas to 0
> r_padded <- mask(r_padded, global_extent, maskvalue = 0)
> 
> # The new raster can now plot as extended or padded with all padded areas set to 0
> plot(r_padded)
> ```
> 
> In this example, the `mask()` function is used to assign a value of 0 to all the areas outside the original extent of the raster. This will effectively set all the padded areas to 0 instead of `NA`. The `maskvalue` argument in the `mask()` function is where you specify the value you want to assign to the padded areas.
> 
> Feel free to modify the values and parameters to fit your specific needs. Let me know if you have any other questions!
**user**:
> More generally, how can I set NAs in raster or rasterstack to 0?
**assistant**:
> To set `NA` values in a raster or raster stack to 0, you can use the `reclassify()` function in the `raster` library in R. This function allows you to define a set of rules to assign specific values to different ranges of cell values. Here's an example:
> 
> ```R
> # Load necessary library
> library(raster)
> 
> # Create an example raster with NA values
> r <- raster(matrix(c(1, 2, NA, 4, NA, 6), ncol=2))
> 
> # Set NA values to 0
> r_zero <- reclassify(r, cbind(NA, 0))
> 
> # Print the modified raster
> r_zero
> ```
> 
> In this example, the `reclassify()` function is used to replace any `NA` values in the raster `r` with 0. The `cbind(NA, 0)` argument specifies the reclassification rule: any `NA` value will be assigned the value of 0.
> 
> You can also apply this to a raster stack by using the `stackApply()` function. Here's an example:
> 
> ```R
> # Create an example raster stack with NA values
> rs <- stack(
>   raster(matrix(c(1, 2, NA, 4, NA, 6), ncol=2)),
>   raster(matrix(c(NA, 2, 3, NA, 5, 6), ncol=2))
> )
> 
> # Set NA values to 0 in the raster stack
> rs_zero <- stackApply(rs, fun=function(x) reclassify(x, cbind(NA, 0)))
> 
> # Print the modified raster stack
> rs_zero
> ```
> 
> In this case, we use `stackApply()` to apply the `reclassify()` function to each layer of the raster stack `rs`. The result is a new raster stack `rs_zero` with `NA` values replaced by 0 in each layer.
> 
> I hope this helps! Let me know if you have any further questions.
