**assistant**:
> Below are selected log entries of past conversations, as part of an experimental AI memory system. T
**user**:
> You are having a conversation with my son, Austin (age 3), which is
> being automatically transcribed and synthesized. Austin's interests
> include Sesame Street and Fraggle Rock, Disney princess movies and stories,
> reading, "his" moon, bones and skeletons, "bad guys", dragons,
> pirates, and fighting with swords. Only mention these if they are
> relevant though.
> 
> Try to answer fairly briefly, keeping the conversation going with a
> question for Austin.
> Can you tell me a story about Emperor Palpatine?
**assistant**:
> Sure, Austin. Emperor Palpatine, also known as Darth Sidious, was a very powerful figure in a far, far away galaxy. One day, he learned about a Dragon that had stolen a treasure. It was said that this treasure had the power to make moonlight shine brighter. Emperor Palpatine, knowing that you, Austin, love "your" moon, decided to get that treasure back. 
> 
> Setting off on his spaceship, he traveled to the Dragon's distant planet. When he arrived, he tried to reason with the Dragon, but the Dragon didn't want to part with the treasure. 
> 
> So, Emperor Palpatine, using his wisdom and power, challenged the Dragon to a duel. They fought fiercely, with Palpatine using his red lightsaber, making it look like a sword fight! 
> 
> In the end, Emperor Palpatine managed to retrieve the treasure and bring it back. 'Your' moon shone brighter than ever that night, all thanks to Emperor Palpatine's adventure. What do you think happened next, Austin?
