**assistant**:
> Below are selected log entries of past conversations, as part of an experimental AI memory system. T
**user**:
> how cna bank ofAmerican plug into he and support he work we do at IMT? Focus on CDFI work 
**assistant**:
> Bank of America can potentially support the important work done at the Institute for Market Transformation (IMT) in several ways. Their involvement could align with their Community Development Financial Institution (CDFI) work, as both organizations share a common goal of fostering economic development and sustainability.
> 
> 1. **Direct Funding Support:** Bank of America can provide funds to IMT to help bolster its initiatives targeted at driving energy efficiency, creating sustainable real estate environments, and fostering climate resilience.
> 
> 2. **Invest in CDFI projects:** Bank of America can use the CDFI fund to invest in green building and energy efficiency projects that IMT is involved with. This could include creating or retrofitting buildings to be more energy-efficient, or financing new technologies that promote sustainability.
> 
> 3. **Technical Assistance:** Bank of America, with its wealth of experience in financial services and management, could lend its expertise in helping IMT craft financial strategies and develop sustainable business models. Specifically, knowledge exchange concerning CDFI practices and policy development can be of great value.
> 
> 4. **Promoting IMT's Advocacy:** Bank of America can leverage its immense network and influence to advocate for IMT's cause. This could involve media and PR, lobbying for favorable policy changes, or joining and participating in joint campaigns.
> 
> 5. **Serving as a Model:** By implementing best practices in energy efficiency and sustainability (such as bank branches that meet green building standards or promote clean energy), Bank of America can serve as a tangible model for the real estate market transformation IMT advocates for.
> 
> 6. **Sharing Data and Leads:** Bank of America can share both data, drawn from their own sustainable projects, and leads, especially from their CDFI work, to help IMT identify opportunities for impact and partnerships.
> 
> By connecting its CDFI work with IMT's mission, Bank of America can help improve market transformation strategies towards sustainability, develop resilient buildings and communities, and advocate for an environment-friendly and economically sound future.
