**assistant**:
> Below are selected log entries of past conversations, as part of an experimental AI memory system. T
**user**:
> What is the difference between Global Sensitivity Analysis and ANOVA, specifically in the case where ANOVA is applied to continuous variables and gives out the variance attributable to each?
**assistant**:
> Both Analysis of Variance (ANOVA) and Global Sensitivity Analysis (GSA) are mathematical methods used to investigate the influence of different input parameters on the output of a model. However, they differ in their approach, assumptions, and degree of intricacy, particularly in dealing with complex, non-linear, and non-monotonic models.
> 
> **ANOVA (Analysis of Variance)**
> 
> ANOVA is a classical statistical technique used to analyze the influence of categorical (usually) independent variables on a continuous dependent variable, partitioning the variance of the latter. When applied to continuous variables, it decomposes the variance of the output into fractions attributed to each input and their interactions. ANOVA assumes a linear relationship between the independent and the dependent variables, along with other assumptions like homoscedasticity and normality of residuals.
> 
> **GSA (Global Sensitivity Analysis)**
> 
> GSA, on the other hand, is a more advanced method used to investigate how the uncertainty in the output of a model can be apportioned to different sources of uncertainty in its inputs. Unlike ANOVA, GSA does not assume any particular distribution or specific form of the relationship between inputs and outputs and is able to account for non-linearity and interactions among variables.
> 
> The key difference when comparing ANOVA to GSA in the context of continuous variables comes down to assumptions and applicability:
> 
> 1. **Assumptions:** ANOVA requires quite strong assumptions, such as linearity and homoscedasticity. If your model is non-linear, non-monotonic, or you have heteroscedasticity, ANOVA may not be the right choice. GSA, on the other hand, can be applied without these assumptions.
> 
> 2. **Input Interactions:** While ANOVA can handle some interactions between input variables, it becomes complex and less straightforward when there is a need to dissect higher-order interactions. GSA is designed to handle these interactions more naturally.
> 
> 3. **Scope:** ANOVA is mainly used to compare different groups/treatments, while GSA is used to understand the behavior and robustness of models and systems.
> 
> Between the two, a researcher's choice would hinge on the nature and complexity of the model, the behaviour of the variables, and the specifics of the study at hand.
**user**:
> How does GSA work without assuming linearity assumptions? Also, why doesn't it produce a measure of residual variance?
**assistant**:
> Global Sensitivity Analysis (GSA) works without assuming linearity by evaluating the model output across the entire range of input parameter values, rather than concentrating on specific points or assuming a linear relationship between inputs and outputs. This broad range evaluation allows GSA to capture non-linearities, interactions, and other complex relationships that may exist within the model.
> 
> GSA explores the model input parameter space comprehensively, typically using statistical tools or mathematical techniques to quantify the relative importance of each input parameter in contributing to the output variability. These techniques help in understanding how changes in inputs affect the model outputs, even in the absence of linear relationships.
> 
> One reason why GSA does not produce a measure of residual variance, as in the case of ANOVA, is that GSA is aimed at understanding the total model output variability and how it is distributed among the input parameters. GSA is more concerned with the overall behavior of the model and the sensitivity of the outputs to variations in inputs, rather than the specific variance that is left unexplained by the input parameters (i.e., the residual variance).
> 
> In essence, GSA is concerned with understanding the relative importance of different input parameters in driving the model behavior, rather than quantifying the unexplained variance (residuals) like ANOVA does. GSA provides a more holistic view of the model's sensitivity to input parameters, making it a valuable tool for exploring complex, non-linear systems.
**user**:
> What do those equations look like for a typical implementation of GSA?
**assistant**:
> A common approach to perform Global Sensitivity Analysis (GSA) is to use variance-based methods, such as Sobol' indices, which provide insights into the contributions of individual parameters and interactions to the overall output variance. Sobol' indices are widely used due to their ability to handle a wide range of model complexities and interactions between parameters efficiently.
> 
> The general equation for calculating the total sensitivity index, the first-order sensitivity index, and the second-order sensitivity index with respect to a parameter \(X_i\) in a model with \(n\) parameters, can be expressed as follows:
> 
> 1. **Total Sensitivity Index (\(S_i\)):**
> \[
> S_i = \frac{V(Y)}{V(Y_{X_i})} - 1
> \]
> where \(V(Y)\) is the total output variance and \(V(Y_{X_i})\) is the output variance when the parameter \(X_i\) is fixed.
> 
> 2. **First-Order Sensitivity Index (\(S_i^{(1)}\)):**
> \[
> S_i^{(1)} = \frac{E_{X_i} \left[ V(Y|X_i) \right]}{V(Y)}
> \]
> where \(E_{X_i}[\cdot]\) denotes the expectation with respect to \(X_i\), \(V(Y|X_i)\) is the conditional output variance when only \(X_i\) is varied, and \(V(Y)\) is the total output variance.
> 
> 3. **Second-Order Sensitivity Index (\(S_{ij}^{(2)}\)):**
> \[
> S_{ij}^{(2)} = \frac{E_{X_i} \left[ V(Y|X_i) \right] - E_{X_i, X_j} \left[ V(Y|X_i, X_j) \right]}{V(Y)}
> \]
> where \(E_{X_i, X_j}[\cdot]\) denotes the expectation with respect to \(X_i\) and \(X_j\), \(V(Y|X_i)\) is the conditional output variance when only \(X_i\) is varied, and \(V(Y|X_i, X_j)\) is the conditional output variance when both \(X_i\) and \(X_j\) are varied.
> 
> These equations allow for the quantification of the main effects (first-order indices) and interactions (second-order indices) of input parameters on the output variability of the model. By computing these sensitivity indices, researchers can gain valuable insights into the importance of each parameter and the relationships between parameters in the model.
