**user**:
> I have a collection of NetCDF files, one for each year, 1950 - 2012. They look like this:
> ```
> netcdf popc-1950 {
> dimensions:
> 	longitude = 702 ;
> 	latitude = 300 ;
> variables:
> 	int crs ;
> 		crs:proj4 = "+proj=longlat +datum=WGS84 +no_defs" ;
> 	double longitude(longitude) ;
> 		longitude:units = "degrees_east" ;
> 		longitude:long_name = "longitude" ;
> 	double latitude(latitude) ;
> 		latitude:units = "degrees_north" ;
> 		latitude:long_name = "latitude" ;
> 	float popc_1950AD(latitude, longitude) ;
> 		popc_1950AD:_FillValue = -3.4e+38f ;
> 		popc_1950AD:grid_mapping = "crs" ;
> 		popc_1950AD:proj4 = "+proj=longlat +datum=WGS84 +no_defs" ;
> 		popc_1950AD:min = 0. ;
> 		popc_1950AD:max = 742397.25 ;
> 
> // global attributes:
> 		:Conventions = "CF-1.4" ;
> 		:created_by = "R, packages ncdf4 and raster (version 3.6-23)" ;
> 		:date = "2024-09-20 16:48:52" ;
> }
> ```
> I want to combine these up into a rasterStack so I can use another tool on them. Can you write the code?
**assistant**:
> Certainly! You can utilize the `raster` package in R to read and stack your NetCDF files. Here’s how you can do it:
> 
> First, make sure you have the `raster` and `ncdf4` packages installed:
> 
> ```r
> install.packages("raster")
> install.packages("ncdf4")
> ```
> 
> Then, you can use the following code to iterate over your files, read them into raster layers, and stack them together:
> 
> ```r
> library(raster)
> library(ncdf4)
> 
> # Set the directory where your NetCDF files are located
> netcdf_dir <- "path/to/your/netcdf/files"
> 
> # List all NetCDF files in the directory
> file_list <- list.files(netcdf_dir, pattern = "^popc-.*\\.nc$", full.names = TRUE)
> 
> # Initialize a list to store raster layers
> raster_list <- list()
> 
> # Loop through each file, read it into a raster, and store it in the list
> for (file in file_list) {
>   # Read the NetCDF file as a raster
>   raster_layer <- raster(file, varname = sub("popc_", "", basename(file)))
> 
>   # Append the raster layer to the list
>   raster_list[[basename(file)]] <- raster_layer
> }
> 
> # Stack all rasters into a RasterStack
> raster_stack <- stack(raster_list)
> 
> # If you want to inspect the RasterStack
> print(raster_stack)
> ```
> 
> Replace `"path/to/your/netcdf/files"` with the actual directory path containing your NetCDF files. This script assumes that the variable name in each NetCDF file corresponds to the filename structure. Adjust `varname` if the variable name is different in each file.
> 
> Once you've created the `raster_stack`, you can use it with other raster tools and packages in R. If the variable name in NetCDF files follows a consistent naming pattern (`popc_YEAR_AD`), this script will handle them properly. Adjust accordingly if there's a variation.
**user**:
> And in my next step, how do I use sf to load a Shapefile?
**assistant**:
> To load a Shapefile using the `sf` package in R, you'll want to follow these steps. Before you begin, make sure you have the `sf` package installed:
> 
> ```r
> install.packages("sf")
> ```
> 
> Then, you can use the following code to load your Shapefile:
> 
> ```r
> library(sf)
> 
> # Set the path to your Shapefile (without the .shp extension)
> shapefile_path <- "path/to/your/shapefile"
> 
> # Load the Shapefile using sf
> shapefile_data <- st_read(paste0(shapefile_path, ".shp"))
> 
> # Check the loaded data
> print(shapefile_data)
> ```
> 
> ### Notes:
> 1. **Path Adjustment**: Replace `"path/to/your/shapefile"` with the actual path to your Shapefile, ensuring it points to the location where your `.shp`, `.shx`, `.dbf`, and other associated files are stored.
> 2. **Dependencies**: The `sf` package automatically handles the associated files (.shx, .dbf) when loading the Shapefile, so you only need to specify the `.shp` part.
> 3. **Data Inspection**: The `print(shapefile_data)` command will display the structure of the loaded shapefile, including its geometry and attributes.
> 
> Once loaded, you can perform various spatial operations with your Shapefile using the `sf` functions. If you need further assistance with specific tasks involving the shapefile, feel free to ask!
**user**:
> How can I replace NAs in a raster or rasterstack?
**assistant**:
> To replace NAs in a Raster or RasterStack in R, you can use the `raster` package's functionalities. Here's how to do it:
> 
> ### 1. Replace NAs with a Specific Value (e.g., 0)
> 
> You can use the `calc` function along with an inline function to replace NAs in a Raster or RasterStack:
> 
> ```r
> library(raster)
> 
> # Assuming you have a RasterStack called 'raster_stack'
> raster_stack <- stack("path/to/your/rasterstack.tif")  # Example; load your raster stack here
> 
> # Replace NAs with 0
> raster_stack_no_na <- calc(raster_stack, fun = function(x) { 
>   x[is.na(x)] <- 0 
>   return(x) 
> })
> 
> # Print the updated RasterStack
> print(raster_stack_no_na)
> ```
> 
> ### 2. Replace NAs with Another Raster or Value
> 
> If you have another raster layer that you want to use to fill the NAs, you can use the `mask` function:
> 
> ```r
> # Assuming you have another raster called 'replacement_raster'
> replacement_raster <- raster("path/to/replacement_raster.tif")  # Load your replacement raster
> 
> # Ensure the replacement raster has the same extent and resolution
> replacement_raster <- resample(replacement_raster, raster_stack)
> 
> # Replace NAs in the stack with values from the replacement raster
> raster_stack_filled <- mask(raster_stack, is.na(raster_stack), maskvalue = NA, updatevalue = replacement_raster)
> 
> # Print the updated RasterStack
> print(raster_stack_filled)
> ```
> 
> ### Summary
> - Use `calc` to replace NAs with a constant value.
> - Use `mask` to replace NAs with values from another raster.
> 
> These methods should allow you to efficiently handle NAs in your raster datasets. If you have specific requirements or any other questions, let me know!
**user**:
> How can I get out a list of locations (lat lon) from a raster?
**assistant**:
> To extract a list of latitude and longitude coordinates from a raster in R, you can use the `raster` package. Here’s a step-by-step guide to achieve this:
> 
> ### 1. Load the Raster
> 
> First, make sure to load your raster file:
> 
> ```r
> library(raster)
> 
> # Load the raster file
> raster_file <- raster("path/to/your/rasterfile.tif")  # Replace with your raster file path
> ```
> 
> ### 2. Get Coordinates
> 
> To extract the coordinates, use the `rasterToPoints` function, which returns a matrix with coordinates and the raster values. You can convert this to a data frame if needed:
> 
> ```r
> # Get coordinates and values
> coords_values <- rasterToPoints(raster_file)
> 
> # Convert to a data frame
> coords_df <- as.data.frame(coords_values)
> 
> # Rename columns for clarity (if necessary)
> colnames(coords_df) <- c("longitude", "latitude", "value")  # Adjust 'value' according to the raster variable
> 
> # Print the data frame
> print(coords_df)
> ```
> 
> ### 3. Extract Only Locations (Lat, Lon)
> 
> If you only want the latitude and longitude coordinates without the raster values, you can subset the data frame:
> 
> ```r
> # Extract only latitude and longitude
> lat_lon <- coords_df[, c("longitude", "latitude")]
> 
> # Print the coordinates
> print(lat_lon)
> ```
> 
> ### Summary
> 
> - Use `rasterToPoints` to extract coordinates and their corresponding values from the raster.
> - Convert the resulting matrix to a data frame for easier manipulation.
> - Optionally subset the data frame to retain only latitude and longitude.
> 
> This approach should give you a comprehensive list of lat/lon from your raster. If you have any specific needs or variations, feel free to ask!
