**user**:
> If I own (1) a domain name, (2) a server with Apache, and (3) I have a unique IP provided by my University and they will route traffic to that IP to my server, can I serve a webpage with my domain name? Or will it have to be a subdomain of my University's domain?
**assistant**:
> Yes, you can serve a webpage with your own domain name. Owning a domain name, having an Apache server, and a unique IP address routed to your server from your University means you have the necessary components to host a website.
> 
> The steps to set this up would look something like this:
> 
> 1. **Configure your local Apache Server**: in your `httpd.conf` or `apache2.conf` (location of this configuration file depends on your OS), ensure you have a `<VirtualHost *:80>` or `<VirtualHost *:443>` block configured to listen for requests to your domain. Here's a basic example assuming you are serving static HTML:
> 
> ```Apache_conf
> <VirtualHost *:80>
>     ServerName www.yourdomain.com
>     DocumentRoot /path/to/your/website
>     <Directory /path/to/your/website>
>         Options Indexes FollowSymLinks
>         AllowOverride None
>         Require all granted
>     </Directory>
>     ErrorLog ${APACHE_LOG_DIR}/error.log
>     CustomLog ${APACHE_LOG_DIR}/access.log combined
> </VirtualHost>
> ```
> Remember to replace "yourdomain.com" with your domain name, and "/path/to/your/website" with the path on your server where your website files are stored. Once you've configured this, restart your Apache server.
> 
> 2. **Update DNS Records**: Configure your domain's DNS records with your domain registrar to point your domain to your server's IP address. This usually involves creating an "A record" that points to your server's IP address. It may take some time to propagate the changes.
> 
> 3. Test **your domain**: Type your domain into a web browser to verify that it is pointing to your server. If it is working correctly, you should see the webpage you have set up on your Apache server.
> 
> You do not need to make your website a subdomain of the University's domain unless you or the University prefer that configuration. Note that the steps above can vary based on specific system configurations or domain registration services, but this provides a general overview.
**user**:
> I need to ask for an exception in my University's firewall. Would I do that for both port 80 and 443?
**assistant**:
> It depends on your specific needs and the configuration of your website. Here's a breakdown of the ports commonly used for web traffic:
> 
> - **Port 80 (HTTP)**: This is the default port for unencrypted web traffic. If you want your website accessible over regular HTTP, you would need to request an exception for port 80 in your University's firewall.
> 
> - **Port 443 (HTTPS)**: This is the default port for encrypted web traffic using HTTPS. If you want to serve your website over a secure connection, using SSL/TLS encryption, you would need to request an exception for port 443.
> 
> If you plan to serve your website over regular HTTP and HTTPS, then you would generally request exceptions for both port 80 and port 443 in the University's firewall.
> 
> However, it's worth noting that serving your website solely over HTTPS is generally recommended for security and privacy reasons. HTTPS encrypts the communication between the user's browser and your server, preventing eavesdropping and tampering with the transmitted data. In this case, you would primarily request an exception for port 443, while traffic on port 80 would be automatically redirected to the encrypted version on port 443.
> 
> Keep in mind that the specific steps and procedures of requesting firewall exceptions may vary depending on your University's policies and procedures. It's best to consult with your University's IT department for guidance on how to request exceptions for port access.
