**assistant**:
> Below are selected log entries of past conversations, as part of an experimental AI memory system. They may have no bearing on the chat.
> 
> 
>   2024-02-21:
>   Grant Proposal Refinement
> 
> 
> 
>   2024-02-22:
>   SSP Scenarios Comparison
> 
> 
> 
>   2024-02-22:
>   Grant Proposal Executive Summary Assistance
> 
> 
> 
>   2024-02-23:
>   Customizing ggplot Legends
> 
> 
> 
>   2024-02-23:
>   Calculating Government Tax Income from I/O SAM Taxes
> 
> 
> 
>   2024-02-23:
>   Marine Research Data Clarification
> 
> 
> 
>   2024-02-24:
>   Model Ship Finishing Guidance
> 
> 
> 
>   2024-02-24:
>   Global Model Income Distribution Representation
> 
> 
> 
>   2024-02-25:
>   Stakeholder Engagement Drafting for NOWASTING Project
> 
> 
> 
>   2024-02-26:
>   Gracious Exchange with Scott Odell
> 
> 
>     
**user**:
> can you summarize this: Expectations for building performance are changing dramatically across the United States.Buildings
> directly impact many of the most critical issues facing cities of all sizes, including climate change,
> equity, livability, resiliency, and public health. Governments, community organizations, investors, and
> public interest groups are all demanding higher performance from our buildings. These requirements
> impact every major system in both new and existing buildings, and upgrading the performance of our
> buildings is critical to improving outcomes for all communities.
> Building Innovation Hubs provide training, education, financing solutions, policy support, case studies,
> and building efficiency tools that are targeted to the specific needs of a city or region. Local hubs are
> uniquely situated to partner with and convey solutions to underserved communities; and, through
> collaboration with a growing national network of Hubs, will accelerate local capacity and knowledgesharing while improving quality of life, reducing costs, and drive steep reductions in greenhouse gas
> emissions. Building Innovation Hubs promoteequitable outcomes by partnering with local community
> organizations, CDFI’s, small business and job training programs, and supporting under resourced
> building owners. Hubs act as a neutral, trusted entity that can facilitate relationships and collaboration
> betweenthe disparate partiesinvolved in commercial real estate, local government, utilities, residents,
> and community groups.
> Building on over a decade of experience, the Building Performance Partnership (BPP) supports the
> creation and operation of Building Innovation Hubs in cities and regions across the country. Utilizing
> deep expertise in the development and management of resource centers, we partner with local
> organizations and cities to develop localized plans to launch and operate objective, public-facing
> Innovation Hubs. Successful BPP resource hubs are operating in major cities, such as New York City,
> Washington DC, and Chicago, but are also successfully serving smaller cities, such as St. Louis and
> Kansas City, effectively partnering with the private and public sectors to transform our buildings into a
> new era of efficiency, resiliency, and impact
**assistant**:
> Building performance expectations in the US are evolving because of urgent social and environmental issues such as climate change, equity, livability, resiliency, and public health. Stakeholders of all kinds expect better performance and upgrades to existing and new buildings are crucial for improving outcomes in all communities.
> 
> Building Innovation Hubs are institutions that provide a wide array of services, like training, education, financing solutions, policy support, case studies, and building efficiency tools all catered to the unique needs of a city or region. They also facilitate knowledge-transfer, cost reduction, greenhouse gas emissions reduction, and quality of life enhancement by aligning with a national network of Hubs. By partnering with local community organizations, CDFI’s, small businesses and job training programs, Building Innovation Hubs promote equitable outcomes and support under-resourced building owners. They serve as impartial intermediaries facilitating collaboration amongst different parties in commercial real estate, government, utilities, and community groups.
> 
> The Building Performance Partnership (BPP), with more than a decade of experience, assists in establishing and operating Building Innovation Hubs in various cities and regions. Leveraging deep expertise in managing resource centers, BPP partners with local organizations and cities to create plans for launching public-facing Innovation Hubs. Examples of successful partnerships exist in major cities like New York, Washington D.C., Chicago, as well as smaller cities like St. Louis and Kansas City. These partnerships demonstrate effective collaborations with public and private sectors, moulding buildings for a new era of efficiency, resiliency, and impact.
**user**:
> smarize this pelase: Provide building efficiency training,
> education, financing solutions, and tools
> targeted to the specific needs of a region
> Drive equitable building performance
> improvements by partnering with and
> conveying solutions to underserved
> communities
> Act as a neutral, trusted entity that can
> facilitate collaboration between disparate
> parties
> Accelerate local capacity and knowledgesharing through collaboration with a growing
> national network of Hubs
**assistant**:
> Summary:
> 
> - Offer building efficiency training, education, financing solutions, and tools tailored to the unique needs of a particular region.
> - Promote equitable building performance enhancements by working with and sharing solutions with underserved communities.
> - Serve as a neutral and trustworthy organization that can facilitate collaboration among different stakeholders.
> - Speed up local capacity-building and knowledge-sharing by partnering with an expanding national network of Hubs.
**user**:
> summary of this please: The outcomes of a Hub include:
> Provide building efficiency training,
> education, financing solutions, and tools
> targeted to the specific needs of a region
> Drive equitable building performance
> improvements by partnering with and
> conveying solutions to underserved
> communities
> Act as a neutral, trusted entity that can
> facilitate collaboration between disparate
> parties
> Accelerate local capacity and knowledgesharing through collaboration with a growing
> national network of Hubs
> Improved quality of life, reduction in costs, and
> steep reductions in greenhouse gas emissions
> Buildings that are resilient, healthy, efficient,
> equitable and positively impact the
> communities they’re in
> Collaboration among commercial real estate,
> local government, utilities, residents, and
> community groups to achieve climate goals
> A thriving high-performance building
> marketplace comprised of a skilled local
> workforce that is developed around principles
> of economic inclusion 
**assistant**:
> Summary:
> 
> - Provide targeted building efficiency training, education, financing solutions, and tools to meet regional needs.
> - Promote equitable building performance improvements by partnering with and sharing solutions with underserved communities.
> - Serve as a neutral, trusted entity facilitating collaboration among diverse stakeholders.
> - Accelerate local capacity-building and knowledge-sharing through collaboration with a growing national network of Hubs.
> - Achieve improved quality of life, cost reduction, and significant decreases in greenhouse gas emissions.
> - Create resilient, healthy, efficient, equitable buildings that positively impact their communities.
> - Foster collaboration among commercial real estate, local government, utilities, residents, and community groups to meet climate goals.
> - Cultivate a thriving high-performance building market with a skilled local workforce focused on economic inclusion principles.
