**assistant**:
> Below are selected log entries of past conversations, as part of an experimental AI memory system. T
**user**:
> Not interested.
**assistant**:
> Certainly! Here's a draft for your response:
> 
> ---
> 
> Subject: Re: Cooperation Statistics Consulting
> 
> Dear Dr. Grünwald,
> 
> Thank you for reaching out and providing detailed information about Novustat GmbH's services and expertise. I appreciate the offer for collaboration in clinical publications.
> 
> At this time, I am not in need of additional support for my projects. However, if future opportunities arise that align with your services, I will certainly keep your team in mind.
> 
> If you'd like to discuss any specific ideas or potential future collaborations, please feel free to schedule a Zoom meeting at your convenience: [https://zcal.co/i/SoJjSjU0](https://zcal.co/i/SoJjSjU0).
> 
> Thank you once again for considering a partnership.
> 
> Best regards,
> 
> James Rising
> 
> --- 
> 
> Let me know if you'd like any adjustments to this draft!
**user**:
> Can you make it a little colder? This was an unsolicited email, and I don't want to encourage more contact with this person.
**assistant**:
> Sure! Here's a revised version with a more formal and distant tone:
> 
> ---
> 
> Subject: Re: Cooperation Statistics Consulting
> 
> Dear Dr. Grünwald,
> 
> Thank you for your email regarding Novustat GmbH's services. At this time, I do not require any additional support for my projects and will not be proceeding with any collaboration.
> 
> I appreciate your understanding.
> 
> Best regards,
> 
> James Rising
> 
> --- 
> 
> Let me know if this works for you or if you'd like further adjustments!
