**assistant**:
> The most relevant past conversation is from **2024-01-28 22:32:57**:  James asked how to generate Mo
**user**:
> I have a distribution defined by its 0.167, 0.5, and 0.833 quantiles. I want to now take random draws from this distribution, assuming smoothness but as little additional assumptions as possible. How can I do this? I'm working in R.
**assistant**:
> Based on your quantiles, it sounds like you're trying to generate random draws from a distribution specified by its quantiles. One approach to achieve this in R, while making minimal additional assumptions, is to use interpolation to define a continuous inverse cumulative distribution function (CDF).
> 
> Here's a step-by-step guide to doing this:
> 
> 1. **Define your quantiles and probabilities**: You have the 0.167, 0.5, and 0.833 quantiles. Let's call them `q1`, `q2`, and `q3`, with corresponding probabilities `p1`, `p2`, and `p3` respectively.
> 
> 2. **Create an interpolation function**: Since you want smoothness, you might use spline interpolation. In R, the `splinefun` function can be used to create a smooth function based on your quantile data.
> 
> 3. **Generate random uniform samples**: Draw samples from a uniform distribution between the minimum and maximum of your probabilities.
> 
> 4. **Transform the uniform samples through the inverse CDF**: Use your interpolation function to convert the uniform samples into samples from your target distribution.
> 
> Here's an example of how you could implement this:
> 
> ```r
> # Define your quantiles and their corresponding probabilities
> quantiles <- c(q1, q2, q3)  # Replace q1, q2, q3 with your actual quantile values
> probs <- c(0.167, 0.5, 0.833)
> 
> # Create an inverse CDF using spline interpolation
> inverse_cdf <- splinefun(probs, quantiles, method = "monoH.FC")  # monotonic interpolation
> 
> # Draw random samples
> set.seed(123)  # For reproducibility
> n_samples <- 1000  # Number of samples you want to draw
> uniform_samples <- runif(n_samples, min(probs), max(probs))
> 
> # Transform uniform samples through the inverse CDF
> random_samples <- inverse_cdf(uniform_samples)
> 
> # Now `random_samples` contains random draws from your specified distribution
> ```
> 
> This approach assumes that the distribution is smoothly varying between the specified quantiles and doesn't impose any parametric form on it, apart from the smooth interpolation. Adjust the number of drawn samples (`n_samples`) and method of interpolation if needed to suit your specific requirements.
**user**:
> This only generates draws between the 0.167 and 0.833 quantiles. I'd like to also take draws outside of that.
**assistant**:
> To generate random draws from your distribution that include values outside the 0.167 and 0.833 quantiles, you can use extrapolation along with the interpolation of your quantiles. Here's one approach to effectively extend the distribution:
> 
> 1. **Define your quantiles**: Keep using your 0.167, 0.5, and 0.833 quantiles.
> 
> 2. **Extend the distribution**: Use the quantiles to build a piecewise function that covers a broader range by extrapolating based on the known values.
> 
> 3. **Transform samples**: Generate random uniform samples that cover the entire range based on your assumptions of tail behavior.
> 
> Here’s how you can implement this approach in R:
> 
> ```r
> # Define your quantiles and corresponding probabilities
> q1 <-  ... # Replace with your 0.167 quantile value
> q2 <-  ... # Replace with your 0.5 quantile value
> q3 <-  ... # Replace with your 0.833 quantile value
> quantiles <- c(q1, q2, q3)
> probs <- c(0.167, 0.5, 0.833)
> 
> # Create an interpolation function for known quantiles
> inverse_cdf <- splinefun(probs, quantiles, method = "monoH.FC")
> 
> # Define the extrapolation behavior
> # You can define how to extrapolate behavior based on the quantiles.
> # For instance, assuming a linear extrapolation outside the quantiles.
> 
> # Function to extrapolate
> extrapolate <- function(p) {
>   if (p < 0.167) {
>     # Linear extrapolation below q1
>     return(q1 + (q1 - quantiles[2]) / (probs[1] - probs[2]) * (p - probs[1]))
>   } else if (p > 0.833) {
>     # Linear extrapolation above q3
>     return(q3 + (q3 - quantiles[2]) / (probs[3] - probs[2]) * (p - probs[3]))
>   } else {
>     return(inverse_cdf(p))
>   }
> }
> 
> # Vectorizing the extrapolation function for efficiency
> vectorized_extrapolate <- Vectorize(extrapolate)
> 
> # Draw random samples
> set.seed(123)  # For reproducibility
> n_samples <- 1000  # Number of samples you want to draw
> uniform_samples <- runif(n_samples, 0, 1)  # Draw from a full uniform [0, 1] range
> 
> # Transform uniform samples through the extended inverse CDF
> random_samples <- vectorized_extrapolate(uniform_samples)
> 
> # Now `random_samples` contains random draws from your specified distribution, including outside the quantile bounds
> ```
> 
> ### Explanation:
> - **Extrapolation Logic**: The `extrapolate` function handles values outside the provided quantiles. You may need to tweak the extrapolation formula depending on your specific assumptions about the tail behavior of the distribution. The example given assumes linear behavior, but you could adjust it as needed.
> - **Vectorization**: This allows for efficient computation when transforming a large number of samples.
> 
> This modified approach enables you to sample from a distribution that extends beyond the defined quantiles, addressing your need for a broader sampling range. Adjust the extrapolation behavior according to your knowledge of the distribution for better accuracy.
