**assistant**:
> Below are selected log entries of past conversations, as part of an experimental AI memory system. T
**user**:
> Is there an efficient way to broadcast an non-primitive operation over a matrix in Julia? Say I have a matrix of tuples and I want to get the first entry of each tuple. Currently, I make a new function, and then say newfunc.(array). That seems unnecessary, but I'm worried that if I use anonymous functions it won't be as efficient.
**assistant**:
> Broadcasting non-primitive operations in Julia is a common task, and doing it efficiently is key to maintaining performance. You can indeed use anonymous functions without significant performance loss, as Julia's JIT compiler optimizes these quite well. However, it's true that defining functions can sometimes be more readable and maintainable.
> 
> Here's a concise way to broadcast an operation over a matrix, using both anonymous functions and predefined functions for comparison:
> 
> ### Using Anonymous Function
> ```julia
> matrix_of_tuples = [(1, 2), (3, 4), (5, 6), (7, 8)]
> first_entry_matrix = (x -> x[1]).(matrix_of_tuples)
> ```
> 
> ### Using Predefined Function
> ```julia
> first_entry(x) = x[1]
> first_entry_matrix = first_entry.(matrix_of_tuples)
> ```
> 
> ### Benchmarking Efficiency
> You can use the `BenchmarkTools` package to compare the performance of these two approaches:
> 
> ```julia
> using BenchmarkTools
> 
> @benchmark (x -> x[1]).($matrix_of_tuples)
> @benchmark first_entry.($matrix_of_tuples)
> ```
> 
> ### Optimized Approach with `Base` Functions
> For the specific case of accessing the first element of each tuple, you can use `Base.Fix1` for even better performance, as it reduces the overhead of closure creation:
> 
> ```julia
> first_entry_matrix = Base.Fix1(getindex, 1).(matrix_of_tuples)
> ```
> 
> ### Summary
> - **Anonymous Functions**: Concise and generally efficient due to JIT compilation.
> - **Predefined Functions**: Readable and equally efficient.
> - **`Base.Fix1`**: Optimized for index-based operations.
> 
> In most cases, using anonymous functions is perfectly fine, but benchmarking your specific use case might provide the final decision. If you're frequently reusing the operation, defining a function could be more advantageous.
**user**:
> I see that argmax leaves a singleton dimension in the resulting matrix. How can I drop that?
**assistant**:
> To drop the singleton dimension that may result from using `argmax` on a matrix in Julia, you can use the `dropdims` function. Here's how you can achieve that:
> 
> ```julia
> # Example matrix
> matrix = rand(3, 4)
> 
> # Finding the index of the maximum value along a specific dimension (e.g., columns)
> max_indices = argmax(matrix, dims=1)
> 
> # Dropping any singleton dimensions
> max_indices = dropdims(max_indices, dims=1)
> ```
> 
> In this example, `argmax` is used to find the index of the maximum value along columns in a 3x4 matrix. The resulting `max_indices` will have a singleton dimension (size 1) in this case. Using `dropdims(max_indices, dims=1)` will remove this singleton dimension.
> 
> You can adjust the dimension argument in `dropdims` as needed based on the specific dimension you want to drop.
