**assistant**:
> Below are selected log entries of past conversations, as part of an experimental AI memory system. They may have no bearing on the chat.
> 
> 
>   2023-09-12:
>   Converting ts Object to Data.Frame in R with Time Preservation
> 
> 
> 
>   2023-11-03:
>   Exporting R Tables to Word and Resolving Installation Error
> 
> 
> 
>   2023-12-24:
>   Catch-22 in Mediawiki Upgrade: Creating Temporary LocalSettings.php file
> 
> 
> 
>   2023-02-10:
>   James inquired about using Julia's ProgressMeter in a Monte Carlo loop; Arachne shared code example and description.
> 
> 
> 
>   2023-03-06:
>   "Questions about 'soul' package clarified; 'align*' command origin and '\textdegree' command explained."
> 
> 
> 
>   2023-08-09:
>   James requested assistance in representing a value of 1.3e-3 km^2 in LaTeX using the siunitx package; Arachne provided the code `\SI{1.3e-3}{\kilo\meter
> 
> 
> 
>   2023-10-29:
>   CSV Table: Finding Closest Point and Identifying Row in Python
> 
> 
> 
>   2023-10-30:
>   Edits to Questions on ITQs and TURFs
> 
> 
> 
>   2023-03-09:
>   James asked about R equivalent to decode_cf; Arachne mentioned ncdf4, which doesn't decode time. Arachne then suggested using udunits2 for time decoding.
> 
> 
> 
>   2023-09-17:
>   Generating Shortened Parenthetical Citations in LaTeX
> 
> 
>     
**user**:
> In R, can I install a previous version of a package?
**assistant**:
> Yes, you can install a previous version of a package in R. You can use the function `package_version()` to specify the version of package you want. Here are steps to do this using the `devtools` package:
> 
> 1. Install and load the devtools package if you haven't done it already:
> 
> ```R
> install.packages("devtools")
> library(devtools)
> ```
> 
> 2. You can then use the `install_version()` function from `devtools` to install a specific version of a package. Suppose you want to install version 1.0.0 of dplyr, you can do it like this:
> 
> ```R
> install_version("dplyr", version = "1.0.0")
> 
> ```
> 
> This will retrieve the specified version of the package from CRAN's archives and install it.
> 
> Remember that:
> 
> - Not all older versions are available at CRAN. However, `install_version()` will install the latest available version that is less than or equal to the version you requested.
> - When installing previous versions of packages, you may need to satisfy version-specific dependencies, which can be complicated if those versions of the dependencies are not available.
> - Installing an older version will overwrite the newer version if it's already installed. Consider this if your other work depends on the newer features.
