**assistant**:
> Below are selected log entries of past conversations, as part of an experimental AI memory system. T
**user**:
> I have a Shiny app with a set of config options and then a main graph. I want to add below the graph a table. The table would have some statistics about the main result, but on the right it would have a "Save" button. When you click that, the top row gets duplicated below as a saved config, except that on that next row there's a "Load" button to get the data back.
> 
> Here is my current app:
> ```
> source("../src/analysis/randomforest_dists_lib.R", chdir=T)
> load("../outputs/rfdistsmodel-final-precompute.RData")
> load("dats.RData")
> 
> library(shiny)
> library(plotly)
> 
> strchoices <- list("Ambiguity/Model Uncertainty"="Ambiguity/Model Uncertainty",
>                    "Earth System"="Earth system",
>                    "Epstein-Zin"="Epstein-Zin",
>                    "Inequality Aversion"="Inequality Aversion",
>                    "Learning"="Learning",
>                    "Limited Substitutability"="Limitedly-Substitutable Goods",
>                    "Persistent/Growth Damages"="Persistent / Growth Damages",
>                    "Tipping Points: Climate"="Tipping Points",
>                    "Tipping Points: Damages"="Tipping Points2")
> strchoices2 <- list()
> for (nn in names(strchoices)) {
>     strchoices2[[paste0(nn, " (", round(100 * mean(dat[, strchoices[[nn]]] == "1")), "% of lit.; ",
>                         round(100 * mean(idealdat[, strchoices[[nn]]] == "1")), "% by exp.)")]] <-
>         strchoices[[nn]]
> }
> 
> uncchoices <- list()
> for (cc in which(names(dat) == 'TFP Growth'):which(names(dat) == 'Risk Aversion (EZ Utility)'))
>     uncchoices[[paste0(names(dat)[cc], " (", round(100 * mean(dat[, cc] == "1")), "% of lit.)")]] <- names(dat)[cc]
> 
> othchoices <- c("Backstop Price?", "Declining Discounting?",
>                 "Market Only Damages", "Other Market Failure?")
> othchoices2 <- list()
> for (nn in othchoices) {
>     othchoices2[[paste0(nn, " (", round(100 * mean(dat[, nn] == "1")), "% of lit.)")]] <- nn
> }
> 
> ui <- fluidPage(
>     tags$head(
>              tags$style(HTML("
>             /* Custom CSS for sidebar scrolling */
>             .sidebar {
>                 position: fixed;
>                 height: 100%;
>                 overflow-y: auto;
>             }
>         "))
>         ),
>     titlePanel("Modeling the SCC"),
>     sidebarLayout(
>         sidebarPanel(
>             class='sidebar',
>             plotlyOutput("discountdist", height="200px"),
>             sliderInput("selected_rate",
>                         "Select Discount Rate:",
>                         min=min(dat$discountrate, na.rm=T),
>                         max=round(max(dat$discountrate, na.rm=T)),
>                         value=mean(idealdat$discountrate, na.rm=T),
>                         step=0.1),
>             plotlyOutput("damagedist", height="200px"),
>             sliderInput("selected_dscc",
>                         "Select Damage-based SCC:",
>                         min=0,
>                         max=round(max(idealdat$log.scc.synth, na.rm=T)),
>                         value=mean(idealdat$log.scc.synth, na.rm=T),
>                         step=1.),
>             checkboxGroupInput(
>                 inputId="structgroup",
>                 label="Choose structural changes:",
>                 choices=strchoices2),
>             checkboxGroupInput(
>                 inputId="uncgroup",
>                 label="Choose uncertainty:",
>                 choices=uncchoices),
>             checkboxGroupInput(
>                 inputId="othergroup",
>                 label="Choose other options:",
>                 choices=othchoices2)
>         ),
>         mainPanel(
>             plotlyOutput("sccdist", height="500px"),
>             )
>     )
> )
> 
> server <- function(input, output) {
>     output$discountdist <- renderPlotly({
>         plot_ly(height=200) %>%
>             add_histogram(x=dat$discountrate, opacity=.6, name="Literature Distribution") %>%
>             add_histogram(x=idealdat$discountrate, opacity=.6, name="Drupp et al. Distribution") %>%
>             add_trace(x=4.6, y=0, type="scatter", mode="markers", marker=list(color="blue", size=10), name="DICE discount rate") %>%
>             layout(title="Distribution of Discount Rates",
>                    xaxis=list(title="Discount Rate (%)"),
>                    yaxis=list(title=NA), #yaxis=list(title="Relative Frequency"),
>                    legend=list(x=1, y=1, xanchor='right', yanchor='top'),
>                    barmode='overlay', margin=list(l=30, r=0, b=0)) %>%
>             add_trace(x=c(input$selected_rate), type="scatter", mode="markers",
>                       marker=list(color="red", size=10),
>                       name="Selected Rate")
>     })
>     output$damagedist <- renderPlotly({
>         plot_ly(height=200) %>%
>             add_histogram(x=idealdat$log.scc.synth[idealdat$log.scc.synth >= 0], opacity=.6, name="Literature Distribution") %>%
>             add_histogram(x=dicedat$log.scc.synth[idealdat$log.scc.synth >= 0], opacity=.6, name="DICE Distribution") %>%
>             layout(title="Distribution of Damage-based SCCs",
>                    xaxis=list(title="Log of Damage-based SCC (log($/t))"),
>                    yaxis=list(title=NA),
>                    legend=list(x=1, y=1, xanchor='right', yanchor='top'),
>                    barmode='overlay', margin=list(l=30, r=0, b=0)) %>%
>             add_trace(x=c(input$selected_dscc), type="scatter", mode="markers",
>                       marker=list(color="red", size=10),
>                       name="Selected DSCC")
>     })
> 
>     output$sccdist <- renderPlotly({
>         preddat <- data.frame(discountrate=input$selected_rate, log.scc.synth=input$selected_dscc,
>                               sccyearformerge=2020, Year=mean(dat$Year))
>         for (nn in names(strchoices))
>             preddat[, strchoices[[nn]]] <- ifelse(strchoices[[nn]] %in% input$structgroup, "1", "0")
>         for (nn in names(uncchoices))
>             preddat[, uncchoices[[nn]]] <- ifelse(uncchoices[[nn]] %in% input$uncgroup, "1", "0")
>         for (nn in othchoices)
>             preddat[, nn] <- ifelse(nn %in% input$othergroup, "1", "0")
>         output <- predict.forest(forest, preddat, NULL)
>         xx <- c()
>         yy <- c()
>         group <- c()
>         for (ii in 2:length(output)) {
>             xx <- c(xx, output[ii-1], output[ii], output[ii], output[ii-1])
>             yy <- c(yy, 0, 0, rep((all.qs[ii] - all.qs[ii-1]) / (output[ii] - output[ii-1]), 2))
>             group <- c(group, rep(ii, 4))
>         }
> 
>         plot_ly(height=500) %>%
>             add_polygons(x=xx, y=yy, split=group, fillcolor="blue", line=list(width=1, color='blue'), showlegend=F) %>%
>             layout(title="Distribution of Social Cost of Carbon",
>                    xaxis=list(title="SCC ($/t)"),
>                    yaxis=list(title="Probability Density"))
>     })
> }
> 
> shinyApp(ui=ui, server=server)
> ```
> 
> How can I add this save-and-load table?
**assistant**:
> Adding a table with "Save" and "Load" functionality beneath your graph in a Shiny app is a great idea for enhancing interactivity. Below is an updated version of your Shiny app code, including a `DT::datatable` to manage the save and load configurations.
> 
> ```r
> source("../src/analysis/randomforest_dists_lib.R", chdir=T)
> load("../outputs/rfdistsmodel-final-precompute.RData")
> load("dats.RData")
> 
> library(shiny)
> library(plotly)
> library(DT)
> 
> # Preparing the choices
> strchoices <- list("Ambiguity/Model Uncertainty"="Ambiguity/Model Uncertainty",
>                    "Earth System"="Earth system",
>                    "Epstein-Zin"="Epstein-Zin",
>                    "Inequality Aversion"="Inequality Aversion",
>                    "Learning"="Learning",
>                    "Limited Substitutability"="Limitedly-Substitutable Goods",
>                    "Persistent/Growth Damages"="Persistent / Growth Damages",
>                    "Tipping Points: Climate"="Tipping Points",
>                    "Tipping Points: Damages"="Tipping Points2")
> 
> strchoices2 <- list()
> for (nn in names(strchoices)) {
>     strchoices2[[paste0(nn, " (", round(100 * mean(dat[, strchoices[[nn]]] == "1")), "% of lit.; ",
>                         round(100 * mean(idealdat[, strchoices[[nn]]] == "1")), "% by exp.)")]] <- strchoices[[nn]]
> }
> 
> uncchoices <- list()
> for (cc in which(names(dat) == 'TFP Growth'):which(names(dat) == 'Risk Aversion (EZ Utility)')) {
>     uncchoices[[paste0(names(dat)[cc], " (", round(100 * mean(dat[, cc] == "1")), "% of lit.)")]] <- names(dat)[cc]
> }
> 
> othchoices <- c("Backstop Price?", "Declining Discounting?",
>                 "Market Only Damages", "Other Market Failure?")
> othchoices2 <- list()
> for (nn in othchoices) {
>     othchoices2[[paste0(nn, " (", round(100 * mean(dat[, nn] == "1")), "% of lit.)")]] <- nn
> }
> 
> # UI
> ui <- fluidPage(
>     tags$head(
>         tags$style(HTML("
>             /* Custom CSS for sidebar scrolling */
>             .sidebar {
>                 position: fixed;
>                 height: 100%;
>                 overflow-y: auto;
>             }
>         "))
>     ),
>     titlePanel("Modeling the SCC"),
>     sidebarLayout(
>         sidebarPanel(
>             class='sidebar',
>             plotlyOutput("discountdist", height="200px"),
>             sliderInput("selected_rate",
>                         "Select Discount Rate:",
>                         min=min(dat$discountrate, na.rm=TRUE),
>                         max=round(max(dat$discountrate, na.rm=TRUE)),
>                         value=mean(idealdat$discountrate, na.rm=TRUE),
>                         step=0.1),
>             plotlyOutput("damagedist", height=200),
>             sliderInput("selected_dscc",
>                         "Select Damage-based SCC:",
>                         min=0,
>                         max=round(max(idealdat$log.scc.synth, na.rm=TRUE)),
>                         value=mean(idealdat$log.scc.synth, na.rm=TRUE),
>                         step=1),
>             checkboxGroupInput(
>                 inputId="structgroup",
>                 label="Choose structural changes:",
>                 choices=strchoices2),
>             checkboxGroupInput(
>                 inputId="uncgroup",
>                 label="Choose uncertainty:",
>                 choices=uncchoices),
>             checkboxGroupInput(
>                 inputId="othergroup",
>                 label="Choose other options:",
>                 choices=othchoices2)
>         ),
>         mainPanel(
>             plotlyOutput("sccdist", height="500px"),
>             DTOutput("savingsTable"),
>             actionButton("saveButton", "Save Configuration"),
>             actionButton("loadButton", "Load Selected Configuration")
>         )
>     )
> )
> 
> # Server
> server <- function(input, output, session) {
>     output$discountdist <- renderPlotly({
>         plot_ly(height=200) %>%
>             add_histogram(x=dat$discountrate, opacity=0.6, name="Literature Distribution") %>%
>             add_histogram(x=idealdat$discountrate, opacity=0.6, name="Drupp et al. Distribution") %>%
>             add_trace(x=4.6, y=0, type="scatter", mode="markers",
>                       marker=list(color="blue", size=10), name="DICE discount rate") %>%
>             layout(title="Distribution of Discount Rates",
>                    xaxis=list(title="Discount Rate (%)"),
>                    yaxis=list(title=NA),
>                    legend=list(x=1, y=1, xanchor='right', yanchor='top'),
>                    barmode='overlay', margin=list(l=30, r=0, b=0)) %>%
>             add_trace(x=c(input$selected_rate), type="scatter", mode="markers",
>                       marker=list(color="red", size=10), name="Selected Rate")
>     })
> 
>     output$damagedist <- renderPlotly({
>         plot_ly(height=200) %>%
>             add_histogram(x=idealdat$log.scc.synth[idealdat$log.scc.synth >= 0], opacity=0.6, name="Literature Distribution") %>%
>             add_histogram(x=dicedat$log.scc.synth[idealdat$log.scc.synth >= 0], opacity=0.6, name="DICE Distribution") %>%
>             layout(title="Distribution of Damage-based SCCs",
>                    xaxis=list(title="Log of Damage-based SCC (log($/t))"),
>                    yaxis=list(title=NA),
>                    legend=list(x=1, y=1, xanchor='right', yanchor='top'),
>                    barmode='overlay', margin=list(l=30, r=0, b=0)) %>%
>             add_trace(x=c(input$selected_dscc), type="scatter", mode="markers",
>                       marker=list(color="red", size=10), name="Selected DSCC")
>     })
> 
>     output$sccdist <- renderPlotly({
>         preddat <- data.frame(discountrate=input$selected_rate, log.scc.synth=input$selected_dscc,
>                               sccyearformerge=2020, Year=mean(dat$Year))
>         for (nn in names(strchoices))
>             preddat[, strchoices[[nn]]] <- ifelse(strchoices[[nn]] %in% input$structgroup, "1", "0")
>         for (nn in names(uncchoices))
>             preddat[, uncchoices[[nn]]] <- ifelse(uncchoices[[nn]] %in% input$uncgroup, "1", "0")
>         for (nn in othchoices)
>             preddat[, nn] <- ifelse(nn %in% input$othergroup, "1", "0")
>         output <- predict.forest(forest, preddat, NULL)
>         xx <- c()
>         yy <- c()
>         group <- c()
>         for (ii in 2:length(output)) {
>             xx <- c(xx, output[ii-1], output[ii], output[ii], output[ii-1])
>             yy <- c(yy, 0, 0, rep((all.qs[ii] - all.qs[ii-1]) / (output[ii] - output[ii-1]), 2))
>             group <- c(group, rep(ii, 4))
>         }
> 
>         plot_ly(height=500) %>%
>             add_polygons(x=xx, y=yy, split=group, fillcolor="blue", line=list(width=1, color='blue'), showlegend=FALSE) %>%
>             layout(title="Distribution of Social Cost of Carbon",
>                    xaxis=list(title="SCC ($/t)"),
>                    yaxis=list(title="Probability Density"))
>     })
> 
>     # Define a reactiveValues object to store saved configurations
>     savedConfigs <- reactiveValues(data=NULL)
> 
>     # Table to display saved configurations
>     output$savingsTable <- renderDT({
>         datatable(
>             savedConfigs$data,
>             rownames=FALSE,
>             escape=FALSE,
>             options = list(dom = 't', paging = FALSE, searching = FALSE)
>         )
>     })
> 
>     # Save configuration on button click
>     observeEvent(input$saveButton, {
>         newEntry <- data.frame(
>             discountrate = input$selected_rate,
>             dscc = input$selected_dscc,
>             structural = paste(input$structgroup, collapse=", "),
>             uncertainty = paste(input$uncgroup, collapse=", "),
>             others = paste(input$othergroup, collapse=", "),
>             save = paste0('<button class="btn btn-success" onclick="Shiny.onInputChange(\'loadButton\', this.parentElement.parentElement.rowIndex);">Load</button>')  # Add load button
>         )
>         
>         if (is.null(savedConfigs$data)) {
>             savedConfigs$data <- newEntry
>         } else {
>             savedConfigs$data <- rbind(savedConfigs$data, newEntry)
>         }
>     })
> 
>     # Load configuration on button click
>     observeEvent(input$loadButton, {
>         selectedRow <- as.numeric(input$loadButton)
>         if (!is.null(savedConfigs$data) && selectedRow <= nrow(savedConfigs$data)) {
>             updateSliderInput(session, "selected_rate", value=savedConfigs$data[selectedRow, "discountrate"])
>             updateSliderInput(session, "selected_dscc", value=savedConfigs$data[selectedRow, "dscc"])
>             updateCheckboxGroupInput(session, "structgroup", selected=strsplit(savedConfigs$data[selectedRow, "structural"], ", ")[[1]])
>             updateCheckboxGroupInput(session, "uncgroup", selected=strsplit(savedConfigs$data[selectedRow, "uncertainty"], ", ")[[1]])
>             updateCheckboxGroupInput(session, "othergroup", selected=strsplit(savedConfigs$data[selectedRow, "others"], ", ")[[1]])
>         }
>     })
> }
> 
> shinyApp(ui=ui, server=server)
> ```
> 
> ### Explanation
> 
> - A `DTOutput` named `savingsTable` and two buttons (`saveButton` and `loadButton`) are added to the UI.
> - A `reactiveValues` object `savedConfigs` is used to store the configurations.
> - When the "Save Configuration" button is clicked, the current configuration is captured and appended to `savedConfigs$data`.
> - The `savingsTable` renders the configurations as a table using `DT` with a "Load" button in each row.
> - When the "Load" button in a table row is clicked, it updates the inputs to match the saved configuration.
> 
> This solution provides the functionality you're looking for and should seamlessly integrate with your existing app.
**user**:
> I think the DT package might be overdoing it. It allows me to sort, but when I do and then try to load, I get the parameters of the row that was previously there (before sorting). Plus, clicking on the Load button also highlights the row in a way that looks odd.
> I think the answer might just be to just have a simpler table renderer. I like the alternating row shading and the look of the table header, but can I avoid the rest?
**assistant**:
> To simplify the table without using the `DT` package and address the issues you raised, we can use basic HTML table elements within a `renderUI` function. Here's how you can modify the code to achieve this:
> 
> 1. Remove references to `DT` and update the `savingsTable` output to render a custom HTML table.
> 2. Style the table using basic CSS for alternating row shading and table header appearance.
> 
> Below is the updated code:
> 
> ```r
> # UI
> ui <- fluidPage(
>     tags$head(
>         tags$style(HTML("
>             /* Custom CSS for sidebar scrolling */
>             .sidebar {
>                 position: fixed;
>                 height: 100%;
>                 overflow-y: auto;
>             }
>             .config-table {
>                 width: 100%;
>                 border-collapse: collapse;
>             }
>             .config-table th, .config-table td {
>                 border: 1px solid #ddd;
>                 padding: 8px;
>                 text-align: left;
>             }
>             .config-table th {
>                 background-color: #f2f2f2;
>             }
>             .config-table tr:nth-child(even) {
>                 background-color: #f9f9f9;
>             }
>         "))
>     ),
>     titlePanel("Modeling the SCC"),
>     sidebarLayout(
>         sidebarPanel(
>             # Sidebar content remains the same
>         ),
>         mainPanel(
>             plotlyOutput("sccdist", height="500px"),
>             uiOutput("savingsTable"),
>             actionButton("saveButton", "Save Configuration"),
>             actionButton("loadButton", "Load Selected Configuration")
>         )
>     )
> )
> 
> # Server
> server <- function(input, output, session) {
>     # Existing server logic remains the same
> 
>     # Simple HTML table renderer
>     output$savingsTable <- renderUI({
>         if (!is.null(savedConfigs$data)) {
>             configRows <- apply(savedConfigs$data, 1, function(row) {
>                 paste0("<tr>",
>                     sapply(row, function(cell) {
>                         paste0("<td>", cell, "</td>")
>                     }),
>                 "</tr>")
>             })
>             tableHeader <- paste0("<tr>",
>                 sapply(colnames(savedConfigs$data), function(col) {
>                     paste0("<th>", col, "</th>")
>                 }),
>             "</tr>")
>             tableHTML <- paste0("<table class='config-table'>",
>                 tableHeader,
>                 paste(configRows, collapse = ""),
>             "</table>")
>             
>             HTML(tableHTML)
>         }
>     })
> }
> 
> shinyApp(ui=ui, server=server)
> ```
> 
> In this updated code:
> 
> - The `DTOutput` is replaced with `uiOutput` to render the custom HTML table.
> - The `renderUI` function generates the HTML for the table using the saved configurations data.
> - Basic CSS styles are applied to achieve the alternating row shading and a table header appearance while keeping the table simple and easy to read.
> 
> This modification should provide a cleaner and more functional table for saving and loading configurations in your Shiny app.
