**user**:
> What is the stylized picture of concentric commercial, industrial, and residential regions that is described by theoretical studies of urban geography?
**assistant**:
> The stylized picture you're referring to is known as the "Concentric Zone Model," also called the "Burgess Model." It was first presented by the urban sociologist Ernest Burgess in 1925.
> 
> The model suggests that a city develops in a series of concentric rings, each characterized by a different type of land use, around a central business district (CBD). Here's a simplified breakdown of these zones, moving outwards:
> 
> 1. **The Central Business District (CBD):** This includes areas dominated by businesses, shopping, and government offices, located at the heart of the city.
> 2. **The Zone of Transition:** This includes lower-class residential areas, warehouses, or small businesses, often in a state of change.
> 3. **The Zone of Working-Class Homes:** Residential areas with older houses. According to the model, it's inhabited primarily by blue-collar workers.
> 4. **The Zone of Better Residences:** This ring is associated with middle-class residents, featuring newer, larger houses, and often better overall living conditions.
> 5. **The Commuter Zone:** Suburban areas and satellite cities. Residents in this zone often commute to the urban areas for work.
> 
> Keep in mind that while this model provides a useful general understanding for urban planning, real-world cities often deviate from this idealized structure, influenced by various cultural, economic, historical, and geographical factors.
**user**:
> How does this picture change when we think about where heavy industry is placed, and where are commercial stores?
**assistant**:
> When considering the placement of heavy industry and commercial stores within the concentric zone model, it's important to note that the model itself doesn't account for these specific land uses. The original Burgess model focuses more on residential zones and the central business district.
> 
> However, in reality, the location of heavy industry and commercial stores can vary in different cities and regions. Here are some common scenarios:
> 
> 1. **Industrial Zones:** Heavy industries, such as factories and manufacturing facilities, are often located in designated industrial zones or areas outside of the concentric rings. These areas are typically situated close to transportation infrastructure, such as ports or highways, to facilitate the movement of goods. This separation helps to reduce potential conflicts with residential areas due to noise, pollution, and other potential issues.
> 
> 2. **Commercial Districts:** Commercial stores, such as supermarkets, shopping malls, and business centers, are typically concentrated in or near the central business district (CBD). The CBD is often a hub for economic activity, offering a range of services and amenities. In some cases, commercial activities can also extend into the adjacent zones, especially in areas with multiple commercial centers or satellite cities.
> 
> It's worth mentioning that modern urban planning approaches have evolved beyond the concentric zone model to account for more complex and varied urban landscapes. These newer models consider factors like mixed land use, zoning regulations, transportation networks, and the integration of natural spaces within cities. The goal is to create more sustainable and livable environments that support economic development while minimizing negative impacts on residents' quality of life.
