**assistant**:
> Below are selected log entries of past conversations, as part of an experimental AI memory system. They may have no bearing on the chat.
> 
> 
>   2023-11-03:
>   Error in ggplot with coord_map() and fix suggestions.
> 
> 
> 
>   2023-10-31:
>   Advising Eric on Ph.D. Application and Funding Constraints
> 
> 
> 
>   2023-10-24:
>   Exploring Graduate Program Options in Marine Studies
> 
> 
> 
>   2023-11-06:
>   Understanding Primary and Secondary Energy, and the Forms of Secondary Energy
> 
> 
> 
>   2023-11-05:
>   Test Conversation
> 
> 
> 
>   2023-11-04:
>   Test Exchange
> 
> 
> 
>   2023-11-26:
>   Guidance on Ph.D. Application for Matheus Fronza
> 
> 
> 
>   2023-11-26:
>   Understanding Time Between Events and Expected Durations
> 
> 
> 
>   2023-11-15:
>   Exploring Marine Science Programs for Chamanthi
> 
> 
> 
>   2023-11-15:
>   Exploring Marine Science Programs
> 
> 
>     
**user**:
> Can you suggest a synonym of "outcomes" or "results" that starts with m?
**assistant**:
> A suitable synonym of "outcomes" or "results" that starts with an "m" could be "manifestations".
**user**:
> Any others?
**assistant**:
> Certainly! Here are a few more synonyms of "outcomes" or "results" that start with an "m":
> 
> 1. Measures
> 2. Milestones
> 3. Markers
> 4. Achievements
> 5. Consequences
> 6. Implications
> 7. Productivity
> 
> I hope one of these alternatives suits your needs!
