**assistant**:
> Below are selected log entries of past conversations, as part of an experimental AI memory system. They may have no bearing on the chat.
> 
> 
>   2023-04-05:
>   James sought help to generate a more complete regression tree with only 9 observations in R; Arachne suggested adjusting parameters or considering alternative modeling approaches.
> 
> 
> 
>   2023-12-27:
>   Strategies for Simplifying Random Forest Models
> 
> 
> 
>   2023-05-07:
>   When to choose LASSO over cross-validation for regression; LASSO efficiently handles high dimensionality and multicollinearity.
> 
> 
> 
>   2023-12-26:
>   Anderson-Darling Test: Sample Size, Parameters, and Versions
> 
> 
> 
>   2023-08-19:
>   Quick Retrieval of Last N Lines from a File in Python
> 
> 
> 
>   2023-08-21:
>   James asked about creating a size-based legend in QGIS's layout designer; Arachne provided steps for manual creation.
> 
> 
> 
>   2023-12-22:
>   Building Random Forests with Distributional Observations
> 
> 
> 
>   2023-12-21:
>   Representing Absolute Time in YAML with Unix Timestamp
> 
> 
> 
>   2023-03-05:
>   James inquired about the duration of use for a bassinet stroller; they are typically used until the infant reaches the weight limit or outgrows the bassinet.
> 
> 
> 
>   2023-02-22:
>   Inquiring about exogenous variable shock in GTAP; Clarifying use of endogenous variables for production effects.
> 
> 
>     
**user**:
> I'm building a random forest algorithm where the observations are distributions, rather than values. To evaluate splits, I'm using the Anderson-Darling 2-sample test. The problem is that this tends to split off a small number of observations at each split, since it determines that individual observations don't match the mixed distribution. What is the right way to incentivize splits that more half-half?
**assistant**:
> The Anderson-Darling test is indeed sensitive to small sample sizes, which can cause it to overfit and make ineffective splits in a random forest model. Here are some approaches that can incentivize larger splits:
> 
> 1. **Adjust the Threshold:** Tweak the threshold for the Anderson-Darling test so it differentiates between distributions only if they are significantly different. This may end up partitioning larger sets of observations.
> 
> 2. **Weighting the Test Statistic:** You can add a regularization term that penalizes smaller splits. For example, you can multiply the test statistic by the size of the smaller set in each split. This will incentize the algorithm to create splits where the two resulting groups are more equal in size.
> 
> 3. **Use a Different Statistic for the Split:** Divergence measures like the Kullback-Leibler Divergence or Jensen-Shannon Divergence might be a better choice for calculating the "goodness" of a split. They can be less sensitive to individual extreme values.
> 
> 4. **Bootstrap Resampling:** Instead of performing the Anderson-Darling test on the raw samples, you could perform it on bootstrap resamples. This would smooth out the influence of individual observations. You would need to decide whether to bootstrap within each node (ignoring the class labels), or to bootstrap the classes separately (possibly adjusting for their sizes).
> 
> 5. **Combined Approach:** Use a combination of the Anderson-Darling test and another splitting measure. This could manifest as a weighted sum of the two measures or as a test that only chooses the Anderson-Darling test under certain conditions. 
> 
> Since you desire larger splits, options like adjusting the testing threshold or weighting the test statistic towards larger splits could be worth exploring. However, these modifications involve a trade-off between the integrity of the split and the size of the resulting subsets, which might impact the performance of your model, and careful tuning will be required.
**user**:
> What is an appropriate size for the minimum number of observations per leaf, if I just have 1693 observations?
**assistant**:
> When determining the appropriate size for the minimum number of observations per leaf in a random forest algorithm, it is important to strike a balance between model complexity and overfitting. In your case, with 1693 observations, you have a relatively small dataset. Here are a few guidelines to consider:
> 
> 1. **Rule of Thumb**: As a rule of thumb, it is often recommended to have a minimum of 5 observations per leaf. Applying this guideline to your dataset would suggest setting the minimum number of observations per leaf to 5.
> 
> 2. **Consider Computational Resources**: If you have limited computational resources, setting a larger minimum number of observations per leaf can help reduce the total number of leaves and simplify the tree structure. However, this may come at the cost of potentially sacrificing model performance if the data is diverse and complex.
> 
> 3. **Cross-Validation**: You can perform cross-validation experiments to evaluate how different sizes of the minimum number of observations per leaf impact the performance of your model. This will give you an idea of the optimal value for your specific dataset.
> 
> 4. **Domain Knowledge**: Consider your specific domain knowledge and the characteristics of your dataset. If you know that certain subsets of your data require a larger minimum number of observations to be representative, you might want to set a higher threshold.
> 
> In summary, starting with a minimum number of observations per leaf of 5 is a reasonable starting point for your dataset with 1693 observations. From there, consider the computational resources available, perform cross-validation experiments, and leverage domain knowledge to fine-tune this value and find the optimal balance between model complexity and performance.
