**assistant**:
> The provided LaTeX table details the channels of economic risk from climate change considered in a s
**user**:
> Here is a table in LaTeX:
> ===
> \newcounter{rowno}
> \setcounter{rowno}{0}
> 
> \bgroup
> \rowcolors{2}{gray!25}{white}
> 
> \begin{longtable}{>{\stepcounter{rowno}}p{1.5in}p{1.3in}p{1.5in}p{2in}}
> \rowcolor{gray!50}
> Channel & Source & Methodology & Accounting for \\
> \endhead
> \hline
> \rowcolor{gray!50}\multicolumn{4}{c}{\bf Droughts and flooding} \\
> Droughts & \citetalias{feyen2020climate} (LISFLOOD) & Hydrological model $\rightarrow$ Empirical losses & Low flows \\
> Inland floods & \citet{sayers2020third} & Hydrological model $\rightarrow$ Infrastructure & Fluvial, surface runoff \\
>  & \citetalias{feyen2020climate} (LISFLOOD) & Hydrological model $\rightarrow$ Empirical losses & Flood inundation \\
>  & \citetalias{lincked2019d23} (GLOFRIS) & Hydrological model $\rightarrow$ CGE & Labour, capital productivity \\
>  & \citetalias{lincked2019d23} (OSDaMage) & Hydrological model $\rightarrow$ CGE & Road infrastructure \\
> \hline
> \rowcolor{gray!50}\multicolumn{4}{c}{\bf Agriculture} \\
> Agriculture & \citet{ritchie2020shifts} & Econometric & AMOC, rainfall, arable vs. grassland \\
>  & \citetalias{feyen2020climate} (WOFOST) & Process-based & wheat, grain maize, barley, sunflower, winter rapeseed, sugar beet \\
>  & \citetalias{boered2019d22} (EPIC) & Process-based & sugar, corn, wheat, oil seeds \\
> \hline
> \rowcolor{gray!50}\multicolumn{4}{c}{\bf Livestock and fisheries} \\
> Milk Production & \citet{jones2020climate} & Experiment-based & Temperature-humidity threshold \\
> Lamb Production & \citet{jones2020climate} & Experiment-based & Parasite ({\it Haemonchus contortus}) \\
> Inland Fisheries & \citet{jones2020climate} & Biophysical model & Algal bloom temperature thresholds \\
> Marine Fisheries & \citetalias{boered2019d22} (DBEM) & Process-based & Suitability envelopes \\
> \hline
> \rowcolor{gray!50}\multicolumn{4}{c}{\bf Ecosystems} \\
> Biodiversity loss (global) & \citetalias{ipccar4wg2ch4} & Meta-analysis & Habitat and species loss \\
> Forest loss & \citet{ritchie2019large} & Process-based & Forestland amenities \\
> Forestry & \citetalias{boered2019d22} (G4M) & Process-based & Wood production \\
> \hline
> \rowcolor{gray!50}\multicolumn{4}{c}{\bf Energy supply and demand} \\
> Energy Demand & \citet{rode2021estimating} & Econometric & Total electricity and other energy use \\
> & \citetalias{schleypen2019} & Econometric & electricity, fossils by sector \\
> Electricity Supply & \citetalias{feyen2020climate} (POLES) & Process-based & Hydro, winds, solar, production costs \\
> & \citetalias{schleypen2019} & Econometric & Wind and hydropower \\
> \hline
> \rowcolor{gray!50}\multicolumn{4}{c}{\bf Labour productivity} \\
> Labour Productivity & \citetalias{gosling2018peseta} & Experiment-based & Temperature and humidity \\
> & \citetalias{schleypen2019} & Econometric & Sectoral value added \\
> \hline
> \rowcolor{gray!50}\multicolumn{4}{c}{\bf Health} \\
> Heat/Cold Mortality & \citet{bressler2021estimates} & Econometric synthesis & Temperature, income \\
>  & \citetalias{feyen2020climate} & Biophysical model & Heat \& cold waves \\
> \hline
> \rowcolor{gray!50}\multicolumn{4}{c}{\bf Coastal impacts} \\
> Coastal impacts & \citet{diaz2016estimating} & Engineering model & Inundation, relocation, wetlands, protection \\
> & \citetalias{lincked2019d23} (DIVA) & Engineering model & land, productivity, and capital lost \\
> \hline
> \rowcolor{gray!50}\multicolumn{4}{c}{\bf Trade effects} \\
> Trade effects & \citet{dell2012temperature} & Econometric $\rightarrow$ CGE & Poor country GDP losses \\
> & \citet{burke2015global} & Econometric $\rightarrow$ CGE & Non-linear GDP growth \\
> & \citet{kahn2021long} & Econometric $\rightarrow$ CGE & Deviations from climatology \\
> \hline
> \rowcolor{gray!50}\multicolumn{4}{c}{\bf Additional impact channels} \\
> Missing risks & \citet{nordhaus2013climate} & Expert elicitation & Fraction of known channels \\
> & \citetalias{watkiss2021monetary} & Literature review & Ranges for 66 channels \\
> Catastrophic risk & \citet{howard2017few} & Econometric synthesis & Global damage functions \\
> \caption{Channels of economic risk accounted for in this study. \label{tbl:channels}}
> \end{longtable}
> \egroup
> ===
> 
> Can you convert this to a Markdown table?
**assistant**:
> Certainly! Here's the provided LaTeX table converted into a Markdown table. Note that Markdown has limitations compared to LaTeX, particularly regarding multi-line cell entries, cell styling, and automatic numbering. Here's an approximation while keeping content intact:
> 
> ```markdown
> | Channel                     | Source                                     | Methodology                            | Accounting for                                                 |
> |-----------------------------|--------------------------------------------|----------------------------------------|---------------------------------------------------------------|
> | **Droughts and flooding**   |                                            |                                        |                                                               |
> | Droughts                    | Feyen et al. (LISFLOOD)                    | Hydrological model → Empirical losses  | Low flows                                                     |
> | Inland floods               | Sayers et al.                             | Hydrological model → Infrastructure    | Fluvial, surface runoff                                       |
> |                             | Feyen et al. (LISFLOOD)                    | Hydrological model → Empirical losses  | Flood inundation                                              |
> |                             | Lincked (GLOFRIS)                          | Hydrological model → CGE               | Labour, capital productivity                                   |
> |                             | Lincked (OSDaMage)                         | Hydrological model → CGE               | Road infrastructure                                            |
> | **Agriculture**             |                                            |                                        |                                                               |
> | Agriculture                 | Ritchie et al.                            | Econometric                            | AMOC, rainfall, arable vs. grassland                          |
> |                             | Feyen et al. (WOFOST)                      | Process-based                          | Wheat, grain maize, barley, sunflower, winter rapeseed, sugar beet |
> |                             | Boered (EPIC)                              | Process-based                          | Sugar, corn, wheat, oil seeds                                 |
> | **Livestock and fisheries** |                                            |                                        |                                                               |
> | Milk Production             | Jones et al.                              | Experiment-based                       | Temperature-humidity threshold                                |
> | Lamb Production             | Jones et al.                              | Experiment-based                       | Parasite (*Haemonchus contortus*)                             |
> | Inland Fisheries            | Jones et al.                              | Biophysical model                      | Algal bloom temperature thresholds                            |
> | Marine Fisheries            | Boered (DBEM)                             | Process-based                          | Suitability envelopes                                         |
> | **Ecosystems**              |                                            |                                        |                                                               |
> | Biodiversity loss (global)  | IPCC AR4 WG2 Ch.4                         | Meta-analysis                          | Habitat and species loss                                      |
> | Forest loss                 | Ritchie et al.                            | Process-based                          | Forestland amenities                                          |
> | Forestry                    | Boered (G4M)                              | Process-based                          | Wood production                                               |
> | **Energy supply and demand**|                                            |                                        |                                                               |
> | Energy Demand               | Rode et al.                               | Econometric                            | Total electricity and other energy use                        |
> |                             | Schleypen et al.                          | Econometric                            | Electricity, fossils by sector                                |
> | Electricity Supply          | Feyen et al. (POLES)                       | Process-based                          | Hydro, winds, solar, production costs                         |
> |                             | Schleypen et al.                          | Econometric                            | Wind and hydropower                                           |
> | **Labour productivity**     |                                            |                                        |                                                               |
> | Labour Productivity         | Gosling et al.                            | Experiment-based                       | Temperature and humidity                                      |
> |                             | Schleypen et al.                          | Econometric                            | Sectoral value added                                          |
> | **Health**                  |                                            |                                        |                                                               |
> | Heat/Cold Mortality         | Bressler et al.                           | Econometric synthesis                  | Temperature, income                                           |
> |                             | Feyen et al.                              | Biophysical model                      | Heat & cold waves                                             |
> | **Coastal impacts**         |                                            |                                        |                                                               |
> | Coastal impacts             | Diaz et al.                               | Engineering model                      | Inundation, relocation, wetlands, protection                  |
> |                             | Lincked (DIVA)                            | Engineering model                      | Land, productivity, and capital lost                          |
> | **Trade effects**           |                                            |                                        |                                                               |
> | Trade effects               | Dell et al.                               | Econometric → CGE                      | Poor country GDP losses                                       |
> |                             | Burke et al.                              | Econometric → CGE                      | Non-linear GDP growth                                         |
> |                             | Kahn et al.                               | Econometric → CGE                      | Deviations from climatology                                   |
> | **Additional impact channels** |                                        |                                        |                                                               |
> | Missing risks               | Nordhaus et al.                           | Expert elicitation                     | Fraction of known channels                                    |
> |                             | Watkiss et al.                            | Literature review                      | Ranges for 66 channels                                        |
> | Catastrophic risk           | Howard et al.                             | Econometric synthesis                  | Global damage functions                                       |
> 
> *Table: Channels of economic risk accounted for in this study.*
> ```
> 
> In the Markdown version, some LaTeX-specific elements are stripped, and references are simplified. Make sure any citations (e.g., \citet or similar) are adjusted to your preferred citation style, as Markdown does not support these out-of-the-box.
