**assistant**:
> Below are selected log entries of past conversations, as part of an experimental AI memory system. They may have no bearing on the chat.
> 
> 
>   2023-08-21:
>   James seeks a summary for his report on Delaware marine activities; Arachne provides a condensed overview of beach nourishment and artificial reefs.
> 
> 
> 
>   2023-09-26:
>   Soil Fertility Loss in Africa
> 
> 
> 
>   2023-06-19:
>   How to create a JavaScript text field that submits only when the return key is pressed, without the shift key; an HTML example with event listener.
> 
> 
> 
>   2023-08-17:
>   Difference between Marine National Monument and National Marine Sanctuary; Monument focused on specific features, Sanctuary for comprehensive management and public use.
> 
> 
> 
>   2023-07-29:
>   Creating JS text field submission on return key while ignoring Shift; HTML/JS code provided.
> 
> 
> 
>   2023-12-11:
>   Accessing Columns and Iterating Rows in Julia DataFrames
> 
> 
> 
>   2024-02-03:
>   Understanding jQuery's `.each()` and Promise handling with Arachne
> 
> 
> 
>   2023-07-20:
>   James asked about the concentric zone model; Arachne clarified the placement of heavy industry and commercial stores within the model.
> 
> 
> 
>   2023-12-08:
>   Tacking Upwind: Refining the Ship's Speed Formula
> 
> 
> 
>   2024-02-03:
>   Understanding jQuery's `.each()` and Promise handling with Arachne
> 
> 
>     
**user**:
> Do hagfish "home"? That is, do they travel as adults but return to specific spawning places?
**assistant**:
> Hagfish biology and behavior is not fully understood due to the challenges associated with studying these deep-sea creatures. While some species show migratory and spawning behaviors--often observed in salmon--it is not clear whether hagfish do the same.
> 
> According to existing literature, hagfish are believed to be relatively sedentary organisms that do not travel great distances. They've often been found in high density clumps, possibly indicating a preference for certain habitats, but whether these are specific spawning locations is unknown.
> 
> They maintain their population densities locally, suggesting that if they do exhibit homing behavior, it might be over relatively short distances. However, this assumption lacks rigorous scientific backing due to the paucity of studies on the species. It is essential to conduct more research to fully understand the life cycle and habits of hagfish. 
> 
> In conclusion, while certain fishes are known to "home," current science does not indicate that hagfish engage in this behavior.
