**assistant**:
> The query asks about specifying x and y coordinates in a heatmap.  While there are no entries direct
**user**:
> Does Julia's Plots have a way to display a raster image? I have it in the form of a dataframe, with x and y coordinates, the way I would do it in ggplot.
**assistant**:
> In Julia, you can display a raster image using the Plots package by leveraging the `heatmap` function, which is well-suited for visualizing raster data. If you have your data in a DataFrame with x and y coordinates and corresponding values, you can create a matrix representation from these and use `heatmap` to plot it.
> 
> Here's a step-by-step guide on how you might accomplish this:
> 
> 1. **Prepare Your Data**: Ensure your DataFrame contains columns for x, y, and the value to be plotted (e.g., `value`).
> 
> 2. **Convert to Matrix**: You'll need to convert your DataFrame into a matrix form where rows and columns correspond to x and y coordinates, and matrix entries correspond to the `value`.
> 
> 3. **Plot with `heatmap`**: Use the Plots package's `heatmap` function to display the data.
> 
> Here's a code example:
> 
> ```julia
> using Plots
> using DataFrames
> 
> # Sample DataFrame with raster data
> df = DataFrame(x = repeat(1:10, 10), y = repeat(1:10, inner=10), value = rand(100))
> 
> # Convert DataFrame to a matrix
> function dataframe_to_matrix(df, xcol, ycol, vcol)
>     xs = sort(unique(df[!, xcol]))
>     ys = sort(unique(df[!, ycol]))
>     matrix = [df[findall((df[!, xcol] .== x) .& (df[!, ycol] .== y)), vcol][1] for y in ys, x in xs]
>     return matrix
> end
> 
> value_matrix = dataframe_to_matrix(df, :x, :y, :value)
> 
> # Plot using heatmap
> heatmap(value_matrix, color=:viridis)
> ```
> 
> Make sure you have the necessary packages installed with:
> 
> ```julia
> using Pkg
> Pkg.add("Plots")
> Pkg.add("DataFrames")
> ```
> 
> This example assumes your data is uniformly spaced across the x and y dimensions. If your coordinates are irregular, you might need to interpolate or preprocess your data to fit a regular grid suitable for `heatmap`. This is conceptually similar to how `geom_tile()` would work in `ggplot2`.
**user**:
> How do I specify x and y coordinates in heatmap?
**assistant**:
> In Julia's Plots package, you can specify x and y coordinates directly in the `heatmap` function using the `x` and `y` arguments. If your data is organized in a DataFrame, you can extract the unique x and y coordinates and then provide them to the `heatmap` function.
> 
> Here's how you can do it:
> 
> ### Example Code
> 
> ```julia
> using Plots
> using DataFrames
> 
> # Sample DataFrame with x, y coordinates and values
> df = DataFrame(x = repeat(1:10, 10), y = repeat(1:10, inner=10), value = rand(100))
> 
> # Extracting unique coordinates
> x_coords = unique(df.x)
> y_coords = unique(df.y)
> 
> # Create a matrix of values
> value_matrix = reshape(df.value, length(x_coords), length(y_coords))
> 
> # Plotting the heatmap with specified x and y coordinates
> heatmap(x_coords, y_coords, value_matrix, color=:viridis, xlabel="X Axis", ylabel="Y Axis")
> ```
> 
> ### Key Steps
> 
> 1. **Create a DataFrame**: This contains your x and y coordinates alongside the corresponding values.
> 
> 2. **Extract Unique Coordinates**: Use `unique(df.x)` and `unique(df.y)` to get the distinct x and y values.
> 
> 3. **Reshape Your Values**: If your values are not already in matrix form, you can use `reshape` to convert them according to the number of unique x and y coordinates.
> 
> 4. **Call `heatmap`**: Pass your x and y coordinates along with the value matrix to the `heatmap` function.
> 
> ### Additional Options
> 
> You can also customize your heatmap further with various options, like setting color schemes, axis labels, titles, etc. Just add additional keyword arguments to the `heatmap` call as needed.
> 
> This enables a more flexible way to visualize your data, similar to how you would do it with `ggplot2` in R!
