**user**:
> I'm writing a python script to find files online, but I keep running into pages that basically say:
> ===
> Just a moment...
> 
> Enable JavaScript and cookies to continue
> ===
> That, presumably, would then redirect to the real page I want. What can I do in this case?
**assistant**:
> You're running into a common issue where some websites deploy anti-scraping measures, often using services like Cloudflare to verify that visitors are real users rather than bots. The message you're seeing means that the website is trying to perform a challenge that typically requires a browser environment to execute JavaScript.
> 
> Here are a few strategies to bypass this and programmatically access the real page content:
> 
> 1. **Use a Headless Browser**:
>    - Utilize tools like Selenium with a headless browser (such as Chrome or Firefox in headless mode). This allows you to automate browsing and handle JavaScript challenges just like a human would.
>    - Example using Selenium:
>      ```python
>      from selenium import webdriver
>      from selenium.webdriver.chrome.service import Service as ChromeService
>      from webdriver_manager.chrome import ChromeDriverManager
> 
>      options = webdriver.ChromeOptions()
>      options.add_argument('--headless')
>      options.add_argument('--disable-gpu')  # Normally needed for headless mode
> 
>      driver = webdriver.Chrome(service=ChromeService(ChromeDriverManager().install()), options=options)
>      driver.get('https://your-target-url.com')
>      content = driver.page_source
>      driver.quit()
>      ```
> 
> 2. **Use Requests-HTML**:
>    - This library is built on top of Requests and provides some JavaScript execution capabilities using a package called Pyppeteer (a headless version of Chrome).
>    - Example:
>      ```python
>      from requests_html import HTMLSession
> 
>      session = HTMLSession()
>      response = session.get('https://your-target-url.com')
>      response.html.render()  # This executes the JavaScript
>      content = response.html.html
>      ```
> 
> 3. **Use Puppeteer or Pyppeteer**:
>    - Puppeteer is a Node.js library which provides a high-level API over the Chrome DevTools Protocol. Pyppeteer is its Python counterpart.
>    - This approach provides full control of modern web features and JavaScript execution.
>    - Example with Pyppeteer:
>      ```python
>      import asyncio
>      from pyppeteer import launch
> 
>      async def main():
>          browser = await launch(headless=True)
>          page = await browser.newPage()
>          await page.goto('https://your-target-url.com')
>          content = await page.content()
>          await browser.close()
>          return content
> 
>      content = asyncio.run(main())
>      ```
> 
> These methods help simulate a real user browsing action to bypass JavaScript challenges. If you choose any of these approaches, ensure you comply with the website's terms of service and robots.txt file to avoid legal issues. Let me know if you need further assistance with any of these methods!
**user**:
> Are these all fairly likely to work? I want something fast, but not if it means that I generally don't get the webpage.
**assistant**:
> Yes, the methods I mentioned are generally effective for accessing JavaScript-heavy websites. Here's a brief breakdown of their likely effectiveness and speed:
> 
> 1. **Selenium**:
>    - **Effectiveness**: High. Selenium can handle complex pages and JavaScript challenges very well.
>    - **Speed**: Moderate. It opens a browser instance, which can add overhead, especially with page load times.
> 
> 2. **Requests-HTML**:
>    - **Effectiveness**: High for many cases, especially if the website uses standard JavaScript rendering. However, some very complex or heavily obfuscated pages may still pose issues.
>    - **Speed**: Generally faster than Selenium since it doesn't open a full browser window, but rendering can still take some time.
> 
> 3. **Pyppeteer**:
>    - **Effectiveness**: High. It’s specifically designed for web scraping with JavaScript handling.
>    - **Speed**: Similar to Selenium but can be faster due to a more streamlined setup when using headless mode.
> 
> ### Recommendation:
> If speed is a primary concern, I would suggest starting with **Requests-HTML** first, as it tends to balance speed and effectiveness quite well for many pages. If you encounter issues with certain sites, consider switching to **Selenium** or **Pyppeteer** for greater reliability.
> 
> It might also be worth doing some testing across your target websites to see which method best suits your needs. If you find one method is consistently faster and still accessing the content you need, that would be the best route forward! Let me know if you need help with implementation or if you have specific sites in mind!
**user**:
> Looks like I need websockets for my system, separately, and that that is incompatible with requests-html.
**assistant**:
> If you need to work with WebSockets and require a solution that integrates well with your scraping and JavaScript execution needs, **Selenium** and **Pyppeteer** are still solid options, as they can handle WebSocket connections effectively.
> 
> ### Options for WebSockets with Scraping:
> 
> 1. **Selenium**:
>    - You can use Selenium to automate interactions with the webpage while still maintaining access to WebSocket functionality.
>    - You can listen for WebSocket messages by executing JavaScript directly in the context of the page using `execute_script()`.
>    - Example:
>      ```python
>      from selenium import webdriver
> 
>      driver = webdriver.Chrome()
>      driver.get('https://your-target-url.com')
> 
>      # Execute JavaScript to listen for WebSocket messages
>      driver.execute_script("""
>          const ws = new WebSocket('wss://your-websocket-url');
>          ws.onmessage = function(event) { console.log(event.data); };
>      """)
> 
>      # Perform other interactions...
>      driver.quit()
>      ```
> 
> 2. **Pyppeteer**:
>    - Pyppeteer provides more detailed control, and you can handle WebSocket connections similar to how you would in a standard Node.js environment.
>    - Example:
>      ```python
>      import asyncio
>      from pyppeteer import launch
> 
>      async def main():
>          browser = await launch()
>          page = await browser.newPage()
>          await page.goto('https://your-target-url.com')
> 
>          # Establish WebSocket connection
>          await page.evaluate('''
>              const ws = new WebSocket('wss://your-websocket-url');
>              ws.onmessage = function(event) { console.log(event.data); };
>          ''')
> 
>          # Implement your scraping logic here...
>          await browser.close()
> 
>      asyncio.run(main())
>      ```
> 
> ### Additional Considerations:
> - **Handling WebSocket Data**: You’ll need to implement logic to handle incoming WebSocket messages based on your specific use case. Depending on the frequency and format of these messages, you might need buffering or specific parsing logic.
> - **Alternative Libraries**: If you require extensive WebSocket interaction, consider using libraries like **websockets** for pure WebSocket handling alongside Selenium or Pyppeteer for HTML scraping. 
> 
> Let me know if you need more information on how to implement any of these solutions or if you have other constraints!
**user**:
> I'm giong to try pyppeteer. What parts of this should I run once, if I plan on requesting several URLs, and how worried should I be about not running browser.close() at the end?
**assistant**:
> When using Pyppeteer for multiple URL requests, you should structure your code to avoid repeatedly launching and closing the browser instance for each request. Instead, launch the browser once at the beginning, perform your actions, and close it when done. Here's how to structure your code effectively:
> 
> ### Recommended Structure
> 
> 1. **Launch Browser Once**: Start the browser only once before your scraping loop.
> 2. **Navigate and Scrape URLs**: Use the same page instance or create new pages as needed for each URL.
> 3. **Close Browser Once**: Close the browser after all scraping tasks are completed.
> 
> ### Example Structure
> 
> Here's a sample implementation demonstrating this setup:
> 
> ```python
> import asyncio
> from pyppeteer import launch
> 
> async def fetch_url(page, url):
>     await page.goto(url)
>     content = await page.content()
>     # Process your content here (e.g., extracting data, handling WebSockets)
>     return content
> 
> async def main(urls):
>     browser = await launch(headless=True)
>     page = await browser.newPage()  # Create a new page
> 
>     results = []
>     for url in urls:
>         content = await fetch_url(page, url)  # Fetch each URL
>         results.append(content)
> 
>     await browser.close()  # Close the browser at the end
>     return results
> 
> urls_to_scrape = [
>     'https://example.com/page1',
>     'https://example.com/page2',
>     # Add more URLs as needed
> ]
> 
> # Run the main function
> content_results = asyncio.run(main(urls_to_scrape))
> 
> # Process content_results as needed
> ```
> 
> ### Concerns About Not Closing the Browser
> 
> - **Resource Usage**: Leaving the browser open consumes system resources (memory and CPU). If you expect many pages or extended runtimes, you should definitely close it to avoid memory leaks or performance degradation over time.
>   
> - **Session Persistence**: If your scraping might rely on cookies, sessions, or other persistent states, ensure you manage those across requests efficiently. If you close the browser often, you might lose that context.
> 
> - **Error Handling**: It's essential to include error handling in your code. If an exception occurs before `await browser.close()`, you might end up with an open browser. Using try/finally can help in this situation:
>   ```python
>   try:
>       # [Perform scraping operations here]
>   finally:
>       await browser.close()
>   ```
> 
> By following this structure, you maximize efficiency and minimize the risk of resource exhaustion while allowing for easy handling of multiple URLs. Let me know if you have further questions or need help with specific functionality!
**user**:
> Can I do a timeout with pyppeteer?
**assistant**:
> Yes, you can set timeouts with Pyppeteer to manage how long the script waits when navigating to pages or executing tasks. Here are a couple of ways you can implement timeouts:
> 
> ### 1. Navigate with Timeout
> 
> When you navigate to a page using `page.goto()`, you can specify a timeout. If the page doesn't load within the specified time, it will throw a timeout error.
> 
> ```python
> await page.goto(url, {'timeout': 30000})  # Timeout after 30 seconds
> ```
> 
> ### 2. Set Timeout for Other Actions
> 
> For other actions like waiting for elements to appear, you can specify timeouts as well.
> 
> ```python
> await page.waitForSelector('#your-element-selector', {'timeout': 5000})  # Wait for 5 seconds
> ```
> 
> ### Example with Timeouts
> 
> Here’s how you might integrate timeouts into your existing Pyppeteer script:
> 
> ```python
> import asyncio
> from pyppeteer import launch
> 
> async def fetch_url(page, url):
>     try:
>         await page.goto(url, {'timeout': 30000})  # 30 seconds timeout for navigation
>         content = await page.content()
>         return content
>     except Exception as e:
>         print(f"Failed to load {url}: {e}")
>         return None
> 
> async def main(urls):
>     browser = await launch(headless=True)
>     page = await browser.newPage()
> 
>     results = []
>     for url in urls:
>         content = await fetch_url(page, url)
>         if content:  # Only append if successful
>             results.append(content)
> 
>     await browser.close()
>     return results
> 
> urls_to_scrape = [
>     'https://example.com/page1',
>     'https://example.com/page2',
> ]
> 
> content_results = asyncio.run(main(urls_to_scrape))
> ```
> 
> ### Handling Timeouts
> 
> - **Exception Handling**: Always wrap your page navigation and other actions in try-except blocks so you can handle exceptions gracefully, especially if you set timeouts. This way, if a timeout occurs, you can log the error and decide what to do next (e.g., retry, skip the URL, etc.).
> - **Adjusting Timeout Values**: Depending on the websites you want to scrape, you may want to adjust the timeout values. Some pages may take longer to load, especially if they are JavaScript-heavy or if the network is slow.
> 
> Using timeouts will help prevent your script from hanging indefinitely when a page fails to load. Let me know if you need further details or have any other questions!
**user**:
> Also, I had been using requests.get with stream=True. How do I do that?
**assistant**:
> When using `Pyppeteer`, there isn't a direct equivalent to the `requests.get` with `stream=True` because Pyppeteer operates more like a browser, loading pages and executing JavaScript. However, if you're looking to handle data similarly to what streaming offers, you can work with responses in a way that allows for more control over your data as it loads.
> 
> ### Handling Requests in Pyppeteer
> 
> If you're fetching a URL and want to process the content progressively (as it becomes available), you can use the following approach:
> 
> 1. **Intercept Network Requests**: You can listen for network responses using the `page.on('response')` event. This way, you can handle specific responses as soon as they arrive.
> 
> 2. **Fetch Data Post Navigation**: Navigate to the page and then immediately fetch resources once the content loads.
> 
> ### Example
> 
> Here’s how to implement fetching a resource progressively with Pyppeteer:
> 
> ```python
> import asyncio
> from pyppeteer import launch
> 
> async def handle_response(response):
>     # You can check the response URL or status here
>     if response.ok:  # Only handle successful responses
>         content = await response.text()  # Read the response body
>         print(f"Received response from: {response.url[:50]}...")  # Just logging a snippet
>         # Process the content as needed
>           
> async def fetch_url(url):
>     browser = await launch(headless=True)
>     page = await browser.newPage()
> 
>     # Listen for responses
>     page.on('response', lambda response: asyncio.ensure_future(handle_response(response)))
> 
>     await page.goto(url)
>     await page.waitForTimeout(3000)  # Wait for additional time if needed for content to load
> 
>     await browser.close()
> 
> urls_to_scrape = [
>     'https://example.com/page1',
>     'https://example.com/page2',
> ]
> 
> # Run the fetch URL coroutine for each URL
> for url in urls_to_scrape:
>     asyncio.run(fetch_url(url))
> ```
> 
> ### Explanation
> 
> - **Event Listener**: The `page.on('response')` event allows you to capture responses as they come in. Using a lambda function, you call `handle_response` for each response.
> - **Async Handling**: `asyncio.ensure_future` ensures that your response handling runs asynchronously, allowing for efficient management of responses.
> - **Response Processing**: Inside `handle_response`, you can check the status and URL of each response and process the content as needed.
> 
> ### Limitations
> 
> Unlike `requests.get` with `stream=True`, where you receive data in chunks, the above method fetches full responses at once when they load. If you need to manage large files (like videos or large datasets), consider whether the source supports partial downloads or whether you can use streaming APIs.
> 
> Let me know if you need more information or have additional questions!
**user**:
> With all of this, we're setting up async functions but then having everything wait. Why not just do this all synchronously?
**assistant**:
> Using asynchronous programming, especially in the context of web scraping with libraries like Pyppeteer, can significantly enhance performance, especially when dealing with I/O-bound operations such as network requests. However, if your use case is straightforward and doesn’t require handling multiple tasks concurrently, a synchronous approach can indeed simplify your code.
> 
> ### Advantages of Asynchronous vs. Synchronous
> 
> **Asynchronous (Async):**
> - **Concurrent Requests**: Async functions allow multiple requests to be processed at the same time, which can reduce overall waiting time when fetching multiple URLs or handling multiple WebSocket messages.
> - **Non-Blocking I/O**: Async operations do not block execution, allowing your application to remain responsive (e.g., continue listening for events while waiting for a network request).
> 
> **Synchronous:**
> - **Simplicity**: Synchronous code is often easier to write, understand, and maintain, especially for simple scripts that do not require heavy concurrency.
> - **Less Overhead**: You don’t have to manage event loops or callbacks, which can reduce complexity in simpler applications.
> 
> ### Synchronous Approach with Pyppeteer
> 
> If you decide to stay with a synchronous approach, you might consider running each browser operation one after the other, without the async features. However, Pyppeteer itself is designed to be asynchronous, so you’ll generally have to use it in an async context. Nonetheless, here's a simple example demonstrating how it might work if one were to abstract away the complexity (note that you will still use `async` because of Pyppeteer):
> 
> ```python
> import asyncio
> from pyppeteer import launch
> 
> async def fetch_url(url):
>     browser = await launch(headless=True)
>     page = await browser.newPage()
>     
>     await page.goto(url, {'timeout': 30000})
>     content = await page.content()
>     
>     await browser.close()
>     return content
> 
> def sync_fetch_urls(urls):
>     # Running the async function from a synchronous context
>     return asyncio.run(asyncio.gather(*(fetch_url(url) for url in urls)))
> 
> urls_to_scrape = [
>     'https://example.com/page1',
>     'https://example.com/page2',
> ]
> 
> # Fetch URLs synchronously
> results = sync_fetch_urls(urls_to_scrape)
> 
> for result in results:
>     print(result[:100])  # Print first 100 characters of each result
> ```
> 
> ### Explanation
> 
> - **Synchronous Wrapper**: `sync_fetch_urls` function is created to wrap the async fetching into a synchronous format using `asyncio.run()`.
> - **Efficient Execution**: While it runs the fetches concurrently within the async context using `gather`, it maintains a synchronous method signature for easier readability.
> - **Simplicity for Simple Usages**: If your scraping tasks don't need to run concurrently to save time, the synchronous approach reduces the complexity of managing async code.
> 
> ### Conclusion
> 
> If your scraping tasks are not extensive and don’t require simultaneous handling, sticking with a synchronous style might lead to clearer and more maintainable code. On the other hand, if you plan to scale your scraping operations or handle large numbers of requests, asynchronous programming will generally offer performance benefits. 
> 
> Feel free to choose based on your specific needs, and let me know if you have more questions or need additional guidance!
**user**:
> Can I limit the size of the downloaded files?
**assistant**:
> Yes, you can limit the size of the downloaded files when using Pyppeteer, though it requires a bit of a workaround since Pyppeteer doesn't have built-in mechanisms specifically for limiting file download sizes. Instead, you can implement logic in your response handling to check the size of the response data and decide whether to process or discard it.
> 
> ### Implementing File Size Limiting
> 
> 1. **Intercept Network Responses**: Use the `page.on('response')` event to observe responses.
> 2. **Check Response Size**: For each response, check its content length and decide how to handle it based on your size limits.
> 
> ### Example with Response Size Limiting
> 
> Here’s an example of how you could limit the size of the content being processed:
> 
> ```python
> import asyncio
> from pyppeteer import launch
> 
> # Define your file size limit (e.g., 1 MB in bytes)
> FILE_SIZE_LIMIT = 1 * 1024 * 1024  # 1 MB
> 
> async def handle_response(response):
>     # Only handle successful responses
>     if response.ok:
>         content_length = response.headers.get('content-length')
>         
>         # If content-length is present, check against the limit
>         if content_length is not None:
>             content_length = int(content_length)
>             if content_length > FILE_SIZE_LIMIT:
>                 print(f"Skipping response from: {response.url}. Size exceeds limit.")
>                 return
>             
>         # Fetch and process the content
>         content = await response.text()  # You can also use response.buffer() to handle binary data
>         print(f"Received response from: {response.url[:50]}... with size {content_length} bytes.")
>         # Process your content here
> 
> async def fetch_url(url):
>     browser = await launch(headless=True)
>     page = await browser.newPage()
> 
>     # Listen for responses
>     page.on('response', lambda response: asyncio.ensure_future(handle_response(response)))
> 
>     await page.goto(url)
>     await asyncio.sleep(3)  # Optional wait to give time for responses to arrive
> 
>     await browser.close()
> 
> urls_to_scrape = [
>     'https://example.com/page1',
>     'https://example.com/page2',
> ]
> 
> # Run the fetch URL coroutine for each URL
> for url in urls_to_scrape:
>     asyncio.run(fetch_url(url))
> ```
> 
> ### Explanation
> 
> 1. **Content Length Check**: In `handle_response`, it pulls the `content-length` header from the response and checks it against the predefined `FILE_SIZE_LIMIT`.
> 2. **Skipping Large Responses**: If the size exceeds the limit, an appropriate message is printed and the response is not processed.
> 3. **Processing Valid Responses**: Only responses that meet the size criteria will be processed, allowing you to manage your resource usage effectively.
> 
> ### Important Points
> 
> - **Content-Length Header**: Not all responses will provide a `content-length` header, especially streaming or chunked responses. You may need additional handling in those cases.
> - **Performance Considerations**: If many responses are expected to be over the limit, this approach can save bandwidth and processing time.
> - **Binary Data**: If you deal with binary files (like images or videos), you should use `response.buffer()` instead of `response.text()` to handle the binary data correctly.
> 
> This method will help you control the amount of data your scraper downloads and processes, ensuring that you stay within your desired limits. Let me know if you need more help or have other questions!
