**assistant**:
> Below are selected log entries of past conversations, as part of an experimental AI memory system. They may have no bearing on the chat.
> 
> 
>   2023-11-15:
>   Inquiry about Marine Science Research Position
> 
> 
> 
>   2023-10-28:
>   Guiding Jace Bell's Interest in Marine Policy Programs
> 
> 
> 
>   2023-10-24:
>   Inquiring about Marine Policy Ph.D. Program
> 
> 
> 
>   2023-10-24:
>   Exploring Graduate Program Options in Marine Studies
> 
> 
> 
>   2023-09-15:
>   Inquiry about Climate Change Research and Master's Program Application
> 
> 
> 
>   2023-08-12:
>   Nasrin inquired about funded Ph.D. positions with Prof. James Rising and shared her achievements; Arachne advised her to contact James directly, highlighting her research interests.
> 
> 
> 
>   2023-09-17:
>   Refining Research Statement for Global Governance
> 
> 
> 
>   2023-08-11:
>   Identified resources for Delaware's Ocean & Bay Plan; discussed offshore wind impacts on wildlife and protection of endangered species and fish habitats.
> 
> 
> 
>   2023-09-07:
>   Climate Impacts and Integrated Modeling
> 
> 
> 
>   2023-08-18:
>   The marine planning area lacks aquaculture operations; expansion is possible from nearby New Jersey waters in Shellfish Aquaculture Development Areas with expedited permitting.
> 
> 
>     
**user**:
> I would like you to write a response to the following email, from me,
> which I believe is a request for me to supervise a student within one
> of the following academic programs (and it may not be clear):
>  - Masters in Marine Policy: Explain that this program has now
>    transitioned to the exciting new Environmental Science & Management
>    program
>    (https://www.udel.edu/academics/colleges/ceoe/prospective-students/graduate/environmental-science-and-management/)
>    which has a Marine track.
>  - Ph.D. in Marine Policy: This is good for non-traditional students
>    or ones with lighter quantitative backgrounds.
>  - Masters in Environmental Science & Management (ESM)
>  - Masters in Environmental Economics (EE Masters)
>  - Ph.D. in Environmental Economics: This is the preferred program for
>    prospective students.
>  - One of the natural science programs offered my the Marine Science &
>    Policy school: In this case, suggest that the applicant reach out
>    to Xinfeng Liang <xfliang@udel.edu>.
>    
> As a first step, identify any specific questions asked in the email or
> core confusions and relay them back here. I will provide any answers
> if needed to incorporate in the response. If the person is local to
> the Delaware/Mid-Atlantic area, or if they did schoolwork at MIT,
> Columbia, UC Berkeley, UChicago, LSE, or UD, tell me.
> 
> Please identify which of these programs the person is interested in,
> or if it is ambiguous, offer a few sentences to help them
> decide. Do not mention the other programs.
> 
> For the Ph.D. programs, note that funding is limited. If
> they seem like they would well-qualified to do work related to my
> research (climate change risks, food systems, interdisciplinary
> quantitative modeling), encourage them to mention me in their
> statement of purpose.
> 
> For the EE Masters program, note that it is a self-funded program. For
> the ESM program, note that there is limited funding available (the
> program is unfunded for most students).
> 
> Here is a template email, which you can use or modify. In any case,
> keep the email similarly brief. Do not be overly enthusiastic
> or suggest that they are uniquely qualified for a spot.
> 
> Dear [NAME],
> 
> Thank you for reaching out. It sounds like you would be good candidate for [PROGRAM]. However, funding is always a constraint in our ability to take students. I would encourage you to apply by the end of the calendar year so that you can be considered for any available funds.
> 
> Best,
> 
> James Rising
> School of Marine Science & Policy, UDel
> 
> The email is below:
> 
> Dear Prof. Rising!
> 
>  
> 
> I am Chamanthi, a Sri Lankan girl currently working as a graduate teaching assistant (demonstrator) at Uva Wellassa University of Sri Lanka after completing BSc (Hons) in Aquatic Resources Technology with a Second class upper division (GPA of 3.59/4.00) at the same University. I have two publications and research experience in marine ecology, Oceanography, Aquaculture, genetics, water quality, and fisheries management.
> 
>  
> 
> In my undergraduate period, I conducted my final year research project on the “Livelihood status of the fishing community of Mahakanadarawa reservoir in Anuradhapura, Sri Lanka". While conducting this research, I found out the livelihood of the fishery community under social, human, physical, natural, and financial capitals. I found the length-weight relationship of Oreochromis niloticus along with its condition factor.
> 
>  
> 
> I have been a part of research on the operation of a coal-fired power plant and its impact on adjoining marine environments and groundwater chemistry, with special reference to heavy metals. In this study, I focused on the power generation process, heavy metal analysis, and social and environmental impacts of the coal-fired power plant.
> 
>  
> 
> As a self-driven researcher, I possess a deep passion for furthering my studies in the realm of marine science, focusing on marine biology and marine ecology with a solid background in ecotoxicology, oceanography, and marine conservation applications in environmental science. As such, I would be incredibly glad if you could kindly offer me a position as a PhD/MSc researcher in your research group, allowing me to expand my knowledge in this subject while also contributing to the work done at the University of Delaware.
> 
>  
> 
> For your kind perusal, I have attached my resume here.
> 
>  
> 
> I will eagerly yet patiently await your reply.
> 
>  
> 
> Thank you so much!
> 
>  
> 
> Sincerely,
> 
> Chamanthi.
**assistant**:
> After reviewing Chamanthi's email, it seems she has undertaken a lot of work in marine science, specifically in the areas of marine biology, marine ecology, and ecotoxicology. However, there seems to be an absence of a distinct focus on economics or policy, possibly indicating that she may be better suited for a natural science program. 
> 
> Specifically mentioning her interest in "marine biology and marine ecology with a solid background in ecotoxicology, oceanography, and marine conservation," points to Chamanthi's strong inclination towards the scientific aspect of marine study. Hence, she might be more interested in the natural science programs offered by the School of Marine Science & Policy.
> 
> Her mention of a 'PhD/MSc researcher' position suggests a bit of ambiguity in her preference between a Ph.D. and masters program, thus, clarification might be helpful.
> 
> Finally, Chamanthi does not appear to be local to the Delaware/Mid-Atlantic area, nor does her background information suggest she has done schoolwork at MIT, Columbia, UC Berkeley, UChicago, LSE, or UD.
> 
> Here is an initial drafted response based on your instructions:
> 
> ---
> 
> Dear Chamanthi,
> 
> Thank you for expressing your interest in joining the University of Delaware for further studies. Based on your background in Marine Studies, specifically in marine biology, marine ecology, ecotoxicology, and oceanography, I understand you are passionate about marine research.
> 
> You might be well-suited to our scientific programs within Marine Science & Policy, especially ones focusing on Marine biology and ecology. I would recommend direclty contacting Dr. Xinfeng Liang (<xfliang@udel.edu>), who supervises students within our natural science programs. 
> 
> At the same time, given your strong background and university teaching experience, a Ph.D. may be worth considering. However, I should inform you that funding is limited for these programs. If you do choose one of our programs, be sure to mention me in your statement of purpose, particularly if your research interests align with my work on climate change risks, food systems, and interdisciplinary quantitative modeling.
> 
> As a low-barrier next step, you might consider applying to the program of your choice by the end of this calendar year; this would ensure that your application could be considered for any potential funding opportunities. 
> 
> Best,
> 
> James Rising
> School of Marine Science & Policy, UDel
> 
