**assistant**:
> Below are selected log entries of past conversations, as part of an experimental AI memory system. T
**user**:
> What is Global Sensitivity Analysis?
**assistant**:
> Global Sensitivity Analysis (GSA) is a statistical technique used in fields like systems modeling and simulation, which helps to understand how different input factors affect the output of a model.
> 
> The "global" in GSA implies taking into account the entire parameter space, as opposed to 'local' sensitivity analyses, which study the effect of input variation around a specific point in the parameter space.
> 
> The goal of GSA is:
> 1. To identify the input factors that cause the most uncertainty or variability in the output (these are termed sensitive parameters)
> 2. To determine where efforts should be focused to reduce the uncertainty or improve the robustness of the model. 
> 
> There are various methods to perform GSA, such as the Sobol' method, Morris screening, variance-based method, etc., each with their own strengths and weaknesses. By using GSA, modelers can improve their models, make them more accurate, and understand the uncertainty in their results.
**user**:
> How does it differ from ANOVA?
**assistant**:
> Both Global Sensitivity Analysis (GSA) and Analysis of Variance (ANOVA) are statistical techniques, but they serve different purposes and are used in different contexts:
> 
> 1. **Purpose**:
>    - **GSA**: The main goal of GSA is to understand how the uncertainty in model outputs can be attributed to different input factors or parameters. It helps in identifying which input factors contribute the most to the variability in model outcomes.
>    - **ANOVA**: ANOVA is used to analyze the differences between group means and assess whether there are statistically significant differences among groups. It is often used to compare the means of three or more groups (factors) and determine if they are significantly different from each other.
> 
> 2. **Application**:
>    - **GSA**: GSA is commonly used in fields like systems modeling, simulation, and sensitivity analysis to identify influential parameters and improve model performance.
>    - **ANOVA**: ANOVA is commonly used in experimental design and statistical analysis to test hypotheses about differences in group means, for example, in clinical trials, agricultural experiments, or industrial quality control.
> 
> 3. **Focus**:
>    - **GSA**: Focuses on understanding the impact of input parameters on the variability of model outputs, especially in complex models with multiple inputs.
>    - **ANOVA**: Focuses on comparing the means of different groups or treatments to determine if there is a significant difference.
> 
> In summary, GSA is more concerned with understanding how input parameters influence model outcomes and overall model behavior, while ANOVA is more focused on comparing group means and testing for differences between them in a more traditional statistical analysis context.
**user**:
> But ANOVA reports how much of the total variance is attributable to each input factor. Isn't that what GSA does too?
**assistant**:
> You are correct in pointing out that both Global Sensitivity Analysis (GSA) and Analysis of Variance (ANOVA) involve attributing variance to different factors. Here are some key distinctions to clarify the relationship between the two methods:
> 
> 1. **Focus on Variance Attribution**:
>    - **GSA**: In GSA, the focus is on understanding how the variability in model outputs can be attributed to different input parameters or factors. GSA aims to quantify the relative importance of each input parameter in contributing to the overall variability of model outcomes. It helps identify which factors have the most significant influence on model behavior.
>    - **ANOVA**: ANOVA assesses the variance between group means to determine if there are statistically significant differences among the groups being compared. It decomposes the total variability observed in the data into variance components attributable to different sources or factors. This technique is commonly used in experimental settings to analyze the impact of categorical factors on a continuous response variable.
> 
> 2. **Context of Application**:
>    - **GSA**: GSA is typically used in the context of sensitivity analysis for complex models where the interactions between multiple input parameters need to be understood. It is especially valuable in systems modeling and simulation to prioritize influential factors for further investigation or calibration.
>    - **ANOVA**: ANOVA is commonly applied in experimental design and hypothesis testing to determine whether the means of different groups are statistically different. It is often used in controlled experiments to assess the impact of categorical variables on a dependent variable.
> 
> 3. **Interpretation**:
>    - **GSA**: GSA provides insights into the relative importance of input factors in driving the variability of model outputs. It helps in identifying parameters that require better characterization or further investigation to improve model performance.
>    - **ANOVA**: ANOVA helps in determining whether there are significant differences between groups being compared. It assesses the impact of categorical factors on the outcome variable and provides information on the sources of variation in the data.
> 
> In summary, while both GSA and ANOVA involve attributing variance to different factors, they are used in different contexts and serve distinct analytical purposes related to understanding variability and influence in data or models.
