**assistant**:
> Below are selected log entries of past conversations, as part of an experimental AI memory system. They may have no bearing on the chat.
> 
> 
>   2023-12-22:
>   Building Random Forests with Distributional Observations
> 
> 
> 
>   2023-10-31:
>   Assumptions of the Welch's t-test and Handling Heteroscedasticity
> 
> 
> 
>   2023-12-24:
>   Comparing "party" and "ranger" Libraries for Random Forests
> 
> 
> 
>   2023-05-03:
>   James asked about categorical variables in the `ranger` package in R; Arachne explained how to handle them and provided an example.
> 
> 
> 
>   2023-10-25:
>   Fitting a Random Forest for Flexible Querying
> 
> 
> 
>   2023-11-06:
>   Calculating Questions with Majority Incorrect Answers
> 
> 
> 
>   2023-01-19:
>   James asked how to perform a two-sample t-test in Julia; Arachne provided code examples using "HypothesisTests" and "StatsBase" packages.
> 
> 
> 
>   2023-10-16:
>   Building a Function in R with Arbitrary Arguments for Random Number Functions
> 
> 
> 
>   2023-10-20:
>   Time Zone Conversion in Python
> 
> 
> 
>   2023-11-07:
>   Methodology for Estimating Climate Change Losses using Machine Learning
> 
> 
>     
**user**:
> I would like to use the `party` package in R to fit a random forest, where I want to consider each observation to be a distribution (rather than a single number), applying a Two-Sample Anderson-Darling Test to determine appropriate splits. I think I ought to be able to replace the splitting function to do this, but it's not a standard control option. Does extree_node get used by cforest, or where generally should I intervene to get my effect?
> 
**assistant**:
> It sounds like an interesting approach! Adapting the 'party' package for this purpose would involve modifying the underlying code to change how predictor variables are split.
> 
> Unfortunately, traditional machine learning models, such as Random Forest, are not designed to cope with each observation as a distribution. They work on the assumption that each observation is an independent, identically distributed random variable. Adapting such a model to work with stochastic variables as you suggest would be a highly advanced and non-trivial task.
> 
> However, if you want to modify the split strategy in the `party` package, you would likely need to modify the underlying C++ code within the package, specifically the `FindBestSplit` function. If you dig into the `ctree_control` function documentation, you will see that the function allows to specify a "teststat", "testtype", and "mincriterion" parameters, but none of them give access to changing the foundational splitting rule, which is the Anderson-Darling Test in your case. This would require deep modification in the source code.
> 
> Modifying the `FindBestSplit` function could be complex, and it could drastically impact the performance of your random forest model. Also, as of now, it seems like the `party` package, and its successor `partykit`, calls the underlying C++ code through inline::Ccall. These function calls don't seem to offer a simple way to replace or extend the existing C++ methods with custom code.
> 
> As an alternative approach, you might consider trying to adapt your problem to fit the tools available in the "party" or "partykit" packages. For example, you might create a new data set where each observation is replaced by a set of samples drawn from that observation's distribution. Then estimate the empirical cumulative distribution function (ECDF) for each observation and use pairwise comparisons between ECDFs (like Kuiper's test or Kolmogorov–Smirnov test) as input features to your model. This would be a more lightweight approach, although it might not completely capture the underlying structure of your data.
> 
> Remember, modifying an existing, complex piece of software could lead to unintended side-effects, and thoroughly testing your modifications would be crucial to ensure the integrity of your models.
> 
> Finally, since the adaptation you want is quite specific, you may want to consider hiring a developer experienced with the R ecosystem to modify the `party` package's underlying code to suit your needs if the alternative approach I suggested doesn't seem satisfactory.
