**assistant**:
> None of the provided conversation synopses directly relate to the geological formation of rift valle
**user**:
> Why is there a rift valley in Africa, but that's not a location where tectonic plates meet?
**assistant**:
> The presence of a rift valley in Africa, despite not being at a typical boundary where tectonic plates meet, can be explained by the process of continental rifting. The East African Rift is a major geological feature that represents an active continental rift zone. 
> 
> ### How it Forms:
> - **Forces at Play:** The rift is caused by extensional tectonic forces, where the lithosphere (the rigid outer layer of the earth) is being pulled apart. These forces create tension that causes the crust to thin and break into blocks.
> - **Mantle Dynamics:** Below the rift, there are upwelling currents in the mantle, sometimes referred to as mantle plumes. These plumes generate heat, which causes the overlying crust to become more ductile and prone to breaking.
> - **Faulting:** As a result, faulting occurs, creating a series of cracks and depressions, which form a rift valley.
>   
> ### A Unique Case in Africa:
> - **East African Rift:** The East African Rift is part of a divergent tectonic plate boundary, which is an area where the African Plate is slowly splitting into the Somali Plate and the Nubian Plate.
> - **Active Rifting:** The process is ongoing and signifies an early stage of ocean basin formation, similar to how the Atlantic Ocean formed. 
> 
> ### Why It's Special:
> - **Geological Activity:** The rift is an area of significant volcanic and seismic activity due to the movements of the crustal blocks.
> - **Biodiversity Hotspot:** It's also notable for its impact on ecosystems and speciation, as new environments were created by the changing geography, influencing biodiversity.
> 
> While rift valleys can often be found at divergent tectonic plate boundaries, the East African Rift is an example of active rifting within a continental plate, showcasing the dynamic and varied nature of Earth's geology.
