**assistant**:
> Below are selected log entries of past conversations, as part of an experimental AI memory system. They may have no bearing on the chat.
> 
> 
>   2023-02-08:
>   James asked if there is an open-source version of IMPLAN; Arachne recommended alternative open-source models like OpenIO and MRIO-Light.
> 
> 
> 
>   2023-08-31:
>   Measuring Shipping Congestion and Converting Speeds
> 
> 
> 
>   2023-08-17:
>   Exploring Disposal Sites in Delaware's Marine Waters
> 
> 
> 
>   2023-07-27:
>   James asked about Vensim for teaching system dynamics; Arachne suggested alternatives.
> 
> 
> 
>   2023-09-24:
>   Impacts of Fertilizer on Soil Health and Sustainable Practices
> 
> 
> 
>   2023-05-02:
>   IMPLAN's "Total Final Demand" may be less than industry outputs due to exports and unutilized production; results should be interpreted with caution.
> 
> 
> 
>   2023-08-23:
>   Examples of natural-human coupled systems with management delays - fisheries, forests, water resources, climate change, soil in agriculture; delays pose challenges.
> 
> 
> 
>   2023-07-10:
>   James seeks assistance in creating a structured interview template for a research project on data gaps in the Delaware Bay; Arachne provides a comprehensive interview script.
> 
> 
> 
>   2023-09-24:
>   Fertilizer Application Units and Typical Values
> 
> 
> 
>   2023-06-28:
>   James requested a word related to climate, environment, health, or food starting with 'O'; Arachne suggested "ozone" due to its role in the atmosphere and concerns surrounding ozone depletion.
> 
> 
>     
**user**:
> I have a graphic that shows the material stocks and flows of something. There's a large stock in the middle of soil (50 cm topsoil) of 40-50 Gt. 15 Mt /yr flows to the soil from a mineral stock (13 Gt total) and the atmosphere provides a flow of 0.4 - 2 Mt/yr. What is this?
**assistant**:
> Based on the details provided, it seems likely that you are looking at a graphical representation of a global carbon cycle. The stocks and flows you describe could potentially represent the amounts of carbon located in or moving between different locations on the planet.
> 
> Here's why:
> 
> - Soil acts as a significant store of carbon. The top 50 cm of soil holds a vast amount of carbon, estimated in the range of 1,500 to 2,400 Gt (gigatonnes). Your graphic shows a much smaller amount (40-50 Gt), but this discrepancy could be attributed to different measurement depths or a more narrow geographic focus rather than a global scale.
> 
> - Mineral stocks could potentially represent fossil fuel reserves (coal, oil, and natural gas). These are a significant global carbon stock from which humans have been transferring carbon to the atmosphere and land through combustion activities.
> 
> - The annual flows from the mineral stock to the soil could potentially represent a carbon sequestration process, such as enhanced weathering, where minerals react with CO2 and are then deposited in the soil.
> 
> - The flow from the atmosphere to the soil could represent natural sequestration processes such as plant photosynthesis or the deposit of organic matter, where atmospheric carbon is sequestered in the soil.
> 
> Please note that this interpretation is provisional. To provide a more accurate interpretation, additional context or details from the graphic would be helpful.
