**assistant**:
> Below are selected log entries of past conversations, as part of an experimental AI memory system. They may have no bearing on the chat.
> 
> 
>   2023-12-11:
>   Constructing Matrix from CSV Data in Julia
> 
> 
> 
>   2023-11-19:
>   Retrieving Non-Primitive Values from Pandas DataFrame
> 
> 
> 
>   2023-08-09:
>   How to create a pandas DataFrame from vectors in Python; Provided steps to import pandas, create a dictionary, and construct the DataFrame.
> 
> 
> 
>   2023-12-11:
>   Constructing a Matrix in Julia from CSV: Step-by-Step Guide
> 
> 
> 
>   2023-05-01:
>   James wanted to transform a long-format dataframe to wide-format in R; Arachne suggested using `spread()` from the `tidyverse` package.
> 
> 
> 
>   2023-12-11:
>   Accessing Columns and Iterating Rows in Julia DataFrames
> 
> 
> 
>   2023-10-29:
>   CSV Table: Finding Closest Point and Identifying Row in Python
> 
> 
> 
>   2023-07-25:
>   James asked how to get dimension keys in Mimi framework; Arachne suggested passing keys as argument to run_timestep function.
> 
> 
> 
>   2023-08-15:
>   James queried about the name of the combined continent of South America and Africa during the Jurassic; Arachne informed him it was called "Gondwana".
> 
> 
> 
>   2023-09-29:
>   Loading "MULTIPOLYGON" CSV into QGIS with Arachne's Guide
> 
> 
>     
**user**:
> In Julia, I want to access a column in a DataFrame where the underlying CSV has a period in the column. Will this show up as a period in the column name too?
**assistant**:
> Yes, if a column name in the CSV file has a period, it will appear the same way in the DataFrame when you load the CSV file in Julia.
> 
> However, based on Julia's syntax rules, you can’t easily access a DataFrame column whose name contains a period (or any unsupported characters) using a dot (`.`) itself, like you can for DataFrame columns whose names are valid Julia identifiers (`df.column_name`). 
> 
> Instead, you access that column like you would access values in a dictionary, using square brackets and the column name as a string or symbol:
> 
> ```julia
> df["column.name"]
> # or
> df[:column_name]
> ```
> Here, `df` is the DataFrame and `"column.name"` or `:column.name` is the name of the column that contains a period.
> 
> The reason for this is that Julia, unlike some other languages, doesn't allow periods in variable names because it uses them for broadcasting functions over collections. The dot syntax (i.e., `df.column_name`) only works if `column_name` is a valid identifier, which a name with a period is not. 
> 
> You will need to use either the quoted string or symbol-syntax approach to access your columns. Note that you need the colon (:) before the column name only in the symbolic approach.
