**assistant**:
> Below are selected log entries of past conversations, as part of an experimental AI memory system. They may have no bearing on the chat.
> 
> 
>   2023-08-24:
>   Pickle Files and the `with` Statement
> 
> 
> 
>   2023-08-10:
>   James inquired about getting tire balancing when purchasing new tires from Costco; Arachne recommended it for smooth driving and tire longevity.
> 
> 
> 
>   2023-05-01:
>   Guide to performing factor analysis in R; calculation of factor scores and error term explained.
> 
> 
> 
>   2023-05-22:
>   James asked about the best global climate model; Arachne explained that there isn't a single "best" model due to the complex and diverse aspects of the climate system.
> 
> 
> 
>   2023-06-07:
>   James asked about the grammar of pronouns in a sentence; Arachne clarified that "It could be Alice, Bob, and me" is correct.
> 
> 
> 
>   2023-08-08:
>   Asked about Excel function to check if a value is a number; Responded with ISNUMBER and example formula.
> 
> 
> 
>   2023-07-16:
>   James asks about cross-domain issues with text/event-stream in his Flask app served with Passenger; Arachne suggests checking CORS and Passenger configuration, and ensuring correct response headers.
> 
> 
> 
>   2023-04-26:
>   Prevent external hard drive sleep on Linux using hdparm or alternate methods; considerations for power consumption and drive lifespan.
> 
> 
> 
>   2023-07-18:
>   Inquired about appropriate location for JavaScript file in Flask static directory; Advised usage of `url_for()` function to generate correct path.
> 
> 
> 
>   2023-03-16:
>   Proper use of quotation marks with nested quotes; Use alternating double and single quotation marks at each level.
> 
> 
>     
**user**:
> I am using a description block in LaTeX to show a labeled list in a beamer presentation. But the tabbing for the list is all wacky. How can I make it so that all of the item content sections (after the labels) line up?
**assistant**:
> If you want the item content sections in a labeled list to line up nicely in LaTeX beamer, you can use the `enumitem` package to customize the layout and formatting. Here's an example of how you can achieve consistent tabbing for the item content sections:
> 
> First, make sure you have the `enumitem` package installed by adding `\usepackage{enumitem}` in the preamble of your LaTeX document.
> 
> Then, define a new environment using the `\newlist` command provided by `enumitem`. In the definition, specify the desired formatting options for the labels and the item content sections. For example:
> 
> ```latex
> \newlist{labeledlist}{itemize}{1}
> \setlist[labeledlist]{label=, leftmargin=2em, labelwidth=2em, align=left}
> ```
> 
> In the above code, `labeledlist` is the name of the new environment. We set the label to be empty (`label=`), and adjust the `leftmargin` and `labelwidth` to create the desired tabbing effect. The `align` option is set to `left` to align the item content sections to the left.
> 
> After defining the new environment, use it in your document to create the labeled list. For example:
> 
> ```latex
> \begin{labeledlist}
>     \item[Label 1] Item content 1
>     \item[Label 2] Item content 2
>     \item[Label 3] Item content 3
> \end{labeledlist}
> ```
> 
> By using this new environment, the item content sections will line up nicely based on the label width you specified.
> 
> Feel free to adjust the `leftmargin` and `labelwidth` values in the `\setlist` command to achieve your desired tabbing effect.
**user**:
> I get an error: "TeX capacity exceeded, sorry [grouping levels=255]." with the helpful statement, "If you really absolutely need more capacity, you can ask a wizard to enlarge me." Is this because of the labelwidth value? I've tried enlarging that to 10cm and it still doesn't work.
**assistant**:
> The error message you encountered, "TeX capacity exceeded, sorry [grouping levels=255]," is not directly related to the `labelwidth` value in the `enumitem` package. This error typically indicates that the number of nested environments or commands exceeds TeX's default capacity.
> 
> To address this issue, you can try either of the following solutions:
> 
> 1. Reduce the nesting level: If you have deeply nested environments or commands, try reducing the nesting level. Sometimes, excessive nesting can cause capacity issues. Simplify your code structure if possible.
> 
> 2. Increase TeX's capacity: If reducing the nesting level doesn't resolve the issue, you can increase TeX's capacity. This can be achieved by adding the following command in the preamble of your LaTeX document:
> 
> ```latex
> \usepackage{etex}
> ```
> 
> The `etex` package provides extended capacity compared to the default TeX engine. Including this package should help alleviate the capacity limitation issue.
> 
> Try these solutions and see which one works for you. If you still encounter any problems, please provide more information about the structure of your LaTeX code, and I'll be happy to assist you further.
**user**:
> I have tracked this down to enumitem. As soon as I say \usepackage{enumitem}, I get the error, even if I don't use it. Is there another way?
**assistant**:
> If you're encountering the "TeX capacity exceeded" error immediately after including the `enumitem` package, even without using it, it's possible that there may be a conflict with another package or a specific configuration in your LaTeX setup.
> 
> Here are a few alternative approaches you can try to achieve consistent tabbing in a labeled list without using the `enumitem` package:
> 
> 1. Use a `\hspace` command: Instead of using the `enumitem` package, you can manually adjust the spacing using the `\hspace` command. Here's an example:
> 
> ```latex
> \begin{description}
>     \item[\hspace{2em}Label 1] Item content 1
>     \item[\hspace{2em}Label 2] Item content 2
>     \item[\hspace{2em}Label 3] Item content 3
> \end{description}
> ```
> 
> In this example, `\hspace{2em}` adds a horizontal space of 2em before each label, creating consistent tabbing.
> 
> 2. Define a custom environment: Create a custom environment with the desired formatting using the `\newenvironment` command. Here's an example:
> 
> ```latex
> \newenvironment{labeledlist}
>     {\begin{description}[leftmargin=2em, labelwidth=2em]}
>     {\end{description}}
> ```
> 
> In this approach, we use the built-in `description` environment and specify the desired left margin and label width within the custom environment. Then, you can use the `labeledlist` environment for your labeled list.
> 
> Try these alternatives and see if they resolve the issue. If the problem persists, please provide further details about your LaTeX setup and any other relevant packages you're using, and I'll do my best to assist you further.
