**assistant**:
> Below are selected log entries of past conversations, as part of an experimental AI memory system. T
**user**:
> When should I use reframe vs. mutate in dplyr? I want to take the diff of all of the entries in a column, by group.
**assistant**:
> In `dplyr`, both `reframe` and `mutate` are used to modify data frames, but they serve different purposes and are suited for different tasks:
> 
> - **`mutate`**: This function is used to add new columns or transform existing columns while keeping the number of rows in the data frame unchanged. It’s useful when you want to perform operations that keep the row-wise structure intact.
> 
> - **`reframe`**: This function (available from dplyr 1.1.0 onwards) creates a new data frame by summarizing or transforming columns in such a way that the number of rows might change. It is mainly used for operations that don't result in a row-for-row mapping. 
> 
> Since you want to take the difference (`diff`) of all entries in a column by group, which reduces the number of rows (as `diff` returns one less value), `reframe` is the appropriate choice.
> 
> Here’s how you can perform this operation using `reframe`:
> 
> ```r
> library(dplyr)
> 
> # Assuming df is your data frame and you have columns 'group' and 'value'
> result <- df %>%
>   group_by(group) %>%
>   reframe(difference = diff(value))
> ```
> 
> This code will group the data frame `df` by the `group` column and then apply the `diff` function to the `value` column within each group. The result will be a new data frame with the differences in the `value` column for each group.
> 
> If you were to use `mutate`, it wouldn’t be suitable for this specific task because `mutate` expects operations that maintain the number of rows.
> 
> Let me know if you need help with any additional data transformations!
**user**:
> I'm planning on keeping the number of rows the same. So I'm doing
> mutate(newcol=c(0, diff(oldcol))))
> but when I do this by hand it works, but in dplyr I get all 0s.
**assistant**:
> When you are using `mutate` in `dplyr` to calculate differences within each group, you need to make sure the calculation is done correctly within the group context. 
> 
> The issue you are encountering, where all values are becoming 0, is likely because the `diff` function is applied to the entire column rather than within each group. To perform the calculation correctly within each group, you can use the `group_modify` function from the `dplyr` package.
> 
> Here's how you can modify your code to calculate differences within groups using `group_modify`:
> 
> ```r
> library(dplyr)
> 
> # Assuming df is your data frame with columns group and oldcol
> result <- df %>%
>   group_by(group) %>%
>   group_modify(~mutate(., newcol = c(0, diff(oldcol))))
> ```
> 
> In this code snippet, `group_modify` is used to apply the `mutate` function within each group. The `diff` function will then calculate the differences within each group properly.
> 
> Please give this approach a try and let me know if you encounter any issues or need further assistance!
**user**:
> I thought all modify calls were done by group. Do I always need to use group_modify, if my function is not element-wise?
**assistant**:
> In `dplyr`, the `mutate` function is applied by group by default when used after a `group_by` operation. However, there are scenarios, like in your case where an element-wise operation (`diff` in this case) needs to be applied within each group, where `mutate` may not behave as expected.
> 
> When your transformation requires group-specific operations that are not element-wise (such as creating new values based on the entire group), you should use `group_modify` to ensure that the operations are performed within each group correctly.
> 
> So, to answer your question, if your transformation within `mutate` is not element-wise and must consider the entire group of data, then using `group_modify` is the appropriate choice to ensure the correct execution of your custom function within each group.
> 
> By using `group_modify` as shown in the previous example, you explicitly control the grouping context in which your custom function is applied and ensure that it operates as intended.
> 
> Feel free to ask if you have any more questions or need further clarification!
