**user**:
> How quickly can a large ship turn around? I want to find out how congested a region is for shipping, but I just have AIS pings. Most ships ping about once every minute or two. I think I can take a period of time around each ping and look at which ships are observed and ask how close the closest ship is. Would that be a reasonable measure of congestion? What window should I use?
**assistant**:
> The rate at which a large ship can turn around, often called its turning circle, depends on numerous factors like the mass of the ship, its speed, hull design, and rudder shape. As a general reference, for large cargo vessels and tankers, a complete 180-degree turn can take from 5 to 15 minutes, with an absolute constraint by the physics of the ship's speed: a ship moving at 20 nautical miles per hour (about 37 kilometers per hour) covers roughly 617 meters per minute. This sets the outside bound for the turning circle.
> 
> Therefore, using AIS (automatic identification system) pings, which happen every minute or two, can introduce substantial uncertainty about a ship's exact location in the overall trajectory of the ship. Hence, if you're using a sliding window approach to look for nearby ships at every AIS ping as your measure of congestion, your window should at least encompass 15 minutes to capture a ship's potential range of movement. If you consider factors like ships slowing to navigate around others or risk of accidents, you might want to expand this time window to be even larger.
> 
> However, keep in mind that the measure of congestion in a certain region is not only determined by the absolute distance between nearby ships. For instance, traffic flow and designated shipping routes have significant impacts on how traffic is managed in the area. The AIS data can provide information about ship's course and speed which can help estimate the dynamic movements of all ships in the area, not just those that are physically near each other. Also take into account weather conditions which can affect ship maneuverability.
> 
> As a result, it could be more useful to combine several metrics: nearest-ship distance using a suitable time window around each ping, count of ships within a predefined radius, and perhaps statistical measures of ship speed and direction, to capture a fuller picture of maritime congestion.
**user**:
> How can I convert Speed over ground (sog)  in knots to km/hr?
**assistant**:
> To convert speed over ground (SOG) from knots to kilometers per hour (km/hr), you can use the following conversion factor:
> 
> 1 knot = 1.852 km/hr
> 
> Therefore, if you have a speed in knots, you can multiply it by 1.852 to obtain the equivalent speed in kilometers per hour.
> 
> For example, let's say you have a speed of 10 knots. To convert it to kilometers per hour, you would multiply 10 by 1.852:
> 
> 10 knots * 1.852 km/hr = 18.52 km/hr
> 
> So, a speed of 10 knots is equivalent to approximately 18.52 kilometers per hour.
