**assistant**:
> Below are selected log entries of past conversations, as part of an experimental AI memory system. T
**user**:
> The following is an email or email thread that I would like to respond
> to:
> 
> Conversation opened. 1 read message.
> 
> Skip to content
> Using Gmail with screen readers
> 
> 6 of 472
> Inquiry Regarding Research Opportunities
> Inbox
> 
> Hadia Khan <hnk20@scarletmail.rutgers.edu>
> Attachments
> Thu, Dec 12, 2:11 PM (19 hours ago)
> to jrising
> 
> Dear Dr. Rising,
> 
> My name is Hadia Khan and I am a senior undergraduate at Rutgers University, majoring in Environmental Science. I am pursuing graduate school in hopes of shifting toward economics with a focus on environmental and climate issues to better prepare myself to contribute to policy solutions. I have taken law and economics courses and have experience with environmental analysis through multiple software, as well as research using satellite data for climate analyses. 
> 
> I am applying to the University of Delaware's Environmental Economics MS program and was looking into your area of specialty. I was very intrigued by your papers on estimating economic damages from climate change (2017) and the social cost of carbon for global energy consumption (2021). These expand on questions critical to climate policy and action. I also noticed that Dr. Robert Kopp from Rutgers also participated in them! I was wondering if you have any research opportunities should I be accepted into this program. I would love to learn about climate modeling and econometrics. I've attached my resume if you would like to know more about my background and experience. Thank you for your time.
> 
> Sincerely,
> Hadia Khan
>  One attachment
>   •  Scanned by Gmail
> Compose:
> Availability to host Carla Ng
> MinimizePop-outClose
> 289wilkinson@gmail.com
> 
> Please draft for me an email response to the following email or email
> thread. The email will come from me. Please keep the text
> professional, dispassionate, and to-the-point.
> 
> If a time to chat by zoom is in order, ask the person to find a time
> at https://zcal.co/i/SoJjSjU0.
> 
> Below is very brief notes on what should be included in the response.
> Pleased that will be applying. Sounds like a great background.
> I continue to work with Dr. Kopp.
> Unfortunately, no research opportunities currently. My available grants are committed, and I am not aware of other faculty with open positions.
**assistant**:
> Certainly! Here is a draft response for your email:
> 
> ---
> 
> Subject: Re: Inquiry Regarding Research Opportunities
> 
> Dear Hadia,
> 
> Thank you for reaching out and for your interest in my work. I'm pleased to hear that you are considering the Environmental Economics MS program at the University of Delaware. Your background in environmental science, paired with your interest in economics and climate issues, makes for a solid foundation in this field. 
> 
> I'm glad to hear you are familiar with my papers; it was indeed a pleasure collaborating with Dr. Robert Kopp on those projects. 
> 
> Unfortunately, I currently do not have any research opportunities available as my grants are fully committed at the moment, and I'm not aware of other faculty positions that might be accepting new students. However, I wish you the best of luck with your application and your search for research opportunities. 
> 
> If you would like to discuss your interests further, I am open to a Zoom chat. You can schedule a time convenient for you at [this link](https://zcal.co/i/SoJjSjU0).
> 
> Thank you once again for reaching out, and I hope to hear about your future achievements in the field.
> 
> Best regards,
> 
> James Rising
> 
> ---
