**assistant**:
> This query is about the wildlife in the marshes near Beccles, Suffolk, England in the 17th century. 
**user**:
> I am writing a story about Beccles, in Suffolk, England, in the 17th century. In the marshes near the city, what kinds of wildlife would my character have seen?
**assistant**:
> Writing about the wildlife in the marshes near Beccles, Suffolk, in the 17th century is a fascinating endeavor! The marshlands in that region would have been rich with biodiversity. Here are some animals that your character might have encountered:
> 
> 1. **Birds:** 
>    - **Herons and Egrets:** These wading birds would be common sites near water.
>    - **Marsh Harriers:** Birds of prey that hunt over reed beds and marshes.
>    - **Bitterns:** Known for their booming calls, they were relatively common in marshy areas.
> 
> 2. **Mammals:** 
>    - **Otters:** Thriving in clean waterways, they would have been a common sight.
>    - **Water Voles:** Often found near rivers and streams, recognizable by their burrowing habits.
> 
> 3. **Fish and Aquatic Life:** 
>    - **European Eels:** A common species in European marshes and waterways.
>    - **Pike and Perch:** Popular freshwater fish that would have been plentiful in larger bodies of water.
> 
> 4. **Plants:** While not wildlife, the presence of certain plant species would create a vivid setting:
>    - **Reeds and Bulrushes:** Dominant plant species forming dense growths in waterlogged areas.
>    - **Water Lilies:** Adding visual and textural variety to the water surfaces.
> 
> 5. **Insects:**
>    - **Dragonflies and Damselflies:** These would be especially visible in warmer months.
>    - **Mosquitoes and Midges:** Characteristic of marshy environments, though potentially pesky!
> 
> 6. **Reptiles and Amphibians:**
>    - **Frogs and Toads:** Common in wetland habitats, contributing to the chorus of natural sounds.
>    - **Grass Snakes:** Often found near water, preying on amphibians and fish.
> 
> This mix of wildlife would create a lively and dynamic backdrop for your story, providing both challenges and resources for your character. The 17th-century setting could also allow exploration of how humans interacted with and relied on the marshland ecosystem. If you're interested in deeper ecological or historical details, I recommend looking at local historical ecological records or consulting with a local historian specializing in that era.
