**assistant**:
> Below are selected log entries of past conversations, as part of an experimental AI memory system. T
**user**:
> how does the Building innovation hub fit SDG 9? "Through the Hub, IMT provides resources to help building owners, operators, designers, contractors, and tenants improve their buildings. We highlight market leaders and educate decision makers on rising trends, including regulatory requirements such as DC’s Building Energy Performance Standards (BEPS) and local building codes.
> 
> The Building Innovation Hub also help create critical connections and foster relationships that make it easier to improve our buildings while expanding and activating a skilled workforce across the region."
**assistant**:
> The Building Innovation Hub fits into Sustainable Development Goal (SDG) 9: Industry, Innovation, and Infrastructure in several ways:
> 
> 1. **Industry and Infrastructure**: By helping building owners, operators, designers, contractors, and tenants improve their buildings, the Building Innovation Hub promotes an adaptive, efficient, and ecologically-responsible industry and infrastructure. Improving buildings often includes making them more energy-efficient, durable, and user-friendly which directly contribute to SDG 9 target to 'upgrade infrastructure and retrofit industries to make them sustainable'.
> 
> 2. **Innovation**: The Hub encourages innovation in building design and operations by highlighting market leaders and educating decision makers on rising trends. These activities to support scientific research and promote innovation contribute to another target of SDG 9 which is to 'foster innovation'.
> 
> 3. **Skilled Workforce**: The Hub's role in creating critical connections and fostering relationships that expand a skilled workforce aligns with the part of SDG 9 which aims to 'increase access to information and communication technology, and strive to provide universal and affordable access to the internet'. By fostering a skilled workforce, the Hub is not only increasing employment opportunities but also ensuring that these jobs are in the sphere of sustainable, resilient infrastructure.
> 
> 4. **Regulatory Compliance**: The Hub's work in educating about regulatory requirements such as DC’s Building Energy Performance Standards (BEPS) and local building codes aligns with the SDG 9's aim to 'develop quality, reliable, sustainable and resilient infrastructure'. By ensuring compliance with sustainable practices, the Hub promotes the building of infrastructure that’s adaptive to the effects of climate change. 
> 
> In conclusion, the Building Innovation Hub is actively contributing to the achievement of SDG 9 through its various activities to promote a sustainable industry, innovation, a skilled workforce, and compliant infrastructure.
**user**:
> cna you furhte rexcplain this? "mproved Climate Resiliency for Community Buildings: Through Success with BEPS, the Hub will reduce energy costs for frontline communities by implementing energy-efficient measures in buildings that can lead to lower energy consumption and, consequently, reduced energy costs for occupants.Sustainable development efforts such as creating healthy living environments through energy efficiency upgrades, retrofits, solar and other green building effort will improve overall climate resilience 
> "
**assistant**:
> Certainly! Let's break down the explanation of how the Building Innovation Hub's activities lead to improved climate resiliency for community buildings:
> 
> 1. **Reduced Energy Costs for Frontline Communities**: By implementing energy-efficient measures in buildings, the Hub can help reduce energy costs for frontline communities. This is achieved through initiatives like energy efficiency upgrades, retrofits, and the installation of solar panels. Lower energy consumption results in reduced energy bills for the occupants of these buildings, especially important for communities that may be economically vulnerable.
> 
> 2. **Creating Healthy Living Environments**: Energy efficiency upgrades and other green building efforts not only lower energy costs but also contribute to creating healthier living environments. Improved indoor air quality, better temperature regulation, and overall comfort are some benefits of energy-efficient buildings. This is crucial for community buildings where vulnerable populations may spend significant amounts of time.
> 
> 3. **Improving Overall Climate Resilience**: Sustainable development efforts, such as those promoted by the Hub, contribute to enhancing the climate resilience of community buildings. Energy-efficient measures and green building practices help reduce the carbon footprint of buildings, mitigating their contribution to climate change. Additionally, by incorporating resilience measures into building designs, such as better insulation and water management strategies, these buildings can better withstand extreme weather events and other climate-related challenges.
> 
> 4. **Success with BEPS**: Success with initiatives like DC’s Building Energy Performance Standards (BEPS) is a key component of this process. By meeting or exceeding these standards, buildings can significantly reduce their energy consumption and carbon emissions, thereby contributing to a more sustainable and resilient built environment.
> 
> In summary, the Building Innovation Hub's focus on implementing energy-efficient measures, promoting green building practices, and ensuring compliance with regulations like BEPS not only reduces energy costs for communities but also fosters healthier living environments and enhances the overall climate resilience of community buildings.
**user**:
> shorten this please "The Green Standard we use for measuring green development for this project is BEPS. The Hub understands that to accomplish our goal of improving the built environment in DC and meeting climate-related regulations such as the Building Energy Performance Standards (BEPS). Through targeting neighborhood revitalization by supporting activities that aim to stabilize or revitalize low- to moderate-income neighborhoods, the Hub strives to contribute to the economic and social development of these communities, fostering sustainable growth and resilience by creating healthy living environments. 
> "
**assistant**:
> The Hub uses BEPS as our Green Standard to ensure compliance with DC's Building Energy Performance Standards. By focusing on neighborhood revitalization in low- to moderate-income areas, we aim to foster sustainable growth, create healthy living environments, and contribute to the economic and social development of these communities.
**user**:
> defins front l;ine com,unities
**assistant**:
> Frontline communities are often defined as groups of people who are most directly affected by environmental issues such as climate change, pollution, or natural disasters. These communities are typically those that experience the first and most severe consequences of environmental degradation, often due to their proximity to industrial facilities, low-lying areas prone to flooding, or other vulnerable conditions. Frontline communities can include marginalized groups such as low-income populations, communities of color, indigenous peoples, and those living in areas with inadequate infrastructure or resources to cope with environmental challenges. These communities bear a disproportionate burden of environmental risks and often have limited access to decision-making processes that affect their environment and well-being.
**user**:
> shorten pelae "
> 
> IMT will track the success of our programs aiming to improve the energy efficiency of buildings and reduce energy costs, particularly for frontline communities using the following metrics. Frontline communities can include marginalized groups such as low-income populations, communities of color, indigenous peoples, and those living in areas with inadequate infrastructure or resources to cope with environmental challenges. These communities bear a disproportionate burden of environmental risks and often have limited access to decision-making processes that affect their environment and well-being. The more buildings that are in compliance with BEPS, the more places in Washington DC will be safe, healthy, and energy efficient for all who use those spaces. We will track and report BEPS compliant buildings by supporting those who hold green buildings jobs and/or are green buildings small business owners to work on projects that improve Washington DC buildings.
**assistant**:
> IMT will monitor program success in enhancing building energy efficiency and cutting energy costs, especially for frontline communities like low-income groups, communities of color, indigenous peoples, and those in vulnerable areas. These communities face heightened environmental risks due to inadequate resources and infrastructure. More BEPS-compliant buildings in Washington DC mean safer, healthier, and more energy-efficient spaces for all. We'll track and report on BEPS compliance by supporting green building professionals and small businesses working on improving buildings in the city.
**user**:
> shorten please: "Yes, DC Region Green Buildings Career Map is an example of serving small businesses owned by low to moderate income communities.  The Hub will pilot a dynamic career map that links job seekers with local careers in the growing sector of building performance upgrades and retrofits. The map will serve to connect students, trainees, and existing professionals with information on the types of green industry careers available to them, as well as the skill sets needed to succeed in related fields. The map will also serve as a place for businesses, employers, and training providers to share available professional opportunities. This offering will bring new job seekers into green career paths, which will grow the green sector workforce and train the next generation of contractors, vendors, and tradespeople.
> 
> The DC Region Green Buildings Career Map will invite prospective workers to the green buildings workforce, leading to an increase in youth and transitional workers securing well-paying positions in the green buildings workforce. Similarly to the initiatives above, the DC Green Buildings Career Map will increase BIPOC community members' career opportunities and financial resources."
> 
> 
**assistant**:
> The DC Region Green Buildings Career Map will link job seekers with careers in building performance upgrades and retrofits, benefiting small businesses owned by low to moderate-income communities. It will connect individuals with green industry career information, required skill sets, and professional opportunities. By attracting new workers to green careers, this initiative aims to expand the green sector workforce, particularly benefiting youth, transitional workers, and BIPOC community members with increased career opportunities and financial resources.
