**assistant**:
> Below are selected log entries of past conversations, as part of an experimental AI memory system. They may have no bearing on the chat.
> 
> 
>   2023-03-10:
>   James asked about color-blind safe palettes for qualitative data; Arachne provided examples and code for both ten and eleven colors.
> 
> 
> 
>   2023-09-27:
>   Creating a Two-Tone Line in ggplot
> 
> 
> 
>   2023-03-10:
>   James asked if the Volga, Vyatka, Kama, Oka, and Ural rivers are on the same continent; Arachne affirmed they are all in Asia, except the Ural River which serves as the Europe-
> 
> 
> 
>   2023-07-21:
>   James requests response for Md. Emran's interest in Environmental Economics PhD; Arachne highlights suitability, limited funding, and encourages application.
> 
> 
> 
>   2023-06-03:
>   James sought help with locking a scale and exporting high-resolution images in QGIS, and changing the background color of a layout; Arachne provided step-by-step instructions for both.
> 
> 
> 
>   2023-02-05:
>   Huns invading China confirmed; Correction made regarding Sesame Street songs about NYC, providing three examples.
> 
> 
> 
>   2023-05-18:
>   James asked about a joke that ends with "The food was horrible and there wasn't enough"; Arachne shared the full joke involving two elderly women complaining about the food and small portions.
> 
> 
> 
>   2023-08-20:
>   James requested a way to find the shared starting length of two strings in JavaScript; Arachne provided a function and an example for extracting the first N characters from a string.
> 
> 
> 
>   2023-05-11:
>   James asked for help creating a waterfall plot in ggplot2; Arachne provided a step-by-step guide with sample code.
> 
> 
> 
>   2023-04-27:
>   Inquired about ISO code "CYN"; Arachne stated there is no such code for a country.
> 
> 
>     
**user**:
> I want to plot two things on top of each other with partial transparency, so it's clear when you get one the other or both. What are good colors for doing this?
**assistant**:
> Using partially transparent colors to plot two items on top of each other is an excellent way to visualize data, but the choice of colors is crucial. Colors should not only be distinguishable but also combine well when overlapping. 
> 
> Some good color choices:
> 
> - **Blue and Orange**: When you overlay blue and orange with suitable transparency, the overlapping regions appear brownish, offering good separation between individual and overlapping areas. Orange (RGB: 255,165,0, alpha: 0.5) and Blue (RGB: 0,0,255, alpha: 0.5).
> 
> - **Green and Purple**: Similar to blue and orange, when green and purple overlap, they create a distinctive, brownish color. Green (RGB: 0,255,0, alpha: 0.5) and Purple (RGB: 128,0,128, alpha: 0.5).
> 
> - **Red and Cyan**: Overlapping areas of red and cyan appear grey. Red (RGB: 255,0,0, alpha: 0.5) and Cyan (RGB: 0,255,255, alpha: 0.5).
> 
> Remember, the perception of these colors can vary based on color blindness. If your audience includes color-blind individuals, you might want to opt for certain color palettes, like:
> 
> - **Orange and Sky Blue**: Colorblind-friendly and overlap to produce a new shade. Orange (RGB: 230,159,0, alpha: 0.5) and Sky Blue (RGB: 86,180,233, alpha: 0.5).
> 
> - **Blue and Yellow**: Overlapping areas appear greenish. Blue (RGB: 0,114,178, alpha: 0.5) and Yellow (RGB: 240,228,66, alpha: 0.5).
> 
> You'll need to experiment with levels of transparency (alpha), but starting with a value around 0.5 generally works well. Variations may be necessary depending on exact plotting specifications and the visual effect you aim to achieve.
**user**:
> My background is blue. Which two colors should I use?
**assistant**:
> Since your background is blue, it's important to choose colors that contrast well with blue and allow for easy differentiation. Here are two color suggestions that should work nicely:
> 
> 1. **Yellow**: Yellow is a complementary color to blue and will create a high contrast when overlaid. You can use a partially transparent yellow color to plot one item. For example, use Yellow (RGB: 255, 255, 0, alpha: 0.7) for the first item.
> 
> 2. **Magenta**: Magenta is another color that contrasts well with blue and will create a clear distinction when overlaid. Again, use a partially transparent magenta color for the second item. For example, Magenta (RGB: 255, 0, 255, alpha: 0.7) would work well.
> 
> Make sure to adjust the level of transparency (alpha value) to find the right balance of visibility and overlap, depending on your specific needs and the level of contrast you desire.
> 
> Remember to consider the preferences and needs of your audience, including individuals who may have color vision deficiencies. Using colorblind-friendly palettes or providing alternative means of interpretation can enhance inclusivity and accessibility in your visualizations.
