**user**:
> I have a flask application, which I am trying to run using a Passenger router. On the initial request, everything works fine. But when an action is done, and a post is sent to one of the routes, I get back the response "Incomplete response received from application". When the flask application is run on its own, this works fine. How can I debug this?
**assistant**:
> Debugging this issue in your Flask application with Passenger can involve a few different steps. Here's a step-by-step approach to help you identify and resolve the problem:
> 
> 1. **Inspect log files**: Check the log files for both Passenger and your Flask application. For Passenger logs, make sure the log-level is set to at least "1" (`LogLevel 1`) and refer to the location specified in Apache's `error_log`.
> 
>    For your Flask application logs, first, make sure your Flask application has proper logging enabled. If not, you can enable it using:
> 
>    ```python
>    import logging
>    logging.basicConfig(filename='app.log', level=logging.DEBUG)
>    ```
> 
>    Inspect both of these logs for any error messages or clues on why the application is returning an incomplete response.
> 
> 2. **Test POST requests**: Since the issue occurs for POST requests, use a tool like curl or Postman to send targeted POST requests to the problematic route. Analyze the payloads along with comparing working and non-working requests to identify differences.
> 
> 3. **Disable problematic middleware**: If you have middleware or additional plugins running in your Flask app, it's important to inspect their behavior during POST requests. Try disabling one middleware at a time to see if the issue persists. This can help narrow down the root cause of the incomplete response problem.
> 
> 4. **Trace application code**: Check your application code, particularly the route handling and response generation parts, to ensure there are no issues or race conditions that might cause the incomplete response.
> 
> 5. **Check app server settings**: Review your `Passenger`, `Apache`, and Flask *gunicorn* server settings to ensure that they match your application requirements and that there are no misconfigurations. In particular, check for response buffering, request handling, and timeouts settings.
> 
> 6. **Test with a different WSGI server**: To rule out any issue related to the Passenger + Flask combination, try temporarily running your Flask application using another WSGI server, such as *gunicorn*. If the issue is still present, focus on your Flask app configuration and code as the likely culprit.
> 
> Keep in mind that all applications and configurations are case-specific, so be prepared to adjust your debugging approach based on the clues you find during this investigation. Good luck!
**user**:
> How do I increase the level of Passenger logs with an .htaccess file?
**assistant**:
> You can increase the log level of your Passenger application by adding the following lines to your `.htaccess` file:
> 
> ```
> PassengerLogLevel 3
> PassengerDebugLogFile /path/to/log/file
> ```
> 
> `PassengerLogLevel` sets the log level, with `3` being the most verbose/debug level available. 
> 
> `PassengerDebugLogFile` sets the path to a file where the log output will be written. You can specify any path you want or use an existing file. Make sure the path you specify exists and has write permissions.
> 
> If you want to display the log output in the browser, you can set the `PassengerLogFile` to `/dev/stderr` or `/dev/stdout` instead of specifying a file path. 
> 
> ```
> PassengerLogLevel 3
> PassengerLogFile /dev/stderr
> ```
> 
> These settings will cause the log output to be streamed to the standard error output, which is typically displayed in the browser when running your application through a web server.
> 
> Make sure to remove or comment out these lines once you have finished debugging, as the increased log level and logging/debug output can have a performance impact on your application.
**user**:
> Can I get these errors to be posted to the apache error log instead, or is the ill-advised?
**assistant**:
> Yes, you can configure Passenger to log errors and debug information to the Apache error log instead of a separate file. This is generally considered a good practice as it avoids one more file to manage and it also makes it easier to correlate the logs of your application with the logs of your Apache web server. To do this, you need to set the `PassengerLogLevel` to a specific level and also set a logging format that includes the `%e` parameter, like this:
> 
> ```
> PassengerLogLevel 3
> LogFormat "%h %l %u %t \"%r\" %>s %b \"%{Referer}i\" \"%{User-Agent}i\" %e" my_custom_log_format_with_passenger_errors
> CustomLog ${APACHE_LOG_DIR}/access.log my_custom_log_format_with_passenger_errors
> ```
> 
> The `PassengerLogLevel` sets the log level of Passenger to 3, which is the most verbose level that includes debugging information.
> 
> The `LogFormat` line defines a custom logging format that includes the `%e` parameter. `%e` expands to the value of the environment variable `PASSENGER_SHOW_ERRORS_IN_PAGE` if it is set, which will include the error messages in the Apache error log. 
> 
> Finally, the `CustomLog` line specifies the path to the Apache access log file and the name of the custom log format to use.
> 
> Note that depending on your specific configuration, you might need to adjust the log paths and names accordingly to match your system. Additionally, make sure to test your application thoroughly after enabling a higher log level, as it can impact the performance of your application.
**user**:
> When I try to set the passenger log level, I get the error, "PassengerLogLevel not allowed here". Why is that?
**assistant**:
> The reason you might be getting the error "PassengerLogLevel not allowed here" when trying to set the Passenger log level is because the `PassengerLogLevel` option can only be set in certain contexts in your Apache configuration. 
> 
> `PassengerLogLevel` can only be set in the global Apache configuration or in a `<VirtualHost>` directive. You cannot set it in a `.htaccess` file or in the `<Directory>` directive, as they apply to specific directories or files and not globally to your Apache configuration. 
> 
> If you are trying to set the `PassengerLogLevel` in one of those contexts, try moving it to the `<VirtualHost>` block or the global Apache configuration.
> 
> Here is an example of how to set the `PassengerLogLevel` in a `<VirtualHost>` block:
> 
> ```
> <VirtualHost *:80>
>     ServerName mydomain.com
>     DocumentRoot /var/www/myapp/public
>     
>     PassengerLogLevel 3
>     
>     <Directory /var/www/myapp/public>
>         AllowOverride all
>         Require all granted
>     </Directory>
> </VirtualHost>
> ```
> 
> This will set the `PassengerLogLevel` to 3 for the `mydomain.com` virtual host. Note that depending on your specific configuration, you might need to adjust the log level and other options to match your needs.
