**assistant**:
> Below are selected log entries of past conversations, as part of an experimental AI memory system. They may have no bearing on the chat.
> 
> 
>   2023-07-10:
>   Explanation of "conservative re-gridding" in climate data papers; preserving data integrity during translation.
> 
> 
> 
>   2022-12-21:
>   James asked about Lenfest grants and user-defined exceptions; Arachne explained methods in Python and suggested Zoom interview title guidelines.
> 
> 
> 
>   2023-08-17:
>   James asked how to add a layer to a group in QGIS; Arachne provided a step-by-step guide.
> 
> 
> 
>   2023-08-18:
>   How to label features in QGIS using field values; Achieving automatic label placement for visibility.
> 
> 
> 
>   2023-08-09:
>   James asked about matrix multiplication in Python; Arachne recommended using NumPy's `np.dot()` function.
> 
> 
> 
>   2023-05-17:
>   James wanted to force an HTML element's width and wrap its content; Arachne provided CSS code but also mentioned common reasons for width not being respected.
> 
> 
> 
>   2023-07-25:
>   Dell OptiPlex BIOS startup key provided; Instructions on setting up Windows to boot from USB given.
> 
> 
> 
>   2023-08-07:
>   James asked about preserving old books with torn bindings; Arachne provided instructions and recommended bookbinding tape for repairing damaged spines.
> 
> 
> 
>   2023-11-03:
>   Converting ISO3 Codes to Country Names with R's countrycode Library
> 
> 
> 
>   2023-04-15:
>   James requests evaluation of research assistant candidates for PAGE model project; Arachne provides rankings and updates based on criteria, adjusting for candidate focus on data science.
> 
> 
>     
**user**:
> When did different kinds of plant emerge in this history of the planet?
**assistant**:
> The emergence of different kinds of plant varieties throughout Earth's history is divided into several epochs. Please note that all dates are approximations, as there is considerable variation between different sources and new findings can lead to adjustments.
> 
> - **Cyanobacteria** (sometimes referred to as blue-green algae, though not actually algae): These are the earliest known life forms capable of photosynthesis, appearing around **3.5 billion years ago**.
> 
> - **True algae**: These emerged during the Precambrian era, around **1 billion years ago**.
> 
> - **Non-vascular land plants (Bryophytes)**: The first simple land plants, such as liverworts, hornworts, and mosses, likely started to appear around **500 million years ago** during the Cambrian explosion.
> 
> - **Vascular plants (without seeds, Ferns)**: Vascular plants, which include ferns and their relatives, began to appear around **415 million years ago** in the mid-Paleozoic era.
> 
> - **Seed-producing plants (Gymnosperms)**: Seed-bearing plants started to dominate the land around **360 million years ago**. This group includes conifers, cycads, and other relatives.
> 
> - **Flowering plants (Angiosperms)**: These are the most recent major group of plants to appear, with the first flowering plants emerging around **130 million years ago** during the Cretaceous period.
> 
> It's important to note that these are generalized numbers and the exact timing depends on fossil records, which are subject to ongoing research.
**user**:
> Do ferns have seeds?
**assistant**:
> No, ferns do not produce seeds. Instead, they reproduce through spores. Ferns belong to a group of plants called Pteridophytes, which includes ferns, horsetails, and clubmosses. 
> 
> The life cycle of a fern involves the alternation of generations, known as the gametophyte and sporophyte generations. The sporophyte is the familiar leafy part of the fern plant that we see above ground. It produces sporangia, which are structures that contain spores. Spores are small cells that can develop into new individuals.
> 
> When conditions are favorable, the sporangia release spores into the environment. These spores disperse and can germinate under suitable conditions to develop into a tiny, independent gametophyte called a prothallus. The gametophyte produces sex organs called antheridia (male) and archegonia (female), which produce sperm and eggs, respectively.
> 
> Fertilization occurs when sperm from the antheridia swim to the archegonia and fertilize the eggs. This leads to the development of a new sporophyte, which grows from the gametophyte. The sporophyte eventually becomes an adult fern, and the cycle continues.
> 
> So while ferns do not have seeds, they have a unique reproductive strategy using spores and alternate between a sporophyte generation (the fern plant) and a gametophyte generation (the prothallus).
**user**:
> How do gymnosperms reproduce?
**assistant**:
> Gymnosperms, which include conifers, cycads, Ginkgo biloba, and others, have a reproductive process that involves the production of seeds. Unlike flowering plants (angiosperms), gymnosperms do not have flowers or fruits. Instead, they have cones as their reproductive structures. Here's an overview of the gymnosperm reproductive process:
> 
> 1. **Male Reproductive Structures**: Gymnosperms produce male cones or pollen cones. These are smaller and usually located toward the lower branches of the tree. The pollen cones produce and release pollen grains, which contain male gametes (sperm cells).
> 
> 2. **Pollen Dispersal**: The pollen grains are dispersed by wind, relying on air currents to carry them from the male cones to the female cones.
> 
> 3. **Female Reproductive Structures**: Gymnosperms also produce female cones or seed cones. These cones are usually larger and located toward the upper branches of the tree. Each cone contains ovules, which are structures that produce female gametophytes and will eventually develop into seeds.
> 
> 4. **Pollen Tube Formation and Fertilization**: When a pollen grain lands on the opening of an ovule, it germinates and forms a pollen tube, which grows down into the ovule. The sperm cells then travel through the pollen tube to reach the egg cells within the ovule. Fertilization occurs when the sperm cells unite with the egg cells, forming a zygote.
> 
> 5. **Seed Development**: After fertilization, the zygote develops into an embryo within the ovule. The ovule also undergoes transformation, becoming a seed. The seed contains the embryo, a storage tissue (endosperm or cotyledons) for nutrients, and a protective seed coat.
> 
> 6. **Seed Dispersal**: Once the seeds are fully mature, the cones open, releasing the seeds. Seed dispersal can be facilitated by various means, such as wind, animals, or water.
> 
> 7. **Germination**: When conditions are favorable, the seed germinates, and the embryo grows into a new gymnosperm plant, initiating a new generation.
> 
> It's worth noting that while the general process of gymnosperm reproduction follows this pattern, there can be variations and additional complexities depending on the specific type of gymnosperm.
