**assistant**:
> Below are selected log entries of past conversations, as part of an experimental AI memory system. T
**user**:
> How can I extract parameters from a URL string in python?
**assistant**:
> To extract query parameters from a URL string in Python, you can use the `urlparse` and `parse_qs` functions from the `urllib.parse` module. Here’s a quick example of how you can do this:
> 
> ```python
> from urllib.parse import urlparse, parse_qs
> 
> # Example URL
> url = "https://example.com/path?name=James&age=35&interests=sustainability&interests=modeling"
> 
> # Parse the URL
> parsed_url = urlparse(url)
> 
> # Extract query parameters
> query_params = parse_qs(parsed_url.query)
> 
> # Display the parameters
> print(query_params)
> ```
> 
> ### Explanation:
> - **`urlparse(url)`**: Breaks down the URL into its components, like scheme, netloc, path, and query.
> - **`parsed_url.query`**: Retrieves the query part of the URL (everything after the `?`).
> - **`parse_qs()`**: Converts the query string into a dictionary where keys are parameter names, and values are lists of parameter values. Note that it handles multiple values for a single key, returning a list for each key.
> 
> This approach will give you a dictionary like this:
> 
> ```python
> {
>     'name': ['James'],
>     'age': ['35'],
>     'interests': ['sustainability', 'modeling']
> }
> ```
> 
> Let me know if you need any more help with this!
