**assistant**:
> Below are selected log entries of past conversations, as part of an experimental AI memory system. They may have no bearing on the chat.
> 
> 
>   2023-03-22:
>   James asked for data characteristic terminology; Arachne provided definitions for data recency, coverage, completeness, oceanographic data, and a spreadsheet workbook.
> 
> 
> 
>   2023-07-16:
>   James queried the energy cost of headlights vs driving a Prius; Arachne initially miscalculated, but rectified the error, confirming 1 hour of using headlights is roughly equivalent to driving 1 mile.
> 
> 
> 
>   2023-08-15:
>   James requested discussion of trade losses; Arachne explained potential economic ramifications of climate change on global commerce.
> 
> 
> 
>   2023-08-31:
>   Measuring Shipping Congestion and Converting Speeds
> 
> 
> 
>   2023-10-20:
>   The Port of Departure for the Pequod in Moby-Dick
> 
> 
> 
>   2023-05-15:
>   James inquired about checking a structure's attributes in Julia; Arachne described how to use `hasfield`, and also suggested an approach for running code in a package without including it.
> 
> 
> 
>   2023-08-29:
>   Reliability of Ship Identifiers in AIS Data
> 
> 
> 
>   2023-10-05:
>   Assumptions for dS/dt = rS exp(-bS) Model
> 
> 
> 
>   2023-10-07:
>   Decoding the Departure Date - Unraveling Moby-Dick's Journey
> 
> 
> 
>   2023-02-10:
>   Can mutable struct derive from abstract type in Julia? Yes, with <: operator; example provided.
> 
> 
>     
**user**:
> About how far could a ship from the 1850s see land?
**assistant**:
> The distance at which a ship can see land largely depends on the height of the observer's eyes above the water line. This is due to the curvature of the Earth. For a person standing on the deck of a ship, the horizon is typically a few miles away. 
> 
> In the 1850s, a ship's lookout would usually be in the crow's nest, high up on the main mast. The exact height would depend on the specific ship, but let's assume a height of 30 meters (about 100 feet), which is within the mid-range for ships of that era (though some ships had masts up to 60-70 meters high). 
> 
> The formula to calculate the distance to the horizon in nautical miles is approximately √(h), where h is the height of eye in feet. Please note this formula provides a rough estimate and actual visibility can be impacted by factors like weather conditions and the height of the coastal features. 
> 
> Let's calculate for a 100 feet high crow's nest:
> √(100) ≈ 10 nautical miles
> 
> So, an observer in a crow's nest about 100 feet above the water could potentially see land about 10 nautical miles away, given clear weather conditions. Remember, this distance increases if the land features (like mountains or high cliffs) are tall.
