**user**:
> I don't have compost. Is it better for the environment to put food down the garbage disposal or into the trash?
**assistant**:
> The environmental impact of disposing of food waste through a garbage disposal or trash bin can vary based on multiple factors. 
> 
> **Garbage Disposal:**
> 
> Pros:
> - Energy is used to process the waste at the water treatment plant, but this often results in methane production that can be captured and used for energy. 
> - It helps reduce the amount of waste that goes to landfills, where it would decompose and release harmful gases such as methane into the atmosphere.
> 
> Cons:
> - The increased water usage necessary for this method and the energy consumed at the wastewater treatment plant are significant considerations.
> - Processing food waste can actually be a challenge for wastewater treatment plants, contributing to pipe clogs and system maintenance.
> 
> **Trash Bin:**
> 
> Pros:
> - Doesn't require additional water or energy use at the point of disposal.
> 
> Cons:
> - Food decomposing in landfills creates methane, a potent greenhouse gas. Though some modern landfill systems capture a portion of this methane to use for energy, a significant amount is still often released.
> - The transportation of trash to landfills also creates carbon emissions.
> 
> In conclusion, neither solution is perfect. They both have their impacts. However, the environmental cost of using a garbage disposal might be slightly lower thanks to methane recapture at the treatment plants, if your local facilities support this. 
> 
> However, the best solution for food waste is composting, either at home or via a local collection service if available. Composting not only reduces the volume of waste going to the landfill or wastewater treatment plants but also creates nutrient-rich soil that can be used to support plant growth.
**user**:
> Do Philadelphia's treatment plants capture methane?
**assistant**:
> Yes, Philadelphia's wastewater treatment plants do capture and utilize methane gas. The Philadelphia Water Department (PWD) operates three wastewater treatment plants: the Northeast Water Pollution Control Plant, the Southwest Water Pollution Control Plant, and the Southeast Water Pollution Control Plant. These treatment plants employ anaerobic digestion processes to help break down organic matter and produce methane gas.
> 
> The captured methane gas is then used for energy generation in the form of heat and electricity. This helps offset the energy requirements of the treatment plants and reduces their overall carbon footprint. By capturing and utilizing methane, Philadelphia's treatment plants are taking a proactive step towards reducing greenhouse gas emissions and utilizing a valuable renewable energy source.
**user**:
> How much energy is used at treatment plants?
**assistant**:
> The energy usage at wastewater treatment plants can vary depending on several factors, including the size of the plant, the treatment processes used, and the specific local conditions. However, I can provide some general information on energy usage at treatment plants.
> 
> Wastewater treatment plants typically require energy for various purposes, including:
> 
> 1. Mechanical processes: Energy is used to power pumps, motors, blowers, and mixers that help move and treat wastewater throughout the plant.
> 
> 2. Aeration: Aeration is a crucial step in the treatment process that introduces oxygen into the wastewater to support the growth of beneficial bacteria. The aeration process often requires significant energy input.
> 
> 3. Sludge treatment: The treatment and processing of waste sludge generated during the wastewater treatment process can also consume energy.
> 
> It is important to note that energy efficiency and renewable energy initiatives are gaining traction in the wastewater treatment sector. Many plants are implementing measures to reduce energy consumption, such as optimizing processes, installing energy-efficient equipment, and utilizing renewable energy sources like solar or biogas generated from anaerobic digestion.
> 
> The exact energy usage at Philadelphia's treatment plants can be obtained from the Philadelphia Water Department, as energy consumption can vary based on specific plant configurations, operational conditions, and any energy conservation measures implemented.
