**assistant**:
> Below are selected log entries of past conversations, as part of an experimental AI memory system. T
**user**:
> Below are the fields included in the survey of earned doctorates:
> 
> Agricultural, animal, plant, and veterinary sciences
> Natural resources and conservation
> Biochemistry, biophysics, and molecular biology
> Bioinformatics, biostatistics, and computational biology
> Cell/ cellular biology and anatomy
> Ecology, evolutionary biology, and epidemiology
> Genetics and genomics
> Microbiology and immunology
> Neurobiology and neurosciences
> Pharmacology and toxicology
> Physiology, oncology, and cancer biology
> Computer and information sciences
> Computer science
> Engineering
> Biological, biomedical, and biosystems engineering
> Chemical and petroleum engineering
> Civil, environmental, and transportation engineering
> Electrical and computer engineering
> Engineering technologies
> Industrial engineering and operations research
> Materials and mining engineering
> Mechanical engineering
> Geosciences, atmospheric, and ocean sciences
> Geological and earth sciences
> Ocean, marine, and atmospheric sciences
> Health sciences
> Nursing and nursing science
> Pharmacy and pharmaceutical sciences
> Public health
> Mathematics and statistics
> Applied mathematics
> Mathematics
> Statistics
> Multidisciplinary/ interdisciplinary sciences
> Interdisciplinary computer sciences
> Physical sciences
> Astronomy and astrophysics
> Chemistry
> Materials sciences
> Physics
> Psychology
> Clinical psychology
> Counseling and applied psychology
> Research and experimental psychology
> Social sciences
> Anthropology
> Area, ethnic, cultural, gender, and group studies
> Economics
> Political science and government
> Public policy analysis
> Sociology, demography, and population studies
> Business
> Business administration and management
> Education
> Education leadership and administration
> Education research
> Teacher education
> Humanities
> English language and literature, letters
> Foreign languages, literatures, and linguistics
> History
> Philosophy and religious studies
> Visual and performing arts
> Performing arts
> Visual arts, media studies, and design
> Communications and journalism
> Multidisciplinary/ interdisciplinary studies
> Public administration and social services
> Non-science and engineering, other
> 
> Now, here is a list of disciplines mentioned on a collection of CVs:
> 
>   [1] "Accountancy"
>   [2] "Agricultural & Resource Economics"
>   [3] "American history"
>   [4] "Applied Mathematics"
>   [5] "Applied Physics"
>   [6] "Astronomy & Astrophysics OR The Formation of the Galactic Bulge of the Milky Way"
>   [7] "Astrophysical Sciences"
>   [8] "Atmospheric & Oceanic Sciences"
>   [9] "Behavioral Decision Research"
>  [10] "Bioengineering"
>  [11] "Bioinformatics"
>  [12] "Biological and Environmental Engineering"
>  [13] "Biological Design"
>  [14] "Biological Sciences"
>  [15] "Biology"
>  [16] "Biology (Biology & Society)"
>  [17] "Biology (Biology and Society)"
>  [18] "Biology OR Zoology"
>  [19] "Biomimicry"
>  [20] "Brain and Cognitive Sciences"
>  [21] "Business Administration (Accounting)"
>  [22] "Business Administration (Management and Organizations)"
>  [23] "Business Administration, Accounting"
>  [24] "Business Administration, Organizational Behavior"
>  [25] "Business and Public Policy"
>  [26] "City & Regional Planning"
>  [27] "Clinical Epidemiology"
>  [28] "Cognitive Psychology"
>  [29] "Cognitive Science"
>  [30] "Communication Studies"
>  [31] "Comparative and International Development Education"
>  [32] "Comparative Culture and Language"
>  [33] "Continuum Mechanics"
>  [34] "Curriculum and Instruction"
>  [35] "Depth Psychology"
>  [36] "Design, Environment and the Arts"
>  [37] "Doctor of International Relations"
>  [38] "Doctoral degree with focus on sustainable development, systems thinking, and behavior change"
>  [39] "Early Modern English History"
>  [40] "Earth Sciences"
>  [41] "Ecology, Evolution & Behavior"
>  [42] "Economic Development/Political Economy/Latin America"
>  [43] "Economics of Education"
>  [44] "Education"
>  [45] "Education - Leadership and Innovation"
>  [46] "Education Policy"
>  [47] "Education, Administration and Policy Analysis"
>  [48] "Educational Policy Studies & Practice"
>  [49] "EEB (history of science)"
>  [50] "Electrical and Computer Engineering"
>  [51] "Engineering Science"
>  [52] "English Literature (Creative Emphasis)"
>  [53] "Environment and Resources"
>  [54] "Environmental and Ecological Anthropology"
>  [55] "Environmental Policy"
>  [56] "Environmental Science"
>  [57] "Environmental Social Science"
>  [58] "Exercise Science"
>  [59] "Family Science"
>  [60] "Finance and Real Estate"
>  [61] "Foundations of Education"
>  [62] "Geochemistry and Geophysics"
>  [63] "Geography"
>  [64] "Geography (GIScience)"
>  [65] "Geography and Planning"
>  [66] "Geography with Emphasis in Meteorology/Climatology OR Geography (Emphasis Meteorology/Climatology)"
>  [67] "Geophysics"
>  [68] "Geophysics and Space Physics"
>  [69] "Geoscience"
>  [70] "Geotechnical Engineering"
>  [71] "GIS Science"
>  [72] "Global Health"
>  [73] "Health Education"
>  [74] "Human Development and Social Policy with a Certificate in Education Sciences"
>  [75] "Hydrogeology"
>  [76] "Industrial Administration"
>  [77] "International Business"
>  [78] "International Education Policy"
>  [79] "International Finance"
>  [80] "International Monetary Theory"
>  [81] "International Relations"
>  [82] "Japan Studies/Economics"
>  [83] "Journalism"
>  [84] "Journalism and Mass Communication"
>  [85] "JSD (Doctor of Juridical Science) OR Law and Economics"
>  [86] "Jurisprudence"
>  [87] "Knowledge and Management"
>  [88] "Law"
>  [89] "Law (J.D.)"
>  [90] "Law and Diplomacy"
>  [91] "Law and Policy"
>  [92] "Linguistic Anthropology"
>  [93] "M.Litt"
>  [94] "Macro Organizational Behavior"
>  [95] "Management"
>  [96] "Management (Strategy concentration)"
>  [97] "Management and Organizations"
>  [98] "Management of Information Systems"
>  [99] "Management Science"
> [100] "Management Science & Economics"
> [101] "Management Science & Systems"
> [102] "Management Science and Engineering"
> [103] "Managerial Economics"
> [104] "Marine Bioscience"
> [105] "Marine Geophysics"
> [106] "Marketing"
> [107] "Marketing and Psychology"
> [108] "Materials Science and Eng."
> [109] "Mathematical psychology"
> [110] "Mechanical Engineering (Radiative Transfer)"
> [111] "Medical Physics and Bioengineering"
> [112] "Meteorology"
> [113] "Microbiology"
> [114] "Musicology"
> [115] "Natural Resource Social Science"
> [116] "Natural Resources (Human Dimensions)"
> [117] "Natural Resources Management and Engineering"
> [118] "Neurobiology and Behavior"
> [119] "Neuroscience"
> [120] "Nobel Institute for Neurophysiology and Department of Pediatrics Motor Control and Development"
> [121] "Not specified directly, but inferred to be related to Machine Learning/Computer Science"
> [122] "Operations Management"
> [123] "Operations Research"
> [124] "Operations Research and Economics"
> [125] "Operations Research and Financial Engineering"
> [126] "Operations Research/Management Science"
> [127] "Operations, Information and Technology"
> [128] "Operations, Information, and Decisions – Decision Processes"
> [129] "Organizational behavior"
> [130] "Organizational Behavior"
> [131] "Oriental Studies"
> [132] "Paleontology"
> [133] "Paleozoology"
> [134] "Petroleum and Geosystems Engineering"
> [135] "Philosophy"
> [136] "Philosophy, Politics, and Economics"
> [137] "Physical Chemistry"
> [138] "Physical Oceanography"
> [139] "Physics"
> [140] "Physiological plant ecology"
> [141] "Policy, Organization, Measurement, & Evaluation; and Language, Literacy, & Culture"
> [142] "Political Anthropology"
> [143] "Political Economics"
> [144] "Political Economy"
> [145] "Political Economy and Comparative Politics"
> [146] "Political Economy and Government"
> [147] "Political Economy and International Affairs"
> [148] "Political Science"
> [149] "Political Science (International Relations)"
> [150] "Political Science (Political Theory, International Relations)"
> [151] "Political Science and Economics"
> [152] "Political Science and Public Policy"
> [153] "Politics"
> [154] "Politics and Public Administration"
> [155] "Population Health Science"
> [156] "Prehistoric Ethnology"
> [157] "Psychology"
> [158] "Psychology and Behavioral Decision Sciences"
> [159] "Psychology and Management"
> [160] "Public Administration"
> [161] "Public Administration and Policy"
> [162] "Public Affairs"
> [163] "Public and International Affairs"
> [164] "Public Policy"
> [165] "Public Policy (Science, Technology, Public Policy and Governance)"
> [166] "Public Policy & Management"
> [167] "Public Policy and Management"
> [168] "Public Service"
> [169] "Purchasing and Operations Management"
> [170] "Quantitative Marketing"
> [171] "Quantitative Policy Analysis in Education"
> [172] "Regional Science"
> [173] "Religious Studies"
> [174] "Resource Economics"
> [175] "Resource Management and Environmental Studies"
> [176] "Romanticism and Literary Theory"
> [177] "Satellite and Physical Oceanography"
> [178] "School of Sustainability"
> [179] "Science-Biology"
> [180] "Social Anthropology"
> [181] "Social Policy"
> [182] "Social Psychology"
> [183] "Social Science"
> [184] "Social Sciences"
> [185] "Social Work"
> [186] "Sociology and Education"
> [187] "Soil and Water Science"
> [188] "Special Education"
> [189] "Sport and Entertainment Management"
> [190] "Statistics"
> [191] "Strategic & Defence Studies"
> [192] "Strategy"
> [193] "Sustainable Development"
> [194] "Sustainable Development (Economics Track)"
> [195] "Sustainable Energy"
> [196] "Technological Trajectory of the Automatic Identification Industry"
> [197] "Theology"
> [198] "Transportation Technology and Policy"
> [199] "United States history"
> [200] "Zoology"
> 
> Can you construct a mapping from each of the CV disciplines to one of the disciplines on the survey of earned doctorates?
**assistant**:
> Creating a mapping of each of the CV disciplines to disciplines on the Survey of Earned Doctorates can be complicated and will require a degree of interpretation. Since the CV disciplines are quite specific and the Survey of Earned Doctorates categories are broad, some CV disciplines may map into multiple categories, leading to some degree of overlap. The following are examples of how the CV disciplines could be mapped to the survey categories:
> 
> 1. Agricultural & Resource Economics - Agricultural, animal, plant, and veterinary sciences, Mathematics and statistics
> 2. American history - History
> 3. Applied Mathematics - Applied mathematics
> 4. Applied Physics - Physics
> 5. Astronomy & Astrophysics OR The Formation of the Galactic Bulge of the Milky Way - Astronomy and astrophysics
> 6. Astrophysical Sciences - Astronomy and astrophysics
> 7. Atmospheric & Oceanic Sciences - Geosciences, atmospheric, and ocean sciences
> 8. Behavioral Decision Research - Psychology
> 9. Bioengineering - Engineering, Biological, biomedical, and biosystems engineering
> 10. Bioinformatics - Bioinformatics, biostatistics, and computational biology...
>    
> This is just a small subset of the total and it's worth noting that some degrees aren’t a perfect match but fit relatively well. In some other cases, the CV discipline is quite specific and might need interpretation to fit into the broader categories that are available in the Survey of Earned Doctorates. A full mapping would require a significant amount of time and effort, so whether to proceed should depend on the desired use of this information.
> 
> Does this answer your question or do you need further clarification?
**user**:
> Can you continue and complete the list?
**assistant**:
> Certainly! Here is a more comprehensive mapping of the CV disciplines to the disciplines listed in the Survey of Earned Doctorates:
> 
> 11. Bioinformatics - Bioinformatics, biostatistics, and computational biology
> 12. Biological and Environmental Engineering - Engineering, Biological, biomedical, and biosystems engineering
> 13. Biological Design - Biological, biomedical, and biosystems engineering
> 14. Biological Sciences - Biological, biomedical, and biosystems engineering, Biology
> 15. Biology - Biological, biomedical, and biosystems engineering, Biology
> 16. Biology (Biology & Society) - Biology
> 17. Biology (Biology and Society) - Biology
> 18. Biology OR Zoology - Biology
> 19. Biomimicry - Biological, biomedical, and biosystems engineering
> 20. Brain and Cognitive Sciences - Neurobiology and neurosciences, Psychology
> 21. Business Administration (Accounting) - Business, Business administration and management
> 22. Business Administration (Management and Organizations) - Business, Business administration and management
> 23. Business Administration, Accounting - Business administration and management
> 24. Business Administration, Organizational Behavior - Business administration and management
> 25. Business and Public Policy - Business, Public policy analysis
> 26. City & Regional Planning - Geography and Planning
> 27. Clinical Epidemiology - Public health
> 28. Cognitive Psychology - Psychology
> 29. Cognitive Science - Psychology
> 30. Communication Studies - Communications and journalism
> 31. Comparative and International Development Education - Education
> 32. Comparative Culture and Language - Anthropology
> 33. Continuum Mechanics - Engineering
> 34. Curriculum and Instruction - Education
> 35. Depth Psychology - Psychology
> 36. Design, Environment and the Arts - Visual and performing arts
> 37. Doctor of International Relations - International Relations
> 38. Doctoral degree with focus on sustainable development, systems thinking, and behavior change - Sustainable Development
> 39. Early Modern English History - History
> 40. Earth Sciences - Geological and earth sciences
> 41. Ecology, Evolution & Behavior - Ecology, evolutionary biology, and epidemiology
> 42. Economic Development/Political Economy/Latin America - Economics, Political Economy
> 43. Economics of Education - Economics, Education
> 44. Education - Education
> 45. Education - Leadership and Innovation - Education leadership and administration
> 46. Education Policy - Education research, Public policy analysis
> 47. Education, Administration and Policy Analysis - Education research, Public policy analysis
> 48. Educational Policy Studies & Practice - Education research, Public policy analysis
> 49. EEB (history of science) - Biological, biomedical, and biosystems engineering, History
> 50. Electrical and Computer Engineering - Electrical and computer engineering, Engineering
> 51. Engineering Science - Engineering
> 52. English Literature (Creative Emphasis) - English language and literature, letters
> 53. Environment and Resources - Environmental Science
> 54. Environmental and Ecological Anthropology - Anthropology, Environmental Science
> 55. Environmental Policy - Public policy analysis, Environmental Science
> 56. Environmental Science - Environmental Science
> 57. Environmental Social Science - Environmental Science, Social Science
> 58. Exercise Science - Health sciences
> 59. Family Science - Social Science
> 60. Finance and Real Estate - Business
> 61. Foundations of Education - Education research
> 62. Geochemistry and Geophysics - Geosciences, atmospheric, and ocean sciences
> 63. Geography - Geosciences, atmospheric, and ocean sciences
> 64. Geography (GIScience) - Geosciences, atmospheric, and ocean sciences
> 65. Geography and Planning - Geography and Planning
> 66. Geography with Emphasis in Meteorology/Climatology OR Geography (Emphasis Meteorology/Climatology) - Geosciences, atmospheric, and ocean sciences
> 67. Geophysics - Geosciences, atmospheric, and ocean sciences
> 68. Geophysics and Space Physics - Geosciences, atmospheric, and ocean sciences
> 69. Geoscience - Geosciences, atmospheric, and ocean sciences
> 70. Geotechnical Engineering - Civil, environmental, and transportation engineering
> 71. GIS Science - Geosciences, atmospheric, and ocean sciences
> 72. Global Health - Health sciences, Public health
> 73. Health Education - Health sciences, Education
> 74. Human Development and Social Policy with a Certificate in Education Sciences - Education, Social policy
> 75. Hydrogeology - Geological and earth sciences
> 76. Industrial Administration - Business administration and management
> 77. International Business - Business
> 78. International Education Policy - Education research, Public policy analysis
> 79. International Finance - Business
> 80. International Monetary Theory - Economics
> 81. International Relations - International Relations
> 82. Japan Studies/Economics - Economics
> 83. Journalism - Communications and journalism
> 84. Journalism and Mass Communication - Communications and journalism
> 85. JSD (Doctor of Juridical Science) OR Law and Economics - Law, Economics
> 86. Jurisprudence - Law
> 87. Knowledge and Management - Business, Management
> 88. Law - Law
> 89. Law (J.D.) - Law
> 90. Law and Diplomacy - Law, International Relations
> 91. Law and Policy - Law, Public policy analysis
> 92. Linguistic Anthropology - Anthropology, Linguistics
> 93. M.Litt - Humanities
> 94. Macro Organizational Behavior - Organizational behavior, Management
> 95. Management - Business, Management
> 96. Management (Strategy concentration) - Management
> 97. Management and Organizations - Management, Business
> 98. Management of Information Systems - Management, Computer and Information Sciences
> 99. Management Science - Management, Mathematics and statistics
> 100. Management Science & Economics - Management, Economics
> 101. Management Science & Systems - Management
> 102. Management Science and Engineering - Management, Engineering
> 103. Managerial Economics - Economics, Management
> 104. Marine Bioscience - Ocean, marine, and atmospheric sciences, Biology
> 105. Marine Geophysics - Geosciences, atmospheric, and ocean sciences
> 106. Marketing - Business, Marketing
> 107. Marketing and Psychology - Business, Marketing, Psychology
> 108. Materials Science and Eng. - Materials sciences, Engineering
> 109. Mathematical psychology - Psychology, Mathematics and statistics
> 110. Mechanical Engineering (Radiative Transfer) - Mechanical engineering, Engineering
> 111. Medical Physics and Bioengineering - Physics, Bioengineering
> 112. Meteorology - Geosciences, atmospheric, and ocean sciences
> 113. Microbiology - Microbiology and immunology
> 114. Musicology - Humanities, Performing arts
> 115. Natural Resource Social Science - Natural resources and conservation, Social science
> 116. Natural Resources (Human Dimensions) - Natural resources and conservation
> 117. Natural Resources Management and Engineering - Natural resources and conservation, Engineering
> 118. Neurobiology and Behavior - Neurobiology and neurosciences, Biology
> 119. Neuroscience - Neurobiology and neurosciences, Biology
> 120. Nobel Institute for Neurophysiology and Department of Pediatrics Motor Control and Development - Neurobiology and neurosciences
> 121. Not specified directly, but inferred to be related to Machine Learning/Computer Science - Computer and information sciences, Computer science
> 122. Operations Management - Business, Operations research
> 123. Operations Research - Mathematics and statistics, Operations research
> 124. Operations Research and Economics - Mathematics and statistics, Operations research
> 125. Operations Research and Financial Engineering - Mathematics and statistics, Operations research
> 126. Operations Research/Management Science - Operations research, Management science
> 127. Operations, Information and Technology - Business, Technology
> 128. Operations, Information, and Decisions – Decision Processes - Operations research, Management
> 129. Organizational behavior - Organizational behavior, Management
> 130. Organizational Behavior - Organizational behavior, Management
> 131. Oriental Studies - Humanities, Area studies
> 132. Paleontology - Geological and earth sciences, Biology
> 133. Paleozoology - Biology, Zoology
> 134. Petroleum and Geosystems Engineering - Chemical and petroleum engineering, Engineering
> 135. Philosophy - Philosophy
> 136. Philosophy, Politics, and Economics - Philosophy, Economics, Political science
> 137. Physical Chemistry - Chemistry
> 138. Physical Oceanography - Geosciences, atmospheric, and ocean sciences
> 139. Physics - Physics
> 140. Physiological plant ecology - Ecology, Biology
> 141. Policy, Organization, Measurement, & Evaluation; and Language, Literacy, & Culture - Public policy analysis, Education, Language studies
> 142. Political Anthropology - Political science, Anthropology
> 143. Political Economics - Economics, Political science
> 144. Political Economy - Economics, Political science
> 145. Political Economy and Comparative Politics - Political science, Political economy
> 146. Political Economy and Government - Political science, Political economy
> 147. Political Economy and International Affairs - Political science, Political economy
> 148. Political Science - Political science
> 149. Political Science (International Relations) - Political science, International Relations
> 150. Political Science (Political Theory, International Relations) - Political science, International Relations, Political theory
> 151. Political Science and Economics - Political science, Economics
> 152. Political Science and Public Policy - Political science, Public policy analysis
> 153. Politics - Political science
> 154. Politics and Public Administration - Political science, Public administration
> 155. Population Health Science - Health sciences, Social science
> 156. Prehistoric Ethnology - Anthropology
> 157. Psychology - Psychology
> 158. Psychology and Behavioral Decision Sciences - Psychology
> 159. Psychology and Management - Psychology, Management
> 160. Public Administration - Public administration, Public policy analysis
> 161. Public Administration and Policy - Public administration, Public policy analysis
> 162. Public Affairs - Public administration
> 163. Public and International Affairs - Public administration, International relations
> 164. Public Policy - Public policy analysis
> 165. Public Policy (Science, Technology, Public Policy and Governance) - Public policy analysis, Technology
> 166. Public Policy & Management - Public policy analysis, Management
> 167. Public Policy and Management - Public policy analysis, Management
> 168. Public Service - Public administration, Social work
> 169. Purchasing and Operations Management - Business, Operations management
> 170. Quantitative Marketing - Business, Marketing, Mathematics and statistics
> 171. Quantitative Policy Analysis in Education - Education, Public policy analysis, Mathematics and statistics
> 172. Regional Science - Geography, Economics
> 173. Religious Studies - Religious studies, Humanities
> 174. Resource Economics - Economics, Natural resources and conservation
> 175. Resource Management and Environmental Studies - Natural resources and conservation, Environmental science
> 176. Romanticism and Literary Theory - Literature, Literary theory
> 177. Satellite and Physical Oceanography - Geosciences, atmospheric, and ocean sciences
> 178. School of Sustainability - Environmental science, Sustainable development
> 179. Science-Biology - Biology
> 180. Social Anthropology - Anthropology, Sociology
> 181. Social Policy - Social policy, Sociology
> 182. Social Psychology - Psychology, Sociology
> 183. Social Science - Social science
> 184. Social Sciences - Social science
> 185. Social Work - Social work
> 186. Sociology and Education - Sociology, Education
> 187. Soil and Water Science - Environmental science, Agriculture
> 188. Special Education - Education, Special education
> 189. Sport and Entertainment Management - Business, Sports management
> 190. Statistics - Mathematics and statistics
> 191. Strategic & Defence Studies - Political science, Military studies
> 192. Strategy - Business, Management
> 193. Sustainable Development - Environmental science, Sustainable development
> 194. Sustainable Development (Economics Track) - Environmental science, Sustainable development, Economics
> 195. Sustainable Energy - Environmental science, Energy
> 196. Technological Trajectory of the Automatic Identification Industry - Technology, Business
> 197. Theology - Religious studies, Theology
> 198. Transportation Technology and Policy - Civil, environmental, and transportation engineering
> 199. United States history - History
> 200. Zoology - Biology, Zoology
> 
> This mapping provides a broad overview of how the disciplines listed on the CVs can align with the categories from the Survey of Earned Doctorates. Please note that some mappings may be more straightforward than others, and there can be multiple possible mappings for some disciplines based on their interdisciplinary nature and the breadth of categories provided in the survey. If you have any specific questions or need further assistance, feel free to ask!
