**assistant**:
> The provided conversation synopses do not contain information about marsh animals or their associati
**user**:
> What are some marsh birds that would have been hunted in the UK in the 17th century. I particularly am interested in smaller ones with beautiful plumage.
**assistant**:
> In 17th century UK, hunting birds for sport, food, and feathers was quite common. Among marsh birds, several small species with beautiful plumage were likely targeted. Here are a few you might find interesting:
> 
> 1. **Kingfisher**: Known for its vivid blue and orange plumage, the kingfisher is a striking bird often found near water bodies.
>    
> 2. **Snipe**: These small wading birds are recognized for their mottled brown and white plumage, which provides effective camouflage in marshy environments.
> 
> 3. **Woodcock**: Similar in size to the snipe, woodcocks are celebrated for their intricate patterns and russet tones.
> 
> 4. **Teal**: Among the smallest ducks, teals have beautiful, variegated feathers, with male birds often displaying striking iridescent patches.
> 
> 5. **Lapwing (or Peewit)**: Known for its distinctive black and white plumage with an elegant crest, lapwings are a classic target in historical hunting.
> 
> 6. **Golden Plover**: Although often associated with upland areas, these birds can inhabit marshes and display a beautiful gold-speckled appearance.
> 
> These birds would have been prized not only for their meat but also for their feathers, which were used in fashion and decoration.
**user**:
> Do any of these have associations with the Puritans?
**assistant**:
> Yes, some of these birds do have historical associations with the Puritans, particularly regarding their views on hunting and nature. Here’s a closer look:
> 
> 1. **Snipe**: While Puritans favored simplicity and restraint, hunting snipe was often carried out for food. The Puritan perspective viewed nature as God’s creation, but hunting was also seen in light of the moral implications of the act—balancing the need for sustenance with respect for creation.
> 
> 2. **Woocock**: Much like the snipe, woodcock were hunted, and eating game birds was common. The Puritans emphasized moderation, but hunting for food could be justified within their framework.
> 
> 3. **Teal**: As with other waterfowl, teal were hunted and could be part of a simple diet. However, there was a tension between the sport of hunting and the Puritan emphasis on piety and frugality.
> 
> 4. **Lapwing**: The lapwing was occasionally hunted, and its striking appearance could lead to it being considered a noteworthy bird. The complex relationship between Puritans and nature included appreciating beauty, though there was a focus on humility over ostentation.
> 
> 5. **Kingfisher and Golden Plover**: These birds may not have had direct associations with Puritanism but were part of the broader ecosystem that Puritan communities interacted with. Their colorful plumage may have drawn admiration, though hunting them would likely be seen as less justifiable compared to game birds intended for sustenance.
> 
> Overall, the Puritans had a nuanced approach to nature, balancing a respect for God’s creations with practical needs. While they may not have celebrated hunting as a leisure activity, they participated in it by necessity.
**user**:
> Did Puritan priests go by "father"?
**assistant**:
> Puritan priests typically did not use the title "father" as a form of address. This practice was more common in other Christian denominations, particularly in Catholicism, where "Father" is a traditional title for priests. 
> 
> Puritans emphasized a direct relationship with God and often sought to distance themselves from practices they viewed as part of a more hierarchical church structure. They generally preferred titles that reflected their roles more plainly, such as "minister" or "pastor." 
> 
> In the Puritan context, using "father" could imply a level of authority or reverence that they sought to avoid, instead encouraging personal engagement with Scripture and individual interpretation of faith.
**user**:
> Are there any other marsh animals that might have stronger associations with Puritanism?
**assistant**:
> Certainly! While specific marsh animals may not have direct ties to Puritan beliefs, the Puritan worldview—emphasizing morality, humility, and the natural environment—can highlight several species that fit within the context of their era. Here are a few marsh animals that might align more closely with Puritan associations:
> 
> 1. **Frogs**: Frogs were often seen as symbols of both the natural world and, at times, as creatures associated with darkness or ill omens. The Puritans had a nuanced view of nature, including frogs in their reflections on creation. 
> 
> 2. **Cranes**: Known for their elegance and grace, cranes inhabit marshy areas and could symbolize diligence and hard work, qualities the Puritans valued. They may also have been seen as God's creations that reflected His beauty.
> 
> 3. **Herons**: Similar to cranes, herons are striking birds associated with patience and solitude in their hunting behavior. This could resonate with Puritan values of introspection and contemplation.
> 
> 4. **Marsh Wren**: Known for its vibrant song and lively behavior, the marsh wren might symbolize the joy found in simplicity, aligning with Puritan ideals of finding grace in everyday life.
> 
> 5. **Water Snakes**: While often viewed with ambivalence, water snakes could symbolize both the dangers of temptation and the complexities of the natural world, themes relevant to Puritan thought.
> 
> 6. **Mice and Small Rodents**: While not glamorous, these small creatures were part of the ecosystem and often served as practical reflections of life's challenges and the constant struggle against sin, a Puritan concern.
> 
> While these animals didn't necessarily carry strong associations with Puritanism specifically, they reflect the Puritan philosophy of finding deeper meaning and lessons in all aspects of creation.
