**assistant**:
> Below are selected log entries of past conversations, as part of an experimental AI memory system. They may have no bearing on the chat.
> 
> 
>   2024-01-29:
>   Addressing Data Gaps in Offshore Wind Activities
> 
> 
> 
>   2024-01-29:
>   Data Gaps in Delaware Ocean Spatial Planning
> 
> 
> 
>   2024-01-29:
>   Troubleshooting Citations in Overleaf with natbib
> 
> 
> 
>   2024-01-29:
>   Understanding Coordinate Systems in Geospatial Data Analysis
> 
> 
> 
>   2024-01-29:
>   Enhancing Understanding of Individual Tradable Quotas in Conserving Iceland's Atlantic Cod
> 
> 
> 
>   2024-01-29:
>   Exploring Individual Tradable Quotas in Iceland's Cod Conservation
> 
> 
> 
>   2024-01-30:
>   Parsing date strings in R using `lubridate`
> 
> 
> 
>   2024-01-30:
>   Data Gaps in Jurisdictions and Regulated Areas for Delaware's Planning Process
> 
> 
> 
>   2024-01-30:
>   Data Gaps in Delaware's Ocean and Bay Planning Process
> 
> 
> 
>   2024-01-30:
>   Addressing Data Gaps for Delaware's Ocean and Bay Planning
> 
> 
>     
**user**:
> I am writing a report on data gaps concerning activities in the Delaware ocean and bay, in support of a spatial planning process there. Amongst other materials, I am drawing upon two reports that have identified “Human and Cultural Use Areas” as a data gap. Here is the discussion in Dewberry Engineers 2018:
> ===
> 		 	 	 		
> 			
> 				
> 					
> 6. HumanandCulturalUseAreas
> 					
> Data Description:
> 					
> Human use areas would include those areas d
> 				
> 			
> 			
> 				
> 					
> 						
> recreationalactivities. Theymaybeareasthatarepublic(e.g.national,state,county,orcityparks)
> 					
> 				
> 				
> 					
> 						
> esigned, constructed, designated, or used for
> 					
> 				
> 				
> 					
> 						
> or privately owned. Recreational uses may include fishing, swimming, diving, boating, hunting,
> 					
> 				
> 				
> 					
> 						
> bird watching, bike riding, hiking, or camping. Data may include areas used for recreational and
> 					
> 				
> 				
> 					
> 						
> commercial fishing; artificial reef locations used for diving; areas used for aquaculture; and cruise
> 					
> 				
> 				
> 					
> 						
> ship, tour boat, and charter fishing routes.
> 					
> 				
> 			
> 			 			
> 				
> 					
> Tribal and cultural use areas are
> 					
> locations in the Great Lakes area.
> 				
> 				
> 					
> (e.g. the paddle race route from Molokai to Oahu) and wild rice
> 				
> 			
> 			
> 				
> 					
> places and resources of past and present significance to tribal
> 				
> 			
> 			 			
> 				
> 					
> communities. These may include archaeological sites, burial grounds, and traditional use areas that
> 				
> 			
> 			 			
> 				
> 					
> are imbued with special meaning to past and present indigenous communities.
> 				
> 			
> 			 			
> 				
> 					
> Specific examples of traditional use areas of interest to present indigenous communities include
> 				
> 			
> 			 			
> 				
> 					
> traditional Hawaiian paddle routes
> 				
> 			
> 			
> 				
> 					
> Key Issues that Could be Better Addressed with Data Improvements:
> 					
> 						 							
> Offshore aquaculture siting
>  						
> 						 							
> Fisheries management
>  						
> 						 							
> Community resilience and climate adaptation
>  						
> 					 					
> o Manage coastal erosion, storm surge, shoreline change o Relocation of communities impacted by erosion
>  o Manage coastal development, including ports
> 					
> 						 							
> Offshore renewable energy facility siting
>  						
> 						 							
> Sand and sediment management
>  						
> 					 					
> o Beach nourishment
> 					
> o Sediment management
> 					
> 						 							
> Species and habitat management
>  						
> 						 							
> Oil and gas exploration
>  						
> 						 							
> Maritime and navigation safety
>  						
> 					 					
> o Maintenance of shipping and navigation channels • Public access
> 					
> o Manage conflicting uses of waters • Recreation
> 					
> o Maintain public access for recreation, cultural use, and traditional fishing
> 					
> 						 							
> Harvesting other marine resources
>  						
> 						 							
> Permitting and siting for other offshore infrastructure
>  							
> NOAA OCM | Regional Data Platform Scoping Study | Federal Data Task Report | 22
>  						
> 					 				
> 			
> 			 		
> 		
> 			
> 				
> 					
> o Undersea cable route planning
> 					
> o Permitting of structures, permit reviews, and EISs • Subsistence use
> 					
> o Conflict avoidance
> 					
> Data Issues or Needed Improvements:
> 					
> Summary data of area uses, hot spots, and recreation patterns are needed. Areas used for recreational and commercial fishing and artificial reef locations used for fishing and diving are also of interest. Some human use data are available for Hawaii, the Pacific Coast, and New England. Western states may have data for their waters, but not beyond. However, there are big gaps in the data, and data gathering is intensive.
> 					
> There may not be a federal data source for human use data.
> 					
> Tribal areas, and in particular, paleo areas of importance along the coasts and under water are needed. Locations of submerged archaeological resources, including shipwrecks, are also needed. The Protected Areas Database (PAD-US) geodatabase provided by USGS currently includes Tribal protected areas, but they are not up to date and the next release of PAD-US will not include these areas until they can be resolved. The Bureau of Indian Affairs may need to provide guidance. Additionally, National Historic Preservation Act data managed by the National Park Service (NPS) are not up to date and NPS does not currently have the resources to address this need. The available data need better documentation in the metadata on the provenance of the process and entity that made the determination of significance, as well.
> 					
> Work is ongoing in the Great Lakes region to identify locations of wild rice from hyperspectral data, develop methodologies, and identify ecosystem services and benefits of wild rice. 
> 				
> 			
> 		
> ===
> And here is the discussion in Trice et al. 2021:
> ===
> 		 	 	 		
> 			
> 				
> 					
> 						
> 							 								
> Human and Cultural Use Areas
>  							
> 						 						
> 							 								
> Uniform and complete data are not readily available and data gathering is intensive.
>  							
> 							 								
> Derived products (e.g. summary of use, hot spots, recreation patterns) are needed.
>  							
> 							 								
> Data on Tribal Protected Areas need to be updated and made publicly available.
>  							
> 							 								
> National Historic Preservation Act data need to be updated.
>  							
> 							 								
> Improved documentation of provenance and procedures is needed in the metadata. 
>  							
> 						 					
> 				
> 			
> 		
> ===
> Can you summarize this material, citing these sources, with a view toward data gaps relevant to Delaware’s ocean and bay planning process?
**assistant**:
> Absolutely. Here is a summary of the key findings from both reports in relation to your query:
> 
> According to the Dewberry Engineers report (2018), "Human and Cultural Use Areas" represent an important data gap for ocean and bay spatial planning. These areas incorporate regions designated for recreational activities such as fishing, swimming, diving, boating, and other, as well as places of cultural and historical significance, particularly for indigenous communities.
> 
> The report highlights several issues that could be better addressed with improved data related to these regions. These include offshore aquaculture siting, fisheries management, community resilience and climate adaptation, offshore renewable energy facility siting, species and habitat management, maritime and navigation safety, and permitting and siting for offshore infrastructure, among others.
> 
> However, the report notes that comprehensive data on these uses, including areas of intense use ("hot spots") and recreation patterns, are largely lacking. Some data are available for regions like Hawaii, the Pacific Coast, and New England, but substantial gaps remain, particularly for other areas.
> 
> In line with this, the report by Trice et al. (2021) affirms the intensive nature of gathering such data, and the need for updated and publicly available information about Tribal Protected Areas and National Historic Preservation Act data.
> 
> In addition, both reports point out the need for data about cultural heritage locations along the coasts and underwater, including submerged archaeological resources such as shipwrecks. This would necessitate updated information from the Bureau of Indian Affairs and the National Park Service and better metadata documentation.
> 
> For Delaware's planning process, addressing these data gaps could help to better manage and preserve these "Human and Cultural Use Areas," enabling more effective decision-making and negotiation of potentially conflicting uses.
> 
> References:
> Dewberry Engineers (2018). Federal Data Task Report.
> Trice et al., (2021).
> 
> Please note that the specifics of the data gaps would need to be contextualized to Delaware's ocean and bay environments and the activities taking place there. For example, factors such as the presence and significance of indigenous communities in Delaware, and the types and patterns of human usage and cultural interests across Delaware's coasts and oceans, would be relevant to consider. In this regard, local sources and engagement may provide invaluable angles.
> 
