**assistant**:
> Below are selected log entries of past conversations, as part of an experimental AI memory system. T
**user**:
> The following code (extracted from a Mimi project) calculates local (country-level) temperatures based on global temperatures and a collection of probabilistically-selected pattern scalings:
> ```
> using StatsBase
> using Distributions
> 
> df_patterns = CSV.read(pagedata("climate/patterns.csv"), DataFrame)
> df_patterns_generic = CSV.read(pagedata("climate/patterns_generic.csv"), DataFrame)
> 
> function init(p, v, d)
>     if p.prcile >= 0
>         gcm = get_pattern(p.prcile)
>         pattern = df_patterns[df_patterns.model .== gcm, :]
>     else
>         pattern = df_patterns_generic
>     end
> 
>     v.b0_intercept[:] = readcountrydata_i_const(p.model, pattern, :ISO, :intercept)
>     v.b1_slope[:] = readcountrydata_i_const(p.model, pattern, :ISO, :slope)
> 
>     for cc in d.country
>         v.rtl_0_baselandtemp[cc] = v.b0_intercept[cc] + v.b1_slope[cc] * p.rt_g0_baseglobaltemp
>     end
> end
> 
> function run_timestep(p, v, d, tt)
>     for cc in d.country
>         v.rtl_realizedtemperature_change[tt, cc] = v.b1_slope[cc] * (p.rt_g_globaltemperature[tt] - p.rt_g0_baseglobaltemp) + p.rtl_0_realizedtemperature_change[cc]
>         v.rtl_realizedtemperature_absolute[tt, cc] = v.rtl_realizedtemperature_change[tt, cc] - p.rtl_0_realizedtemperature_change[cc] + p.rtl_0_realizedtemperature_absolute[cc]
>     end
> 
>     # Land average temperature
>     v.rtl_g_landtemperature[tt] = sum(v.rtl_realizedtemperature_change[tt, :]' .* p.area') / sum(p.area)
> 
>     # Ocean average temperature
>     v.rto_g_oceantemperature[tt] = (p.area_e_eartharea * p.rt_g_globaltemperature[tt] - sum(p.area) * v.rtl_g_landtemperature[tt]) / (p.area_e_eartharea - sum(p.area))
> end
> 
> df_warmeocs = CSV.read(pagedata("climate/warmeocs.csv"), DataFrame)
> df_gendists = CSV.read(pagedata("climate/gendists.csv"), DataFrame)
> df_gmstcmip = CSV.read(pagedata("climate/gmsts.csv"), DataFrame)
> 
> function get_pattern(prcile)
>     row = round(Int64, prcile * (nrow(df_warmeocs) - .01) + .505)
> 
>     probs1 = [pdf(Normal(mu, df_gendists.tau[df_gendists.scenario .== "ssp126"][1]),
>                   df_warmeocs.ssp126[row]) for mu in df_gmstcmip.warming[df_gmstcmip.scenario .== "ssp126"]];
>     probs2 = [pdf(Normal(mu, df_gendists.tau[df_gendists.scenario .== "ssp370"][1]),
>                   df_warmeocs.ssp370[row]) for mu in df_gmstcmip.warming[df_gmstcmip.scenario .== "ssp370"]];
> 
>     inferprcile = (row - .505) / (nrow(df_warmeocs) - .01)
>     diffprcile = (prcile - inferprcile) * (nrow(df_warmeocs) - .01) # -0.5 - 0.5
> 
>     jointprobs = probs1 .* probs2 / sum(probs1 .* probs2)
>     pattern = quantile(Categorical(jointprobs), diffprcile + .5)
> 
>     df_gmstcmip.model[pattern]
> end
> ```
> Can you translate this code from Julia to R?
**assistant**:
> Certainly! Translating this code requires adapting Julia structures and libraries into their R equivalents. For example, `DataFrame` in Julia corresponds to `data.frame` in R, and `csv.read` to `read.csv`. Here's the translated code:
> 
> ```r
> library(dplyr)
> library(readr)
> 
> df_patterns <- read_csv(pagedata("climate/patterns.csv"))
> df_patterns_generic <- read_csv(pagedata("climate/patterns_generic.csv"))
> 
> init <- function(p, v, d) {
>     if (p$prcile >= 0) {
>         gcm <- get_pattern(p$prcile)
>         pattern <- df_patterns %>% filter(model == gcm)
>     } else {
>         pattern <- df_patterns_generic
>     }
> 
>     v$b0_intercept <- readcountrydata_i_const(p$model, pattern, "ISO", "intercept")
>     v$b1_slope <- readcountrydata_i_const(p$model, pattern, "ISO", "slope")
> 
>     for (cc in d$country) {
>         v$rtl_0_baselandtemp[cc] <- v$b0_intercept[cc] + v$b1_slope[cc] * p$rt_g0_baseglobaltemp
>     }
> }
> 
> run_timestep <- function(p, v, d, tt) {
>     for (cc in d$country) {
>         v$rtl_realizedtemperature_change[tt, cc] <- v$b1_slope[cc] * (p$rt_g_globaltemperature[tt] - p$rt_g0_baseglobaltemp) + p$rtl_0_realizedtemperature_change[cc]
>         v$rtl_realizedtemperature_absolute[tt, cc] <- v$rtl_realizedtemperature_change[tt, cc] - p$rtl_0_realizedtemperature_change[cc] + p$rtl_0_realizedtemperature_absolute[cc]
>     }
> 
>     # Land average temperature
>     v$rtl_g_landtemperature[tt] <- sum(v$rtl_realizedtemperature_change[tt, ] * p$area) / sum(p$area)
> 
>     # Ocean average temperature
>     v$rto_g_oceantemperature[tt] <- (p$area_e_eartharea * p$rt_g_globaltemperature[tt] - sum(p$area) * v$rtl_g_landtemperature[tt]) / (p$area_e_eartharea - sum(p$area))
> }
> 
> df_warmeocs <- read_csv(pagedata("climate/warmeocs.csv"))
> df_gendists <- read_csv(pagedata("climate/gendists.csv"))
> df_gmstcmip <- read_csv(pagedata("climate/gmsts.csv"))
> 
> get_pattern <- function(prcile) {
>     row <- round(prcile * (nrow(df_warmeocs) - 0.01) + 0.505)
>     
>     scenario_tau_126 <- df_gendists %>% filter(scenario == "ssp126") %>% pull(tau)
>     probs1 <- sapply(df_gmstcmip %>% filter(scenario == "ssp126") %>% pull(warming), 
>                      function(mu) dnorm(df_warmeocs$ssp126[row], mean = mu, sd = scenario_tau_126[1]))
> 
>     scenario_tau_370 <- df_gendists %>% filter(scenario == "ssp370") %>% pull(tau)
>     probs2 <- sapply(df_gmstcmip %>% filter(scenario == "ssp370") %>% pull(warming), 
>                      function(mu) dnorm(df_warmeocs$ssp370[row], mean = mu, sd = scenario_tau_370[1]))
> 
>     inferprcile <- (row - 0.505) / (nrow(df_warmeocs) - 0.01)
>     diffprcile <- (prcile - inferprcile) * (nrow(df_warmeocs) - 0.01)
>     
>     jointprobs <- probs1 * probs2 / sum(probs1 * probs2)
>     pattern <- which.max(cumsum(jointprobs) >= diffprcile + 0.5)
> 
>     df_gmstcmip$model[pattern]
> }
> ```
> 
> In this translation, I've attempted to keep the logic as similar as possible, adapting functions like `filter`, `mutate`, and extraction of specific rows in R's `dplyr` library to mimic the Julia data processing. Note that R uses 1-based indexing, unlike Julia's 0-based indexing. I've also updated the use of `dnorm` for probability density functions and used `which.max(cumsum(...))` as an equivalent to the `quantile` function with `Categorical` in Julia. Adjust paths and check functions like `readcountrydata_i_const` to ensure they align with corresponding R implementations.
