**assistant**:
> Below are selected log entries of past conversations, as part of an experimental AI memory system. T
**user**:
> If I have a variable `value` in Julia, how can I test to see if it's a Vector?
**assistant**:
> In Julia, you can determine if a variable is a Vector by using the `isa` function in combination with `Vector` or `AbstractVector`. Here is how this can be achieved:
> 
> ```julia
> if value isa Vector
>     println("value is a Vector.")
> else
>     println("value is not a Vector.")
> end
> ```
> 
> Or, to cover all types of vector, including both native Julia and user-defined types that behave like vectors, use:
> 
> ```julia
> if value isa AbstractVector
>     println("value is a Vector.")
> else
>     println("value is not a Vector.")
> end
> ```
> 
> This will print out whether `value` is a Vector or not, according to its type.
> 
> Replace `println` statements with the desired action you wish to perform for each case.
**user**:
> Isn't there an operator like ":>". When do I use that to check types?
**assistant**:
> Yes, in Julia the `:>` operator is used to check whether a value is a subtype of a given type. You can use it to check if a variable is a Vector or a subtype of Vector. Here is an example:
> 
> ```julia
> if typeof(value) :> Vector
>     println("value is a Vector or a subtype of Vector.")
> else
>     println("value is not a Vector or a subtype of Vector.")
> end
> ```
> 
> This will check if the type of `value` is a subtype of Vector and will print out the corresponding message. The `:>` operator is particularly useful when you want to check for subtypes or related types, rather than just a direct type match like `isa`.
