**user**:
> Are there approximations I can use to decompose sum_i (x_i - y_i)^2, if I don't know x_i * y_i? I only have the summed total and the summed x_i^2 and y_i^2.
**assistant**:
> Yes, you can decompose the expression \(\sum_i (x_i - y_i)^2\) using the information you have. The key is using the identity for the square of a difference and then leveraging the properties of summation.
> 
> The original expression is:
> 
> \[
> \sum_i (x_i - y_i)^2 = \sum_i (x_i^2 - 2x_iy_i + y_i^2)
> \]
> 
> You can separate this into three individual summations:
> 
> \[
> \sum_i x_i^2 - 2\sum_i x_iy_i + \sum_i y_i^2
> \]
> 
> Given that you know \(\sum_i x_i^2\) and \(\sum_i y_i^2\) but not \(\sum_i x_iy_i\), you can express the overall sum in terms of the known quantities and an unknown \(\sum_i x_iy_i\):
> 
> \[
> \sum_i (x_i - y_i)^2 = \sum_i x_i^2 + \sum_i y_i^2 - 2\sum_i x_iy_i
> \]
> 
> Thus, if you label the known sums as \(S_x = \sum_i x_i^2\) and \(S_y = \sum_i y_i^2\), the expression becomes:
> 
> \[
> S_x + S_y - 2\sum_i x_iy_i
> \]
> 
> Without knowing the dot product \(\sum_i x_iy_i\), you can't further reduce it. However, this form allows you to express the squared differences in terms of available information, acknowledging the missing component, which is crucial for direct computation.
**user**:
> I meant, I want to drop some term. For example, Var[x] = E[x^2] - E[x]^2.
**assistant**:
> Got it! You want to find an approximation for \(\sum_i (x_i - y_i)^2\) while dropping terms. 
> 
> The identity for variance that you mentioned is a good approach. You can approximate the expression using the following relationship:
> 
> ### Approximation
> 
> 1. **Mean**: Consider the means of \(x\) and \(y\):
>    \[
>    \bar{x} = \frac{1}{n} \sum_i x_i, \quad \bar{y} = \frac{1}{n} \sum_i y_i
>    \]
> 
> 2. **Approximation**: You can express \(\sum_i (x_i - y_i)^2\) as:
>    \[
>    \sum_i (x_i - y_i)^2 \approx n \left( \bar{x} - \bar{y} \right)^2 + \sum_i (x_i^2 + y_i^2) - n \left( \bar{x}^2 + \bar{y}^2 \right)
>    \]
> 
> 3. **Using Variance**: Thus, you can drop the cross-term:
>    \[
>    \sum_i (x_i - y_i)^2 \approx \sum_i x_i^2 - n \bar{x}^2 + \sum_i y_i^2 - n \bar{y}^2
>    \]
> 
> This approximation gives you an insight into the contributions of the squared differences based on the variances of \(x_i\) and \(y_i\). It ignores the cross-term, under the assumption that the correlation between \(x\) and \(y\) is small or that \(x\) and \(y\) are approximately balanced around their means. 
> 
> ### Summary
> 
> The formula simplifies the full expression by focusing on the average behavior of the variables rather than their interactions. However, note that this approach works best when \(x\) and \(y\) are not strongly correlated. If more precision is required, it's ideal to incorporate \(\sum_i x_iy_i\).
