**assistant**:
> Below are selected log entries of past conversations, as part of an experimental AI memory system. T
**user**:
> I have a Bellman Equation optimizer written in Matlab and I would like to translate it to Julia. The approach uses linear combinations of states and Monte Carlo draws to model an stochastic process in prices. I will give the functions one at a time, starting with the underlying worker functions. Can you translate each into Julia? Also add comments are needed.
> 
> The first function plots an optimal strategy generated by the Bellman optimizer:
> ```
> function cc = plot_strat(strat, C, D_C_min, D_C_max, D, linespec, ...
>                          Fi, color)
> 
> if nargin < 6
>   linespec = 'b-';
> end
> if nargin < 7
>   Fi = 5;
> end
> 
> D_C = [0 linspace(D_C_min, D_C_max, D)/C];
> cc = .143;
> ac = 0;
> dc = discrete(cc, 0, 1, C);
> for ii = 2:50
>   before = discrete(cc(ii-1), 0, 1, C);
>   ac(ii) = strat(ii-1, before, Fi);
>   cc(ii) = cc(ii-1) + D_C(ac(ii));
> end
> 
> %clf
> if nargin < 8
>   plot(2013:2062, cc, linespec)
> else
>   plot(2013:2062, cc, linespec, 'Color', color)
> end
> title('Clean Energy Share', 'fontsize', 20);
> hold on
> %plot([2013 2050 2050], [cc(38) cc(38) 0], linespec)
> %stem((2013 + 3.5):4:2062, ones(length((2013 + 3.5):4:2062)), 'r')
> 
> axis tight
> ```
**assistant**:
> Certainly! Below is the Julia translation of your given MATLAB function. The Julia code includes necessary comments for clarity.
> 
> ```julia
> using Plots
> 
> function plot_strat(strat, C, D_C_min, D_C_max, D, linespec="b-", Fi=5, color=nothing)
>     # Generate a vector of evenly spaced values from D_C_min to D_C_max, adding 0 at the start
>     D_C = [0; range(D_C_min, stop=D_C_max, length=D) / C]
>     cc = 0.143
>     ac = Float64[]
>     dc = discrete(cc, 0, 1, C)
>     
>     # Initialize the first element of the clean energy share array cc
>     cc_array = [cc]
>     
>     for ii in 2:50
>         before = discrete(cc_array[ii-1], 0, 1, C)
>         push!(ac, strat[ii-1, before, Fi])
>         push!(cc_array, cc_array[ii-1] + D_C[ac[end]])
>     end
> 
>     # Plot clean energy share over the years 2013 to 2062
>     years = 2013:2062
>     if isnothing(color)
>         plot(years, cc_array, linespec)
>     else
>         plot(years, cc_array, linespec, color=color)
>     end
>     
>     title!("Clean Energy Share"; fontsize=20)
>     xlabel!("Year")
>     ylabel!("Clean Energy Share")
>     xlims!(2013,2062)
> 
>     # Keeping the plot visible for next potential plots
>     display(gcf())
> 
>     return cc_array
> end
> 
> # dummy discrete function for illustrative purposes
> function discrete(value, lb, ub, C)
>     # Replace this with the actual definition of your discrete function
>     return Int(round(value * (ub - lb + 1) / C)) + lb
> end
> ```
> 
> ### Points to Note:
> 1. **Plots**: In Julia, the `Plots` package is used for plotting, which provides a wide range of plotting capabilities similar to MATLAB.
> 2. **Range Function**: Instead of `linspace`, Julia uses the `range` function to create a linearly spaced vector.
> 3. **Append and Push!**: Julia uses `push!` to append elements to arrays.
> 4. **Optional Parameters**: Default values for optional parameters are provided using keyword arguments (`; linespec="b-", Fi=5, color=nothing`).
> 
> To run this function in Julia, make sure you have the `Plots` package installed (`import Pkg; Pkg.add("Plots")`). Also, replace the `discrete` function with the actual implementation you intend to use.
> 
> Would you like to proceed with translating the next function or need any adjustments here?
**user**:
> And this is a script to run some of the main code:
> ```
> do_economic_strat_graph = true;
> 
> close all;
> 
> figure(1);
> title('Price of Fuel');
> xlabel('Year');
> ylabel('Price ($/TJ)');
> hold on
> 
> for ii = 1:6
>   P_f0 = 3860; % Fuel cost ($/TJ) (current price is $63/short ton. typically 24 MBtu/short ton and 1 TJ = 10^3 MBtu)
> 
>   [P_f] = simu(50, P_f0, 2);
> 
>   figure(1);
>   plot(P_f);
> end
> 
> % Determine the optimal cost path
> Q_const = 2281591; % MW: 1e6 * (20000 TWh / year) / (8766 hr / year)
> C = 20; % Number of clean energy shares for planning
> D_C_min = -.5; % Highest clean energy decrease
> D_C_max = 1; % Highest clean energy increase
> D = 100;
> P_f_min = 1000;
> P_f_max = 6000;
> F = 10;
> alpha_wind = .35;
> alpha_solar = .2;
> estrat = optimize_cost(50, 50, C, D_C_min, D_C_max, D, P_f_min, P_f_max, ...
>                        F, Q_const, alpha_wind, alpha_solar, 2, 1);
> 
> if do_economic_strat_graph
>   colors = bwcolor(F);
>   P_f = linspace(P_f_min, P_f_max, F);
>   clf
>   for Fi = 1:F
>     cc = plot_strat(estrat, C, D_C_min, D_C_max, D, '-', Fi, ...
>                     colors(Fi, :));
>     if sum(Fi == [1, 2, 3, 4, 5, 6, 10])
>       text(2062.5, cc(end), ['$' num2str(round(P_f(Fi))) '/TJ'])
>     end
>   end
>   %title('Economically optimal investment schedule vs. fuel price', ...
>   %      'fontsize', 20);
>   title('')
>   xlabel('Year');
>   ylabel('Renewable energy share (s)')
>   axis([2013 2062 0 .6])
> end
> 
> clf
> plot_strat(estrat, C, D_C_min, D_C_max, D, 'y-');
> ```
**assistant**:
> Below is the translation of your MATLAB script to Julia. I've retained the structure and functionality, adapting it to Julia syntax and conventions.
> 
> ```julia
> do_economic_strat_graph = true
> 
> # Initialize Plots
> using Plots
> gr()
> 
> # Price of Fuel
> fig1 = plot(title="Price of Fuel", xlabel="Year", ylabel="Price (\$/TJ)")
> 
> for ii in 1:6
>     P_f0 = 3860  # Fuel cost ($/TJ)
>     
>     P_f = simu(50, P_f0, 2)
>     
>     plot!(fig1, P_f, label="")
> end
> 
> # Determine the optimal cost path
> Q_const = 2281591  # MW: 1e6 * (20000 TWh / year) / (8766 hr / year)
> C = 20
> D_C_min = -0.5
> D_C_max = 1
> D = 100
> P_f_min = 1000
> P_f_max = 6000
> F = 10
> alpha_wind = 0.35
> alpha_solar = 0.2
> 
> estrat = optimize_cost(50, 50, C, D_C_min, D_C_max, D, P_f_min, P_f_max, F, Q_const, alpha_wind, alpha_solar, 2, 1)
> 
> if do_economic_strat_graph
>     colors = [RGB(0, 0, 0), RGB(0, 0, 0), RGB(0, 0, 0)]  # Placeholder for colors
>     P_f = range(P_f_min, stop=P_f_max, length=F)
>     
>     fig2 = plot(title="Economically optimal investment schedule vs. fuel price", xlabel="Year", ylabel="Renewable energy share (s)", xlims=(2013, 2062), ylims=(0, 0.6))
>     
>     for Fi in 1:F
>         cc = plot_strat(estrat, C, D_C_min, D_C_max, D, "-", Fi, colors[Fi])
>         if Fi in [1, 2, 3, 4, 5, 6, 10]
>             annotate!(2062.5, cc[end], text("\$$(round(P_f[Fi]))/TJ"))
>         end
>     end
> end
> 
> fig3 = plot_strat(estrat, C, D_C_min, D_C_max, D, "y-")
> ```
> 
> ### Additional Notes:
> - I used `Plots` for plotting in Julia. The `gr()` function sets the GR backend for plotting.
> - I kept placeholders for the `colors` variable and commented the placeholder usage.
> - Annotations (`annotate!`) are used in place of `text`.
> - The translated script should provide similar functionality as in the original MATLAB script. Ensure that the `simu` and `optimize_cost` functions are defined in Julia.
> 
> Please ensure that you have the necessary packages installed (`Plots`) before running the script. Let me know if you need any further assistance or modifications!
**user**:
> Here's a function that does simulation without an optimal strategy:
> ```
> function [P_f] = simu(T, P_f0, process, sigma)
> % Simulate without a strategy, for T time steps
> 
> P_f = [P_f0];
> 
> for t = 1:(T-1)
>   [P_f(t+1)] = simustep(P_f(t), process, sigma);
> end
> ```
**assistant**:
> Here is the translated version of your MATLAB `simu` function in Julia:
> 
> ```julia
> function simu(T, P_f0, process, sigma)
>     # Simulate without a strategy for T time steps
>     
>     P_f = [P_f0]
>     
>     for t in 1:T-1
>         P_f_t = simustep(P_f[t], process, sigma)
>         push!(P_f, P_f_t)
>     end
>     
>     return P_f
> end
> ```
> 
> In this translation:
> - The function `simu` simulates a process without an optimal strategy for `T` time steps.
> - The function `simustep` (not provided in your snippet) should perform a single step of simulation based on the current fuel price `P_f[t]`, a given process, and a parameter `sigma`.
> 
> Make sure to define the `simustep` function for the simulation step within your Julia environment. Once you have the `simustep` function defined, you can use the `simu` function to simulate the price of fuel over `T` time steps starting from `P_f0`.
> 
> Let me know if you need further assistance or if you have any more functions to translate!
**user**:
> For the price of fuel plot:
> ```
> # Price of Fuel
> fig1 = plot(title="Price of Fuel", xlabel="Year", ylabel="Price (\$/TJ)")
> 
> for ii in 1:6
>     P_f0 = 3860  # Fuel cost ($/TJ)
>     
>     P_f = simu(50, P_f0, 2)
>     
>     plot!(fig1, P_f, label="")
> end
> ```
> How do I make the plot cover the existing data? It just shows up as going from x 0 - 1 and y 0 - 1.
**assistant**:
> To adjust the plot to cover the existing data properly, you can set the x-axis limits to match the range of years over which the fuel price data is plotted. Here's how you can modify your existing code to set the x-axis limits correctly:
> 
> ```julia
> # Price of Fuel
> fig1 = plot(title="Price of Fuel", xlabel="Year", ylabel="Price (\$/TJ)", xlims=(2013, 2062))
> 
> for ii in 1:6
>     P_f0 = 3860  # Fuel cost ($/TJ)
>     
>     P_f = simu(50, P_f0, 2)
>     
>     plot!(fig1, 2013:2062, P_f, label="")
> end
> ```
> 
> By adding `xlims=(2013, 2062)` to the `plot` function call, you explicitly set the x-axis limits of the plot to ensure that it covers the range of years 2013 to 2062 where the fuel price data is being plotted. This should adjust the plot to display the data correctly along the x-axis.
> 
> Please give this adjustment a try and let me know if you need further assistance or have any more questions!
**user**:
> I still just see a blank plot.
**assistant**:
> Let's make sure we have the data in the correct format to be plotted. It seems like the `simu` function doesn't return the years corresponding to each fuel price data point. We can modify the plotting section to align the years with the fuel prices.
> 
> Here's an updated version of the plotting code that should correctly display the fuel price data over the years 2013 to 2062:
> 
> ```julia
> # Price of Fuel
> fig1 = plot(title="Price of Fuel", xlabel="Year", ylabel="Price (\$/TJ)", xlims=(2013, 2062))
> 
> P_f0 = 3860  # Fuel cost ($/TJ)
> 
> for ii in 1:6
>     P_f = simu(50, P_f0, 2)
>     
>     years = 2013:2062
>     plot!(fig1, years, P_f, label="")
> end
> 
> display(fig1)
> ```
> 
> In this updated code:
> - We define the years variable as the range from 2013 to 2062.
> - We then plot the fuel price data against each corresponding year.
> - Finally, we display the updated plot using the `display` function, which ensures that the plot is shown in the output.
> 
> Please give this revised code a try, and it should correctly display the fuel price data over the years. Let me know if you encounter any further issues!
**user**:
> And this function makes some colors:
> ```
> function rgb = bwcolor(n)
> 
> tored = floor(n*5/6);
> toblack = n - tored;
> hsvs = [[linspace(1.0/6.0, 1, tored)'; ones(toblack, 1)] ones(n, 1) ...
>         [linspace(1, .5, tored)'; linspace(.5, 0, toblack)']];
> rgb = hsv2rgb(hsvs);
> 
> sums = rgb * ones(3, 1);
> minsum = 2.0;
> for ii = 1:length(sums) - 1
>   minsum = min(minsum, sums(ii));
>   rgb(ii, :) = rgb(ii, :) * minsum / sums(ii);
> end
> ```
**assistant**:
> Here is the translation of your MATLAB `bwcolor` function to Julia:
> 
> ```julia
> using ColorTypes
> 
> function bwcolor(n)
>     tored = Int(floor(n * 5 / 6))
>     toblack = n - tored
>     hsvs = [vcat(range(1.0 / 6.0, stop=1.0, length=tored), ones(toblack)) ones(n) vcat(range(1.0, stop=0.5, length=tored), range(0.5, stop=0, length=toblack))]
>     
>     rgb = hsv2rgb(hsvs)
>     
>     sums = [sum(rgb[d, :]) for d in 1:size(rgb, 1)]
>     minsum = 2.0
>     
>     for ii in 1:length(sums) - 1
>         minsum = min(minsum, sums[ii])
>         rgb[ii, :] *= minsum / sums[ii]
>     end
>     
>     return [RGB(rgb[r, 1], rgb[r, 2], rgb[r, 3]) for r in 1:size(rgb, 1)]
> end
> ```
> 
> In this translation:
> - The function `bwcolor` generates a list of grayscale colors with varying saturation.
> - We convert the HSV values to RGB using `hsv2rgb` in Julia from the `ColorTypes` package.
> - Finally, for each color, we adjust its intensity to ensure a consistent appearance.
> 
> You can use this function in Julia to generate grayscale colors based on the input parameter `n`. Each color will be represented as an RGB value in the output list.
> 
> If you have any more functions to translate or need further assistance, feel free to ask!
