**assistant**:
> Below are selected log entries of past conversations, as part of an experimental AI memory system. T
**user**:
> Please draft for me an email response to the following email or email
> thread. The email will come from me. Please keep the text
> professional, dispassionate, and to-the-point.
> 
> If a time to chat by zoom is in order, ask the person to find a time
> at https://zcal.co/i/SoJjSjU0.
> 
> Conversation opened. 1 read message.
> 
> Skip to content
> Using Gmail with screen readers
> 
> 9 of 459
> Re: PhD in Environmental Economics
> Inbox
> 
> Bornali Mondal <bornalim98@gmail.com>
> Fri, Jan 10, 7:30 AM (3 days ago)
> to jrising
> 
> I wanted to reach out to you since I didn't get your response to my last email.
> 
> I'm looking forward to hearing back from you.
> .
> Thankyou in advance
> With regards
> Bornali Mondal
> 
> On Wed, Jan 8, 2025 at 11:55 PM Bornali Mondal <bornalim98@gmail.com> wrote:
> Dear James Rising,
> My name is Bornali Mondal and I would like to pursue a Ph.D. degree in Environmental  Economics at your university. I  have already completed filling up the application for the PhD (Environmental Economics) for fall 2025 and submitted it as well.
>  
> 
> Recently I came across a couple of your papers. I found the papers related to Environmental Economics which is one of my interesting subjects.
> 
>  
> 
> Estimating economic damage from climate change in the United States
> 
> 
> 
> Assessing future climate change impacts in the EU and the USA: insights and lessons from two continental-scale projects
> 
> 
> 
> I have also worked on a research paper entitled " Exploring the Environmental Kuznets Curve (EKC) and the Impact of Environmental Degradation on Health in Selected Developing Countries."
> 
>  I thought of requesting your feedback on my research paper.
> 
>  
> 
> I would appreciate it very much if I get your comments/suggestions.
> 
> 
> 
> I am attaching my SOP below.
> 
> 
> 
> It would be a great success for me if I get a chance to work under your guidance.
> 
> 
> 
> Thank you in advance
> 
> 
> Bornali Mondal
> 
> 
> 
> 
**assistant**:
> Certainly! Here is a draft email response for your consideration:
> 
> ---
> 
> Subject: Re: PhD in Environmental Economics
> 
> Dear Bornali Mondal,
> 
> Thank you for your follow-up email and for your interest in our Ph.D. program in Environmental Economics. I am glad to hear that you have submitted your application for the fall 2025 intake.
> 
> I appreciate your interest in my research and your initiative in sharing your work on the Environmental Kuznets Curve and health impacts. While I am unable to provide detailed feedback on individual research papers due to time constraints, I encourage you to continue exploring these important topics.
> 
> If you would like to discuss your work further or have any questions about the program, please feel free to schedule a time to chat with me via Zoom here: [https://zcal.co/i/SoJjSjU0](https://zcal.co/i/SoJjSjU0).
> 
> Thank you again for considering our program. I wish you the best in your academic endeavors.
> 
> With regards,
> 
> James Rising
> 
> --- 
> 
> Let me know if there's anything else you'd like to adjust or add!
