**user**:
> Here is a consent form for a stakeholder interview:
> ---
> CONSENT TO PARTICIPATE IN A RESEARCH STUDY
> Title of Study: DNREC Information Gaps Analysis
> Principal Investigator(s): Dr. James Rising
> This study is funded by the Delaware Department of Natural Resources and Environmental Control.
> 
> Important aspects of the study you should know about:
> •	Purpose: The purpose of the study is to explore the ways individuals, community organizations, and companies use or plan to use the waters of the Delaware ocean and bay, especially focusing on the types of information they rely on to participate in ocean and bay-related activities. 
> •	Procedures: If you choose to participate, you will be asked to respond to a set of structured questions designed to understand your use of the waters and your experiences with relevant information. If we engage with you in-person or through a phone or video conference, we will also include a less formal segment of the discussion to gather additional insights.
> •	Duration: This will take about 15 minutes for an online survey, and 30 minutes to an hour for an in-person, phone, or video conference.
> •	Risks: The main risk or discomfort from this research is the potential for sharing personal or sensitive information about your experiences. To minimize this risk, participation is entirely voluntary, and you may choose not to answer any question or withdraw from the study at any time. Your responses will be kept confidential, and any personal identifiers will be removed from the data before analysis. 
> •	Benefits: The main benefit to you from this research is the opportunity to share your unique perspective on the use of ocean and bay waters, which will contribute to a better understanding of current and future needs of stakeholders within the Delaware watershed. Your participation may potentially influence decisions and resource management to improve the overall wellbeing of the region’s communities and natural environment.
> •	Costs and Compensation:  e.g., If you decide to participate there will be no additional cost to you. There is no financial compensation for participating in the study.
> •	Participation: Taking part or not in this research study is your decision. You can decide to participate and then change your mind at any point.
> ---
> 
> Can you provide a template email for asking people to be involved? Elsewhere, I say: Interviewees will be selected from recommendations provided by DNREC and the project’s team of PIs. Initial contact will be made by email, and the consent form and structured interview questions will be provided before the interview.
**assistant**:
> Subject: Invitation to Participate in DNREC Information Gaps Analysis Study
> 
> Dear [Recipient's Name],
> 
> I hope this message finds you well. My name is Dr. James Rising, and I am conducting research for the Delaware Department of Natural Resources and Environmental Control (DNREC). The study, titled "DNREC Information Gaps Analysis," aims to understand the ways individuals, community organizations, and companies use the waters of Delaware's ocean and bay and the types of information they rely on to participate in these activities.
> 
> Our project team, along with recommendations from DNREC, identified you as having valuable insights that could significantly contribute to this study. The objective is to analyze and address the information requirements that this diverse group of stakeholders might have, enhancing management decisions and wellbeing within the Delaware watershed.
> 
> If you decide to participate, the process would involve responding to a set of structured questions about your experiences and perceptions. This could take place online via a survey (approximately 15 minutes), or through an in-person, phone, or video conference interview (approximately 30 minutes to an hour). 
> 
> Please note that your participation is entirely voluntary, and any information you share will remain strictly confidential. Any personal identifiers will be removed, and data will only be used for the purposes of this study.
> 
> Attached to this email, you will find a detailed Consent Form that provides further information about the study, its procedures, risks, benefits, and data confidentiality. Please review this document before deciding whether to participate. If you have any questions or concerns, feel free to reach out to me at any time.
> 
> Should you be willing to participate, kindly confirm your availability and preferred mode of engagement (survey or interview) by replying to this email. Your perspective would indeed be a valuable addition to this research.
> 
> Thank you for considering this invitation, and I look forward to the possibility of your participation.
> 
> Best regards,
> 
> Dr. James Rising
> Principal Investigator
> [Contact Information]
> 
