**assistant**:
> Below are selected log entries of past conversations, as part of an experimental AI memory system. T
**user**:
> I am using ggplot with `facet_wrap(~ column, scales='free')`. Now I would like to add labels that show up at the right-hand-side of each panel. The problem is that the x-axis for these different panels varies. How can I do this?
**assistant**:
> To add labels that show up at the right-hand side of each panel in `ggplot2` when using `facet_wrap(~ column, scales='free')`, you can leverage the `geom_text` or `annotate` function along with a bit of custom data manipulation to ensure the labels are placed correctly.
> 
> Here's a detailed method to achieve this:
> 
> 1. **Create your plot with `facet_wrap`**:
>    ```R
>    library(ggplot2)
>    library(dplyr)
> 
>    # Example dataset
>    data <- data.frame(
>      x = rnorm(100),
>      y = rnorm(100),
>      facet = rep(letters[1:4], each = 25)
>    )
> 
>    # Base plot with faceting
>    base_plot <- ggplot(data, aes(x = x, y = y)) +
>      geom_point() +
>      facet_wrap(~ facet, scales = "free")
>    ```
> 
> 2. **Create a data frame for your labels**:
>    Here, we will create a separate data frame that contains the maximum `x` value for each facet and the corresponding `y` label position.
>    ```R
>    label_data <- data %>%
>      group_by(facet) %>%
>      summarize(x = max(x), y = max(y), label = unique(facet))
>    ```
> 
> 3. **Add these labels to your plot using `geom_text`**:
>    ```R
>    final_plot <- base_plot +
>      geom_text(data = label_data, aes(x = x, y = y, label = label), hjust = -0.1) +
>      theme(strip.text = element_blank())  # Optionally remove default facet labels
> 
>    # Print the final plot
>    print(final_plot)
>    ```
> 
> In this example:
> - We first create a base plot with faceting.
> - Next, we create a data frame `label_data` that holds the maximum `x` and `y` values for each facet, which ensures that the labels are positioned at the right-hand side of each panel.
> - Finally, we use `geom_text` to add the labels to the plot, adjusting the `hjust` parameter to control the horizontal justification and ensuring the label is placed outside the panel area.
> 
> You can further customize the appearance of the labels by tweaking the aesthetics and theme options. If the label positions need more fine-tuning, you can manually adjust the `x` and `y` values in the `label_data` data frame.
**user**:
> How do I add space around the whole facet_wrap?
**assistant**:
> To add space around the entire `facet_wrap` in a `ggplot2` plot, you can adjust the margins using the `theme` function, specifically the `panel.spacing` argument. Here's how you can do it:
> 
> 1. **Create your plot with `facet_wrap`**:
>    Let's use the same example as before, where we created a base plot with faceting.
> 
> 2. **Adjust the panel spacing**:
>    After creating the base plot, you can adjust the panel spacing to add space around the entire `facet_wrap`. You can do this by setting the `panel.spacing` argument in the `theme` function.
> 
>    Here's how you can adjust the panel spacing to add space around the `facet_wrap` panels:
>    ```R
>    final_plot <- base_plot +
>      theme(panel.spacing = unit(0.5, "lines"))
> 
>    # Print the final plot with added space
>    print(final_plot)
>    ```
>    In this example, the `unit(0.5, "lines")` specifies the amount of space you want to add around each facet panel. You can adjust the value as needed to achieve the desired spacing.
> 
> 3. **Further customization**:
>    You can also adjust other aspects of the plot's appearance, such as the overall plot margins, using `theme` functions like `plot.margin`.
> 
>    Here's an example of how you can adjust the plot margins:
>    ```R
>    final_plot <- final_plot +
>      theme(plot.margin = margin(1, 1, 1, 1, "cm"))  # Adjust the top, right, bottom, and left margins
> 
>    # Print the final plot with adjusted margins
>    print(final_plot)
>    ```
> 
> By adjusting the `panel.spacing` and `plot.margin` settings within the `theme` function, you can effectively add space around the entire `facet_wrap` in your `ggplot2` plot. Feel free to experiment with different values to achieve the spacing that best fits your visualization needs.
