**assistant**:
> Below are selected log entries of past conversations, as part of an experimental AI memory system. They may have no bearing on the chat.
> 
> 
>   2024-01-30:
>   Data Gaps for Delaware's Ocean and Bay Planning
> 
> 
> 
>   2024-01-30:
>   Addressing Data Gaps for Delaware's Ocean and Bay Planning
> 
> 
> 
>   2024-01-30:
>   Addressing Data Gaps for Delaware's Ocean and Bay Planning
> 
> 
> 
>   2024-01-30:
>   Data Gaps in Delaware's Ocean and Bay Planning for Offshore Aquaculture
> 
> 
> 
>   2024-01-30:
>   Identifying Data Gaps in Delaware's Ocean and Bay Planning
> 
> 
> 
>   2024-01-30:
>   Data Gaps in Delaware's Ocean and Bay Planning
> 
> 
> 
>   2024-01-30:
>   Data Gaps and Requirements for Delaware's Ocean and Bay Planning
> 
> 
> 
>   2024-01-30:
>   Key Issues and Data Requirements for Offshore Aquaculture Siting in Delaware's Ocean and Bay Areas
> 
> 
> 
>   2024-01-30:
>   Data Gaps in Delaware's Ocean and Bay Planning Process
> 
> 
> 
>   2024-01-30:
>   Addressing Data Gaps in Delaware's Ocean and Bay Planning Process
> 
> 
>     
**user**:
> I am writing a report on data gaps concerning activities in the Delaware ocean and bay, in support of a spatial planning process there. Amongst other materials, I am drawing upon a report (Dewberry Engineers 2018) which has identified the following issues and data requirements for Permitting and siting for other offshore infrastructure:
> 
> Issues:
> • Manage siting and permitting of offshore energy transmission and telecommunications cables, pipelines, and platforms
> • Manage permitting of structures, permit reviews, Environmental Impact Statements (EISs)
> 
> Data requirements
> • Jurisdictions and regulated areas
> • Abundance and distribution of marine species
> • Commercial fishing effort – Vessel
> Monitoring System (VMS)
> • Vessel Traffic – Automatic Identification
> Systems (AIS)
> • Human and cultural use areas
> • Commercial fishing effort – Vessel Trip
> Report (VTR)
> • Bathymetry
> • Sand and borrow sites
> • Species and habitat locations, including
> benthic habitat
> • Oil and gas pipelines, cables, transmission
> lines, etc.
> • Geophysical (i.e. bottom type and sediment
> type)
> Can you provide a brief summary of this material, citing the source, with a view toward data gaps relevant to Delaware’s ocean and bay planning process (the Dewberry Engineers report is not Delaware-specific)? Please do not list every item in these lists.
**assistant**:
> Absolutely, James! That's a comprehensive list of issues and data requirements to address. Here's a succinct interpretation catered to your need:
> 
> In a report by Dewberry Engineers (2018), the management of permits and siting for various offshore infrastructures is an acknowledged challenge. Particularly, the process of siting and permitting offshore energy transmission and telecommunication cables, pipelines, and platforms as well as managing permitting of structures, permit reviews, and Environmental Impact Statements (EISs) pose significant issues.
> 
> The report also lists several data points required to make informed decisions. Applicable to Delaware's ocean and bay planning process, critical data gaps may include understanding of the jurisdictions and regulated areas, and of the abundance and distribution of marine species relevant to the region. Information on human and cultural use areas, bathymetry, species and habitat locations (including gravelly, i.e., benthic habitats), and the locations of existing oil and gas pipelines, cables, and transmission lines within Delaware waters would also be important.
> 
> These data are deemed necessary to support the spatial planning, monitoring, and management of Delaware's ocean and bay areas. However, gaps in the available data can impede the planning process and lead to less informed decisions. Access to a comprehensive dataset that covers all these key points may not yet be available or sufficiently detailed for Delaware's specific context, signalling a need for further research and data collection. 
> 
> Distilling this material from a broader report and applying it to Delaware's ocean and bay planning process illuminates the range of data types, from human activity to habitats, that could usefully be further investigated to provide a richer understanding of these marine and coastal ecosystems.
> 
> Please note that this description focuses on some of the potentially relevant points from the broader list provided, in the absence of detailed context-specific knowledge of Delaware's state of data availability and planning requirements. Further consultation of the Dewberry Engineers report or additional localized studies might shed more light on additional commonalities or differences to bear in mind.
> 
