**assistant**:
> Below are selected log entries of past conversations, as part of an experimental AI memory system. They may have no bearing on the chat.
> 
> 
>   2023-11-07:
>   Estimating Current Climate Losses - Methodology for Projections
> 
> 
> 
>   2023-11-07:
>   Methodology and Limitations of Estimating Macroeconomic Effects of Climate Change
> 
> 
> 
>   2023-11-07:
>   Estimating Climate Change Losses - Methodology and Machine Learning Approach
> 
> 
> 
>   2023-11-07:
>   Estimating Current Climate Losses Methodology Assistance
> 
> 
> 
>   2023-11-07:
>   Estimating Current Climate Losses - Methodology and Approach
> 
> 
> 
>   2023-11-07:
>   Methodology for Estimating Climate Change Losses using Machine Learning
> 
> 
> 
>   2023-11-07:
>   Estimating Climate Losses with Machine Learning
> 
> 
> 
>   2023-11-07:
>   Methodology Assistance for Climate Loss Estimation
> 
> 
> 
>   2023-11-07:
>   Estimating Current Climate Losses: Methodology Assistance and Project Overview
> 
> 
> 
>   2023-11-06:
>   Estimating Current Climate Losses and Global Disparities
> 
> 
>     
**user**:
> I am writing a public report, but the current methodology section is to technical and too long:
> ---
> The methodology for estimating the macroeconomic effects of climate change consists of three main components: a literature review, a machine learning approach, and indirect effect modeling. Each component contributes to understanding the potential economic losses due to climate change.
> 
> The research team identified eight critical papers that have significantly advanced our understanding of the macroeconomic impacts of climate change. These papers cover a range of insights, including the vulnerability of low-income countries, adaptation potential, and the persistence of economic growth. The team assessed and implemented a total of 61 unique models from these papers.
> 
> To assess the models, meta-data was collected under 11 distinct headings that represent various aspects of model sophistication and data quality. These dimensions include weather aggregation weighting schemes, representation of temperature and rainfall variables, treatment of differential vulnerability for poor countries, handling of unobserved heterogeneity, consideration of nonlinear socioeconomic trends, inclusion of additional factors and controls, and data recency and span.
> 
> All the models were estimated using econometric methods and employed high-quality weather and economic output data. The detailed ratings of these models allowed for an objective comparison and identification of their relative strengths and weaknesses. This information aided the subsequent integration of models using a machine learning approach.
> 
> For projections, the analysis starts with ERA5 reanalysis weather data from 1940 to 2022. Historical weather data is aggregated to the country level. Monte Carlo simulations are applied to account for the inherent uncertainty in model parameters. These simulations draw model parameters from their respective probability distributions. The models are then simulated for each country under two conditions: actual weather conditions and a hypothetical scenario where the climate remains unchanged. The difference in economic outcomes between these conditions represents the immediate impact of climate change on a country’s GDP.
> 
> The impacts are aggregated over time for each country, considering the possibility of persistent impacts that lead to permanently lower growth trajectories. The aggregation formula incorporates a recovery rate from climate shocks. The rate of recovery is set to 0.25 based on previous work by Nath et al. (2023). Figure 1 shows these impacts for each model aggregated to the global level.
> 
> Figure 1
> 
> 
> The machine learning approach integrates the individual contributions of the assessed models to determine the impact and costs of climate change across nations. Each model is assigned quality values for various attributes based on assessed model quality. These quality values range from 0 to 1, with 1 indicating excellent quality and 0 indicating poor quality.
> 
> A random forest machine learning model is then fitted for each country-year-Monte Carlo draw using the direct impact models. This random forest takes into account the quality values assigned to each attribute. By querying the random forest model with quality values set to 1 for all attributes, the damages of climate change are inferred under optimum conditions for each attribute. This approach provides a robust estimate of potential economic costs for each country. The result is the direct impact of climate change on GDP for each country, and shown as a global aggregate in Figure 2.
> 
> The international effects of climate change are addressed by considering the spill-over effects of losses on other economies through international trade. The analysis calibrates these effects using Brexit CGE studies, which provide estimates of losses to GDP, exports, and imports in different Brexit scenarios. The relationship between import and export changes and GDP loss is represented using a regression model based on the observed results of the Brexit studies.
> 
> The analysis also incorporates capital dynamics by developing a model based on the Solow growth model and the Inclusive Wealth capital framework. This model captures produced, human, and renewable capital dynamics for all countries. It uses data on GDP, population, savings rates, agriculture’s share of GDP, and capital estimates from the Inclusive Wealth Report. Model parameters are calibrated using a Markov chain Monte Carlo (MCMC) method.
> 
> The reporting of results involves calculating the population-weighted median across Monte Carlo draws, along with the interquartile range, to quantify the potential economic losses caused by climate change.
> 
> Overall, the methodology encompasses a comprehensive analysis combining literature review, machine learning techniques, and economic modeling to provide a detailed understanding of the potential economic losses resulting from climate change.
> ---
> Can you provide a shortened high-level overview of the methodology, which inspires confidence but refers readers to the appendix for technical details? I think it should still include figure 1 though.
**assistant**:
> Certainly, James, here's a simplified and shortened version of your methodology keeping Figure 1 and other crucial elements. 
> 
> ---
> 
> Our methodology for estimating the economic impacts of climate change can be seen as a three-pronged approach: comprehensive literature exploration, machine learning application, and the modeling of indirect effects. These components help us understand potential economical losses due to climate change.
> 
> Our research involved an exhaustive examination of key literature in the field to derive insights, particularly from eight pivotal studies. From these, we employed and assessed an array of models (61 in total) to gain diverse perspectives and understanding.
> 
> We also employed an innovative machine learning approach using a technique called 'Random Forest' to pull together insights from all individual models. This is based on an assessed quality value assigned to each model characteristic, enhancing robustness and reliability in our estimates. We then generated climate change damage estimates under ideal conditions. The result is a thorough estimate of potential economic costs for every country, reflected in their GDP impacts. See Figure 1 for a global overview of these impacts.
> 
> Figure 1
> 
> Lastly, we took into account indirect effects such as how climate-induced losses could spill over to other economies through international trade. We build upon economic studies on Brexit to calibrate these effects and incorporate important capital dynamics based on established economic theories and frameworks. 
> 
> The outcome is presented as population-weighted medians across our simulations, giving us a quantifiable measure of potential economic losses due to climate change.
> 
> In summation, our methodology is a unique blend of traditional literature review, cutting-edge machine learning, and intricate economic modeling. For a more detailed technical exposition, readers can refer to our appended methodology section. By capturing an array of perspectives, we believe our approach enriches understanding and provides a comprehensive estimate of the potential economic fallouts of climate change.
> 
