**assistant**:
> Below are selected log entries of past conversations, as part of an experimental AI memory system. T
**user**:
> I have a large dataset in R with a string column, and I would like to make a new column with just the first 3 characters of each entry in that column. How can I do that efficiently?
**assistant**:
> You can use the `substr()` function in R to extract the first 3 characters from a string. To perform this operation efficiently on a large data frame, consider using the `data.table` library, which offers faster performance for large data sets compared to `data.frame` and `dplyr`.
> 
> Here's an example:
> 
> ```r
> # Load the required library 
> library(data.table)
> 
> # Assume 'df' is your data frame and 'column1' is the column with strings
> setDT(df)[ , new_column := substr(column1, start = 1, stop = 3)]
> ```
> 
> In this script, `setDT(df)` converts your dataframe `df` into a `data.table`, and `substr` is used to create a new column `new_column` that contains the first 3 characters of each entry in `column1`. 
> 
> Remember to replace `df`, `column1`, and `new_column` with your actual dataframe name, the name of the column with the strings, and the desired name of the new column, respectively.
> 
> I hope this helps! Let me know if you have further questions.
**user**:
> Is that more efficient just just using dplyr mutate?
**assistant**:
> For this specific operation of extracting the first 3 characters of a string column in a large dataset, the `data.table` approach I mentioned earlier is typically more efficient than using `dplyr`'s `mutate()` function. 
> 
> `data.table` generally provides faster performance for tasks involving large datasets due to its optimized design, especially for operations that require iterating over rows or modifying columns. 
> 
> However, if you are more comfortable using `dplyr` and the dataset is not extremely large, you can still achieve the desired result with `dplyr`'s `mutate()` function:
> 
> ```r
> library(dplyr)
> 
> # Assuming df is your data frame
> df <- df %>% 
>   mutate(new_column = substr(column1, start = 1, stop = 3))
> ```
> 
> Using `dplyr` is more common and easier to read for many users. If the dataset is not massive, the performance difference may not be noticeable, so you can choose the approach that you are more comfortable with.
> 
> Feel free to try both methods and see which one works best for your specific situation. Let me know if you need further assistance!
