**user**:
> How do I access the values from a checkbox group in Shiny? I have it made like this:
> 
>       checkboxGroupInput(
>         inputId="structgroup",
>         label="Choose structural changes:",
>         choices=strchoices2),
> 
> And now I want to access it within renderPlotly.
**assistant**:
> To access the values from a checkbox group in Shiny, you need to refer to the `input` object with the appropriate `inputId`. In your case, the `inputId` for the checkbox group is `structgroup`. Here's how you can access it within a `renderPlotly` context:
> 
> 1. In your server function, use the `input$structgroup` to get the selected values from the checkbox group.
> 2. You can then use these values to update or filter your data within `renderPlotly`.
> 
> Here's an example to demonstrate how this can be done:
> 
> ```r
> library(shiny)
> library(plotly)
> 
> # Example UI
> ui <- fluidPage(
>     checkboxGroupInput(
>         inputId = "structgroup",
>         label = "Choose structural changes:",
>         choices = list("Change 1" = "change1", "Change 2" = "change2", "Change 3" = "change3")
>     ),
>     plotlyOutput("plot")
> )
> 
> # Example server logic
> server <- function(input, output, session) {
>     
>     output$plot <- renderPlotly({
>         # Access the values selected in the checkbox group
>         selected_structures <- input$structgroup
>         
>         # Print to console for debugging
>         print(selected_structures)
>         
>         # Generate a plot based on the selected structures
>         # This is just an example. You can modify it based on your actual use case.
>         data <- data.frame(
>             x = 1:10,
>             y = (1:10) * 2
>         )
>         
>         p <- ggplot(data, aes(x = x, y = y)) +
>             geom_line() +
>             labs(title = paste("Selected Structures:", paste(selected_structures, collapse=", ")))
>         
>         ggplotly(p)
>     })
> }
> 
> # Run the app
> shinyApp(ui = ui, server = server)
> ```
> 
> ### Key Points
> - `input$structgroup` gives you the currently selected values from the `checkboxGroupInput`.
> - You can use these values directly within your reactive expressions or render functions to update outputs based on user selections.
> 
> This template should help you integrate checkbox group input into your Shiny app and utilize it within `renderPlotly`. Modify the example provided to fit your specific data and plotting needs!
