**assistant**:
> Below are selected log entries of past conversations, as part of an experimental AI memory system. T
**user**:
> I want to make a dish with ramen noodles and sauted vegetables-- I have snow peas and a mushroom mix. And I was thinking about also putting tofu into it (I have extra firm). Can you make a recipe for me?
**assistant**:
> Sure thing, that sounds delightful! Here's a simple recipe for Ramen Noodles with Sautéed Snow Peas, Mushrooms, and Tofu:
> 
> ### Ingredients
> - **200g ramen noodles** (about two packs)
> - **1 cup snow peas**, trimmed 
> - **1 cup mixed mushrooms**, sliced (such as shiitake, cremini, or oyster)
> - **200g extra-firm tofu**, drained and cubed
> - **2 tablespoons soy sauce**
> - **1 tablespoon sesame oil** 
> - **1 tablespoon vegetable oil**
> - **2 garlic cloves**, minced
> - **1-inch piece of ginger**, minced
> - **1 tablespoon rice vinegar**
> - **1 tablespoon hoisin sauce** (optional, for added sweetness)
> - **1 tablespoon sesame seeds** (optional, for garnish)
> - **2 green onions**, sliced (optional, for garnish)
> 
> ### Instructions
> 
> 1. **Cook the Noodles**: Cook the ramen noodles according to the package instructions. Once done, drain and set aside.
> 
> 2. **Prepare the Tofu**: In a large non-stick skillet, heat the vegetable oil over medium-high heat. Add the cubed tofu and cook until golden brown on all sides, about 8-10 minutes. Remove the tofu from the pan and set aside.
> 
> 3. **Sauté the Aromatics**: In the same skillet, add the sesame oil and reduce the heat to medium. Add the minced garlic and ginger, sautéing for about 1-2 minutes until fragrant.
> 
> 4. **Add the Vegetables**: Increase the heat to medium-high, then add the snow peas and sliced mushrooms. Stir-fry for about 3-4 minutes until the vegetables are tender but still crisp.
> 
> 5. **Combine Everything**: Return the tofu to the skillet. Add the cooked ramen noodles and drizzle with soy sauce, rice vinegar, and hoisin sauce if using. Toss everything together until well combined and heated through.
> 
> 6. **Garnish and Serve**: Serve the dish warm, garnished with sesame seeds and sliced green onions if desired.
> 
> Enjoy your homemade ramen noodle dish! Let me know how it turns out or if you have any other questions.
