**assistant**:
> Below are selected log entries of past conversations, as part of an experimental AI memory system. They may have no bearing on the chat.
> 
> 
>   2023-08-18:
>   How to label features in QGIS using field values; Achieving automatic label placement for visibility.
> 
> 
> 
>   2022-12-21:
>   James asked about Lenfest grants and user-defined exceptions; Arachne explained methods in Python and suggested Zoom interview title guidelines.
> 
> 
> 
>   2023-08-09:
>   James asked about matrix multiplication in Python; Arachne recommended using NumPy's `np.dot()` function.
> 
> 
> 
>   2023-07-25:
>   Dell OptiPlex BIOS startup key provided; Instructions on setting up Windows to boot from USB given.
> 
> 
> 
>   2023-08-07:
>   James asked about preserving old books with torn bindings; Arachne provided instructions and recommended bookbinding tape for repairing damaged spines.
> 
> 
> 
>   2023-11-03:
>   Converting ISO3 Codes to Country Names with R's countrycode Library
> 
> 
> 
>   2023-10-02:
>   Group-wise Mutations in dplyr
> 
> 
> 
>   2023-08-17:
>   James asked how to add a layer to a group in QGIS; Arachne provided a step-by-step guide.
> 
> 
> 
>   2023-05-01:
>   James designs language with N, I, and O; Arachne translates "NI OI IN PIR?" as "Sense change, opine known?"
> 
> 
> 
>   2023-11-05:
>   Using Coqui TTS for Free
> 
> 
>     
**user**:
> How can I do a group_by in julia?
**assistant**:
> In Julia, you can use the DataFrames package to perform a `groupby` operation, similar to the way you'd do this in languages like Python or R. Here's a basic example:
> 
> ```julia
> using DataFrames
> 
> # create a DataFrame
> df = DataFrame(A = [1, 2, 3, 1, 2, 3], B = [4, 5, 6, 7, 8, 9])
> 
> # perform the groupby operation
> grouped_df = groupby(df, :A)
> 
> # now, 'grouped_df' is a GroupedDataFrame that you can manipulate
> ```
> 
> In this `groupby` operation, the dataframe `df` is grouped by the column `:A`.
> 
> If you want to perform operations on the groups, you can use the `combine` function. For example, to calculate the mean of column `:B` for each group:
> 
> ```julia
> grouped_df = groupby(df, :A)
> 
> # calculate the mean of B by group
> result = combine(grouped_df, :B => mean) 
> ```
> 
> This will return another DataFrame that contains the original grouping columns along with a new column for the calculated mean of `:B` for each group.
