**assistant**:
> Below are selected log entries of past conversations, as part of an experimental AI memory system. They may have no bearing on the chat.
> 
> 
>   2023-03-11:
>   James requested a story about why it rains; Arachne explained it through the tale of a thirsty land being rejuvenated by raindrops.
> 
> 
> 
>   2023-07-21:
>   Query about mean of exponential of normal random variable; Answered with formula for log-normal distribution mean.
> 
> 
> 
>   2024-02-13:
>   Structuring an Executive Summary for Grant Proposal
> 
> 
> 
>   2023-10-30:
>   Understanding Non-Informative Priors in Bayesian Gaussian Models
> 
> 
> 
>   2023-02-06:
>   James asked for a name for a folded piece of paper with students' names; Arachne suggested "name tag" or "place card."
> 
> 
> 
>   2023-02-16:
>   Average land temperatures can be warmer or cooler than the global mean temperature; various factors and human activities play a role in their differences.
> 
> 
> 
>   2023-03-06:
>   James asks about the challenges of empiricism; Arachne mentions induction, skepticism, theory-ladenness, underdetermination, and limitations of empirical methods.
> 
> 
> 
>   2023-01-30:
>   James asked what econometricians call the black-box relationships they find; Arachne responded that they are called "econometric models."
> 
> 
> 
>   2023-08-24:
>   Understanding the Mean of Long-Tailed and Fat-Tailed Distributions
> 
> 
> 
>   2023-03-18:
>   James asks about Phaedrus's field in "Zen and the Art of Motorcycle Maintenance"; Arachne explains the difference between substantive and methodological fields.
> 
> 
>     
**user**:
> I want to tell my students about some of the alternatives to expected utility theory used to evaluate climate change actions under deep uncertainty. Here's the list:
> Subjective expected utility
> ð›¼-maxmin decision rules
> Minmax regret
> Maxmin expected utility
> Smooth ambiguity model
> Multiplier preferences approach
> 
> Can you provide a table of how these different theories differ or are similar across key dimensions?
**assistant**:
> Sure, here is a comparative table of these alternatives to expected utility theory:
> 
> | Theory                      | Key Idea                                                                                             | Strengths                                                                                                                         | Weaknesses                                                                                                                               |
> |-----------------------------|------------------------------------------------------------------------------------------------------|-----------------------------------------------------------------------------------------------------------------------------------|-----------------------------------------------------------------------------------------------------------------------------------------|
> | Subjective Expected Utility | Uses personal beliefs about probabilities, rather than objective probabilities, to calculate utility. | Adapts expected utility to uncertain probabilities.                                                                              | Assumes perfect knowledge of personal probabilities and rationality.                                                                    |
> | ð›¼-maxmin Decision Rules     | Select the alternative with the highest minimum utility over a set of scenarios.                      | Balances worst-case outcomes with potential better outcomes, avoids paralysis of "minimax."                                      | Difficult to construct the scenario set.                                                                                               |
> | Minmax regret               | Select the alternative that minimizes maximum regret over different states of the world.              | Intuitively easier to understand than expected utility; focuses on decision regret rather than behaving "rationally."            | Requires full enumeration of possible events, which could be computationally intensive or infeasible.                                  |
> | Maxmin Expected Utility     | Maximize the minimum expected utility over different prior probabilities.                            | Handles ambiguity aversion while keeping basic form of expected utility.                                                         | Requires orderings over uncertain events, which can be difficult or impossible to obtain.                                              |
> | Smooth Ambiguity Model      | Extends expected utility to include preference for ambiguity.                                        | More flexible modeling of attitudes toward uncertainty; can capture the behaviors ignored by expected utility.                   | Requires high level of information and computational burden for modeler; may not always reflect risk-aversion or ambiguity-aversion.   |
> | Multiplier Preferences Approach      | Model uncertainty as a constraint in the decision problem, and adjust it with a multiplier.         | Provides a method to manage uncertainty in complex decisions; can bias decision toward/away from risk.                            | Can be difficult to determine the most appropriate multiplier value; requires high computational complexity.                            |
> 
> These different theories are all attempts to broaden the scope of the expected utility theory, taking into account subjective probabilities, ambiguity, regret, and robustness against worst-case scenarios. They each have their strengths and weaknesses, making them useful in different situations and decision-making contexts.
**user**:
> Can you explain what you mean by the paralysis of minimax?
**assistant**:
> The "paralysis of minimax" refers to a situation where decision-makers become overly cautious or indecisive when using minimax decision rules, such as in the ð›¼-maxmin approach. 
> 
> In the context of decision-making under uncertainty, minimax strategies focus on minimizing the maximum possible loss (maximizing the minimum payoff) over a set of possible outcomes. This means that decision-makers prioritize avoiding worst-case scenarios, which can lead to excessively conservative decisions. When faced with a wide range of potential outcomes, the focus on minimizing the maximum loss can result in decision paralysis, as individuals may be reluctant to take risks or make bold choices in fear of the worst-case outcome.
> 
> The concept of the paralysis of minimax highlights a potential drawback of decision-making strategies that overly focus on worst-case scenarios, as it can hinder innovation, creativity, and adaptive responses to complex problems. It underscores the importance of balancing risk aversion with the need to explore and exploit opportunities for positive outcomes, especially in situations characterized by deep uncertainty.
