**assistant**:
> Below are selected log entries of past conversations, as part of an experimental AI memory system. They may have no bearing on the chat.
> 
> 
>   2023-11-26:
>   Gratitude and Continuity
> 
> 
> 
>   2023-11-26:
>   Approximating p under A << 1 assumption
> 
> 
> 
>   2023-11-26:
>   Warm Thanksgiving Message and Deferral Confirmation
> 
> 
> 
>   2023-11-26:
>   Guidance on Ph.D. Application for Matheus Fronza
> 
> 
> 
>   2023-11-26:
>   Challenges of CBA and Goal Setting in Sustainability
> 
> 
> 
>   2023-11-27:
>   Pronouncing the "Meliore Foundation"
> 
> 
> 
>   2023-11-27:
>   Exploring Consequences of Substitution Elasticity (theta = 0.57) in Utility Functions
> 
> 
> 
>   2023-11-27:
>   Understanding the Consequences of theta = 0.57
> 
> 
> 
>   2023-11-27:
>   Creating Click-Triggered Image Animations in PowerPoint
> 
> 
> 
>   2023-11-27:
>   Grouping Data in Julia with DataFrames Package
> 
> 
>     
**user**:
> write a cover letter for this role: "As Chief of Staff to the Founding Director of the Center on Global Energy Policy, the focus of this role is to lead the planning and facilitation of the Founding Director’s office. The successful candidate will prioritize and prepare for requests and demands of the Founding Director in partnership with our Executive Director, Director of Research, Chief Strategy Officer, Senior Director of Communications and Policy Strategy, and Director’s Office team. The Chief of Staff will execute on a multi-year strategic plan for the research, communications, and engagement of the Founding Director to maximize outreach and impact opportunities and improve operational efficiency of the Director’s Office.
> 
> In addition, the incumbent will serve as a key strategist for securing partnership engagement opportunities for the Founding Director.
> 
> A successful candidate will be a well-rounded leader and team-player who is a self-starter, highly organized, outcome-focused and a strong communicator who is able to flex their approach and work effectively across organizations without formal reporting lines. They bring fresh ideas, are confident, and ultimately get things done while being respectful and understanding an organization’s operating model and culture. The role requires strong emotional intelligence, self-motivation, and strong analytical and influencing skills."
**assistant**:
> ---
> Dear Hiring Manager,
> 
> I am thrilled to apply for the position of Chief of Staff to the Founding Director at the Center on Global Energy Policy. As an accomplished sustainability professional with a robust portfolio and a proven track record of leading teams across myriad successful initiatives, I am confident that I can make a significant impact in this role and further the cause of sustainable earth via impactful research, policy strategy, and corporate engagement.
> 
> Throughout my career, I've demonstrated a dedication for fostering relationship-building and executing strategic initiatives for mission-driven organizations. My current role as Manager of Strategic Partnerships at Clean Energy Buyers Association has allowed me to cultivate an extensive network of over 400 corporate participants representing $7.5 trillion in annual revenue, while also developing the company’s first diversity, equity, and inclusion program. My ability to engage and influence diverse partners, from start-ups to multinational corporations and government bodies, will undoubtedly be an asset in the role of Chief of Staff as we seek to maximise outreach and impact opportunities.
> 
> Furthermore, my broad background ranging from clean tech innovation consulting, sustainability advising, and policy writing has equipped me with exceptional skills in various spheres such as project management, cross-functional collaboration, and insightful research. Notably, my work at The Climate Group as Head of Member Engagement and the strategic management of key Member Engagement programs like RE100, EP100, and EV100 further testify my ability to carry out a strategic vision with determination while accruing ongoing insights to optimally adjust our approach and procedures.
> 
> As a seasoned project manager, I have a knack for structuring teams and processes to maximize efficiency and impact. I am particularly adept at juggling numerous priorities in high-pressure settings and seamlessly executing complex initiatives. In my experience working across organizations, even without formal reporting lines, I have maximized team alignment and organizational goals by leveraging my analytical and influence skills to facilitate effective decision-making.
> 
> Naturally, none of this would be possible without outstanding communication skills. Much of my success in previous roles can be traced back to being able to craft compelling narratives and keenly tailor communication to the needs of a wide variety of audiences. This proficiency will be indispensable in executing on a multi-year strategic plan for your Founding Director and articulating our collective vision both internally and externally.
> 
> I am excited at the possibility of bringing my dynamic experience and strong strategic acumen to the Chief of Staff role at the Center on Global Energy Policy. I am eager to contribute my talents towards maximising outreach, impact, and operational efficiency of the Director's office, while also syncing the management teams to execute on our shared vision. 
> 
> Thank you for considering my application. I look forward to the opportunity to further discuss how my background and skills would make me a strong fit for your team.
> 
> Best regards,
> Johanna N. Goetzel
**user**:
> write a cover letter for this role: "he Center on Global Energy Policy (CGEP) at Columbia’s School of International and Public Affairs (SIPA) seeks a Senior Program Manager reporting to the Managing Director of the Carbontech Development Initiative (CDI). CDI is a first-of-a-kind, large-scale, carbontech market transformation and grant-seeding commercialization initiative, dedicated to fostering and promoting growth of the negative emissions sector through technology and human capital development, policy analysis, thought leadership, and ecosystem convening. The Sr. Program Manager will be core to CDI’s leadership group and will be responsible for efficient execution of CDI’s administrative and operational functions. The position will also provide guidance and support to program and project managers across CDI and collaborate with CGEP research teams.
> 
> They are responsible for daily operations of complex and strategic administrative and operational functions, including scoping projects, setting meeting cadences and agendas, establishing work plans, managing collaborators and direct reports, and mitigating risk. They establish processes to improve efficiency and minimize points of failure, and onboard new team members.
> 
> The candidate should be a great communicator, strategic thinker, and possess an aptitude for situational awareness of program statuses, risks, and opportunities. They should be able to fill operations gaps as needed without specializing in a specific program or research area."
**assistant**:
> ---
> Dear Hiring Manager,
> 
> I am excited to<h2>Incomplete response received from application</h2>
**user**:
> write a cover letter for this role: "he Center on Global Energy Policy (CGEP) at Columbia’s School of International and Public Affairs (SIPA) seeks a Senior Program Manager reporting to the Managing Director of the Carbontech Development Initiative (CDI). CDI is a first-of-a-kind, large-scale, carbontech market transformation and grant-seeding commercialization initiative, dedicated to fostering and promoting growth of the negative emissions sector through technology and human capital development, policy analysis, thought leadership, and ecosystem convening. The Sr. Program Manager will be core to CDI’s leadership group and will be responsible for efficient execution of CDI’s administrative and operational functions. The position will also provide guidance and support to program and project managers across CDI and collaborate with CGEP research teams.
> 
> They are responsible for daily operations of complex and strategic administrative and operational functions, including scoping projects, setting meeting cadences and agendas, establishing work plans, managing collaborators and direct reports, and mitigating risk. They establish processes to improve efficiency and minimize points of failure, and onboard new team members.
> 
> The candidate should be a great communicator, strategic thinker, and possess an aptitude for situational awareness of program statuses, risks, and opportunities. They should be able to fill operations gaps as needed without specializing in a specific program or research area."
**assistant**:
> <h2>Incomplete response received from application</h2>
**user**:
> write a cover letter for this role: "he Center on Global Energy Policy (CGEP) at Columbia’s School of International and Public Affairs (SIPA) seeks a Senior Program Manager reporting to the Managing Director of the Carbontech Development Initiative (CDI). CDI is a first-of-a-kind, large-scale, carbontech market transformation and grant-seeding commercialization initiative, dedicated to fostering and promoting growth of the negative emissions sector through technology and human capital development, policy analysis, thought leadership, and ecosystem convening. The Sr. Program Manager will be core to CDI’s leadership group and will be responsible for efficient execution of CDI’s administrative and operational functions. The position will also provide guidance and support to program and project managers across CDI and collaborate with CGEP research teams.
> 
> They are responsible for daily operations of complex and strategic administrative and operational functions, including scoping projects, setting meeting cadences and agendas, establishing work plans, managing collaborators and direct reports, and mitigating risk. They establish processes to improve efficiency and minimize points of failure, and onboard new team members.
> 
> The candidate should be a great communicator, strategic thinker, and possess an aptitude for situational awareness of program statuses, risks, and opportunities. They should be able to fill operations gaps as needed without specializing in a specific program or research area."
**assistant**:
> <h2>Incomplete response received from application</h2>
**user**:
> write a cover letter for this role: "The Center on Global Energy Policy (CGEP) at Columbia’s School of International and Public Affairs (SIPA) seeks a Senior Program Manager reporting to the Managing Director of the Carbontech Development Initiative (CDI). CDI is a first-of-a-kind, large-scale, carbontech market transformation and grant-seeding commercialization initiative, dedicated to fostering and promoting growth of the negative emissions sector through technology and human capital development, policy analysis, thought leadership, and ecosystem convening. The Sr. Program Manager will be core to CDI’s leadership group and will be responsible for efficient execution of CDI’s administrative and operational functions. The position will also provide guidance and support to program and project managers across CDI and collaborate with CGEP research teams.
> 
> They are responsible for daily operations of complex and strategic administrative and operational functions, including scoping projects, setting meeting cadences and agendas, establishing work plans, managing collaborators and direct reports, and mitigating risk. They establish processes to improve efficiency and minimize points of failure, and onboard new team members.
> 
> The candidate should be a great communicator, strategic thinker, and possess an aptitude for situational awareness of program statuses, risks, and opportunities. They should be able to fill operations gaps as needed without specializing in a specific program or research area."
**assistant**:
> <h2>Incomplete response received from application</h2>
**user**:
> write a cover letter for this role: "The Center on Global Energy Policy (CGEP) at Columbia’s School of International and Public Affairs (SIPA) seeks a Senior Program Manager reporting to the Managing Director of the Carbontech Development Initiative (CDI). CDI is a first-of-a-kind, large-scale, carbontech market transformation and grant-seeding commercialization initiative, dedicated to fostering and promoting growth of the negative emissions sector through technology and human capital development, policy analysis, thought leadership, and ecosystem convening. The Sr. Program Manager will be core to CDI’s leadership group and will be responsible for efficient execution of CDI’s administrative and operational functions. The position will also provide guidance and support to program and project managers across CDI and collaborate with CGEP research teams.
> 
> They are responsible for daily operations of complex and strategic administrative and operational functions, including scoping projects, setting meeting cadences and agendas, establishing work plans, managing collaborators and direct reports, and mitigating risk. They establish processes to improve efficiency and minimize points of failure, and onboard new team members.
> 
> The candidate should be a great communicator, strategic thinker, and possess an aptitude for situational awareness of program statuses, risks, and opportunities. They should be able to fill operations gaps as needed without specializing in a specific program or research area."
**assistant**:
> <h2>Incomplete response received from application</h2>
**user**:
> write a cover letter for this role: "The Center on Global Energy Policy (CGEP) at Columbia’s School of International and Public Affairs (SIPA) seeks a Senior Program Manager reporting to the Managing Director of the Carbontech Development Initiative (CDI). CDI is a first-of-a-kind, large-scale, carbontech market transformation and grant-seeding commercialization initiative, dedicated to fostering and promoting growth of the negative emissions sector through technology and human capital development, policy analysis, thought leadership, and ecosystem convening. The Sr. Program Manager will be core to CDI’s leadership group and will be responsible for efficient execution of CDI’s administrative and operational functions. The position will also provide guidance and support to program and project managers across CDI and collaborate with CGEP research teams.
> 
> They are responsible for daily operations of complex and strategic administrative and operational functions, including scoping projects, setting meeting cadences and agendas, establishing work plans, managing collaborators and direct reports, and mitigating risk. They establish processes to improve efficiency and minimize points of failure, and onboard new team members.
> 
> The candidate should be a great communicator, strategic thinker, and possess an aptitude for situational awareness of program statuses, risks, and opportunities. They should be able to fill operations gaps as needed without specializing in a specific program or research area."
**assistant**:
> Dear Hiring Manager,
> 
> I am writing to express my strong interest in the position of Senior Program Manager at the Center on Global Energy Policy (CGEP) at Columbia’s School of International and Public Affairs (SIPA). The opportunity to contribute to the Carbontech Development Initiative (CDI) and its groundbreaking efforts in carbontech market transformation and grant-seeding commercialization aligns perfectly with my expertise and passion for driving sustainable energy solutions.
> 
> Throughout my career, I have demonstrated a deep commitment to tackling global energy challenges through a multidisciplinary approach. As a seasoned program manager with a strong background in sustainable energy, policy analysis, and project execution, I am confident that I can effectively contribute to CDI's mission and deliver impactful results.
> 
> In my current role as a Program Manager at a clean energy organization, I have successfully led cross-functional teams in executing complex projects and initiatives. I have a proven track record of scoping projects, setting clear objectives, establishing work plans, and effectively managing stakeholders to deliver quality outcomes on time and within budget. I take pride in my ability to adapt to changing priorities, mitigate risks, and identify strategic opportunities within fast-paced environments.
> 
> Furthermore, I possess a comprehensive understanding of the global energy landscape, including technologies, policies, and market trends related to carbontech and negative emissions. This knowledge allows me to provide valuable guidance and support to program and project managers, fostering collaboration, and enabling seamless coordination across diverse teams. I am adept at aligning stakeholders' interests and cultivating strong relationships with partner organizations to drive collective impact.
> 
> My strengths as a communicator and strategic thinker have been instrumental in my previous roles. I excel in distilling complex information into clear and concise messages for various audiences, including executives, researchers, policymakers, and industry stakeholders. My excellent interpersonal skills enable me to foster a collaborative and inclusive work environment, facilitating effective cross-functional communication and fostering a strong team spirit.
> 
> Throughout my career, I have consistently demonstrated a high level of situational awareness, enabling me to identify program statuses, assess risks, and leverage opportunities for growth and innovation. I have a natural ability to streamline administrative and operational functions, establishing efficient processes that maximize operational efficiency and minimize points of failure. Additionally, I am skilled at onboarding and mentoring new team members, fostering their professional growth and ensuring a smooth integration into the organization.
> 
> I am thrilled by the prospect of joining the CGEP and CDI teams as a Senior Program Manager. The opportunity to work on pioneering initiatives that drive sustainable energy solutions aligns perfectly with my personal and professional aspirations. I am confident that my expertise, strategic mindset, and strong aptitude for program management will contribute significantly to CDI's success in fostering the growth of the negative emissions sector and advancing climate action.
> 
> Thank you for considering my application. I look forward to the opportunity to discuss how my skills and experiences can contribute to the ongoing success and impact of CGEP and CDI.
> 
> Sincerely,
> [Your Name]
**user**:
> write a cover letter for this role: "The Center on Global Energy Policy (CGEP) at Columbia’s School of International and Public Affairs (SIPA) seeks a Senior Program Manager reporting to the Managing Director of the Carbontech Development Initiative (CDI). CDI is a first-of-a-kind, large-scale, carbontech market transformation and grant-seeding commercialization initiative, dedicated to fostering and promoting growth of the negative emissions sector through technology and human capital development, policy analysis, thought leadership, and ecosystem convening. The Sr. Program Manager will be core to CDI’s leadership group and will be responsible for efficient execution of CDI’s administrative and operational functions. The position will also provide guidance and support to program and project managers across CDI and collaborate with CGEP research teams.
> 
> They are responsible for daily operations of complex and strategic administrative and operational functions, including scoping projects, setting meeting cadences and agendas, establishing work plans, managing collaborators and direct reports, and mitigating risk. They establish processes to improve efficiency and minimize points of failure, and onboard new team members.
> 
> The candidate should be a great communicator, strategic thinker, and possess an aptitude for situational awareness of program statuses, risks, and opportunities. They should be able to fill operations gaps as needed without specializing in a specific program or research area."
**assistant**:
> Dear Hiring Manager,
> 
> I am writing to apply for the position of Senior Program Manager within the Carbontech Development Initiative (CDI) at the Center on Global Energy Policy (CGEP) at Columbia's School of International and Public Affairs (SIPA). With my strong background in program management, strategic thinking, and passion for addressing climate challenges, I am confident in my ability to contribute to CDI's mission and provide exceptional leadership to the team.
> 
> Having closely followed the groundbreaking work of CDI, I am deeply inspired by its dedication to catalyzing the growth of the negative emissions sector through technology development, human capital advancement, policy analysis, thought leadership, and ecosystem engagement. The opportunity to be part of CDI's leadership group and contribute to its operational efficiency and success is truly exciting.
> 
> Throughout my career, I have successfully managed complex programs and initiatives, demonstrating a strong ability to execute administrative and operational functions with excellence. My experience in scoping projects, establishing work plans, setting meeting cadences, and mitigating risks has enabled me to consistently deliver results in dynamic and fast-paced environments. I have a proven track record of establishing efficient processes and procedures that enhance productivity, minimize points of failure, and optimize resource allocation for projects and teams.
> 
> As a strategic thinker, I possess a keen aptitude for identifying program statuses, assessing risks and opportunities, and making informed decisions that drive positive outcomes. I excel at managing stakeholders, collaborating with cross-functional teams, and nurturing strong partnerships to achieve shared goals. My ability to fill operational gaps as needed, while maintaining a holistic view of the program's objectives, allows me to adapt quickly and effectively in response to changing circumstances.
> 
> Communication lies at the heart of my approach to leadership. I possess excellent interpersonal skills that enable me to build rapport, foster collaboration, and inspire teams to perform at their best. I am an adept communicator, adept at tailoring messages to diverse audiences including senior executives, researchers, policymakers, and external stakeholders. Moreover, my strong situational awareness ensures I remain well-informed about program performance, emerging trends, and strategic opportunities.
> 
> With a deep-rooted commitment to addressing global energy challenges, I am dedicated to making a meaningful impact in the field of sustainable energy. The mission of CDI resonates strongly with my personal and professional values, and I am excited about the prospect of leveraging my skills and experience to drive its success. I thrive in dynamic and innovative environments, and I am confident in my ability to contribute to CDI's thought leadership and ecosystem convening efforts.
> 
> Thank you for considering my application. I am eager to bring my expertise, strategic mindset, and passion for sustainable energy solutions to the role of Senior Program Manager within CDI. I look forward to the opportunity to discuss how my qualifications align with the goals and objectives of CGEP and CDI in more detail.
> 
> Sincerely,
> 
> [Your Name]
**user**:
> write a cover letter for this role: "The Center on Global Energy Policy (CGEP) at Columbia’s School of International and Public Affairs (SIPA) seeks a Senior Program Manager reporting to the Managing Director of the Carbontech Development Initiative (CDI). CDI is a first-of-a-kind, large-scale, carbontech market transformation and grant-seeding commercialization initiative, dedicated to fostering and promoting growth of the negative emissions sector through technology and human capital development, policy analysis, thought leadership, and ecosystem convening. The Sr. Program Manager will be core to CDI’s leadership group and will be responsible for efficient execution of CDI’s administrative and operational functions. The position will also provide guidance and support to program and project managers across CDI and collaborate with CGEP research teams.
> 
> They are responsible for daily operations of complex and strategic administrative and operational functions, including scoping projects, setting meeting cadences and agendas, establishing work plans, managing collaborators and direct reports, and mitigating risk. They establish processes to improve efficiency and minimize points of failure, and onboard new team members.
> 
> The candidate should be a great communicator, strategic thinker, and possess an aptitude for situational awareness of program statuses, risks, and opportunities. They should be able to fill operations gaps as needed without specializing in a specific program or research area."
**assistant**:
> 
**user**:
> write a cover letter for this role: "The Center on Global Energy Policy (CGEP) at Columbia’s School of International and Public Affairs (SIPA) seeks a Senior Program Manager reporting to the Managing Director of the Carbontech Development Initiative (CDI). CDI is a first-of-a-kind, large-scale, carbontech market transformation and grant-seeding commercialization initiative, dedicated to fostering and promoting growth of the negative emissions sector through technology and human capital development, policy analysis, thought leadership, and ecosystem convening. The Sr. Program Manager will be core to CDI’s leadership group and will be responsible for efficient execution of CDI’s administrative and operational functions. The position will also provide guidance and support to program and project managers across CDI and collaborate with CGEP research teams.
> 
> They are responsible for daily operations of complex and strategic administrative and operational functions, including scoping projects, setting meeting cadences and agendas, establishing work plans, managing collaborators and direct reports, and mitigating risk. They establish processes to improve efficiency and minimize points of failure, and onboard new team members.
> 
> The candidate should be a great communicator, strategic thinker, and possess an aptitude for situational awareness of program statuses, risks, and opportunities. They should be able to fill operations gaps as needed without specializing in a specific program or research area."
**assistant**:
> Dear Hiring Manager,
> 
> I am excited to apply for the position of Senior Program Manager within the Carbontech Development Initiative (CDI) at the Center on Global Energy Policy (CGEP) at Columbia’s School of International and Public Affairs (SIPA). The opportunity to contribute to CDI's innovative carbontech market transformation and grant-seeding commercialization initiative aligns perfectly with my expertise and passion for driving sustainable energy solutions.
> 
> CDI's dedication to fostering growth in the negative emissions sector through technology and human capital development, policy analysis, thought leadership, and ecosystem convening is both inspiring and impactful. As a dynamic and experienced program manager, I am confident in my ability to efficiently execute CDI's administrative and operational functions, provide guidance to program and project managers, and collaborate effectively with CGEP research teams.
> 
> With a proven track record in complex project management, I am well-equipped to handle the daily operations of CDI's strategic administrative functions. From scoping projects and setting meeting agendas to establishing work plans and mitigating risks, I have successfully led diverse teams in achieving project objectives and delivering high-quality results. My ability to establish efficient processes and minimize points of failure ensures seamless operations that optimize resources and support the overall success of CDI.
> 
> As a strategic thinker, I possess the necessary aptitude for situational awareness. I excel at monitoring program statuses, identifying risks and opportunities, and making data-driven decisions to optimize outcomes. By leveraging my strong communication skills, I foster collaboration and effectively convey program progress, challenges, and strategies to stakeholders at all levels. My ability to adapt and fill operations gaps as needed allows me to contribute to CDI's success without specializing in a specific program or research area.
> 
> Moreover, my passion for sustainable energy and drive for innovation align perfectly with the objectives of CGEP and CDI. I am committed to making a positive impact in the field of sustainable energy and leveraging advancements in technology, policy analysis, and human capital development to foster transformative change.
> 
> Thank you for considering my application. I am thrilled at the opportunity to contribute to CDI's leadership group and support the growth of the negative emissions sector. I am confident that my skills, strategic mindset, and commitment to excellence will enable me to excel in this role. I look forward to discussing how my qualifications align with CGEP and CDI's goals in more detail.
> 
> Sincerely,
> 
> [Your Name]
