**assistant**:
> None of the provided conversation synopses directly address the mass of matter in the solar system o
**user**:
> can you tell me about civilization levels 1 2 3
**assistant**:
> Certainly! The concept of civilization levels you’re referring to is likely the Kardashev Scale, proposed by the Russian astrophysicist Nikolai Kardashev in 1964. The scale measures a civilization's level of technological advancement based on the amount of energy it can use. Here’s an overview:
> 
> 1. **Type I Civilization** (Planetary Civilization): This civilization harnesses all the available energy on its home planet. It can fully utilize and manage the energy resources of its planet, including solar, wind, geothermal, and other renewable sources. Humanity is currently not yet at this level, estimated to be around 0.73 on this scale.
> 
> 2. **Type II Civilization** (Stellar Civilization): This civilization can harness all the energy of its parent star. They might use a Dyson Sphere or similar structures to capture solar energy. This level of energy consumption would allow them to undertake massive engineering projects, such as terraforming planets.
> 
> 3. **Type III Civilization** (Galactic Civilization): This civilization can control energy on the scale of its entire galaxy. It has access to energy from billions of stars and is potentially capable of manipulating galaxies. This level is purely speculative and is the stuff of science fiction.
> 
> There have been extensions proposed to this scale (e.g., Type IV or even Type V civilizations, which could harness universal or multiverse energies), but Types I, II, and III are the most commonly discussed. The scale isn't just about energy; it also touches on a civilization's ability to manage, store, and efficiently use that energy, implying complexities in technology, economy, and societal structure.
**user**:
> do we have enough matter in the solar system to create a Dyson Sphere
**assistant**:
> Yes, the solar system contains enough matter to theoretically construct a Dyson Sphere, but there are several factors to consider:
> 
> ### Material Availability
> 
> 1. **Planets and Moons**: The planets and their moons, especially ones like Mars and the gas giants (Jupiter, Saturn), have vast amounts of material (metals, silicates, ices).
>   
> 2. **Asteroids**: The asteroid belt between Mars and Jupiter alone contains a significant amount of resources. Estimates suggest that it could provide enough materials for massive construction projects.
> 
> 3. **Comets**: Comets can also be mined for water and other materials.
> 
> ### Dyson Sphere Design
> 
> There are different designs for Dyson Spheres, including:
> 
> - **Dyson Swarm**: A collection of satellites that orbit the sun, capturing solar energy.
> - **Dyson Shell**: A solid shell surrounding the star, though this is more theoretical and presents numerous engineering challenges.
> 
> ### Energy Calculation
> 
> - The Sun outputs approximately \(3.8 \times 10^{26}\) watts of energy. A fully functional Dyson Sphere (specifically a Dyson Swarm) could potentially harvest an immense amount of this energy.
> 
> ### Engineering Challenges
> 
> 1. **Construction**: Creating a Dyson Sphere would require advanced technology, unparalleled resources, and extensive energy consumption during construction.
> 
> 2. **Material Strength**: Materials would need to be incredibly strong to withstand the gravitational forces involved, especially for a true Dyson Shell.
> 
> 3. **Maintenance**: A Dyson Sphere would require ongoing maintenance and management.
> 
> ### Conclusion
> 
> In theory, while we have the necessary materials in the solar system, the technological, logistical, and ethical challenges involved in creating such a structure are significant. Current engineering techniques and societal structures are far from being able to realize such a large-scale project.
