**assistant**:
> Below are selected log entries of past conversations, as part of an experimental AI memory system. T
**user**:
> I am using Docker for the first time. I made an ubuntu image in Docker Desktop and I can run things on that using python. Now I want to make an image (or update my ubuntu image) so that it has python and R pre-installed. I think I need a Dockerfile, but I don't know where that should live or how to use it.
**assistant**:
> Great! Using Docker is a powerful way to manage environments and run applications reliably across different systems. To create a Docker image with both Python and R pre-installed, you indeed need a `Dockerfile`. Let's walk through the process:
> 
> 1. **Create a New Directory**: This directory will contain your `Dockerfile`. You can name it something like `my-python-r-image`:
> 
>    ```bash
>    mkdir my-python-r-image
>    cd my-python-r-image
>    ```
> 
> 2. **Create a Dockerfile**: Inside this directory, create a file named `Dockerfile` (with no extension). This file will define your new Docker image.
> 
> 3. **Write the Dockerfile**: Open the `Dockerfile` in a text editor and add the following content:
> 
>    ```dockerfile
>    # Use the official Ubuntu image as a base
>    FROM ubuntu:latest
> 
>    # Update the package list and install Python and R
>    RUN apt-get update && \
>        apt-get install -y python3 python3-pip r-base && \
>        apt-get clean
> 
>    # Set the default command to be executed when the container starts
>    CMD ["bash"]
>    ```
> 
>    This file does the following:
>    - Uses the latest Ubuntu image as the base.
>    - Updates the package list and installs Python 3, Pip, and R.
>    - Sets the default command to start a Bash shell when the container runs.
> 
> 4. **Build the Docker Image**: From the directory containing the `Dockerfile`, run the following command to build your Docker image. You can replace `my-python-r-image` with any name you choose for your image.
> 
>    ```bash
>    docker build -t my-python-r-image .
>    ```
> 
>    This command will create a Docker image tagged `my-python-r-image` using the instructions in your `Dockerfile`.
> 
> 5. **Run the Docker Container**: To run a container from your new image, use the command:
> 
>    ```bash
>    docker run -it my-python-r-image
>    ```
> 
>    This starts a new container and gives you an interactive Bash shell inside it. Here you can use both Python and R.
> 
> 6. **Verify Installations**: Once inside the running container, you can verify that Python and R are installed by running:
> 
>    ```bash
>    python3 --version
>    R --version
>    ```
> 
> That's it! You have created a Docker image with both Python and R pre-installed. Let me know if you have any questions or if there's anything else I can assist you with!
