**assistant**:
> Below are selected log entries of past conversations, as part of an experimental AI memory system. They may have no bearing on the chat.
> 
> 
>   2023-08-31:
>   Measuring Shipping Congestion and Converting Speeds
> 
> 
> 
>   2023-07-16:
>   James encountered "Incomplete response received from application" on Flask app with Passenger; Arachne advised adjusting timeout and considering alternative WSGI servers.
> 
> 
> 
>   2023-08-30:
>   Organizing Students into Diverse Teams
> 
> 
> 
>   2023-05-29:
>   Proposed heart-rate-adjusted step count formula for floors climbed during exercise; calculated value of b as 45-60.
> 
> 
> 
>   2023-08-14:
>   Summary of CHANS framework for understanding and navigating complex human-nature interactions and achieving sustainability; emphasizes reciprocal interactions and feedbacks in a unified language.
> 
> 
> 
>   2023-07-27:
>   James seeks feedback on his draft describing perspectives on climate risks; Arachne suggests emphasizing uncertainties and interdisciplinary collaboration.
> 
> 
> 
>   2023-07-27:
>   James seeks guidance on choosing an intrusion-prevention tool for his Apache webserver; Arachne recommends Fail2ban for its extensibility and ability to interpret any log format.
> 
> 
> 
>   2023-01-17:
>   James inquires about rational expectations and the use of linear combinations to estimate future prices; Arachne elucidates assumptions and justifications for these concepts.
> 
> 
> 
>   2023-07-20:
>   James inquired about the basis for the "$53 quadrillion" cost of civilization in the PAGE model; Arachne clarified that it likely represents the estimated future global GDP.
> 
> 
> 
>   2023-08-05:
>   James requested suggestions for a glossary of terms on climate risks; Arachne provided initial suggestions and incorporated additional terms from James.
> 
> 
>     
**user**:
> I have a dataset of offshore wind speeds at 90 m. How can I convert this into an estimate of kW potential?
**assistant**:
> To estimate the power generated by a wind turbine using wind speed data, you can use the power curve of a typical wind turbine and the wind speed at hub height (90m in your case), using the following general procedure:
> 
> 1. **Recognize Your Dataset**: Your wind speed data will need to include the wind speed at multiple times per day at the correct height (in your case, 90m). This could be an hourly, daily, or even monthly average. The more data points per day you have, the more accurate your model will be.
> 
> 2. **Turbine Power Curve**: Every wind turbine has a specific power curve, which describes how much power the turbine can generate at a given wind speed. This can usually be found on the turbine manufacturer's website or given as part of the information when you purchase the turbine. Power curved can broadly be represented by the below standard form:
> 
> - Power = 0 for wind speeds less than the cut-in speed (usually around 3 to 4 m/s).
> - Power increases with the cube of wind speed between the cut-in speed and the rated speed (usually around 12 to 14 m/s).
> - Power is at a maximum, or rated power, for wind speeds greater than the rated speed and less than the cut-out speed (usually around 25 m/s).
> - Power = 0 for wind speeds greater than the cut-out speed as the turbine will be turned off to avoid damage.
> 
> 3. **Apply Power Curve to Data**: Apply the turbine's power curve to your wind speed data to find the predicted power output at each time point. This could be as simple as applying a mathematical function to every wind speed data point.
> 
> 4. **Calculate Sum and Mean**: Finally, calculate the sum of the power generated over a specific time period (e.g., daily, monthly) to estimate the total power output.
> 
> Keep in mind, however, this is an estimation and real-world factors may lead to differing results. Other factors, for instance air density, generator efficiency, and temperature, may also affect the overall power potential. Maintenance of the system, grid outages, and other real-world impacts are also not accounted for in this simplified model.
**user**:
> My dataset is average wind speed. Is there a simple approximate expression I can use?
**assistant**:
> Yes, there is a simple approximate expression you can use to estimate the power potential of offshore wind based on average wind speed. This approximation assumes wind turbine characteristics and simplifies the calculation. Keep in mind that this is a rough estimation and actual power generation will depend on several factors such as turbine efficiency, site-specific conditions, and other technical considerations.
> 
> The approximate expression is as follows:
> 
> 1. Determine the wind turbine's power coefficient (Cp): The power coefficient represents the efficiency of the turbine in converting wind energy into electrical power. For many modern wind turbines, Cp is typically around 0.4 to 0.5.
> 
> 2. Calculate the swept area (A) of the wind turbine's rotor: The swept area is the circular area covered by the rotating blades of the turbine. It can be calculated using the formula:
> 
>    A = π * (D/2)^2
> 
>    where D is the diameter of the wind turbine rotor.
> 
> 3. Estimate the power potential (P) using the formula:
> 
>    P = 0.5 * ρ * A * Cp * V^3
> 
>    where ρ is the air density (assumed constant), V is the average wind speed, and P is the estimated power potential in kilowatts (kW).
> 
> It's important to note that this approximation assumes a simplified model of wind turbine performance and neglects various factors that can affect power production. Additionally, wind turbines have specific cut-in and cut-out speeds, and the wind speed data used for estimation should be within the operational range of the turbine.
> 
> While this expression provides a rough estimate, it's recommended to consult with wind energy experts or refer to site-specific performance models for more accurate assessments.
**user**:
> What values should I use for rho and A, for a typical setup?
**assistant**:
> For the air density (ρ) and the swept area (A) in the approximate expression for estimating wind power potential, you can use the following typical values:
> 
> 1. Air Density (ρ):
> The air density varies based on altitude, temperature, and humidity. As a general approximation, you can use the standard sea-level air density, which is approximately 1.225 kilograms per cubic meter (kg/m³). Keep in mind that this value may deviate slightly depending on the specific location and conditions.
> 
> 2. Swept Area (A):
> The swept area refers to the circular area covered by the rotating blades of the wind turbine's rotor. It is calculated using the formula:
> 
>    A = π * (D/2)^2
> 
>    In this equation, D represents the diameter of the wind turbine rotor in meters. The diameter can vary depending on the specific wind turbine model you are considering. Common commercial wind turbine rotor diameters range from 70 meters to 150 meters. For the purpose of estimation, you can use a typical value such as 100 meters as a starting point.
> 
> Remember that these values are general approximations, and for more accurate assessments, it's advantageous to consult detailed turbine specifications and consider site-specific characteristics such as altitude and local weather conditions.
**user**:
> But I think I also need to have something like 1 km between each turbine. So, is this estimate effective kW per km^2?
**assistant**:
> Yes, you are correct. If you want to estimate the effective kilowatts (kW) per square kilometer (km²) of an offshore wind farm, you need to account for the spacing between the turbines.
> 
> To calculate the effective power density, you can divide the estimated power potential (P) obtained previously by the total area occupied by the wind turbines. Considering a spacing of 1 km between each turbine, you can use the following approach:
> 
> 1. Calculate the area occupied by a single wind turbine:
>    - Determine the diameter of the wind turbine rotor (D) in meters.
>    - Calculate the area (A_turbine) covered by a single wind turbine using the formula A_turbine = π * ((D/2) + 1)^2
>      Here, the additional 1 km (or 1000 meters) is added to account for the spacing between the turbines.
> 
> 2. Calculate the effective power density:
>    - Divide the estimated power potential (P) by the total area occupied by the wind turbines.
>    - The effective power density (PD) is given by PD = P / (A_turbine * N),
>      where N represents the total number of wind turbines within the area under consideration.
> 
> For example, if you have an estimated power potential of P = 10 MW (megawatts) and you plan to install wind turbines in an area of 100 km² with a spacing of 1 km, and assuming a turbine diameter of 100 meters, the calculation would be as follows:
> 
> - Calculate the area occupied by a single wind turbine:
>   A_turbine = π * ((100/2) + 1)^2 = π * 51^2 ≈ 8177.87 m²
> 
> - Determine the number of wind turbines within the area under consideration:
>   N = Total area / (A_turbine * Spacing) = 100 km² / (8177.87 m² * 1 km) ≈ 12.21 turbines
> 
> - Calculate the effective power density:
>   PD = P / (A_turbine * N) = 10 MW / (8177.87 m² * 12.21) ≈ 101.29 kW/km²
> 
> Therefore, the effective power density would be approximately 101.29 kW per square kilometer.
> 
> Remember that this is an approximate calculation, and actual power density may vary depending on various factors such
