**assistant**:
> Below are selected log entries of past conversations, as part of an experimental AI memory system. T
**user**:
> can you delveopp a plan for how the fundriasing team at IMT and IMT in gerantion should use linkedin more often to get eyes on our work? bolser our on line presnece 
**assistant**:
> Absolutely, LinkedIn is a powerful tool for not only networking but also for sharing insights, promoting work, and building a community. Here's a rough plan for maximizing LinkedIn usage for IMT (Institute for Market Transformation) and its fundraising team:
> 
> 1. **Update and Optimize Profiles**: 
>     Ensure your organization's LinkedIn profile and those of your key members (especially members of the fundraising team) are complete, professional, and compelling. Include all necessary information (website, industry, company size, etc.) and create an engaging description that presents your mission and work. For individual profiles, use professional headshots, include comprehensive job descriptions, and ask for endorsements to validate skills.
> 
> 2. **Regularly Share Insightful Content**: 
>     Share a mixture of updates about IMT's work, industry insights, thought-provoking articles, success stories, and calls to action (CTAs). This can include blog posts, reports, infographics, presentations, and videos. Make sure content is visually appealing and ideal for social sharing.
> 
> 3. **Engage**: 
>     Don't just post content—engage with your audience. Respond to comments on your posts, engage with other organization’s posts, and ask questions to stimulate discussions.
> 
> 4. **Use LinkedIn's Publishing Platform**: 
>     Consider writing original articles via LinkedIn's publishing platform. This can help establish IMT's staff as thought leaders within your industry.
> 
> 5. **Join and Participate in Relevant Groups**: 
>     There are countless groups within LinkedIn covering practically every field. Join relevant groups and contribute to discussions, offering your expertise and subtly introducing your organization’s work.
> 
> 6. **Paid Advertising and Sponsored Content**: 
>     Depending on your budget, you might consider sponsored posts or LinkedIn's ad services to reach a broader audience beyond your current network.
> 
> 7. **Utilize LinkedIn Analytics**:
>     Monitor your analytics to understand what type of content engages your audience the most. Fine tune your content strategy based on these insights.
> 
> 8. **Training Sessions**: 
>     Conduct training sessions for the team on LinkedIn best practices, both for individual profiles and organization's page management. This encourages uniformity, professionalism, and active usage.
> 
> 9. **Integration in Email Signatures**: 
>     Add the LinkedIn company profile URL in email signatures of team members. This is a simple yet effective way to increase traffic to your page.
> 
> 10. **Promote your LinkedIn on other Platforms**:
>     Promote your LinkedIn page/account on your other social media platforms, website, and newsletters.
> 
> Developing a consistent, engaging presence on LinkedIn can significantly enhance IMT's visibility and credibility, and, potentially, its fundraising success. It's all about networking with the right people, providing valuable content and showing genuine engagement. It requires regular effort but can lead to significant returns.
