**assistant**:
> Below are selected log entries of past conversations, as part of an experimental AI memory system. T
**user**:
> I want to run a command on my mac every few hours. Should I set up a cronjob, or is there a more appropriate way to do this on a mac?
**assistant**:
> Setting up a cron job is indeed a traditional and effective way to schedule periodic tasks on Unix-based systems like macOS. However, macOS also provides a more native tool called `launchd`, which offers greater flexibility and is preferred for managing system and user-level services.
> 
> ### Using `cron`
> To set up a cron job:
> 1. Open Terminal.
> 2. Edit the crontab file by running `crontab -e`.
> 3. Add a line specifying the schedule and command. For example, to run a script every 2 hours, you might add:
>    ```
>    0 */2 * * * /path/to/your/command.sh
>    ```
> 
> ### Using `launchd`
> To use `launchd`, you create a property list (plist) file that specifies your job and load it using `launchctl`.
> 
> 1. Create a plist file, for example at `~/Library/LaunchAgents/com.username.myjob.plist`.
> 
> 2. The plist file might look like this:
>     ```xml
>     <?xml version="1.0" encoding="UTF-8"?>
>     <!DOCTYPE plist PUBLIC "-//Apple//DTD PLIST 1.0//EN" "http://www.apple.com/DTDs/PropertyList-1.0.dtd">
>     <plist version="1.0">
>     <dict>
>         <key>Label</key>
>         <string>com.username.myjob</string>
>         <key>ProgramArguments</key>
>         <array>
>             <string>/path/to/your/command.sh</string>
>         </array>
>         <key>StartInterval</key>
>         <integer>7200</integer> <!-- 7200 seconds equals 2 hours -->
>         <key>RunAtLoad</key>
>         <true/>
>     </dict>
>     </plist>
>     ```
> 
> 3. Load the job:
>     ```sh
>     launchctl load ~/Library/LaunchAgents/com.username.myjob.plist
>     ```
> 
> ### Choosing between `cron` and `launchd`
> 
> - **Compatibility**: If your command is simple and you're familiar with `cron`, it can be a straightforward approach.
> - **Flexibility and Mac Integration**: `launchd` provides more control and better integration with macOS's startup and user session handling. It's the preferred method on macOS for scheduled tasks and can handle more complex requirements.
> 
> Given these points, I would recommend using `launchd` for a method that is more aligned with macOS's system services architecture.
