**user**:
> The following is an email or email thread that I would like to respond
> to:
> 
> Attachment Cart - Loews Sapphire Falls Resort.pdf added.Conversation opened. 2 messages. All messages read.
> 
> Skip to content
> Using Gmail with screen readers
> costello@bren.ucsb.edu 
> 
> 1 of 42
> Consider applying?
> Inbox
> 
> Christopher Costello via udel.edu 
> Nov 1, 2024, 12:06 PM (3 days ago)
> to jrising
> 
> Dear James,
> 
> I am hoping I can convince you to apply to our newly advertised faculty position in the Bren School at UCSB.  As you may have seen, we are looking for an exceptional environmental economist who uses modern data science as part of their research.  You were on the short list of people the search committee flagged as having exactly the kind of research trajectory we are looking for and I sincerely hope you will apply!
> 
> The full position details can be found here.  We are able to hire at the assistant or associate level and the salary will be very competitive.
> 
> I know that you already know about our group here, but let me provide some highlights.  First, we have a highly productive, collaborative and supportive group of environmental economists spread across several departments (Economics, Bren, Geography, Env. Studies); UCSB is an extremely productive place to work and we prioritize a healthy work/life balance.  Second, UCSB is highly interdisciplinary, but also rewards deep contributions in environmental economics.  I know that will resonate with you. Third, we have built a research center called the Environmental Markets Lab (emLab) which is a great way to get involved (if you so choose) in applied economics research with agencies, NGOs, and other high-impact partners.  Finally, we are looking for an economist who can also contribute to our master's in environmental data science at the Bren School.
> 
> We sincerely hope you will apply and I would be happy to talk one-on-one with you if any questions arise.  Just let me know if that would be helpful and we can set up a time to talk.
> 
> Chris Costello
> 
> The University of California is an Equal Opportunity/Affirmative Action Employer. All qualified applicants will receive consideration for employment without regard to race, color, religion, sex, sexual orientation, gender identity, national origin, disability status, protected veteran status, or any other characteristic protected by law. 
> 
> 
> --
> Christopher Costello
> Professor of Natural Resource Economics, Bren School UCSB and
> Research Associate, National Bureau of Economic Research
> Web: http://christopherjcostello.com/
> Environmental Markets Lab (emLab)
> 
> Christopher Costello
> Dear Chris,
> 
> You don't need to convince me! I was excited to hear about this position. I have started to put together some materials, and I plan to submit in the next couple weeks.
> 
> 
> 
> James Rising
> School of Marine Science & Policy, UDel
> http://existencia.org/pro, +1 202 657 2377
> 
> Displaying MSC TRANSCRIPT (AGHANWA ONYINYECHI CHINENYE).pdf. Page 1 of 1costello@bren.ucsb.edu. Press tab to insert.
> 
> Please draft for me an email response to the following email or email
> thread. The email will come from me. Please keep the text
> professional, dispassionate, and to-the-point.
> 
> If a time to chat by zoom is in order, ask the person to find a time
> at https://zcal.co/i/SoJjSjU0.
> 
> Below is very brief notes on what should be included in the response.
> Do you have suggestions on questions I should ask, to make sure my materials are well-targeted?
**assistant**:
> Certainly, James. Here's a draft for your response:
> 
> ---
> 
> Subject: Re: Faculty Position Application at Bren School
> 
> Dear Chris,
> 
> Thank you for reaching out and considering me for the faculty position at the Bren School. I am very interested in the opportunity and am in the process of assembling my application materials, which I plan to submit within the next couple of weeks.
> 
> To ensure that my application is well-targeted, I would appreciate any advice you might have on specific aspects or priorities the search committee is emphasizing in their review process. Understanding these details would be immensely helpful as I finalize my submission.
> 
> If convenient, I would welcome the chance to discuss this further with you. Please feel free to find a suitable time for a Zoom meeting using my scheduling link: [https://zcal.co/i/SoJjSjU0](https://zcal.co/i/SoJjSjU0).
> 
> Thank you again for considering my application. I look forward to the possibility of contributing to the vibrant academic environment at UCSB.
> 
> Best regards,
> 
> James Rising  
> School of Marine Science & Policy, University of Delaware  
> [http://existencia.org/pro](http://existencia.org/pro), +1 202 657 2377
> 
> --- 
> 
> Let me know if there's anything else you would like to add!
