**assistant**:
> Below are selected log entries of past conversations, as part of an experimental AI memory system. They may have no bearing on the chat.
> 
> 
>   2024-01-30:
>   Addressing Data Gaps in Delaware's Commercial Fishing Effort
> 
> 
> 
>   2024-01-30:
>   Addressing Bathymetry Data Gaps for Delaware's Ocean and Bay Planning
> 
> 
> 
>   2024-01-30:
>   Addressing Data Gaps in Delaware's Ocean and Bay Planning Process
> 
> 
> 
>   2024-01-30:
>   Data Gaps in Delaware's Ocean and Bay Planning: Addressing Species and Habitat Locations
> 
> 
> 
>   2024-01-30:
>   Bridging Data Gaps for Delaware's Ocean and Bay Planning
> 
> 
> 
>   2024-01-30:
>   Addressing Data Gaps for Delaware's Ocean and Bay Planning
> 
> 
> 
>   2024-01-30:
>   Data Gaps in Delaware's Ocean and Bay Planning for Offshore Aquaculture
> 
> 
> 
>   2024-01-30:
>   Key Issues and Data Requirements for Offshore Aquaculture Siting in Delaware's Ocean and Bay Areas
> 
> 
> 
>   2024-01-30:
>   James seeks summary of data gaps in Delaware's ocean and bay planning process; Dewberry Engineers report identifies critical gaps in fisheries management and stakeholder engagement.
> 
> 
> 
> 
>   2024-01-30:
>   Data Gaps for Delaware's Ocean and Bay Planning
> 
> 
>     
**user**:
> I am writing a report on data gaps concerning activities in the Delaware ocean and bay, in support of a spatial planning process there. Amongst other materials, I am drawing upon a report (Dewberry Engineers 2018) which has identified the following issues and data requirements for Sand and sediment management:
> 
> Issues:
> • Identify sites suitable for sand extraction
> • Manage beach nourishment
> • Better understand sediment transport and
> erosion
> • Better understand littoral transport
> • Identify dredge holes, borrow pits, and spoil
> banks
> 
> Data requirements
> • Jurisdictions and regulated areas
> • Synthesized oceanographic parameters,
> including wind, waves, and currents
> • Commercial fishing effort – Vessel
> Monitoring System (VMS)
> • Vessel Traffic – Automatic Identification
> Systems (AIS)
> • Human and cultural use areas
> • Bathymetry
> • Sand and borrow sites
> • Species and habitat locations, including
> benthic habitat and essential fish habitat
> • Water quality, including marine debris, ocean
> acidification, harmful algal blooms, and oil
> spills
> • Lidar
> • Geophysical (i.e. bottom type and sediment type)
> • Nearshore aquatic vegetation
> • Oil and gas pipelines, cables, transmission
> lines, etc. Including right-of-ways for cables and pipelines.
> Can you provide a brief summary of this material, citing the source, with a view toward data gaps relevant to Delaware’s ocean and bay planning process? Please do not list every item in these lists.
> 
**assistant**:
> Certainly, James. Here is a condensed summary that focuses on the major aspects of the identified data gaps relevant to Delaware's marine and bay spatial planning process, based on the report from the Dewberry Engineers (2018):
> 
> "In the process of implementing spatial planning for Delaware's ocean and bays, several significant issues and data needs have been outlined. Sand and sediment management pose complicated challenges, such as identifying suitable sand extraction sites and managing beach nourishment, according to Dewberry Engineers (2018).
> 
> A more sophisticated understanding of sediment and littoral transport is also required. Missing datasets include synthesized oceanographic parameters, vessel traffic, and specific commercial fishing effort data. There's the need for a holistic human and cultural use database as well, as this influences various aspects of marine planning.
> 
> Bathymetric data, information about species and habitats, particularly the benthic habitat and essential fish habitat, are also parts of the necessary data currently lacking comprehensive details. In addition, a sophisticated understanding of nearshore aquatic vegetation and data related to pre-existing infrastructures such as oil and gas pipelines and cables is needed. 
> 
> On the topic of water quality, more consistent and wide-ranging data requirements exist, covering not just marine debris, harmful algal blooms, and oil spills but also less common issues like ocean acidification. 
> 
> In general, there is a major need for integrated, high-resolution geospatial data about the marine environment, its use, and the impacts of those uses, to effectively manage and plan along Delaware's coasts."
> 
> This summary outlines major data gaps relevant to your focus without listing every item from the Dewberry report. Nonetheless, it is important to note that each of the data requirements identified by the Dewberry Engineers contributes to a better understanding and management of the Delaware bay and ocean areas.
> 
