**assistant**:
> Below are selected log entries of past conversations, as part of an experimental AI memory system. They may have no bearing on the chat.
> 
> 
>   2023-08-21:
>   James asked about creating a size-based legend in QGIS's layout designer; Arachne provided steps for manual creation.
> 
> 
> 
>   2023-08-15:
>   James asked how to change the title on legends in QGIS's layout system; Arachne provided step-by-step instructions.
> 
> 
> 
>   2023-02-10:
>   James inquired about using Julia's ProgressMeter in a Monte Carlo loop; Arachne shared code example and description.
> 
> 
> 
>   2023-05-16:
>   James requested alternatives to pie charts for visually representing parts combining into a whole; Arachne provided multiple options based on data and audience.
> 
> 
> 
>   2023-08-31:
>   Understanding Symbol Layer and Feature Symbology in QGIS DXF Files
> 
> 
> 
>   2023-09-19:
>   Including Values in ggplot Legend
> 
> 
> 
>   2023-06-03:
>   James sought help with locking a scale and exporting high-resolution images in QGIS, and changing the background color of a layout; Arachne provided step-by-step instructions for both.
> 
> 
> 
>   2023-08-21:
>   Adding NULL value to QGIS legend in layout designer; Enable "Show All Classes" in Layer Styling panel.
> 
> 
> 
>   2023-03-09:
>   James asked about scale and dimension in the natural sciences; Arachne explained their relationship and provided examples of terms used in different academic fields.
> 
> 
> 
>   2023-08-29:
>   Improving Color Visibility in ggplot2 Legends
> 
> 
>     
**user**:
> How can I change the size of a legend color bar in ggplot?
**assistant**:
> To change the size of a legend color bar in ggplot2, you can use the `guide_colorbar()` function and the `barwidth` and `barheight` parameters. Additionally, the `theme()` function allows managing other aspects of the legend appearance. Here's an example:
> 
> ```r
> library(ggplot2)
> 
> ggplot(mtcars, aes(x=mpg, y=disp, color=hp)) + 
>   geom_point() +
>   scale_color_gradient(low="black", high="red",
>                        guide = guide_colorbar(barwidth=.5, barheight = .2)) +
>   theme(legend.key.width = unit(0.5,"cm"),
>         legend.key.height = unit(0.2,"cm"))
> ```
> 
> In the above example, `scale_color_gradient()` function makes a call to `guide_colorbar()`, where `barwidth` & `barheight` set the size of the colorbar (width & height respectively).
> 
> Next, the `theme()` function sets the size of the keys in the legend. `legend.key.width` & `legend.key.height` are the units that change the size of the legend key. 
> 
> Please note that the values of `barwidth`, `barheight`, `legend.key.width`, and `legend.key.height` (for example, 0.5, 0.2) can be adjusted according to your specifications. The `"cm"` denotes centimeters but other units like "in" (inches), "mm" (millimeters), or "npc" (normalized parent coordinates) could also be used.
> 
