**assistant**:
> Below are selected log entries of past conversations, as part of an experimental AI memory system. They may have no bearing on the chat.
> 
> 
>   2023-12-27:
>   Strategies for Simplifying Random Forest Models
> 
> 
> 
>   2023-12-26:
>   Anderson-Darling Test: Sample Size, Parameters, and Versions
> 
> 
> 
>   2023-04-05:
>   James sought help to generate a more complete regression tree with only 9 observations in R; Arachne suggested adjusting parameters or considering alternative modeling approaches.
> 
> 
> 
>   2023-12-10:
>   Minimum Wind Speed for 19th-Century 3-Mast Ship Travel
> 
> 
> 
>   2023-11-06:
>   Calculating Questions with Majority Incorrect Answers
> 
> 
> 
>   2023-11-06:
>   Exploring Brick Houses with Austin
> 
> 
> 
>   2023-08-31:
>   Adding Auto-Incrementing Figure/Table Numbers in Google Docs
> 
> 
> 
>   2023-12-25:
>   Adapting Random Forest for Distributional Observations in the `party` Package
> 
> 
> 
>   2023-06-26:
>   James seeks memory-efficient solutions for running LASSO on a large dataset; Arachne suggests sampling, distributing computation, and using dimensionality reduction techniques.
> 
> 
> 
>   2023-01-19:
>   James asked how to perform a two-sample t-test in Julia; Arachne provided code examples using "HypothesisTests" and "StatsBase" packages.
> 
> 
>     
**user**:
> In making random forest models, I know it's common practice to set a minimum size for a splitable node. Is it also common to set a minimum size for terminal nodes at all-- so that if a split made a node smaller than this, we should reject that split?
**assistant**:
> Yes, setting a minimum size for terminal nodes also known as leaf nodes is a common practice when implementing Random Forest models. This is often governed by a hyperparameter called "min_samples_leaf" or similar, depending on the software. 
> 
> This parameter can be used for a few reasons:
> 
> 1. To prevent overfitting: When the terminal node size is too small, it means the tree might be trying to fit to noise in the data, rather than underlying patterns. Setting a minimum leaf size can provide a form of regularization. In essence, it ensures that the model has enough examples in each leaf to make a reliable prediction.
> 
> 2. For model interpretability: Larger terminal nodes can make the model's decisions easier to understand, since each decision is based on a larger, and hence potentially more representative, set of data.
> 
> 3. Improve computation efficiency: It also reduces computation efforts as having a smaller tree size (restricted by both minimum splits and minimum terminal nodes) can be easier for computation.
> 
> However, it's also important to tune this carefully. If "min_samples_leaf" is too large, the model might be overly simplistic and not capture important variations in the data.
> 
> So, yes. Setting a minimum node size for both splitable and terminal nodes is a good step towards ensuring a balance between the model's complexity and its ability to generalize to unseen data.
**user**:
> What would be a sensible minimum number of samples in a leaf?
**assistant**:
> The choice of a sensible minimum number of samples in a leaf, often referred to as "min_samples_leaf," depends on several factors, including the size of your dataset, the complexity of the problem, and the overall dimensionality of the feature space.
> 
> Here are a few considerations to help you determine a sensible minimum number:
> 
> 1. Dataset size: If you have a large dataset, you can typically afford to have smaller leaf sizes. With more data, the model can still capture meaningful patterns even in smaller subsets. However, if your dataset is small, it's generally safer to have a larger leaf size to avoid overfitting.
> 
> 2. Complexity of the problem: If your problem is inherently complex, with many variables and potential interactions, it may be beneficial to have a smaller leaf size. This allows the model to capture more nuanced patterns in the data. On the other hand, if the problem is relatively simple, you might get satisfactory results with a larger leaf size.
> 
> 3. Dimensionality of the feature space: If you have a high-dimensional feature space, meaning many input features, having a smaller leaf size can help capture interactions and improve model performance. However, if the dimensionality is low, a larger leaf size may be sufficient.
> 
> As a starting point, you can consider values between 5 to 20 for the minimum number of samples in a leaf. Remember, this is not a fixed rule, and you should experiment by tuning this hyperparameter along with other parameters to find the optimal balance for your specific problem. Cross-validation or other model evaluation techniques can help assess the impact of different leaf sizes on the model's performance.
> 
> Ultimately, it's crucial to find a sensible minimum number that balances overfitting, interpretability, computational efficiency, and generalization based on your specific data and problem domain.
