**user**:
> My wife is planning an intention/goal-setting workshop for a group of professional women (the local chapter of Women Investing for a Sustainable Economy), and was wondering if you have any suggestions for frameworks for doing this.
**assistant**:
> Certainly, I would be happy to provide a few suggestions for frameworks that she might use for an intention/goal-setting workshop, tailored for professional women with an interest in investing for a sustainable economy.
> 
> 1. **The SMART Framework**: One of the most commonly employed goal-setting frameworks is the SMART framework. It encourages people to make their goals Specific, Measurable, Achievable, Relevant, and Time-bound:
> 
>     - *Specific*: Have clear, specific goals, so you know exactly what to do.
>     - *Measurable*: Have goals that you can easily track, so you know if you are progressing.
>     - *Achievable*: Set realistic goals that you have the resources and ability to achieve.
>     - *Relevant*: Your goals should be relevant to your life and larger priorities or values (in this case, sustainable investing).
>     - *Time-bound*: Set time limits for your goals to keep yourself accountable.
> 
> 2. **The GROW Model**: This coaching model focuses on an individual's current Reality, and their ability to identify and maximize their own resources and capabilities. Specifically, it focuses on Goal, Reality, Options, and Will:
> 
>     - *Goal*: The end towards which the effort is directed.
>     - *Reality*: The present situation or circumstances.
>     - *Options*: The different choices or paths you can take to achieve your goal.
>     - *Will*: The commitment to take action and make the aspirations a reality.
> 
> 3. **OKR (Objectives & Key Results)**: This model is popular in the business world and is used by giants like Google, but can also be adapted for personal development. It's effective for aligning groups around audacious goals:
> 
>     - *Objectives*: What one aims to achieve. They should be clear, inspirational, and challenging.
>     - *Key Results*: How you're going to achieve it. They should be measurable, time-bound, and limited in number.
> 
> 4. **Values-Based Goal Setting**: In this method, the first step is to establish a clear set of personal values, or confirm the values of the group (in this case, sustainable investing could be one of the key shared values), then align the goals to these values. This can provide increased motivation and connection to the goals.
> 
> 5. **The Theory of Change**: This can be particularly helpful in a sustainability context. This theory is used mostly in project planning and evaluation, and it argues that in order to arrive at a long-term goal, you must also achieve a number of preconditions.
> 
> I hope these suggestions are helpful! They can be mixed and matched depending on the needs and constraints of the group.
**user**:
> How would you plan out a 30-minute activity for about 10 people, for it to be fun with positive results?
**assistant**:
> Planning a 30-minute activity for about 10 people that is both fun and yields positive results requires careful consideration. Here's a simple framework to help you plan such an activity:
> 
> **1. Introduction (5 minutes):**
> Start the activity by warmly welcoming and introducing everyone. Set the tone for the activity, emphasizing the importance of participation, collaboration, and positivity.
> 
> **2. Icebreaker/Warm-up (5 minutes):**
> Engage the participants with a quick icebreaker or warm-up activity to create a positive and interactive atmosphere. This can be a simple game like "Two Truths and a Lie," a quick round of introductions with a unique question or prompt, or any other activity that encourages participants to get to know each other better.
> 
> **3. Main Activity (15 minutes):**
> Choose an activity that aligns with the goals of the workshop and keeps participants engaged. It should be interactive, thought-provoking, and encourage active participation. Here are a few example activities:
> 
> - **Group Brainstorming Session**: Pose a specific question or challenge related to sustainable investing and ask participants to brainstorm ideas and solutions collectively. Encourage open discussion and collaboration among the participants.
> 
> - **Case Study Discussion**: Present a real-life case study related to sustainable investments and ask participants to analyze it, identify key issues or opportunities, and suggest potential solutions. Encourage diverse perspectives and facilitate an open dialogue.
> 
> - **Interactive Simulation/Game**: Use a simulation or game that allows participants to experience the complexities and trade-offs involved in sustainable investing. For example, you could use a stock market simulation game with a focus on environmentally responsible investments, and let participants make investment decisions and reflect on their impact.
> 
> **4. Reflection and Conclusion (5 minutes):**
> Wrap up the activity by allowing time for individual or group reflection. Ask participants to share their key takeaways or insights from the activity and discuss how they can apply what they've learned to their own lives or work. Emphasize the collaborative and positive nature of the discussion. Finally, thank participants for their engagement and conclude the activity on an encouraging note.
> 
> Remember to consider the specific needs and preferences of the group and adjust the activities accordingly. It's also important to keep a flexible mindset and be prepared to adapt the activity based on the flow of the group and any unforeseen circumstances that might arise.
**user**:
> One idea that she had was to have people split into pairs and fill out the blanks in an IKIGAI diagram, which asks what do you love, what does the world need, what can be paid for, and what are you good at. Can you propose something more along these lines?
**assistant**:
> Certainly! Building on the IKIGAI concept, here's an activity that can encourage self-reflection, meaningful discussions, and goal-setting:
> 
> **Activity: "Purposeful Pathways"**
> 
> **Objective:** To explore individual passions, skills, values, and potential areas of impact and align them with sustainable investing.
> 
> **Materials:** Paper, markers, and copies of the "Purposeful Pathways" worksheet (one per pair of participants).
> 
> **Instructions:**
> 
> 1. Introduction (5 minutes)
>    - Introduce the concept of IKIGAI as a framework for finding purpose and meaning in life.
>    - Explain that the activity will focus on identifying individual passions, skills, values, and potential areas of impact within the context of sustainable investing.
> 
> 2. Purposeful Pathways Worksheet (10 minutes)
>    - Distribute the "Purposeful Pathways" worksheet to each pair of participants.
>    - Instruct participants to individually fill out the worksheet, answering the following questions:
>      - What do you love? (Passion): Write down activities, causes, or areas that ignite your enthusiasm and inspire you.
>      - What are you good at? (Skills): Identify your strengths, talents, and skills.
>      - What does the world need? (Values): Consider the pressing global challenges or societal needs related to sustainable investing.
>      - What can be paid for? (Impact): Reflect on the opportunities to make a positive impact in the field of sustainable investing that can align with financial sustainability.
>    - Encourage participants to take their time and be thoughtful in their responses.
> 
> 3. Meaningful Pair Discussions (10 minutes)
>    - Pair up participants and ask them to share their responses to each question on the worksheet.
>    - Instruct participants to actively listen to their partner's responses and engage in a meaningful discussion.
>    - Encourage participants to ask follow-up questions, provide insights, and offer suggestions to each other.
> 
> 4. Group Sharing and Reflection (5 minutes)
>    - Bring the participants back together as a whole group.
>    - Invite volunteers to share any insights, key takeaways, or aha moments from their discussions.
>    - Lead a short reflection by asking participants how this exercise has influenced their perspective on sustainable investing and their goals.
> 
> 5. Conclusion
>    - Summarize the key points discussed throughout the activity.
>    - Encourage participants to carry their insights forward and consider how they can integrate their passions, skills, values, and potential areas of impact into their work and personal
