**assistant**:
> The most relevant past conversation is the one from **2024-09-27 23:13:46**, where James inquired ab
**user**:
> I'm reading about the rivalry between Springfield and Hartford around grain sales in the mid-17th century. I see in Wikipedia, "Outraged, Springfield forever sided with the Massachusetts Bay Colony, a Puritan settlement in Boston, rather than with the Connecticut Colony, which was much closer geographically and far more compatible ideologically." What do they mean compatible ideologically?
**assistant**:
> The statement about Connecticut and Massachusetts Bay Colonies' ideological compatibility likely refers to the nuances within Puritanism and the political and economic differences between the colonies. 
> 
> While both colonies were founded by Puritans, the Connecticut Colony, led by figures like Thomas Hooker, promoted a more democratic political structure, reminiscent of their emphasis on more congregational independence. This might have suggested a more progressive stance compared to the more conservative Massachusetts Bay Colony, known for its strict adherence to Puritan orthodoxy and centralized control.
> 
> However, when the excerpt mentions ideological compatibility, it might refer to shared principles or theological points like the congregational church establishment or governance styles. Despite these commonalities, Springfield chose Massachusetts over Connecticut due to economic and political factors arising from the grain trade rivalry with Hartford.
> 
> These nuances in "ideological compatibility" show that practical considerations (like one's prosperity) often outweighed shared ideological principles. It might also suggest that Massachusetts offered Springfield certain economic or governance advantages not found with Connecticut. To gain a more complete picture, you might need to explore historical accounts or scholarly works that address Puritan governance, colonial political economies, and inter-colonial relations during that period.
**user**:
> I'm also trying to understand a certain move my ancestor made in 1668, from Salem, MA to Windsor, CT. It seems like Windsor was not as big a town as Springfield or Hartford. Why would he have gone there?
**assistant**:
> Your ancestor's move from Salem, MA to Windsor, CT in 1668 might seem counterintuitive given Windsor's smaller size compared to more prominent towns like Springfield or Hartford, but there are a few potential reasons for this relocation:
> 
> 1. **Land and Economic Opportunity**: Windsor, being a newer settlement, may have offered more available land and opportunities for farming, trade, or entrepreneurship. Many settlers sought out areas where they could establish farms or businesses, often looking for less crowded regions to avoid competition.
> 
> 2. **Religious Freedom**: If your ancestor was seeking a more congenial religious environment, Windsor could have provided a more conducive atmosphere for worship and the practice of their beliefs. The Puritan movement had diverse beliefs, and some might have sought communities that aligned more closely with their views.
> 
> 3. **Family Presence**: There may have been family or friends already settled in Windsor who could provide support or assistance. Networks of family and community played a crucial role in settlement decisions during this time.
> 
> 4. **Political Factors**: Local loyalties might have played a part. Disillusionment with Salem’s governance or disputes among local leaders could have prompted your ancestor to seek a fresh start in a different community.
> 
> 5. **Lifestyle Preferences**: Some individuals favored smaller, more rural settings over larger towns for a simpler lifestyle or a closer-knit community.
> 
> 6. **Independence and Autonomy**: As towns evolved, some settlements like Windsor may have appealed to those who desired a sense of independence from larger, more bureaucratic towns.
> 
> Historical context surrounding migration trends and individual motivations could provide deeper insights into your ancestor's decision. Researching local records, land grants, and personal accounts from that period may reveal additional information specific to your ancestor's situation.
