**assistant**:
> The most relevant entry is from **2025-03-03 15:38:10**.  This synopsis details a previous conversat
**user**:
> I have a sparse matrix in dgCMatrix format in R. Can I convert this to a sparse matrix with slots for the row and column of each value?
**assistant**:
> Yes, you can convert a `dgCMatrix` (a sparse matrix format from the `Matrix` package in R) to a format that explicitly lists the row and column indices of each non-zero entry. This is often referred to as a triplet or coordinate list (COO) format. Here’s how you can do it:
> 
> 1. Use the `summary()` function on your `dgCMatrix`. This function returns a data frame with the row indices, column indices, and values of the non-zero elements of the matrix.
> 
> 2. You can convert this into a more traditional sparse matrix representation, where each triplet consists of a row index, a column index, and a value.
> 
> Here’s some sample R code to achieve this:
> 
> ```r
> library(Matrix)
> 
> # Assume your sparse matrix is named `sparse_matrix`
> # Example creation of a dgCMatrix
> # sparse_matrix <- Matrix(c(0, 4, 0, 0, 0, 5, 0, 0, 3), nrow = 3, sparse = TRUE)
> 
> # Get the triplet representation
> triplet_df <- summary(sparse_matrix)
> 
> # Rename the columns for clarity (Row, Column, Value)
> colnames(triplet_df) <- c("Row", "Column", "Value")
> 
> # Convert row and column indices to 1-based indexing, if needed
> # triplet_df$Row <- triplet_df$Row + 1
> # triplet_df$Column <- triplet_df$Column + 1
> 
> triplet_df
> ```
> 
> This `triplet_df` will have three columns: `Row`, `Column`, and `Value`, representing the indices and values of the non-zero elements in your original sparse matrix.
> 
> Let me know if you need more clarification or further assistance!
**user**:
> Is there a way to find out which columns of a given dgCMatrix row are non-zero efficiently without doing this?
**assistant**:
> Yes, you can efficiently find out which columns of a specific row in a `dgCMatrix` are non-zero without converting the entire sparse matrix to another format. You can achieve this by directly accessing the internal slots of the `dgCMatrix` object.
> 
> Here's how you can do that in R:
> 
> 1. Use the `i`, `p`, and `x` slots of the `dgCMatrix` to identify non-zero elements in the specified row.
> 
> Here's a function to help you do that:
> 
> ```r
> library(Matrix)
> 
> # Function to get non-zero columns indices for a specific row in dgCMatrix
> get_non_zero_columns <- function(sparse_matrix, row_index) {
>   # Check if the row_index is valid
>   if (row_index < 1 || row_index > nrow(sparse_matrix)) {
>     stop("Row index out of bounds.")
>   }
>   
>   # Get the pointer and index for the specified row
>   start_index <- sparse_matrix@p[row_index]
>   end_index <- sparse_matrix@p[row_index + 1]
>   
>   # Get column indices and values for the non-zero elements
>   col_indices <- sparse_matrix@j[start_index:(end_index - 1)]
>   
>   # Return the non-zero column indices
>   return(col_indices + 1)  # Return 1-based index if needed
> }
> 
> # Example usage
> # sparse_matrix <- Matrix(c(0, 4, 0, 0, 0, 5, 0, 0, 3), nrow = 3, sparse = TRUE)
> # non_zero_cols_row_2 <- get_non_zero_columns(sparse_matrix, 2)
> # print(non_zero_cols_row_2)
> ```
> 
> ### Explanation:
> - The `@p` slot contains the index of the beginning of each column in the `@j` and `@x` arrays.
> - By specifying the row, the function retrieves the range of indices corresponding to that row's non-zero entries using the pointer array.
> - The `@j` slot contains the column indices of the non-zero values in the `x` slot. This gives you the non-zero column indices for the row you are interested in.
> 
> This method is efficient because it directly accesses the sparse matrix's structure without needing to extract or transform all the data.
> 
> Let me know if you have further questions or need additional assistance!
**user**:
> That can't be right. The dgCMatrix does not have a j slot.
**assistant**:
> You're right, and I apologize for the confusion! The `dgCMatrix` class does not have a `j` slot. Instead, it uses `i` for the row indices of non-zero values, `p` for the column pointers, and `x` for the values themselves. 
> 
> To find out which columns of a specific row in a `dgCMatrix` are non-zero, you can still use `p` and `i` appropriately. Here’s the correct approach:
> 
> ### Finding Non-Zero Columns in a Specific Row
> 
> ```r
> library(Matrix)
> 
> # Function to get non-zero columns indices for a specific row in dgCMatrix
> get_non_zero_columns <- function(sparse_matrix, row_index) {
>   # Check if the row_index is valid
>   if (row_index < 1 || row_index > nrow(sparse_matrix)) {
>     stop("Row index out of bounds.")
>   }
> 
>   # Get the pointers for the columns
>   start_index <- sparse_matrix@p  # Starting index for each column
>   end_index <- sparse_matrix@p[row_index + 1]  # End of the row's non-zero entries
> 
>   # Get row-indices and values for the non-zero elements in the specified row
>   row_indices <- sparse_matrix@i[start_index:(end_index - 1)]
>   
>   # Get the column indices (1-based)
>   col_indices <- which(row_indices == (row_index - 1)) + start_index - 1
> 
>   return(col_indices + 1)  # Convert to 1-based indexing
> }
> 
> # Example usage
> sparse_matrix <- Matrix(c(0, 4, 0, 0, 0, 5, 0, 0, 3), nrow = 3, sparse = TRUE)
> non_zero_cols_row_2 <- get_non_zero_columns(sparse_matrix, 2)
> print(non_zero_cols_row_2)
> ```
> 
> ### Explanation:
> 1. **Row Check**: Verify that the `row_index` is valid.
> 2. **Pointers**: Use `@p` to find the start and end indices for the specified row's non-zero values.
> 3. **Row Indices**: Retrieve the indices in the `@i` slot corresponding to the non-zero values.
> 4. **Find Columns**: Use `which` to determine the column indices where there are non-zero entries that match the specified row.
> 
> ### Complexity:
> This method uses the internal structure of the `dgCMatrix`, avoiding unnecessary transformations while efficiently identifying non-zero column indices.
> 
> Thank you for your patience, and I appreciate your correction! Let me know if you need any more help!
