**assistant**:
> Below are selected log entries of past conversations, as part of an experimental AI memory system. T
**user**:
> can you creat a postcard for miliary fmailies ?
**assistant**:
> Sure, I'd be happy to help create a postcard for military families! Here's a suggestion for the layout and text, based on a traditional 6"x4" postcard format:
> 
> **Front:** 
> * Picture: An image illustrating a warm home environment intertwined with elements of military imagery (e.g., boots placed at a door with a heart-shaped American flag pinned on it).
> * Text: Boldly overlaid on the image, "Honoring Your Service and Sacrifice". 
> 
> **Back:**
> * Left Side:
>   * Space for personalized note 
> * Right Side (on top):
>   * Text: "A heartful gratitude to our heroes at home. Your commitment, courage, and love fuel the strength of our Nation. We recognize and thank you for your patience during separations, resilience in testing times, and the unwavering support you provide. Your sacrifices are seen and appreciated. Thank you for your service and immense contribution."
> * Right Side (bottom):
>   * Space for recipient's address & stamp placeholder
> 
> Remember, this is just an example; a real postcard could leverage visuals and graphics to communicate the messaging more emotionally. Unfortunately, as an AI, I can't design a physical postcard, but I hope this layout and messaging helps.
