**assistant**:
> Below are selected log entries of past conversations, as part of an experimental AI memory system. T
**user**:
> I have a string (actually a list of strings, one per line) that contains the contents of a CSV file. How can I load that into a pandas data frame?
**assistant**:
> You can load a string that contains CSV formatted data into a pandas DataFrame using the `StringIO` class from the `io` module in Python's standard library. `StringIO` provides a convenient means of working with text in memory using the file API, and pandas can read this StringIO object like it was a regular file.
> 
> Here's how you can do this:
> 
> ```python
> import pandas as pd
> from io import StringIO
> 
> # Assume lines is your list of strings
> lines = ["col1,col2,col3", "1,2,3", "4,5,6", "7,8,9"]
> 
> # Join the list into a single string with new line characters between lines
> csv_as_string = "\n".join(lines)
> 
> # Use StringIO to turn the string into a file-like object
> csv_as_filelike_object = StringIO(csv_as_string)
> 
> # Use pandas to read the csv
> df = pd.read_csv(csv_as_filelike_object)
> 
> print(df)
> 
> # That should give you:
> #    col1  col2  col3
> # 0     1     2     3
> # 1     4     5     6
> # 2     7     8     9
> ```
> 
> This approach is helpful when you are dealing with CSV data stored in a string format instead of in an actual file.
**user**:
> How should I iterate through pandas rows in a loop?
**assistant**:
> You can iterate through rows in a pandas DataFrame using the `iterrows()` method. However, it's worth noting that iterating through rows in a loop is not always the most efficient way to work with DataFrames, especially for large datasets. Vectorized operations and using built-in pandas functions tend to be more performant.
> 
> Nonetheless, if you still need to iterate through rows, you can use `iterrows()` like this:
> 
> ```python
> import pandas as pd
> 
> # Create a sample DataFrame
> data = {'A': [1, 2, 3], 'B': [4, 5, 6]}
> df = pd.DataFrame(data)
> 
> # Iterate through rows using iterrows
> for index, row in df.iterrows():
>     # Access each element in the row by column name
>     print(f'Row index: {index}')
>     print(f'Values in columns A and B: {row["A"]}, {row["B"]}')
> ```
> 
> In the loop, `index` will contain the index label of the row, and `row` will be a pandas Series representing the data in that row. You can access values in the row by column name as shown in the example.
> 
> Remember that iterating through rows is slower compared to using vectorized operations in pandas. If possible, consider using pandas functions that operate on entire columns at once to improve performance.
