**assistant**:
> Below are selected log entries of past conversations, as part of an experimental AI memory system. T
**user**:
> Is there a way to translate from R2 values as calculated by a model that is given 5-year averages to the corresponding R2 that would be produced if it had been run on annual data?
**assistant**:
> Translating R² values from a model using 5-year averages to what might have been derived from annual data is tricky, as it heavily depends on the underlying data structure and the nature of the variability captured in your model. Here are some key points to consider:
> 
> 1. **Loss of Granularity:** When you average data over 5-year periods, you inherently lose much of the annual variability. This can lead to a higher R² when using averaged data, as the model may capture a more stable trend rather than capturing the actual, potentially more erratic, annual fluctuations.
> 
> 2. **Temporal Dynamics:** Any cyclical or lagged effects present in the annual data may be smoothed out in the 5-year averages. If such effects are significant, they can affect the correspondence between the R² values.
> 
> 3. **Trend Emphasis:** If the main influences on the R² in the averaged model are long-term trends, the 5-year model might adequately represent those, potentially inflating R² compared to annual data which might include random fluctuations that reduce R².
> 
> 4. **Model Structure:** Consider implementing a model on the annual data to directly assess how R² differs instead of purely translating between them theoretically. This comparison might reveal additional influences such as serial correlation.
> 
> 5. **Simulation Approach:** If you have access to the underlying dataset and model, simulate both models—one with annual data, one with 5-year averages—and compare the two R² values. This empirical comparison will likely provide more accurate insights about the relationship between them.
> 
> If you want to estimate how much an R² value might differ in these scenarios theoretically, assuming some known characteristics of the data, this would involve complex statistical modeling that considers variance, autocorrelation, and how your particular model handles these.
> 
> To proceed, it might be useful to explore these dynamics further using statistical simulations or to adjust and test your model with different aggregation levels until you reach insights about the influence of temporal resolution on performance metrics.
