**assistant**:
> Below are selected log entries of past conversations, as part of an experimental AI memory system. T
**user**:
> I recently got an journal editor's response rejecting my paper, but the reviews seem like they don't justify the decision. How do I write a request for reconsideration?
**assistant**:
> Writing a request for reconsideration requires a careful balance of professionalism, clarity, and respect for the editor's and reviewers' perspectives. Here’s a step-by-step guide for drafting your request:
> 
> 1. **Subject Line:**
>    - "Request for Reconsideration of Manuscript [Title/ID]"
> 
> 2. **Salutation:**
>    - Address the editor personally, using their surname if known (e.g., "Dear Dr. Smith,").
> 
> 3. **Introduction:**
>    - Thank the editor for considering your manuscript and for the feedback received.
>    - Briefly state your request for reconsideration and the key reason you believe this is warranted.
> 
> 4. **Acknowledge the Reviewers:**
>    - Show appreciation for the reviewers' comments and acknowledge any constructive feedback.
> 
> 5. **Clarify Misunderstandings:**
>    - Politely point out any misunderstandings or inaccuracies in the reviewers' comments.
>    - Provide evidence or references from your paper or complement with additional literature to support your argument.
> 
> 6. **Address Critiques:**
>    - Explain how you plan to revise the paper to address specific criticisms. Highlight any already-implemented changes if applicable.
> 
> 7. **Highlight Strengths:**
>    - Reinforce the key contributions and novelty of your research that may not have been fully appreciated by the reviewers.
> 
> 8. **Conclude Politely:**
>    - Request a reconsideration of your submission and express your hope that your revisions will meet the journal’s standards.
>    - Thank the editor again and leave an open invitation for further questions or discussions.
> 
> 9. **Contact Information:**
>    - Include your contact details for easy correspondence.
> 
> Here’s a template to get you started:
> 
> ---
> 
> **Subject:** Request for Reconsideration of Manuscript [Title/ID]
> 
> **Dear Dr. [Editor’s Last Name],**
> 
> I hope this message finds you well. I am writing to express my gratitude for the detailed feedback provided on our manuscript, "[Title]." While we respect the reviewers' assessments, I believe there are aspects that might benefit from reconsideration.
> 
> Firstly, I am grateful for the valuable insights pointed out, particularly regarding [specific feedback]. Upon reviewing the comments, it appears there might have been a misunderstanding regarding [specific issue]. In section [X] of the manuscript, we addressed this with [brief explanation or reference]. To further clarify, I have included additional references and revised that section in the new draft.
> 
> Furthermore, regarding [another specific critique], we have made substantial revisions such as [describe changes] which, I believe, significantly enhance the contributions highlighted in the original submission.
> 
> Given the importance of [subject matter] and the unique insights our study provides [mention novelty or impact], I respectfully request that you reconsider the decision.
> 
> Thank you for your time and for allowing this opportunity to clarify and address the issues raised. Please feel free to contact me if any further information or discussion is required.
> 
> Warm regards,
> 
> [Your Full Name]  
> [Your Affiliation]  
> [Your Contact Information]
> 
> ---
> 
> Remember to keep the tone respectful and open to further dialogue. Good luck!
