**user**:
> I'm considering selling CPU time to the MQL5 Cloud Network. What should I be concerned about?
**assistant**:
> Sure, I can point out some potential concerns:
> 
> ### 1. Energy Consumption
> Running your CPU at high capacity for extended periods can significantly increase your electricity bill. Consider the energy efficiency of your hardware and the cost of electricity in your area.
> 
> ### 2. Wear and Tear
> Prolonged high CPU use can shorten the lifespan of your equipment due to higher temperatures and increased operation time. Make sure your hardware is properly ventilated and cooled.
> 
> ### 3. Security
> While MQL5 Cloud Network claims to be secure, it's always possible that hackers, malware, or other threats could exploit vulnerabilities. Ensure you have robust cybersecurity measures in place.
> 
> ### 4. Privacy
> Cloud compute power providers often have access to machine data which can potentially pose privacy issues. Check MQL5's terms and conditions to determine what information they collect.
> 
> ### 5. Profitability
> The return on investment could be minimal, especially when you factor in potential damage to your equipment and energy use. Estimate your potential earnings and compare them with costs.
> 
> ### 6. Limited Computer Accessibility
> If your CPU is being heavily used, you may experience lag or unresponsiveness when trying to use your computer for other tasks.
> 
> ### 7. Policy violations
> Make sure selling CPU time doesn't violate any policies of your internet service provider or local laws/regulations.
> 
> Remember, these are potential concerns. Your actual experience will depend on many factors, including the specifics of your hardware, your local conditions, and how heavily you use the MQL5 Cloud Network.
