**assistant**:
> Below are selected log entries of past conversations, as part of an experimental AI memory system. T
**user**:
> I was told that international spillover effects (where impacts on one company affect others) can be understood with I/O tables, where there's a very simple result called domar weights. I believe it's that the total sales divided by GDP can be used to calculate total "with trade" losses. Can you explain what this is?
**assistant**:
> Domar weights are an interesting concept in the context of understanding spillover effects in economic systems, particularly when using Input-Output (I/O) tables. They help quantify the importance of different sectors within an economy, by measuring the proportional contribution of a sector's output to the total economy's output, which can be crucial for understanding how shocks to one sector might cascade through the economy.
> 
> Here's a breakdown of the idea:
> 
> 1. **I/O Tables**: These tables describe the relationships between industries in an economy, showing how the output of one industry is an input to another. They help model the flow of goods and services through the economy.
> 
> 2. **Total Sales and GDP**: In an I/O framework, the total sales from each sector reflect its gross output, whereas GDP (Gross Domestic Product) is the aggregated value added by these sectors. 
> 
> 3. **Domar Weight**: The Domar weight for a sector is calculated as the ratio of its total sales (gross output) to GDP. This weight represents the sector's contribution to the economy as a whole, capturing both its direct output and its indirect contribution through inputs to other sectors.
> 
> 4. **Application to Spillover Effects**: When considering a shock, such as a climate impact or policy change, that affects the output of one sector, Domar weights help assess the broader economic impact by considering not just direct losses in that sector, but also the indirect effects propagated through its linkages with other sectors.
> 
> 5. **"With Trade" Losses**: By using Domar weights, you can estimate the total economic loss, including trade effects, due to a sectoral impact. Specifically, multiplying a sector's Domar weight by the anticipated shock to that sector provides an estimate of the overall effect on the economy, considering both domestic interdependencies and international trade.
> 
> In summary, Domar weights provide a simplified yet powerful way to gauge the systemic importance of different sectors and to quantify how disturbances in one part of the economy can have ripple effects across the entire economic system, especially in the context of I/O analysis.
**user**:
> Can you write out the equation for what the "with trade" losses would be?
**assistant**:
> Certainly! The "with trade" losses can be estimated using Domar weights in the context of Input-Output (I/O) analysis. Here's how you can express that mathematically:
> 
> ### Equation for "With Trade" Losses
> 
> Let:
> - \( L \) = Total "with trade" losses
> - \( D_i \) = Domar weight for sector \( i \)
> - \( \Delta S_i \) = Shock to the sales of sector \( i \)
> - \( N \) = Total number of sectors
> 
> The equation for total losses can be expressed as:
> 
> \[
> L = \sum_{i=1}^{N} D_i \cdot \Delta S_i
> \]
> 
> ### Explanation of Terms
> 
> - **\( D_i \)**: Represents the Domar weight for sector \( i \), which is calculated as \(\frac{\text{Total Sales of Sector } i}{\text{GDP}}\).
> - **\( \Delta S_i \)**: Represents the change (or shock) in sales for sector \( i \), which could be a negative change due to an impact like climate change or policy shifts.
> - **\( N \)**: Total number of sectors in the economy being considered.
> 
> ### Interpretation
> 
> In this equation:
> - You are summing the products of the Domar weights and the shocks across all sectors. This gives you a holistic view of how the negative impacts in various sectors can spill over and affect the entire economy, accounting for trade interactions.
> 
> Using this approach allows policymakers and economists to better understand the broader economic implications of localized disturbances.
