**user**:
> Here is page {'/ArtBox': [0.0, 0.0, 595.276, 841.89], '/BleedBox': [0.0, 0.0, 595.276, 841.89], '/Contents': IndirectObject(295, 0, 140550579350976), '/CropBox': [0.0, 0.0, 595.276, 841.89], '/MediaBox': [0.0, 0.0, 595.276, 841.89], '/Parent': IndirectObject(374, 0, 140550579350976), '/PieceInfo': {'/InDesign': {'/DocumentID': 'xmp.did:2dbbdd67-133c-4ea4-9a2a-dbf2d2c04bd9', '/LastModified': 'D:20221202154206Z', '/NumberofPages': 1, '/OriginalDocumentID': 'xmp.did:ed6f35f8-e506-4974-8354-2c9a327d9ad0', '/PageUIDList': {'/0': 16223}, '/PageWidthList': {'/0': 595.276}}}, '/Resources': {'/ExtGState': {'/GS0': IndirectObject(381, 0, 140550579350976), '/GS1': IndirectObject(380, 0, 140550579350976)}, '/Font': {'/T1_0': IndirectObject(389, 0, 140550579350976), '/T1_1': IndirectObject(317, 0, 140550579350976), '/T1_2': IndirectObject(359, 0, 140550579350976), '/T1_3': IndirectObject(392, 0, 140550579350976)}, '/ProcSet': ['/PDF', '/Text'], '/XObject': {'/Fm0': IndirectObject(335, 0, 140550579350976)}}, '/Rotate': 0, '/TrimBox': [0.0, 0.0, 595.276, 841.89], '/Type': '/Page'} of a PDF, in a text-based layout:
> ===
> REFERENCES
> Aglietta, M. (2003) Le Risque Systémique Dans La Finance Libéralisée.” Revue d’économie Financière                                                                                                                                                                                                 70(                                      1                  ):33–                                                                         50
> Arnell, N.W. et al. (2019) The global and regional impacts of climate change under representative concentration pathway forcings and
>             shared socioeconomic pathway socioeconomic scenarios. Environmental Research Letters,                                                               14 (                                      8                    ). 084046
> Bellard, C. et al. (2012) Impacts of climate change on the future of biodiversity. Ecology Letters                                                                                                                                                      15,                                     365-                                                           377                                                  .
> Boone, R. B. et al., (2018): Climate change impacts on selected global rangeland ecosystem services. Glob Chang Biol,                                                                                                                                               24(                                       3                   ), 1382-                                                                              1393,
>             doi:10.                                                                                                1111/gcb.                                                                      13995.
> Borrelli, P. et al. (2020) Land use and climate change impacts on global soil erosion by water (2015-                                                                                                                                                                                                                                                       2070).                                                                                     Proc. Nat. Acad. Sci.,                                                                                                            117                                                 ,
>             21994-                                                                                                   22001.
> Brauman, K.A. et al. (2019) Status and trends – nature’s contributions to people (NCP). In Global assessment report on biodiversity and
>             ecosystem services of the Intergovernmental Science-Policy Platform on Biodiversity and Ecosystem Services. Diaz, S. et al. (eds).
>             IPBES Secretariat, Bonn, Germany.
> Butzer, K. (2012) Collapse, environment and society Proc. Nat. Acad. Sci.                                                                                                                                                                                                                                                            109                                                           , 3632-                                                                               3639                                                                                .
> Caminade, C. et al., (2014): Impact of climate change on global malaria distribution. Proc. Nat. Acad. of Sci.,                                                                                                                                                                                                                                                                                                                                                        111(                                                      9                    ), 3286-                                                                                3291,
>             doi:10.                                                                                                1073/pnas.                                                                          1302089111
> Campbell, L. P. et al., (2015): Climate change influences on global distributions of dengue and chikungunya virus vectors. Philosophical
>             Transactions of the Royal Society B: Biological Sciences,  370(                                                          1665),                                                                              20140135, doi:10.                                                                                                                                                                                                                                                                                1098/rstb.                                                                               2014.                                                                               0135
> Centeno, M.A. et al. (2015) The emergence of global systemic risk. Annual Review of Sociology                                                                                                                                        41,                                      65-                                       85.
> Cohen, J. M. et al., (2020): Divergent impacts of warming weather on wildlife disease risk across climates. Science,                                                                                                                                                                                                                   370(                                                          6519), eabb1702,
>             doi:10.                                                                                                1126/science.abb1702
> Cooley, S. et al. (2022) Chapter 3                                                                                                                                                                                                                                : Oceans and Coastal Ecosystems and their Services. In Climate Change 2022: Impacts, Adaptation and
>             Vulnerability. Contribution of Working Group II to the Sixth Assessment Report of the Intergovernmental Panel on Climate Change.
>             Pörtner, H.-O. et al. (eds)). Cambridge University Press.
> Dakos, V. & Bascompte, J. (2014) Critical slowing down as early warning for the onset of collapse in mutualistic communities. Proc. Nat.
>             Acad. Sci.                                                                                                      111,                                                      17456-                                                                                                17511.
> Defra (2021)                                                                                                                             UK Biodiversity Indicators Revised. Defra, October 2021.
> Diamond, J. (2005) Collapse. How societies choose to fail or survive. Allen Lane, London
> Fetzel, T. et al., (2017): Quantification of uncertainties in global grazing systems assessment. Glob. Biogeochem. Cycles,                                                                                                                                   31(                                     7                 ), 1089-                                                                                1102,
>             doi:10.                                                                                                1002/                                                                                2016gb                                                                               005601
> Free, C.M. et al. (2019) Impacts of historical warming on marine fisheries production. Science                                                                                                                                                                                                                                                                                                                            363,                                                            979-                                                          983.
> Gambhir, A. et al. (2021) Near-term transition and longer-term physical climate risks of greenhouse gas emissions pathways. Nature
>             Climate Change                                    12,                                      88-                                         96.
> Gardner, E. et al. (2020) Reliably predicting pollinator abundance: challenges of calibrating process-based ecological models. Methods in
>             Ecology and Evolution                                                                                          11, 1673-1689                                                                                                                                                                                              .
> Gilljam, D., Curtsdotter, A. & Ebenman, B. (2015) Adaptive rewiring aggravates the effects of species loss in ecosystems. Nature
>             Communications             6                    , 8412.                                                                               10.                                      1038/ncomms9412
> Godde, C. M. et al., (2020): Global rangeland production systems and livelihoods at threat under climate change and variability. Environ.
>             Res. Lett.,        15(                                     4                    ), 44021-                                                                                                   44021, doi:10.                                                                                                                                                                                                                     1088/                                                                                1748-                                                                            9326/ab7395.
>                                                                                                                                                                                                                                                                                                                                                                                                                                                                                                                                 17
> ===
> Please write this in a stream appropriate for a text-to-speech reader. Use only the provided text, and include everything unless there are number-heavy tables, which you can summarize.
**assistant**:
> REFERENCES
> 
> Aglietta, M. (2003) "Le Risque Systémique Dans La Finance Libéralisée," published in Revue d’économie Financière, volume 70, issue 1, pages 33 to 50.
> 
> Arnell, N.W. et al. (2019) "The global and regional impacts of climate change under representative concentration pathway forcings and shared socioeconomic pathway socioeconomic scenarios," published in Environmental Research Letters, volume 14, issue 8, article 084046.
> 
> Bellard, C. et al. (2012) "Impacts of climate change on the future of biodiversity," published in Ecology Letters, volume 15, pages 365 to 377.
> 
> Boone, R. B. et al. (2018) "Climate change impacts on selected global rangeland ecosystem services," published in Global Change Biology, volume 24, issue 3, pages 1382 to 1393, with doi 10.1111 slash gcb dot 13995.
> 
> Borrelli, P. et al. (2020) "Land use and climate change impacts on global soil erosion by water from 2015 to 2070," published in Proceedings of the National Academy of Sciences, volume 117, pages 21994 to 22001.
> 
> Brauman, K.A. et al. (2019) "Status and trends – nature’s contributions to people," included in Global assessment report on biodiversity and ecosystem services, of the Intergovernmental Science-Policy Platform on Biodiversity and Ecosystem Services. Edited by S. Diaz et al., published by IPBES Secretariat, Bonn, Germany.
> 
> Butzer, K. (2012) "Collapse, environment and society," published in Proceedings of the National Academy of Sciences, volume 109, pages 3632 to 3639.
> 
> Caminade, C. et al. (2014) "Impact of climate change on global malaria distribution," published in Proceedings of the National Academy of Sciences, volume 111, issue 9, pages 3286 to 3291, with doi 10.1073 slash pnas dot 1302089111.
> 
> Campbell, L. P. et al. (2015) "Climate change influences on global distributions of dengue and chikungunya virus vectors," published in Philosophical Transactions of the Royal Society B: Biological Sciences, volume 370, issue 1665, article 20140135, with doi 10.1098 slash rstb dot 2014 dot 0135.
> 
> Centeno, M.A. et al. (2015) "The emergence of global systemic risk," published in Annual Review of Sociology, volume 41, pages 65 to 85.
> 
> Cohen, J. M. et al. (2020) "Divergent impacts of warming weather on wildlife disease risk across climates," published in Science, volume 370, issue 6519, article eabb1702, with doi 10.1126 slash science dot abb1702.
> 
> Cooley, S. et al. (2022) Chapter 3, "Oceans and Coastal Ecosystems and their Services," in Climate Change 2022: Impacts, Adaptation and Vulnerability, Contribution of Working Group II to the Sixth Assessment Report of the Intergovernmental Panel on Climate Change. Edited by H.-O. Pörtner et al., published by Cambridge University Press.
> 
> Dakos, V. & Bascompte, J. (2014) "Critical slowing down as early warning for the onset of collapse in mutualistic communities," published in Proceedings of the National Academy of Sciences, volume 111, pages 17456 to 17511.
> 
> Defra (2021) UK Biodiversity Indicators Revised, published by Defra in October 2021.
> 
> Diamond, J. (2005) "Collapse. How societies choose to fail or survive," published by Allen Lane, London.
> 
> Fetzel, T. et al. (2017) "Quantification of uncertainties in global grazing systems assessment," published in Global Biogeochemical Cycles, volume 31, issue 7, pages 1089 to 1102, with doi 10.1002 slash 2016gb005601.
> 
> Free, C.M. et al. (2019) "Impacts of historical warming on marine fisheries production," published in Science, volume 363, pages 979 to 983.
> 
> Gambhir, A. et al. (2021) "Near-term transition and longer-term physical climate risks of greenhouse gas emissions pathways," published in Nature Climate Change, volume 12, pages 88 to 96.
> 
> Gardner, E. et al. (2020) "Reliably predicting pollinator abundance: challenges of calibrating process-based ecological models," published in Methods in Ecology and Evolution, volume 11, pages 1673 to 1689.
> 
> Gilljam, D., Curtsdotter, A. & Ebenman, B. (2015) "Adaptive rewiring aggravates the effects of species loss in ecosystems," published in Nature Communications, volume 6, article 8412. doi 10.1038 slash ncomms9412.
> 
> Godde, C. M. et al. (2020) "Global rangeland production systems and livelihoods at threat under climate change and variability," published in Environmental Research Letters, volume 15, issue 4, article 44021, with doi 10.1088 slash 1748-9326 slash ab7395.
