**assistant**:
> The most relevant past discussion is from **2024-12-20 23:15:21**.  This entry details how to captur
**user**:
> How can I save all of the stdout produced by a function to a file in python?
**assistant**:
> To save all the standard output (`stdout`) produced by a function to a file in Python, you can use the `contextlib.redirect_stdout` from the `contextlib` module. This module allows you to temporarily redirect the `stdout` to a file. Here’s how you can do it:
> 
> ```python
> import contextlib
> 
> def my_function():
>     print("This is some output.")
>     print("This is more output.")
> 
> # Specify the file where you want to save the output
> output_file_path = 'output.txt'
> 
> # Open the file in write mode and redirect the stdout to this file
> with open(output_file_path, 'w') as f:
>     with contextlib.redirect_stdout(f):
>         my_function()
> 
> print(f"The stdout has been saved to {output_file_path}")
> ```
> 
> This script defines a function `my_function()` that prints some output. By using `contextlib.redirect_stdout`, you redirect all the print statements within the scope of the `with` block to the file `output.txt`. The file will then contain everything that would normally be printed to the console.
