**assistant**:
> Below are selected log entries of past conversations, as part of an experimental AI memory system. They may have no bearing on the chat.
> 
> 
>   2023-05-31:
>   TOPI: Special Assessments - potential additional taxes/fees in SAMs; customs duties and excise taxes shown as negatives in SAMs to indicate costs/liabilities.
> 
> 
> 
>   2023-05-31:
>   Is social insurance tax considered tax revenue for the government?; Yes, social insurance taxes fund programs like Social Security and Medicare.
> 
> 
> 
>   2023-05-25:
>   Discussion on Delaware's coastal economy: economic contributions, specific sectors influenced, and tax implications; importance of maintaining and nurturing the coastal economy.
> 
> 
> 
>   2023-05-25:
>   James inquired about "State/Local Government Demand" and "Federal Government Demand" in IMPLAN; Arachne clarified they represent government purchases, not tax income.
> 
> 
> 
>   2024-02-17:
>   Understanding Taxation of Unemployment Benefits
> 
> 
> 
>   2023-05-31:
>   James asked about "TOPI: Special Assessments"; Arachne provided insights on potential meanings and suggested more context was needed.
> 
> 
> 
>   2023-05-25:
>   James requested summaries of economy-wide results, sector-specific impacts, and tax contributions for an analysis of Delaware's coastal region; Arachne provided concise bullet-point summaries.
> 
> 
> 
>   2023-05-25:
>   James requested a summary of a report on Delaware's coastal economy; Arachne provided key quantitative findings and emphasized the importance of resilience.
> 
> 
> 
>   2023-08-24:
>   Obtaining High-Resolution Employment Data at the NAICS Level
> 
> 
> 
>   2023-05-27:
>   Digest of two interviews on the economic impact of climate change on Delaware's coasts; challenges faced by businesses and the government in mitigating flooding.
> 
> 
>     
**user**:
> I am extracting the following "taxes" from a I/O SAM:
> Dividends
> Corporate Profits Tax
> Personal Tax: Income Tax
> Personal Tax: Motor Vehicle License
> Personal Tax: Fines, Fees
> Personal Tax: Other Tax (Fish/Hunt)
> Social Insurance Tax: Employee Contribution
> Social Insurance Tax: Employer Contribution
> Indirect Business Tax: Custom Duty
> Indirect Business Tax: Excise Taxes
> Indirect Business Tax: Motor Vehicle Licenses
> Indirect Business Tax: Other Taxes
> Indirect Business Tax: Property Tax
> Indirect Business Tax: Sales Tax
> Indirect Business Tax: Special Assessments
> 
> Can I say that the total tax accruing to the government (federal, state, and local) is the sum of all of these?
**assistant**:
> Yes, the listed items indeed generally represent various sources of tax revenue for the government. Adding them up will provide a reasonably comprehensive picture of federal, state, and local government tax income.
> 
> However, keep in mind a few considerations:
> 
> 1. **Double Counting:** Make sure no item is doubly counted. For example, "Corporate Profits Tax" might be a subset of "Dividends," depending on the exact definitions used in your data.
> 
> 2. **Net vs Gross Revenue:** Some of these terms might represent gross revenues, not net revenues. For example, "Indirect Business Tax: Excise Taxes" may not account for subsidies, exceptions, or other adjustments that could lower the net revenue.
> 
> 3. **Non-Tax Government Revenues:** This list does not cover all sorts of government revenue. For example, government-owned corporations may generate profits, or certain licenses (beyond the Motor Vehicle ones listed) may bring in fees. Depending on your focus, these might be relevant.
> 
> 4. **What is defined as a tax**: Note that some of the categories (like "Dividends") might not generally be considered a tax, although they could be included in some income-related taxes. The category's definition in your data source matters here.
> 
> As always, it's crucial to understand the definitions and assumptions behind each of these data categories. If you are unsure about any of these, it could be useful to clarify with the data source.
