**assistant**:
> Below are selected log entries of past conversations, as part of an experimental AI memory system. They may have no bearing on the chat.
> 
> 
>   2024-01-22:
>   Listing Variables in an xarray Dataset
> 
> 
> 
>   2023-04-26:
>   James asked how to select a value from column B in Google Sheets when the value in column A is X; Arachne provided two methods using VLOOKUP or INDEX and MATCH functions.
> 
> 
> 
>   2023-08-20:
>   James requested a way to find the shared starting length of two strings in JavaScript; Arachne provided a function and an example for extracting the first N characters from a string.
> 
> 
> 
>   2023-12-11:
>   Accessing Columns and Iterating Rows in Julia DataFrames
> 
> 
> 
>   2023-08-19:
>   James inquired about finding a file in Python with known directory but incomplete filename; Arachne suggested using the `glob` module for pattern matching.
> 
> 
> 
>   2023-09-17:
>   Adding Centered Header to LaTeX Document
> 
> 
> 
>   2024-01-18:
>   Exporting Pandas DataFrame to R with Preserved Structure
> 
> 
> 
>   2023-11-08:
>   Layering and Offset of Histograms in ggplot2
> 
> 
> 
>   2023-07-10:
>   James asked about the "top-five" journals for tenure in economics; Arachne provided the list and explained the variability in rankings and tenure requirements.
> 
> 
> 
>   2023-11-04:
>   Awaiting Async Function Responses in JavaScript
> 
> 
>     
**user**:
> How sensitive is the Gini index to what happens in the top percentile?
**assistant**:
> The Gini index, a measure of inequality, is known to be sensitive to changes across the entire income distribution, including the upper tail or "the top percentile". However, it is generally less sensitive to changes in the extreme tails of the distribution compared to other measures of inequality such as the top income shares.
> 
> An instance where a large increase in the incomes of the top 1% might not significantly alter the Gini coefficient is when there is considerable inequality among the lower 99%. With broader income disparities across the entire distribution, adding more wealth to the highest earners doesn't tip the scales that much in terms of the Gini index.
> 
> That said, increases in the incomes of the top 1% can still lead to substantial increases in the Gini coefficient if the rest of the income distribution stays the same or doesn't change proportionately. Also, the Gini coefficient's sensitivity to top incomes can be influenced by the relative size of the country – smaller countries or smaller samples can be more affected by changes in the top income percentile.
> 
> While the Gini index is widely used due to its intuitive nature and ease of computation, it may not fully capture nuances of income distribution, especially when you're interested in what happens at the extreme ends. If the focus is on the top percentile, using complementary measures such as top income shares or the Palma ratio may provide a more detailed picture of income inequality.
