**assistant**:
> None of the previous conversations directly relate to S&P Global, its Climate Center of Excellence, 
**user**:
> I am going to be doing an informational interview with S&P Global (for a possible job), which recently opened a "Climate Center of Excellence". What should I know about S&P Global going into such a meeting?
**assistant**:
> When preparing for an informational interview with S&P Global, especially concerning their new Climate Center of Excellence, consider focusing on the following aspects:
> 
> 1. **Company Overview**: 
>    - **S&P Global** is primarily known for providing credit ratings, benchmarks, analytics, and data to the global markets. Their services cover sectors such as finance, government, and energy.
>    - They have a strong reputation for analytics and data-driven insights, which are critical in climate-related initiatives and finance.
> 
> 2. **Climate Center of Excellence**:
>    - Established to enhance and proliferate climate data and analytics across sectors, helping organizations leverage sustainable practices.
>    - Aims to integrate climate risks and sustainability into the financial ecosystem, aligning with global standards and regulatory expectations.
>    - Engage and collaborate with stakeholders across industries to drive innovation in climate risk management and strategies.
> 
> 3. **Sustainability Goals**:
>    - Keep aware of their commitment to sustainability and integrating environmental, social, and governance (ESG) factors into their services and business operations.
>    - It's crucial to know how S&P Global aligns with international sustainability and climate goals, like the Paris Agreement.
> 
> 4. **Market Trends**:
>    - Be informed about trends in climate finance, risk management, and how data analytics are transforming these areas.
>    - Familiarize yourself with the latest developments in sustainable finance, such as green bonds and sustainability-linked investments.
> 
> 5. **Relevant Skills and Contributions**:
>    - Reflect on how your skills and experience align with their mission to promote sustainability.
>    - Think about potential contributions you could make towards enhancing climate resilience, data analytics, and strategy formulation at S&P Global.
> 
> 6. **Future Vision**:
>    - Be prepared to discuss how you envision the role of a Climate Center of Excellence in tackling global sustainability challenges.
>    - Consider questions or ideas about the integration of AI and machine learning in climate analytics as they might be interested in such innovative approaches.
> 
> Prepare some questions to show your genuine interest and to learn more about their goals, strategies, and potential opportunities for involvement. It could be helpful to ask about the specific projects underway or planned within the Climate Center of Excellence. Good luck with your interview!
