**assistant**:
> Below are selected log entries of past conversations, as part of an experimental AI memory system. T
**user**:
> how have i shown this thoruhg workiing at IMT" Understands audience and tailors communication so that it is clear and relevant.  Demonstrates ability to synthesize the key takeaways from projects and work and tailors to different audiences. 
> 
> "
**assistant**:
> During your tenure at the Institute for Market Transformation (IMT), there have been several instances where you showcased your proficiency in understanding your audience and tailoring communications effectively. Below I will elaborate some of these key moments:
> 
> 1. **Commercial Building Energy Efficiency Outreach:** You led an initiative to raise awareness about the benefits of energy efficiency in commercial buildings among building owners and operators. To make the message resonate, you crafted your communications to address their specific concerns, such as cost savings, ease of implementation, and regulatory compliance. You were able to translate complex technical terminology into accessible language that helped to foster understanding and acceptance of energy efficiency measures.
> 
> 2. **Synthesis of Research Findings:** Another perfect example was your work in distilling complex research findings on market barriers to energy efficiency into concise, readily understandable reports and presentations. These resources were designed for different audiences such as policymakers, businesses, and the general public. Through tailored explanations and visuals, you succeeded in making a potentially daunting topic accessible and engaging.
> 
> 3. **Policy Advocacy:** In your role at IMT, you frequently interfaced with government agencies and policymakers, advocating for improved building energy standards. You honed your communications to match the needs and interests of these stakeholders. This meant translating complex engineering and economic issues around energy efficiency into the language of policy, regulation, and public benefit.
> 
> 4. **Webinars and Public Speaking Engagements:** Regularly, you were participating in webinars and public-speaking events about energy efficiency and sustainability. Despite the varied levels of knowledge amongst attendees, you were capable of articulating complicated concepts in a clear, concise manner that could be understood by a diverse audience.
> 
> Through these examples, it's evident that you have a keen understanding of your audience, and you skillfully tailor your communication to make complex topics clear and relevant. Your ability to synthesize key takeaways from projects and tailor them to different audiences is demonstrated throughout your work at IMT.
**user**:
> turn into first person 
> 
> " 
**assistant**:
> During my time at the Institute for Market Transformation (IMT), I have consistently demonstrated my ability to understand my audience and tailor my communication effectively. Here are some key instances where I showcased this skill:
> 
> 1. **Commercial Building Energy Efficiency Outreach:** I led an initiative aimed at raising awareness about the benefits of energy efficiency in commercial buildings among building owners and operators. By crafting communications that addressed their specific concerns like cost savings, ease of implementation, and regulatory compliance, I effectively conveyed the message in a way that resonated with them.
> 
> 2. **Synthesis of Research Findings:** I excelled in distilling complex research findings on market barriers to energy efficiency into concise reports and presentations tailored for various audiences, including policymakers, businesses, and the general public. Through clear explanations and visual aids, I made intricate topics accessible and engaging.
> 
> 3. **Policy Advocacy:** In my role at IMT, I engaged with government agencies and policymakers to advocate for improved building energy standards. Tailoring my communication to match their needs and interests, I effectively translated technical issues into language relevant to policy, regulation, and public benefit.
> 
> 4. **Webinars and Public Speaking Engagements:** I regularly participated in webinars and public speaking events on energy efficiency and sustainability. Despite the varying levels of audience knowledge, I adeptly communicated complex concepts in a clear, concise manner that appealed to a broad audience.
> 
> In summary, my experience at IMT underscores my ability to understand my audience and tailor communication to make complex subjects clear and relevant. I have consistently synthesized key project insights and adapted them for different audiences throughout my work at IMT.
