**assistant**:
> Below are selected log entries of past conversations, as part of an experimental AI memory system. T
**user**:
> How can I convert a datetime string of the form "Thu, 23 May 2024 11:06:26 +0000" into a short human-readable description, which is one of the following:
>  - A time like "11:06" in my local timezone, if it's the same date.
>  - A date like "May 23" if it's a previous date.
> I'm doing this in python
**assistant**:
> You can achieve this in Python using the `datetime` and `pytz` modules. Below is an example code snippet demonstrating how to convert your datetime string into the required short human-readable description.
> 
> ```python
> from datetime import datetime
> import pytz
> 
> def convert_datetime_to_short_description(date_str):
>     # Parse the input date string into a datetime object
>     dt = datetime.strptime(date_str, "%a, %d %b %Y %H:%M:%S %z")
> 
>     # Convert the datetime to your local timezone (for this example, let's use 'America/New_York')
>     local_tz = pytz.timezone('America/New_York')
>     local_dt = dt.astimezone(local_tz)
> 
>     # Get current local date
>     now = datetime.now(local_tz)
> 
>     # Check if the local datetime is the same date as the current local date
>     if local_dt.date() == now.date():
>         # Return the time in "HH:MM" format
>         return local_dt.strftime('%H:%M')
>     else:
>         # Return the date in "Month Day" format
>         return local_dt.strftime('%b %d')
> 
> # Example usage
> date_str = "Thu, 23 May 2024 11:06:26 +0000"
> short_description = convert_datetime_to_short_description(date_str)
> print(short_description)
> ```
> 
> **Explanation of the code:**
> 
> 1. **Parsing the Input String:**
>    - The `datetime.strptime` function is used to parse the input date string into a `datetime` object. The format string `"%a, %d %b %Y %H:%M:%S %z"` matches the format of your input string.
> 
> 2. **Converting to Local Timezone:**
>    - The `pytz` library is used to handle timezones. The `astimezone` method converts the datetime object to the specified timezone. In this example, it's converting to 'America/New_York' timezone, but you should replace `'America/New_York'` with your local timezone.
> 
> 3. **Checking the Current Date:**
>    - The current date in the local timezone is obtained using `datetime.now(local_tz)`.
> 
> 4. **Returning the Appropriate Format:**
>    - If the date part of the local datetime object matches the current date, the function returns the time in "HH:MM" format.
>    - Otherwise, it returns the date in "Month Day" format.
> 
> Make sure you have the `pytz` module installed. If not, you can install it using:
> ```bash
> pip install pytz
> ```
> 
> This code should provide the required short human-readable description based on the conditions specified.
