**assistant**:
> Below are selected log entries of past conversations, as part of an experimental AI memory system. They may have no bearing on the chat.
> 
> 
>   2023-11-07:
>   Estimating Current Climate Losses - Methodology and Approach
> 
> 
> 
>   2023-11-06:
>   Estimating Current Climate Losses and Global Disparities
> 
> 
> 
>   2023-11-07:
>   Estimating Climate Change Losses - Methodology and Machine Learning Approach
> 
> 
> 
>   2023-11-07:
>   Estimating Current Climate Losses - Methodology for Projections
> 
> 
> 
>   2023-11-07:
>   Estimating Current Climate Losses Methodology Assistance
> 
> 
> 
>   2023-02-24:
>   James inquired about projects and academic papers assessing climate risks and calculating total welfare losses; Arachne provided examples and highlighted key papers and concepts.
> 
> 
> 
>   2023-11-02:
>   Estimating Climate Losses for COP28
> 
> 
> 
>   2023-11-06:
>   Estimating Current Climate Losses: Impacts, Disparities, and Future Trajectories
> 
> 
> 
>   2023-11-06:
>   Estimating Current Climate Losses and Capital Erosion
> 
> 
> 
>   2023-04-13:
>   James asked for projects and papers providing a comprehensive assessment of climate risks and welfare losses; Arachne provided examples and acknowledged limitations.
> 
> 
>     
**user**:
> I am writing a report on the losses that countries have already felt due to climate change. Here is the original proposal:
> ---
> Estimating Current Climate Losses - Project Proposal
> PI: James Rising, University of Delaware
> 
> Context: The planet has already warmed by 1.34 °C [1.2 - 1.5 °C], with extensive disruptions now being observed. Under one expert review of global damages, this suggests that climate losses may already be 2.05% of global GDP [0.9 - 3.4%], about $2.2 trillion. In poor, tropical, and agriculturally-dependent countries, current losses are expected to be significantly greater.
> 
> Climate-driven loss and damage will be a central discussion at COP28, taking place in UAE this December. Impacted countries need high-quality estimates of the losses they have already experienced, to demand support from developed countries. A strong basis for developing these estimates exists, in the form of sophisticated statistical models describing the historical relationship between economic growth and weather. These models can be used to attribute existing economic outcomes to climate change.
> 
> Deliverable: This project will develop best-estimates of the current macroeconomic losses from climate change, for each country across the globe. The main outcome will be percent reductions in GDP per capita and percent reductions in capital wealth, in 2023, relative to a world without the climate change experienced since 1950. GDP per capita is a useful measure for estimating government tax receipts and a proxy for personal income levels. A recent estimate of GDP losses, combining three of these results and produced by the PI for a previous ECF-funded project on the cost of climate change in the UK, is shown below.
> 
> However, lower GDP levels also imply the long-term destruction of productive capital, and an estimate of those capital losses will provide new evidence on the true losses borne by these countries due to climate change. The losses would also be reported as a global average and for various regional and country groups (e.g., LLMICs, G77, Sub-Saharan Africa).
> 
> Annually varying loss estimates will underlie these results, which will reflect greater losses in years with heat waves and in later years as climate change accelerates. We will develop short case studies from the EU and LLMICs will compare these GDP losses to other reported impacts of recent heat waves.
> 
> The estimates will be produced as part of a short report made initially available to the sponsors Nov. 1, 2023, and for release during COP 28. The work will then be prepared for academic publication.
> 
> Unique contribution: To produce these results, we bring together existing research on the relationship between GDP growth and climate (see Table under Points of Methodology). Over the past decade, this literature has proposed many different approaches to understanding the effect of climate on GDP, including investigations of the differential vulnerability of poor countries, the role of persistent losses to growth, and the potential of adaptation. Current attempts to synthesise this literature are limited to simply averaging the results. Using a machine learning model, calibrated to the results from this literature, we will produce an estimate that reflects the most advanced features of all of these papers.
> 
> The PI has developed a system for generating projections from this class of models for the UK climate impacts project. The machine learning approach is based on another of the PI’s projects, producing a best-estimate of the social cost of carbon.
> 
> Points of Methodology
> The core models will be drawn from the results in the following papers, which includes studies used recently by the US Council of Economic Advisors to estimate future climate damages.
> 
> Paper
> Temp.
> Prec.
> Add'l
> FE
> Data
> Notes
> Dell et al. 2012
> 🟠
> 🟠
> 
> 
> 🟡
> 🟡
> Differential effect for low-income
> Burke et al. 2015/ Callahan & Mankin 2022
> 🟡
> 🟡
> 
> 
> 🟢
> 🟡
> Global optimum, persistence
> Pretis et al. 2018
> 🟣
> 🟣
> Yes
> 🟢
> 🟠
> Global optimum, robust est.
> Baarsch et al. 2020
> 🟡
> 🟣
> Yes
> 🟠
> 🟠
> Local optimum, Africa-only
> Acevedo et al. 2020
> 🟢
> 🟢
> Yes
> 🟡
> 🟡
> Effect of shocks only
> Kahn et al. 2021
> 🟡
> 🟡
> Yes
> 🔴
> 🟡
> Adaptive local optimum
> Kotz et al. 2022
> 🟣
> 🟣
> 
> 
> 🟠
> 🟢
> Local and global optimum
> 
> Key: 🔴- Poor, 🟠- Fair, 🟡- Good, 🟢- Very Good, 🟣- Excellent
> 
> 
> The table shows an assessment of the quality of each model’s representation of temperature variables (Temp.), rainfall (Prec.), additional controls (Add’l), unobserved heterogeneity (FE), and underlying data (Data). No single existing estimate captures the full range of relevant factors that has been identified in the literature.
> 
> We will use ERA5 reanalysis weather data to produce historical projections of climate effects, available 1940 - present. To construct the counterfactual without climate change, we will resample values from the baseline period (1940 - 1960). A key question in the literature is the extent to which impacts put countries on a permanently lower growth trajectory. This was carefully analysed in a previous paper of the PI’s, and the resulting uncertain distribution of persistence will be used here.
> 
> Drawing upon both the headline estimates and additional results in the paper will provide evidence across the space of possible combinations of model elements. A random forest model will then be fit to these models, informed by meta-data about each. Finally, the random forest will be queried for damages from a model that simultaneously represents high-quality features in all model categories.
> 
> As an additional line of evidence, we will use the previously mentioned Howard & Sterner meta-analysis of damage results derived from expert elicitation. This provides both a measure of catastrophic risk, which will be applied uniformly across the globe, and an estimate of non-catastrophic global losses, which can be used as a loose constraint on the sum of the machine learning results.
> 
> These GDP values, along with additional information from the World Bank, will be used to calibrate country-specific Solow growth models, and this will be used to infer the loss to the total capital base that these GDP results imply.
> ---
> 
> Can you write a methodology section which would go into an appendix? This should be comprehensible by a general technical audience, and include all details. The structure of the analysis was as proposed, but further details and additions are mentioned below.
> 
> I will be asking for the steps of the analysis one at a time. Here, I would like a write-up of the Machine Learning section:
> 
>  - For each country, year, and Monte Carlo draw, we fit a random forest model from the available data on DirectImpact_it. Attributes are translated into quality values as follows:
> 
> metadata$Q.Weather <- 1 * (metadata$`Weather weight` == "Pop. weight")
> metadata$Q.Poverty <- 1 * (metadata$`Rich/Poor` == "Interact")
> metadata$Q.Temp <- ifelse(metadata$Temp %in% c("Quad", "Interacted with average", "Linear Spline", "VarT, DT, LDT, DT:T, LDT:LT"), 1,
>                    ifelse(metadata$Temp %in% c("1 Lag", "10 Lags", "5 Lags", "Quad of Historical Differences"), 0.75,
>                    ifelse(metadata$Temp != "NA", 0.5, 0)))
> metadata$Q.Prec <- ifelse(metadata$Prec....13 %in% c("Quad", "Interacted with average", "Segmented", "Linear Spline", "Indicatators"), 1,
>                    ifelse(metadata$Prec....13 %in% c("10 Lags", "1 Lag", "5 Lags"), 0.75,
>                    ifelse(metadata$Prec....13 != "NA", 0.5, 0)))
> metadata$Q.YearFE <- ifelse(metadata$`Year FE` == "By Region", 1,
>                      ifelse(metadata$`Year FE` == "By Continent", 0.75,
>                      ifelse(metadata$`Year FE` == "Yes", 0.5, 0)))
> metadata$Q.Trends <- ifelse(metadata$`Trends` == "Quad, by Unit", 1,
>                      ifelse(metadata$`Trends` == "Linear, by Unit", 0.5, 0))
> metadata$Q.OtherFE <- ifelse(metadata$`Other FE` %in% c("Poor x Year", "HPJ-FE"), 1,
>                       ifelse(metadata$`Other FE` %in% c("Poor", "IIS"), 0.5, 0))
> metadata$Q.Control <- ifelse(metadata$`Other Controls` == "Lag Weather, Disaster", 1,
>                       ifelse(metadata$`Other Controls` %in% c("Lag Weather", "7.0"), 0.5, 0))
> metadata$Q.GLags <- as.numeric(metadata$`Growth Lags`) / 4
> metadata$Q.YearLate <- 5 / (2015 - metadata$last.year + 5)
> metadata$Q.YearSpan <- (metadata$last.year - metadata$first.year) / 65
> 
> Please do not include this code, but rather explain how quality values (0 - 1) are assigned for each model.
> 
> We then request the DirectImpact_it value from the RF model for which each of those quality values is 1.
>  - The global, population-weighted impact is shown in figure #RANDF.
> 
> Please include details from both the proposal and the content above. Please write this in LaTeX.
**assistant**:
> Sure, here's the write-up of the machine learning section using the provided details:
> 
> ------
> 
> \subsection{Machine Learning Methodology} \label{mlmethod}
> 
> The sophistication and complexity of our machine learning model, is its ability to assimilate and integrate nuances from a broad swath of different models. For each combination of country, year, and Monte Carlo draw, a random forest model is fit using the available DirectImpact data. This DirectImpact value quantifies the effect of climate change on economic indicators. 
> 
> Each attribute of this dataset, representative of varying methodologies employed in the background research, is translated into a quality value on a scale of 0 to 1. This translation includes assigning a weight to a model attribute based on the category it falls under. The attributes encapsulate diverse aspects of the models spanning weather weighting, temperature effects, precipitation effects, control factors, lagged growth and so forth.
> 
> For instance, models that use a population-weighted measure for weather get a higher quality score, while those that do not are assigned a lower score. Similarly, models interacting with rich and poor economies are deemed higher quality. A diverse database of models that use different approaches to calculate the temperature effect is included. The quality score calculation mechanism varies across different attributes. In some cases, we assign the highest quality score to advanced methodologies (such as quadratic, interaction with average temperature etc.), and in others, we merely verify whether a particular attribute is present or not.
> 
> Once this quality scoring is completed for each model, the dataset is prepared to move into the crucial phase of random forest modeling. We request the DirectImpact value from the random forest model, which represents a model in the database for which each of those quality values is 1. This provides us with the optimal prediction for the direct impact of climate change.
> 
> This methodology allows the machine learning model to ensure the integration of the most refined features of all papers included in the database, leveraging the comprehensive knowledge contained therein.
> 
> The output of this random forest model is then used to determine the global population-weighted impact due to climate change, which is depicted visually using relevant figures for easier consumption of this complex information.
> 
> Our approach is unique in its systematic and detailed evaluation of various climate-economic models, leveraging the subtle differences in methodologies and findings of each to create an inclusive and comprehensive machine learning model, which allows estimation of the current and potential impacts of climate change on a global scale with an unprecedented level of precision and reliability. 
> 
> ------ 
> 
> Let me know if this helps, or if you need further clarification on any point.
**user**:
> I am writing a report on the losses that countries have already felt due to climate change. Here is the original proposal:
> ---
> Estimating Current Climate Losses - Project Proposal
> PI: James Rising, University of Delaware
> 
> Context: The planet has already warmed by 1.34 °C [1.2 - 1.5 °C], with extensive disruptions now being observed. Under one expert review of global damages, this suggests that climate losses may already be 2.05% of global GDP [0.9 - 3.4%], about $2.2 trillion. In poor, tropical, and agriculturally-dependent countries, current losses are expected to be significantly greater.
> 
> Climate-driven loss and damage will be a central discussion at COP28, taking place in UAE this December. Impacted countries need high-quality estimates of the losses they have already experienced, to demand support from developed countries. A strong basis for developing these estimates exists, in the form of sophisticated statistical models describing the historical relationship between economic growth and weather. These models can be used to attribute existing economic outcomes to climate change.
> 
> Deliverable: This project will develop best-estimates of the current macroeconomic losses from climate change, for each country across the globe. The main outcome will be percent reductions in GDP per capita and percent reductions in capital wealth, in 2023, relative to a world without the climate change experienced since 1950. GDP per capita is a useful measure for estimating government tax receipts and a proxy for personal income levels. A recent estimate of GDP losses, combining three of these results and produced by the PI for a previous ECF-funded project on the cost of climate change in the UK, is shown below.
> 
> However, lower GDP levels also imply the long-term destruction of productive capital, and an estimate of those capital losses will provide new evidence on the true losses borne by these countries due to climate change. The losses would also be reported as a global average and for various regional and country groups (e.g., LLMICs, G77, Sub-Saharan Africa).
> 
> Annually varying loss estimates will underlie these results, which will reflect greater losses in years with heat waves and in later years as climate change accelerates. We will develop short case studies from the EU and LLMICs will compare these GDP losses to other reported impacts of recent heat waves.
> 
> The estimates will be produced as part of a short report made initially available to the sponsors Nov. 1, 2023, and for release during COP 28. The work will then be prepared for academic publication.
> 
> Unique contribution: To produce these results, we bring together existing research on the relationship between GDP growth and climate (see Table under Points of Methodology). Over the past decade, this literature has proposed many different approaches to understanding the effect of climate on GDP, including investigations of the differential vulnerability of poor countries, the role of persistent losses to growth, and the potential of adaptation. Current attempts to synthesise this literature are limited to simply averaging the results. Using a machine learning model, calibrated to the results from this literature, we will produce an estimate that reflects the most advanced features of all of these papers.
> 
> The PI has developed a system for generating projections from this class of models for the UK climate impacts project. The machine learning approach is based on another of the PI’s projects, producing a best-estimate of the social cost of carbon.
> 
> Points of Methodology
> The core models will be drawn from the results in the following papers, which includes studies used recently by the US Council of Economic Advisors to estimate future climate damages.
> 
> Paper
> Temp.
> Prec.
> Add'l
> FE
> Data
> Notes
> Dell et al. 2012
> 🟠
> 🟠
> 
> 
> 🟡
> 🟡
> Differential effect for low-income
> Burke et al. 2015/ Callahan & Mankin 2022
> 🟡
> 🟡
> 
> 
> 🟢
> 🟡
> Global optimum, persistence
> Pretis et al. 2018
> 🟣
> 🟣
> Yes
> 🟢
> 🟠
> Global optimum, robust est.
> Baarsch et al. 2020
> 🟡
> 🟣
> Yes
> 🟠
> 🟠
> Local optimum, Africa-only
> Acevedo et al. 2020
> 🟢
> 🟢
> Yes
> 🟡
> 🟡
> Effect of shocks only
> Kahn et al. 2021
> 🟡
> 🟡
> Yes
> 🔴
> 🟡
> Adaptive local optimum
> Kotz et al. 2022
> 🟣
> 🟣
> 
> 
> 🟠
> 🟢
> Local and global optimum
> 
> Key: 🔴- Poor, 🟠- Fair, 🟡- Good, 🟢- Very Good, 🟣- Excellent
> 
> 
> The table shows an assessment of the quality of each model’s representation of temperature variables (Temp.), rainfall (Prec.), additional controls (Add’l), unobserved heterogeneity (FE), and underlying data (Data). No single existing estimate captures the full range of relevant factors that has been identified in the literature.
> 
> We will use ERA5 reanalysis weather data to produce historical projections of climate effects, available 1940 - present. To construct the counterfactual without climate change, we will resample values from the baseline period (1940 - 1960). A key question in the literature is the extent to which impacts put countries on a permanently lower growth trajectory. This was carefully analysed in a previous paper of the PI’s, and the resulting uncertain distribution of persistence will be used here.
> 
> Drawing upon both the headline estimates and additional results in the paper will provide evidence across the space of possible combinations of model elements. A random forest model will then be fit to these models, informed by meta-data about each. Finally, the random forest will be queried for damages from a model that simultaneously represents high-quality features in all model categories.
> 
> As an additional line of evidence, we will use the previously mentioned Howard & Sterner meta-analysis of damage results derived from expert elicitation. This provides both a measure of catastrophic risk, which will be applied uniformly across the globe, and an estimate of non-catastrophic global losses, which can be used as a loose constraint on the sum of the machine learning results.
> 
> These GDP values, along with additional information from the World Bank, will be used to calibrate country-specific Solow growth models, and this will be used to infer the loss to the total capital base that these GDP results imply.
> ---
> 
> Can you write a methodology section which would go into an appendix? This should be comprehensible by a general technical audience, and include all details. The structure of the analysis was as proposed, but further details and additions are mentioned below.
> 
> I will be asking for the steps of the analysis one at a time. Here, I would like a write-up of the Capital Accumlation section:
> 
>  - We develop a model of capital dynamics in light of these effects, based on the Solow growth model and informed by the Inclusive Wealth capital framework.
>  - Inputs consist of:
>     - GDP, total Population, Savings Rates, and GDP-share-from-agriculture from the World Bank from 1960 (irregular years)
>     - Produced, human, and renewable capital estimates by country from the Inclusive Wealth Report 2018 for 1990, 1995, 2000, 2005, 2010, and 2014.
>  - The model includes the following equations (all country-specific):
>     - Product_t = (TFP_0 + dTFPdt t) (1 - DirectImpact_t - InternationalImpact_t) RenewableCapital_{t-1}^s_1t ProductedCapital_{t-1}^s_2t, HumanCapital_{t-1}^s^3t Population_{t-1}^s^4t
>       This is the standard Cobb-Douglas model, where the GDP impacts are assumed to apply fully to TFP.
>     - s_kt = s_k0 + t (s_kT - s_k0) / T where \sum_k s_k0 = 1 and \sum_k s_kT = 1.
>       The shares each have a linear trend.
>     - RenewableCapital_t = RenewableCapital_{t-1} (1 + (1 - \beta W_{t-1}) r exp(-b RenewableCapital_{t-1})) - s_1t Product_t / (1 + Product_t / RenewableCapital_{t-1})
>       This is a Ricker growth function, where growth rate is affected by temperature, and a harvest term depends upon the renewable capital share of GDP (that is, this is how much is extracted every year). The / (1 + Product_t / RenewableCapital_{t-1}) insures that harvest does not exceed available capital.
>     - ProducedCapital_t = ProducedCapital_{t-1} + (SavingsRate_0 + dSavingsRatedt t) Product_t - DepreciationRate ProducedCapital_{t-1}
>       This is the standard investment model, with a trend in the savings rate.
>     - HumanCapital_t = HumanCapital_{t-1} (1 + dlogHumanCapitaldt)
>  - The model is fit using MCMC computational Bayes with Stan, with the following priors:
>     - ReportedGDP_t ~ LogNormal(log(Product_t), Error_GDP)  for each year we have reported GDP from the World Bank.
>     - XCapital_t ~ LogNormal(log(XCapital_t), Error_XCapital)  for each year we have estimated capital of type XCapital from the IWR.
>     - GDP-share-from-agriculture ~ Normal(s_1t, Error_RenewableShare)  for each year it’s recorded by the World Bank.
>     - SavingsRate_t ~ Normal(SavingsRate_0 + dSavingsRatedt t, Error_SavingsRate)  for each year it’s recorded by the World Bank.
>     - dSavingsRatedt ~ Normal(0, Error_SavingsRate)
>     - DepreciationRate ~ Normal(0.05, 0.1)
>     - s_k0 - s_kT ~ Normal(0, Error_Shares)
>     - Error_Shares ~ Normal(0, 0.1)
>  - After fitting the model, we run the model with no climate change impacts (to the TFP and the renewable growth rate), and the CapitalImpact_it is the difference.
> 
> Please include details from both the proposal and the content above. Please write this in LaTeX.
**assistant**:
> Certainly! Here's the write-up of the Capital Accumulation section using the provided details:
> 
> ------
> \subsection{Capital Accumulation Methodology} \label{capitalmethod}
> 
> In order to estimate the losses in terms of capital wealth due to climate change, we develop a model of capital dynamics based on the Solow growth model and informed by the Inclusive Wealth capital framework. The inputs for this model include key economic indicators such as GDP, total population, savings rates, and the GDP share from agriculture, sourced from the World Bank for irregular years starting from 1960. Additionally, estimates of produced capital, human capital, and renewable capital by country are obtained from the Inclusive Wealth Report 2018 for the years 1990, 1995, 2000, 2005, 2010, and 2014.
> 
> The model incorporates several key equations, which are country-specific:
> 
> 1. The production function:
> \[
> \mathrm{Product}_t = (TFP_0 + \frac{{dTFPdt \cdot t}}{{T}}) \times (1 - \mathrm{DirectImpact}_t - \mathrm{InternationalImpact}_t) \times \left(\mathrm{RenewableCapital}_{t-1}^{s_1 \cdot t} \times \mathrm{ProductedCapital}_{t-1}^{s_2 \cdot t} \times \mathrm{HumanCapital}_{t-1}^{s_3 \cdot t} \times \mathrm{Population}_{t-1}^{s_4 \cdot t}\right)
> \]
> This equation represents a standard Cobb-Douglas production function, where the GDP impacts are assumed to fully affect total factor productivity (TFP).
> 
> 2. Capital share dynamics:
> \[
> s_{kt} = s_{k0} + \frac{{t \cdot (s_{kT} - s_{k0})}}{{T}}
> \]
> The equation denotes the linear trend in the shares of capital (produced, renewable, human) over time. The parameters \(s_{k0}\) and \(s_{kT}\) represent the initial and terminal values of the share, respectively, and the summation of the initial shares is 1.
> 
> 3. Renewable capital growth:
> \[
> \mathrm{RenewableCapital}_t = \mathrm{RenewableCapital}_{t-1} \times \left(1 + \left(1 - \
