**assistant**:
> Below are selected log entries of past conversations, as part of an experimental AI memory system. They may have no bearing on the chat.
> 
> 
>   2023-08-31:
>   Accounting for Spatial Interactions in Delaware Marine Waters
> 
> 
> 
>   2023-09-29:
>   Updating Marine Spatial Planning Data
> 
> 
> 
>   2023-08-11:
>   Identified resources for Delaware's Ocean & Bay Plan; discussed offshore wind impacts on wildlife and protection of endangered species and fish habitats.
> 
> 
> 
>   2023-08-18:
>   The marine planning area lacks aquaculture operations; expansion is possible from nearby New Jersey waters in Shellfish Aquaculture Development Areas with expedited permitting.
> 
> 
> 
>   2023-08-17:
>   Ocean Disposal Sites in Delaware Marine Waters
> 
> 
> 
>   2023-08-11:
>   James seeks information on potential environmental impacts and monitoring strategies for offshore wind projects, with a focus on marine mammals; Arachne provides a summary of the discussed topics.
> 
> 
> 
>   2023-08-29:
>   Shipping Activities in Delaware's Marine Waters
> 
> 
> 
>   2023-09-29:
>   Updating Delaware Marine Spatial Planning
> 
> 
> 
>   2023-08-11:
>   James seeks information on resources for Delaware's Ocean & Bay Plan; Arachne identifies recreational fishing, sand borrow locations, and artificial reefs, with relevant details provided.
> 
> 
> 
>   2023-08-11:
>   Identifying resources for Delaware's Ocean & Bay Plan; Firing ranges, NASA facility, historic places, seashore, shipwrecks, and artifacts discussed.
> 
> 
>     
**user**:
> I am writing a report to aid Delaware's DNREC to develop a marine spatial plan for Delaware's ocean and Bay waters. My report covers the various activities that are currently or could in the future be engaged in across those waters, with plenty of maps. Can you provide for me an introduction to this report, describing the importance of marine spatial planning, and of identifying the full range of activities in the waters?
**assistant**:
> ## Introduction
> 
> Marine spatial planning (MSP) is a critical instrument in the management of our marine ecosystems and represents a sustainable approach to balancing the various demands on our blue environment. At its roots, it's a process that allows us to make informed, cooperative decisions about how to utilize marine resources to the maximum benefit of all stakeholders—whether those are individuals, industries, or the organisms that call these watery expanses home.
> 
> In Delaware, DNREC (Delaware Department of Natural Resources and Environmental Control) is at the helm of efforts to manage and protect the vast oceanic and bay waters within the state lines. These waters serve as a lifeblood for countless species, local economies, and cultural heritage points, unveiling a complex network of interdependencies that require comprehensive management and critically thoughtful planning.
> 
> This report seeks to support DNREC's endeavors by identifying and mapping out the diverse activities currently taking place or could potentially take place in the future across Delaware's oceanic and bay waters. While the sectors involved in these activities may seem disparate—ranging from commercial fishing to shipping, from recreational tourism to offshore energy industries—they share a fundamental commonality: they all depend on and impact the same maritime spaces.
> 
> This interconnectedness underscores the import of marine spatial planning, as no single activity can be considered in isolation. The ecosystem, including human systems within it, constitutes a myriad of ecological, societal, and economic connections. Understanding and visualizing these connections provides the basis for an inclusive, adaptive, and future-proof marine spatial plan.
> 
> The activities detailed in this report were selected by their relevance to Delaware's sovereign waters, accounting for both established and emergent interests. The inclusive approach is deliberate—it's vital to incorporate the full range of possible activities in establishing a robust and forward-looking marine spatial plan. Not every mapped activity will happen, or need to happen, but identifying potentials allows for us to prepare for a wide range of scenarios, imbibing the planning process with the flexibility and resilience to changing circumstances.
> 
> The following sections will take a deep dive into each of these activities, discussing their nature, current status, and potential future developments. Alongside, they offer richly-detailed maps that provide a visual representation of the region's ecological and human-driven dynamics.
> 
> Marine spatial planning is not just about drawing boundaries or designating zones—it is about envisioning a future where human use and nature coexist, where both economy and environment can thrive. Such a task is neither straightforward nor simple—but through this report, we hope to contribute to making it possible.
