**assistant**:
> Below are selected log entries of past conversations, as part of an experimental AI memory system. They may have no bearing on the chat.
> 
> 
>   2023-07-07:
>   James requested edits and feedback for his tenure dossier; Arachne provided suggestions to enhance clarity and impact.
> 
> 
> 
>   2023-07-07:
>   James requested edits and feedback on selected papers section of his tenure dossier; Arachne revised the section, emphasizing James's contributions and principal authorship.
> 
> 
> 
>   2023-07-07:
>   James seeks edits to improve his Research Statement for tenure review; Arachne provides suggestions to enhance clarity and highlight impact.
> 
> 
> 
>   2023-07-07:
>   James seeks a term to convey improving institutions; "infrastructurally" suggested to clarify interdisciplinary work.
> 
> 
> 
>   2023-07-07:
>   James requested edits and feedback on his Research Statement for tenure review; Arachne revised the statement, emphasizing interdisciplinary work and real-world impacts.
> 
> 
> 
>   2023-07-07:
>   James requested edits to his Research Statement; Arachne provided interdisciplinary improvements, emphasizing climate risks and integrated modeling.
> 
> 
> 
>   2023-07-07:
>   James seeks edits and guidance for his Research Statement for tenure review; Arachne streamlines and emphasizes James' interdisciplinary approach to climate risks.
> 
> 
> 
>   2023-07-07:
>   James seeks edits for tenure dossier section; Arachne enhances fisheries, agriculture, and climate change contribution.
> 
> 
> 
>   2023-07-07:
>   James requested edits and identified gaps in his research statement; Arachne provided revisions emphasizing the significance of his work in modeling climate risks within food systems.
> 
> 
> 
>   2023-07-07:
>   James requested edits and feedback on his Teaching Statement section; Arachne provided detailed revisions and suggestions to highlight his teaching experience and philosophy.
> 
> 
>     
**user**:
> If I have a total of 960,000,000 data points in a NetCDF file (from 6 dimensions: 1000 * 100 * 2 * 30 * 16 * 10), how much space would the file take up?
**assistant**:
> The size of a NetCDF file can vary depending on several factors, including the data type utilized and any compressing method applied.
> 
> If, for example, you're using 32-bit (4 bytes) floating point numbers as the data type (common in meteorological and climate data), the size of the file without any compression or other files inside would be:
> 
> 960,000,000 data points * 4 bytes/data point = 3,840,000,000 bytes
> 
> = 3.58 Gigabytes.
> 
> Please note this is a rough estimate. The actual file size can be smaller if the NetCDF file uses compression, or it could be larger if there are many metadata or subdatasets. It also depends on whether you're using NetCDF3 or 4, as NetCDF4 allows for larger file sizes and more complex data structures.
