**user**:
> I am trying to create a flask app, run using a passanger router. I have an .htaccess file that directs requests to this passanger router. The passenger router then is supposed to spin up the flask app and send requests to it. But currently I'm having a problem just getting a basic passenger setup to work. In my passanger script I have:
> ```
> import sys, os
> INTERP = os.path.join(os.environ['HOME'], 'projects', 'arachne.existencia.org', 'venv', 'bin', 'python3')
> if sys.executable != INTERP:
>     os.execl(INTERP, INTERP, *sys.argv)
> sys.path.append(os.getcwd())
> 
> from flask import Flask
> application = Flask(__name__)
> 
> @application.route('/')
> def index():
>     return 'Hello from Passenger'
> ```
> But in the error logs on each request I get:
> ```
> [Sat Jun 24 19:22:32.741714 2023] [cgid:error] [pid 284102:tid 140228274292480] [client 208.105.96.150:65394] End of script output before headers: passenger_wsgi.py
> ```
> I even get this when I replace the whole script with just a print statement. How can I get some response from the passenger step?
**assistant**:
> From the error message, it seems like Passenger is not receiving the proper HTTP headers from your application. It could be the way Passenger is currently configured, or the Flask configuration.
> 
> Here's a quick guide to help you identify and fix the problem:
> 
> 1. Make sure your .htaccess file contains the following content:
> 
> ```apache
> PassengerEnabled on
> PassengerAppRoot /path/to/your/app
> ```
> 
> Make sure to replace "/path/to/your/app" with the actual path to the folder containing your Flask application.
> 
> 2. In your passenger_wsgi.py file, include the proper shebang for your virtual environment.
> 
> At the top of the file, include:
> 
> ```python
> #!/path/to/your/venv/bin/python
> ```
> 
> Replace "/path/to/your/venv" with the actual path to your virtual environment's bin folder.
> 
> 3. Modify your Flask application in the passenger_wsgi.py file:
> 
> Ensure that your Flask app has the name `application` and use the `if __name__ == '__main__':` block.
> 
> ```python
> from flask import Flask
> application = Flask(__name__)
> 
> @application.route('/')
> def index():
>     return 'Hello from Passenger', 200
> 
> if __name__ == '__main__':
>     application.run()
> ```
> 
> This will ensure that the Flask app runs correctly if the script is run directly, and Passenger can also use the `application` object properly.
> 
> 4. Restart your web server to apply the changes.
> 
> After making these changes, try visiting your application's URL again and check if the problem is resolved. If it persists, try to debug the passenger process by looking into Passenger log files for more details on the issues.
> 
> To enable detailed error logs, add the following line to your .htaccess file:
> 
> ```
> PassengerLogLevel 3
> ```
> 
> Then, review the error logs for more information on why the headers are not being sent correctly. Update your application or Passenger configurations as necessary.
**user**:
> Great. Passenger now seems to be working. But I get an error when I import my flask application into the passenger script. In the browser it just says, "Incomplete response received from application".
**assistant**:
> The "Incomplete response received from application" message usually indicates that the application has not sent a complete response to the client.
> 
> Here are some things to check when importing your Flask application into the Passenger script:
> 
> 1. Ensure that you are importing the Flask app properly:
> 
> ```python
> from myapp import app as application
> ```
> 
> Replace "myapp" with the actual name of your Flask application, and "app" with the actual name of your Flask instance object.
> 
> 2. Verify that your Flask application runs correctly:
> 
> Try running your Flask application manually from the command line:
> 
> ```bash
> $ python3 myapp.py
> ```
> 
> Replace "myapp.py" with the actual name of the Python script that contains your Flask application logic. Then, try visiting your Flask app's URL in a web browser to make sure it runs without any errors.
> 
> 3. Check if there are any errors logged by Passenger:
> 
> Login to the server and go to the Passenger log directory. This could be `/var/log/httpd` or `/var/log/apache2` depending on your server's configuration. Look for any error log entries related to your Flask app.
> 
> If you see any Passenger errors, try to fix them in your Flask app or your Passenger configuration. 
> 
> 4. Check if your Flask app is completing all requests:
> 
> Sometimes requests may be aborted or terminated before the Flask app can send a complete response. Make sure that your Flask app handles all requests it receives and completes them fully.
> 
> If you're still having issues, it might be helpful to provide more information such as your Flask application code, server configuration, and any relevant error messages for further assistance.
