**assistant**:
> Below are selected log entries of past conversations, as part of an experimental AI memory system. T
**user**:
> can you add detail to this plan and add a time line : intenral rpestions, then a sub comittee of the board, then brinigni in outside experts (even an angel investor etc).
**assistant**:
> Sure, I would be happy to add details to your plan and include a timeline. Here's how it might look:
> 
> 1. **Week 1-4: Interrogation and Internal Preparation**
>    - Begin with an internal questioning process. This should involve department heads and other key players within the company. Review roles, objectives, financial health, and the viability of your current business model.
> 
>    - Assess challenges, opportunities, and discuss possible solutions or improvements. Possible questions may include: What is our core mission and are we achieving it? What is our competitive advantage, and how can we leverage this further? What financial, operational, or other hurdles are currently impacting our performance?
> 
>   - Summarize the findings and discuss in depth with broader teams. 
> 
> 2. **Week 5-8: Formation of Subcommittee** 
>    - Form a subcommittee from the board with diverse backgrounds – finance, strategy, marketing, etc. 
> 
>    - The role of the subcommittee is to evaluate the provided information from the internal questioning process and develop strategic recommendations.
> 
>    - Organize regular meetings (at least bi-weekly) to make sure every member has a clear understanding of their tasks and is on track.
> 
> 3. **Week 9-12: Development and Review of Strategic Plan** 
>    - The subcommittee should create a draft strategic plan based on the analysis. This would include future company objectives, proposed actions to achieve these objectives, and methods to monitor progress.
> 
>    - Review the draft with the full board of directors, gather feedback, and refine the plan.
> 
> 4. **Week 13-16: Engaging Outside Experts**
>    - Identify and reach out to relevant industry experts. These could include business strategists, investors, or consultants who will provide an external perspective on the strategic plan.
> 
>    - Arrange meetings or presentations where these experts can provide feedback. Use this feedback to further refine the strategic plan.
> 
> 5. **Week 17-20
**user**:
> can you add detail to this plan and add a time line : intenral rpestions, then a sub comittee of the board, then brinigni in outside experts (even an angel investor etc). Biz case/pitch story for BE team 
> Innovate, Elevate, and Validate: The Business Engagement Team Case Competition
> Overview:
> The competition will be a platform for the business engagement team leaders to present their business cases articulating the value proposition of membership and investment in their programs: DC Building Innovation Hub, Green Lease Leaders Platform, Network of Hubs, and Energy Tracker Database.
> Objectives:
> * Encourage innovation and creativity in presenting the business case.
> * Heighten awareness about the unique benefits and potentials of each program.
> * Validate business cases by peer review and evaluation.
> Stages:
> Phase 1 - Submission:
> Each team leader will submit a detailed and persuasive business case within two weeks of the launch of the competition. The business case should highlight:
> * The unique benefits of the program
> * ROI for potential investors
> * Long-term sustainability and scalability of the proposed plan
> * Alignment with sustainability goals
> * How membership will benefit each stakeholder
> Phase 2 - Review & Feedback:
> A panel of experts will review all the presented cases and provide constructive feedback. This review process could last for one week.
> Phase 3 - Presentation:
> All team leaders will get an opportunity to present their refined business case before the entire team, management, and potentially, select clients or investors. This could be done over a series of meetings or a dedicated event, depending on your availability.
> Phase 4 - Evaluation & Awards:
> The panel will identify the strongest business case based on evaluation criteria such as creativity, feasibility, alignment with sustainability goals, and potential returns on investment.
> Judging Criteria (on a scale of 1 to 5):
> * Understanding of Business Needs – Does the case present an in-depth understanding of the market and stakeholder needs?
> * Solution Innovation – How innovative or unique is the proposed solution?
> * Economic Practicality – Is the proposal economically sound with clear financial benefits?
> * Alignment with Sustainability Goals – Does the case align with the larger sustainability and social impact objectives?
> * Presentation Quality – Were the ideas communicated effectively, efficiently, and persuasively during the presentation?
> Expected Outcome:
> The winning business case will form the basis for the strategy to attract more members and investments to the respective program.
> 
**assistant**:
> ### Business Engagement Team Case Competition Timeline and Detailed Plan
> 
> #### Innovation, Elevate, and Validate: The Business Engagement Team Case Competition
> 
> **Overview:**
> The competition serves as a platform for business engagement team leaders to pitch their business cases about membership and investment value in programs like the DC Building Innovation Hub, Green Lease Leaders Platform, Network of Hubs, and Energy Tracker Database.
> 
> **Objectives:**
> - Encourage innovation and creativity in business case presentations.
> - Heighten awareness of program benefits and potentials.
> - Validate business cases through peer review and evaluation.
> 
> **Stages:**
> 
> 1. **Week 1-2: Phase 1 - Submission**
>    - Team leaders submit detailed business cases highlighting:
>      - Unique program benefits.
>      - ROI for potential investors.
>      - Long-term sustainability and scalability.
>      - Alignment with sustainability goals.
>      - Stakeholder benefits.
> 
> 2. **Week 3: Phase 2 - Review & Feedback**
>    - Panel of experts review all cases and provide constructive feedback.
>    - Review process should aim to last one week.
> 
> 3. **Week 4-5: Phase 3 - Presentation**
>    - Team leaders present refined business cases to the entire team, management, and potentially select clients or investors.
>    - Presentations could be spread across meetings or a dedicated event.
> 
> 4. **Week 6: Phase 4 - Evaluation & Awards**
>    - Panel identifies the strongest case based on evaluation criteria:
>      - Understanding of Business Needs.
>      - Solution Innovation.
>      - Economic Practicality.
>      - Alignment with Sustainability Goals.
>      - Presentation Quality.
> 
> **Judging Criteria (on a scale of 1 to 5):**
> - Understanding of Business Needs.
> - Solution Innovation.
> - Economic Practicality.
> - Alignment with Sustainability Goals.
> - Presentation Quality.
> 
> **Expected Outcome:**
> The winning business case will drive the strategy to attract more members and investments to the respective program, shaping future growth and success.
> 
> Feel free to adjust the timeline and details as needed for a successful competition!
