**assistant**:
> Below are selected log entries of past conversations, as part of an experimental AI memory system. T
**user**:
> Which process produces the most uncertainty in equilibrium climate sensitivity
> (ECS)?
**assistant**:
> The estimation of Equilibrium Climate Sensitivity (ECS) is indeed subject to several sources of uncertainty. However, two primary processes frequently standout as the principal contributors to this uncertainty:
> 
> **1. Cloud feedbacks:** The response of clouds to warming is one of the most significant and uncertain aspects of climate models. Clouds can both reflect incoming solar radiation (a cooling effect) and trap outgoing long-wave radiation (a warming effect). The balance of these two effects, which can shift with warming, is challenging to model.
> 
> **2. Ocean heat uptake:** The rate and depth at which oceans absorb heat affects the Earth's energy balance and thus the overall climate response to a doubling of CO2. Their vast stores of heat, complex dynamics, and slow response times add significant uncertainty to ECS calculations.
> 
> In addition to these, other processes like the melting of ice and snow, the behavior of aerosols, or the response of vegetation and soil to warming can compound uncertainties associated with estimating ECS.
> 
> Nevertheless, it's important to note that while there's uncertainty in the specific value of ECS, the scientific consensus that it's positive and likely between 1.5 and 4.5°C for a doubling of CO2 concentration is robust. This range has been consistent over many years, and across many different lines of evidence - from climate models to empirical estimates from historical or paleoclimate data.
**user**:
> What about water vapor feedback?
**assistant**:
> Water vapor feedback is a crucial component of the Earth's climate system and plays a significant role in the estimation of Equilibrium Climate Sensitivity (ECS). As the Earth warms due to increased greenhouse gas concentrations, the atmosphere can hold more water vapor. Water vapor is a potent greenhouse gas itself, so this increase in water vapor can amplify the warming effect of other greenhouse gases, such as carbon dioxide.
> 
> The water vapor feedback is generally considered to be a positive feedback mechanism, meaning that it amplifies the initial warming caused by increased greenhouse gas concentrations. However, the magnitude of this feedback and how it interacts with other feedback mechanisms, such as clouds, can introduce uncertainties in ECS estimates.
> 
> Modeling the complex interactions between water vapor, clouds, and other components of the climate system is challenging and contributes to the overall uncertainty in predicting how the climate will respond to future greenhouse gas emissions. While water vapor feedback is a fundamental part of the climate system, its precise role and how it may change with global warming are key sources of uncertainty in ECS estimates.
