**user**:
> Here is page {'/Type': '/Page', '/Parent': IndirectObject(2, 0, 140547841888464), '/Resources': IndirectObject(37, 0, 140547841888464), '/Contents': IndirectObject(36, 0, 140547841888464), '/MediaBox': [0, 0, 612, 792], '/Annots': IndirectObject(38, 0, 140547841888464)} of a PDF, in a text-based layout:
> ===
> Contents
> EXECUTIVE SUMMARY                                                  ................................                               ................................                                ..............................                              4
> 1.                INTRODUCTION                                     ................................                               ................................                                .............................                             7
>             Box 1         - What are the triple dividends of climate resilience?                                                                     ................................                  ................................                  ...   9
> 2.                METHODOLOGY                                      ................................                               ................................                                ............................                            10
>       2.1               Scope              ................................                          ................................                          ................................                          ..................                10
>       2.2               Data Collection                             ................................                           ................................                          ................................                          ....    10
>       2.3               Building the AdapTDR Database                                                           ................................                          ................................                          ............           11
>       2.4               Limitations of the Data                                         ................................                         ................................                          ..........................                      14
> 3.                FINDINGS                       ................................                                ................................                               ................................                               .....      15
>       3.1               The Cost of Financing Adaptation                                                            ................................                          ................................                          ..........         15
>       3.2               Adaptation’s High Rates of Return                                                             ................................                          ................................                          .........        16
>       3.3.              Adaptation’s Triple Dividend                                                   ................................                          ................................                          .................               20
>       3.4               Adaptation’s Mitigation Co                                               -Benefits                 ................................                          ................................                          ......      23
> 4.                DISCUSSION                              ................................                              ................................                                ................................                               .  25
>       4.1 Best Buys for Whom: How Assessing IRRs and Triple Dividends Works Together                                                                                                                                                   ..........          25
>             Box 2:         Triple Dividend Projects: High Returns, Diverse Beneficiaries                                                                                  ................................                   ...................            25
>       4.2               What is Missing?                               ................................                          ................................                          ................................                          ...   27
>       4.3               Scope for Private Investment in Adaptation                                                                             ................................                          ...........................                       28
>       4.4               Learning from the AdapTDR Database                                                                      ................................                           ................................                          ...   30
>             Box 3: Ideas for Future Work Based on the AdapTDR Database                                                                                        ................................                  ...........................                 31
> 5.                KEY TAKEAWAYS AND                                                 RECOMMENDATIONS                                                   ................................                                ..................                  32
> 6.                APPENDIX                        ................................                               ................................                               ................................                               .....      34
>       6.1               The AdapTDR Database                                             ................................                          ................................                          .........................                     34
>       6.2               Glossary of                      Financial T                  erminology                      ................................                          ................................                          .........        37
>       6.3               Average IRRs across Select Countries, by sub                                                                                - sector             ................................                          .............           38
>       6.4               Quartile analysis of the sub                                               -sector returns on investment                                                      ................................                         ......      39
>       6.5               Exemplary Climate Adaptation Projects                                                                        ................................                           ................................                           40
> REFERENCES                               ................................                                ................................                               ................................                               .........          47
>                                                                                                                                2
> ===
> Please write this in a stream appropriate for a text-to-speech reader. Use only the provided text, and include everything unless there are number-heavy tables, which you can summarize.
**assistant**:
> Here is the text in a format suitable for a text-to-speech reader:
> 
> Contents
> 
> Executive Summary, page four.
> 
> One, Introduction, page seven. Box One, What are the triple dividends of climate resilience? Page nine.
> 
> Two, Methodology, page ten. Section two point one, Scope, page ten. Section two point two, Data Collection, page ten. Section two point three, Building the Adap-T-D-R Database, page eleven. Section two point four, Limitations of the Data, page fourteen.
> 
> Three, Findings, page fifteen. Section three point one, The Cost of Financing Adaptation, page fifteen. Section three point two, Adaptation’s High Rates of Return, page sixteen. Section three point three, Adaptation’s Triple Dividend, page twenty. Section three point four, Adaptation’s Mitigation Co-Benefits, page twenty-three.
> 
> Four, Discussion, page twenty-five. Section four point one, Best Buys for Whom: How Assessing I-R-Rs and Triple Dividends Works Together, page twenty-five. Box Two, Triple Dividend Projects: High Returns, Diverse Beneficiaries, page twenty-five. Section four point two, What is Missing? Page twenty-seven. Section four point three, Scope for Private Investment in Adaptation, page twenty-eight. Section four point four, Learning from the Adap-T-D-R Database, page thirty. Box Three, Ideas for Future Work Based on the Adap-T-D-R Database, page thirty-one.
> 
> Five, Key Takeaways and Recommendations, page thirty-two.
> 
> Six, Appendix, page thirty-four. Section six point one, The Adap-T-D-R Database, page thirty-four. Section six point two, Glossary of Financial Terminology, page thirty-seven. Section six point three, Average I-R-Rs across Select Countries, by sub-sector, page thirty-eight. Section six point four, Quartile analysis of the sub-sector returns on investment, page thirty-nine. Section six point five, Exemplary Climate Adaptation Projects, page forty.
> 
> References, page forty-seven. Page two.
