**assistant**:
> Below are selected log entries of past conversations, as part of an experimental AI memory system. They may have no bearing on the chat.
> 
> 
>   2023-11-06:
>   Exploring Brick Houses with Austin
> 
> 
> 
>   2023-08-29:
>   Improving Color Visibility in ggplot2 Legends
> 
> 
> 
>   2023-05-15:
>   James inquired about checking a structure's attributes in Julia; Arachne described how to use `hasfield`, and also suggested an approach for running code in a package without including it.
> 
> 
> 
>   2023-12-21:
>   Saving Matplotlib Map Display as a Web-Readable File
> 
> 
> 
>   2023-07-21:
>   James inquired about creating a flexible function in Julia, similar to Python's `map`; Arachne provided initial and revised code examples to match desired functionality.
> 
> 
> 
>   2023-07-11:
>   James asked about adding a base map layer with ocean bathymetry in QGIS; Arachne guided him to use the QuickMapServices plugin and GEBCO_2019 basemap layer.
> 
> 
> 
>   2023-08-15:
>   James seeks high-res base map in QGIS; Arachne suggests alternatives, advises setting correct projection.
> 
> 
> 
>   2023-06-07:
>   James asked about the grammar of pronouns in a sentence; Arachne clarified that "It could be Alice, Bob, and me" is correct.
> 
> 
> 
>   2023-11-12:
>   Pirates and Movies: A Playful and Apologetic Conversation
> 
> 
> 
>   2023-05-25:
>   James asked for a simpler Native American phrase like "Mitakuye Oyasin"; Arachne suggested "Nia:wen" from the Mohawk language to convey gratitude.
> 
> 
>     
**user**:
> How would you say "You are here" on a faux pirate map for a kid?
**assistant**:
> On a faux pirate map for a child, you might use a phrase like "Ye be standin' here" or "Here lies yer position, matey!" to keep it fun, engaging, and within the pirate theme.
