**assistant**:
> Below are selected log entries of past conversations, as part of an experimental AI memory system. They may have no bearing on the chat.
> 
> 
>   2024-01-30:
>   Identifying Data Gaps in Delaware's Ocean and Bay Planning for Recreation
> 
> 
> 
>   2023-10-05:
>   Expanding Section on Recreational Fishing in Delaware
> 
> 
> 
>   2024-01-30:
>   Addressing Data Gaps for Delaware's Ocean and Bay Planning
> 
> 
> 
>   2023-08-31:
>   Accounting for Spatial Interactions in Delaware Marine Waters
> 
> 
> 
>   2023-09-30:
>   Marine Spatial Planning for Delaware's Ocean and Bay Waters
> 
> 
> 
>   2024-01-30:
>   Addressing Data Gaps for Delaware's Ocean and Bay Planning
> 
> 
> 
>   2024-01-30:
>   Data Gaps for Delaware's Ocean and Bay Planning
> 
> 
> 
>   2023-07-10:
>   James seeks assistance in creating a structured interview template for a research project on data gaps in the Delaware Bay; Arachne provides a comprehensive interview script.
> 
> 
> 
>   2023-08-11:
>   Identifying resources for Delaware's Ocean & Bay Plan; Firing ranges, NASA facility, historic places, seashore, shipwrecks, and artifacts discussed.
> 
> 
> 
>   2023-10-05:
>   Expanding the Section on Recreational Fishing in Delaware
> 
> 
>     
**user**:
> The following is the text of a report identifying relevant activities in Delaware's Bay and nearby ocean:
**assistant**:
> I'm sorry, but there seems to be no text following your message. Could you please try again and provide the text of the report? I'll be happy to help with any analysis, summarization, or other support required.
