**assistant**:
> Below are selected log entries of past conversations, as part of an experimental AI memory system. T
**user**:
> In R Shiny, how can I make a list of checkboxes?
**assistant**:
> You can create a list of checkboxes in R Shiny using `checkboxGroupInput`. This function generates a group of checkboxes that users can interact with. Here’s an example to help you get started:
> 
> ```r
> # Install and load the shiny package if you haven't already
> install.packages("shiny")
> library(shiny)
> 
> # Define the UI
> ui <- fluidPage(
>   # Application title
>   titlePanel("Checkbox Group Example"),
>   
>   # Sidebar layout with input and output definitions
>   sidebarLayout(
>     # Sidebar panel for inputs
>     sidebarPanel(
>       # Checkbox group input elements
>       checkboxGroupInput(
>         inputId = "checkGroup",
>         label = "Choose options:",
>         choices = list("Option 1" = "option1",
>                        "Option 2" = "option2",
>                        "Option 3" = "option3")
>       )
>     ),
>     
>     # Main panel for displaying outputs
>     mainPanel(
>       textOutput("selectedOptions")
>     )
>   )
> )
> 
> # Define the server logic
> server <- function(input, output) {
>   # Display the selected checkboxes
>   output$selectedOptions <- renderText({
>     paste("You selected:", paste(input$checkGroup, collapse = ", "))
>   })
> }
> 
> # Run the application 
> shinyApp(ui = ui, server = server)
> ```
> 
> In this example:
> 1. `checkboxGroupInput` is used to create the list of checkboxes within the sidebar.
> 2. `inputId` is the identifier that Shiny uses to access the checkbox group’s values.
> 3. `label` provides a descriptive label for the checkboxes.
> 4. `choices` specifies the options available to the user.
> 
> When users select checkboxes, the server captures these selections and displays them in the main panel.
