**assistant**:
> Below are selected log entries of past conversations, as part of an experimental AI memory system. T
**user**:
> what are the adantages of a 4 day work week? [pe;ase provide data
**assistant**:
> There's a growing body of research on the impact of 4-day work weeks, which suggests several potential advantages:
> 
> 1. **Increased Productivity**: A 2019 trial by Microsoft in Japan found a 40% boost in productivity when they implemented a four-day workweek. In New Zealand, Perpetual Guardian reported a 20% rise in employee productivity and an increased profit margin after testing a four-day work week.
> 
> 2. **Improved Employee Well-Being**: Shortening the workweek can significantly improve work-life balance, and this can have substantial benefits for mental well-being. The same test by Perpetual Guardian found increased staff satisfaction and decreased stress.
> 
> 3. **Lower Operational and Ancillary Costs**: Having one less workday could also reduce costs associated with running a workplace, such as energy costs, time spent commuting, and other resources, such as food and water consumption. Ordering services and supplies can also decrease by 20%.
> 
> 4. **Attraction and Retention of Employees**: A four-day workweek could be an attractive benefit for current and prospective employees. In a competitive job market, it can position a company as one that values its employees' well-being and work-life balance. The increased job satisfaction can lead to higher retention rates.
> 
> 5. **Positive Environmental Impact**: Employees commuting one less day per week can significantly reduce carbon emissions. This can be a part of an organization's sustainability strategy.
> 
> 6. **More Flexibility**: By extending working hours across four days, a longer weekend means greater flexibility for employees to engage in personal activities or pursuits. 
> 
> It's important to bear in mind that like any radical change, shifting to a 4-day work week needs a thoughtful implementation strategy to overcome challenges like the potential for overwork on workdays, uneven impact across sectors and roles, customer service and availability concerns, etc. However, if the benefits align with organizational and employee values, it can be a strategy worth pursuing.
**user**:
> is it better for employees to get a full week off or an extra day per mnnth? 
**assistant**:
> The choice between offering employees a full week off at certain intervals or an extra day off per month depends on various factors, including the organization's culture, operational needs, employee preferences, and the specific goals of the time off policy. 
> 
> Here are some considerations for each option:
> 
> **Full Week Off:**
> 1. **Deep Refreshment**: A full week off can provide employees with a more extended period to rest and recharge, which can lead to higher levels of rejuvenation and potentially more significant benefits for well-being and mental health.
>    
> 2. **Longer Vacations**: Employees can use a full week off for vacations, travel, or longer personal projects, giving them the opportunity to truly disconnect from work and come back more motivated and energized.
> 
> 3. **Work-Life Balance**: Offering a full week off can demonstrate a commitment to work-life balance and may be seen as a more substantial gesture of appreciation for employees' hard work.
> 
> **Extra Day Off Per Month:**
> 1. **Consistent Breaks**: Providing a regular extra day off each month can help employees maintain a better work-life balance consistently throughout the year, potentially reducing burnout and increasing job satisfaction.
> 
> 2. **Flexibility**: Employees can choose when to take their additional day off based on their individual needs and preferences, allowing for greater flexibility to align with personal commitments or leisure activities.
> 
> 3. **Incremental Benefit**: While a full week off provides a more significant break, an extra day off each month ensures a consistent source of time for relaxation, errands, or personal development activities.
> 
> Ultimately, the choice between a full week off and an extra day off per month will depend on the specific goals and priorities of the organization, as well as the preferences and needs of the employees. Some organizations may even choose to offer a combination of both options to cater to different preferences and circumstances within their workforce. Regular feedback and communication with employees can help in determining which option aligns best with their expectations and helps in promoting a positive work environment.
