**assistant**:
> Below are selected log entries of past conversations, as part of an experimental AI memory system. T
**user**:
> Can you write Julia code to read a yaml file, containing a list, where each entry in the list has a sub-entry "ticker_symbol", and combines all these ticker symbols into a list?
**assistant**:
> Certainly! Below is a Julia code snippet that reads a YAML file containing a list of entries, where each entry has a sub-entry "ticker_symbol", and extracts these ticker symbols into a Julia list.
> 
> First, ensure you have the necessary packages installed. You can install the packages using the following commands in Julia REPL:
> 
> ```julia
> using Pkg
> Pkg.add("YAML")
> ```
> 
> Now, here is the code to read the YAML file and extract the ticker symbols:
> 
> ```julia
> using YAML
> 
> function extract_ticker_symbols(filepath::String)
>     # Load the YAML file
>     data = YAML.load_file(filepath)
> 
>     # Ensure the data is a list
>     if !isa(data, Vector{Dict})
>         error("The top-level structure of the YAML file must be a list of dictionaries.")
>     end
> 
>     # Extract ticker symbols
>     ticker_symbols = [entry["ticker_symbol"] for entry in data if haskey(entry, "ticker_symbol")]
> 
>     return ticker_symbols
> end
> 
> # Example usage:
> filepath = "path/to/your/file.yaml"
> ticker_symbols = extract_ticker_symbols(filepath)
> println(ticker_symbols)
> ```
> 
> ### Example YAML File Structure
> 
> Make sure your YAML file looks something like this:
> 
> ```yaml
> - ticker_symbol: AAPL
>   company_name: Apple Inc.
> - ticker_symbol: GOOGL
>   company_name: Alphabet Inc.
> - ticker_symbol: MSFT
>   company_name: Microsoft Corp.
> - some_other_key: some_value
> ```
> 
> ### Explanation of the Code
> 
> 1. **Loading the YAML file**: The `YAML.load_file(filepath)` function reads the YAML file and parses its content.
> 2. **Verifying the Structure**: The code checks if the top-level structure is a list of dictionaries.
> 3. **Extracting Ticker Symbols**: The list comprehension `[entry["ticker_symbol"] for entry in data if haskey(entry, "ticker_symbol")]` extracts the "ticker_symbol" from each dictionary where it exists.
> 
> By running the code with a properly structured YAML file, you will get a list of ticker symbols. Let me know if you have any questions or need further modifications!
