**assistant**:
> Below are selected log entries of past conversations, as part of an experimental AI memory system. They may have no bearing on the chat.
> 
> 
>   2023-11-07:
>   Methodology Assistance for Climate Loss Estimation
> 
> 
> 
>   2023-11-07:
>   Estimating Current Climate Losses Methodology Assistance
> 
> 
> 
>   2023-11-07:
>   Estimating Current Climate Losses - Methodology for Projections
> 
> 
> 
>   2023-11-07:
>   Estimating Climate Change Losses - Methodology and Machine Learning Approach
> 
> 
> 
>   2023-11-07:
>   Methodology for Estimating Climate Change Losses using Machine Learning
> 
> 
> 
>   2023-11-07:
>   Estimating Climate Losses with Machine Learning
> 
> 
> 
>   2023-11-07:
>   Estimating Climate Losses & Capital Erosion: Methodology Guidance and Equation Explanation
> 
> 
> 
>   2023-11-07:
>   Estimating Current Climate Losses: Methodology Assistance and Project Overview
> 
> 
> 
>   2023-11-07:
>   Methodology and Limitations of Estimating Macroeconomic Effects of Climate Change
> 
> 
> 
>   2023-11-08:
>   Layering and Offset of Histograms in ggplot2
> 
> 
>     
**user**:
> This is a test.
**assistant**:
> Of course, I'm ready! Please go ahead with your test.
