**assistant**:
> Below are selected log entries of past conversations, as part of an experimental AI memory system. T
**user**:
> What does "EA (excl. CN/JP)" refer to as a set of countries?
**assistant**:
> "EA (excl. CN/JP)" typically stands for "East Asia excluding China and Japan." In this context, it would refer to the countries in the East Asia region, but specifically excluding China and Japan. The remaining countries often included in such a definition might be South Korea, North Korea, Mongolia, and Taiwan. However, definitions can vary depending on the specific context or criteria used. If you need a more detailed or specific list, feel free to provide more context!
**user**:
> Can you give me a list of ISO codes that this would correspond to?
**assistant**:
> Certainly! Here’s a list of the ISO 3166-1 alpha-2 codes for the countries typically included in "East Asia excluding China (CN) and Japan (JP)":
> 
> - **South Korea**: KR
> - **North Korea**: KP
> - **Mongolia**: MN
> - **Taiwan**: TW
> 
> So, the ISO codes for "EA (excl. CN/JP)" would be:
> 
> - KR (South Korea)
> - KP (North Korea)
> - MN (Mongolia)
> - TW (Taiwan)
> 
> If you need further assistance or additional countries, just let me know!
**user**:
> Can you make these ISO3 codes?
**assistant**:
> Sure! Here are the ISO 3166-1 alpha-3 codes for the countries typically included in "East Asia excluding China and Japan":
> 
> - **South Korea**: KOR
> - **North Korea**: PRK
> - **Mongolia**: MNG
> - **Taiwan**: TWN
> 
> So, the ISO3 codes for "EA (excl. CN/JP)" would be:
> 
> - KOR (South Korea)
> - PRK (North Korea)
> - MNG (Mongolia)
> - TWN (Taiwan)
> 
> If you need more information or help, feel free to ask!
