**assistant**:
> The most relevant past discussion is from 2023-05-03 10:24:38, which discusses selecting the optimal
**user**:
> I'm reviewing a paper which implements clustering as follows:
> ===
> First, we estimate the nonlinear effects
> model employing linear detrending for each industry individually. Among
> the industries whose estimated coefficients ( ˆ β1, ˆ β2) fall in the fourth quadrant
> ( ˆ β1 > 0, ˆ β2 < 0), we select the one with the largest vector norm as the initial
> anchor group. Next, we iteratively identify and merge the industry whose
> coefficient vector is closest to that of the current anchor group, provided
> the merged estimate remains in the fourth quadrant. After each merge,
> the regression is re-estimated using data from all industries in the updated
> group. This process continues until no additional industry can be added
> without violating the fourth quadrant condition.
> ===
> 
> This is like k-means, but it seems to be using a greedy algorithm. Is such an algorithm going to have a reliable outcome?
**assistant**:
> The algorithm you've described certainly has some elements reminiscent of clustering, like k-means, but with a significant difference in approach by using a greedy algorithm. Here's a breakdown of its strengths and potential drawbacks:
> 
> ### Strengths:
> 1. **Tailored Clustering**: The approach seems to be specifically designed to cluster industries based on their estimated coefficients, ensuring that only those that fit a specific condition (fourth quadrant) are grouped together.
> 2. **Iterative Improvement**: By re-estimating the regression model at each step, it attempts to refine the grouping with each iteration, potentially leading to a meaningful cluster.
> 
> ### Potential Drawbacks:
> 1. **Greedy Algorithm**: The nature of greedy algorithms is to make locally optimal choices at each step in the hope they lead to a global optimum. However, they can sometimes lead to suboptimal solutions because they don't consider broader consequences further down the line.
> 2. **Dependence on Initial Conditions**: Starting with an "initial anchor group" where selection is based on the largest vector norm assumes that this is the best starting point, which may not always be true. The results could vary greatly depending on how good that initial anchor is.
> 3. **No Global Optimization**: Unlike k-means, which adjusts cluster centroids based on global data, this method relies on a sequential, local decision-making process which may not capture the broader structure of the data.
> 
> ### Reliability:
> Such algorithms can produce reliable outcomes if the data structure aligns well with the approach. However, because the algorithm is greedy and heavily depends on the initial anchor, the solution may not necessarily be robust or optimal. It's advisable to run the algorithm multiple times with different initial conditions to assess the stability of the outcomes, or to compare it with other clustering methods.
> 
> Additionally, assessing cluster quality using clustering validation metrics, such as the Adjusted Rand Index (ARI) or silhouette score, could provide insights into the consistency and quality of the clustering results.
