**assistant**:
> Below are selected log entries of past conversations, as part of an experimental AI memory system. T
**user**:
> I am making a diagram of connections between different stocks and ecosystem services around crop production. I have just added pollinators, but I'm not sure if they are affected by other aspects of the system. In the system are also: aquifers, water purification ecosystem services, clean surface water, the water cycle, fertilizer, and agricultural production generally.
**assistant**:
> Great! Incorporating pollinators is essential for understanding ecosystem services affecting crop production. Here's how pollinators are connected to other aspects of your system:
> 
> 1. **Aquifers**:
>    - **Indirect Influence**: Groundwater from aquifers supports plant growth and agricultural production. Healthy crop systems provide habitats for pollinators.
> 
> 2. **Water Purification Ecosystem Services**:
>    - **Positive Impact**: Vegetative buffer zones and wetlands that purify water often provide habitats and foraging grounds for pollinators.
> 
> 3. **Clean Surface Water**:
>    - **Direct Influence**: Pollinators benefit from clean surface water sources, contributing to their health and longevity.
> 
> 4. **Water Cycle**:
>    - **Symbiotic Relationship**: Ecosystems involving pollinators (like flowering plants) impact local hydrology through transpiration, and in turn, depend on rainfall and water availability.
> 
> 5. **Fertilizer**:
>    - **Negative Impact**: Overuse of fertilizers can harm pollinators by contaminating their habitats and food sources. It's crucial to manage fertilizer application to protect pollinators.
> 
> 6. **Agricultural Production**:
>    - **Direct Influence**: Pollinators directly affect crop yields, especially for crops relying on insect pollination (e.g., fruits, vegetables, nuts).
> 
> ### Diagram Suggestions:
> - **Pollinators** should be centrally placed, connecting lines to:
>   - **Clean Surface Water** (label: dependency for health)
>   - **Water Cycle** (label: mutual influence)
>   - **Agricultural Production** (label: improve yields)
>   - **Vegetative Buffers** (if added under water purification, label: habitat)
> 
> - Monitor lines to:
>   - **Fertilizer** (label: negative impact)
> 
> This should provide a clear visualization of pollinators' interactions within your system. Is there anything more specific you'd like to detail or other components to include?
**user**:
> I already have fertilizer negatively affecting clean surface water. Does fertilizer affect pollinators through other mechanisms?
**assistant**:
> Yes, fertilizer can indeed affect pollinators through various mechanisms beyond contaminating clean surface water. Here are some additional ways in which fertilizer can impact pollinators:
> 
> 1. **Habitat Degradation**: Excessive fertilizer use can lead to habitat degradation by altering plant composition and reducing floral diversity. This can negatively affect pollinators that rely on specific plants for nectar and pollen.
> 
> 2. **Direct Toxicity**: Certain fertilizers, especially those containing pesticides or heavy metals, can be directly toxic to pollinators. Pollinators may come into contact with these chemicals while foraging and suffer detrimental effects on their health and reproduction.
> 
> 3. **Disruption of Foraging Patterns**: Fertilizer application can alter the availability and distribution of floral resources in agricultural landscapes. This disruption can impact pollinators' foraging patterns and limit their access to essential food sources.
> 
> 4. **Indirect Effects on Reproduction**: Changes in plant physiology due to fertilizer application may affect the quality and quantity of pollen and nectar produced. This can have indirect consequences on pollinator reproductive success and population dynamics.
> 
> When visualizing these relationships in your diagram, you can consider adding additional connections from fertilizer to pollinators, highlighting these various pathways through which fertilizer can impact pollinators in the context of crop production ecosystems. Let me know if you need further guidance on how to represent these connections effectively!
