**assistant**:
> Below are selected log entries of past conversations, as part of an experimental AI memory system. They may have no bearing on the chat.
> 
> 
>   2023-09-22:
>   Including Geoms in ggplot Legends without Plotting
> 
> 
> 
>   2023-11-27:
>   Understanding the Consequences of theta = 0.57
> 
> 
> 
>   2023-11-08:
>   Layering and Offset of Histograms in ggplot2
> 
> 
> 
>   2023-11-10:
>   Oceanic Trenches and Tidal Bores
> 
> 
> 
>   2023-09-05:
>   Finding Files Older Than a Date in Linux
> 
> 
> 
>   2023-07-25:
>   James struggled with disabling BitLocker and Fast Startup while installing Ubuntu; Arachne provided guidance and an alternative method.
> 
> 
> 
>   2023-11-19:
>   Exporting GeoDataFrames to Import into QGIS
> 
> 
> 
>   2023-11-19:
>   Finishing an Apple-Pear Tart: Baking Tips and Glaze Guidance
> 
> 
> 
>   2023-09-15:
>   Aligning item content in LaTeX beamer presentation
> 
> 
> 
>   2023-05-03:
>   Can cross-validation determine optimal clusters? Explanation of challenges; clustering stability and ARI evaluation metric.
> 
> 
>     
**user**:
> I'm trying to identify some kind of sqaush. It was about 5" wide at its widest point in a tear-drop shape (coming to a point at the top). Yellow in color, with skin like a mango. It had three big seeds in the middle, and the fruit inside is a bit doughy or moussey.
**assistant**:
> Based on your description, it seems likely that the squash you discovered could be a Spaghetti Squash (Cucurbita pepo). This variety of squash is known for its oval shape, often compared to a watermelon or a teardrop. Its skin can be yellow, and its flesh, when cooked, has a unique, stringy texture similar to spaghetti, which could be described as doughy or moussey. However, spaghetti squash typically has many seeds, similar to other squashes.
> 
> Another possibility could be a variety of acorn squash. Some acorn squash have a lighter, more yellow skin, a tear-drop shape, and a softer texture when cooked, but they usually have more than three seeds.
> 
> Could you describe the taste and confirm whether it was cooked or raw when you encountered it? This could be crucial in identifying the squash correctly.
**user**:
> Definitely not either of those. I'm not sure it was a squash. And it does not need any cooking to eat.
**assistant**:
> I apologize for the confusion. Based on your updated description, it appears that the fruit you encountered may not be a squash at all. With its tear-drop shape, yellow skin resembling a mango, and a moussey texture inside, it doesn't align with any traditional varieties of squash.
> 
> It's possible that the fruit you found belongs to a different plant species altogether. There are numerous fruits and vegetables with unique characteristics, and it may be helpful to explore other possibilities beyond the squash family.
> 
> If you have any additional information or specific features you'd like to highlight, please let me know, and I'll do my best to assist you in finding a more accurate identification.
**user**:
> What ideas do you have?
**assistant**:
> Based on your description of the tear-drop shaped fruit with yellow skin, moussey texture, and not requiring any cooking, here are a few alternative possibilities:
> 
> 1. Chayote (Sechium edule): Chayote is a fruit/vegetable that can resemble the shape and size you described. It has a pale green or yellowish skin and a texture that can be described as moussey or crunchy when raw. It is commonly eaten both raw and cooked in various cuisines.
> 
> 2. Horned Melon (Cucumis metuliferus): The horned melon, also known as kiwano or African horned cucumber, has a spiky appearance and a bright yellow-orange skin. The inside of the fruit is green and has a gelatinous, moussey texture. It is typically eaten raw and is known for its unique flavor.
> 
> 3. Passion Fruit (Passiflora edulis): While passion fruit is typically smaller than 5", it has a similar tear-drop shape and yellow skin. Inside, it has a jelly-like pulp with a tangy, tropical flavor. It is often eaten raw or used in various culinary applications.
> 
> 4. Pepino Melon (Solanum muricatum): The pepino melon is an elongated fruit with yellow skin and purple stripes. The flesh has a melon-like texture, which can be described as moussey or soft, and it is typically eaten raw. However, the size can vary, so it may not match exactly to your description.
> 
> These are just a few possibilities based on the information provided. It's challenging to provide a precise identification without more details, such as the geographic location where you found the fruit or any other distinctive characteristics. If you have any additional information or characteristics you can share, it would be helpful for further narrowing down the possibilities.
**user**:
> I believe it is from Amazonia.
**assistant**:
> If the fruit you encountered is from the Amazon region, it opens up a new range of possibilities. The Amazon rainforest is home to a diverse array of unique and exotic fruits. Here are a few potential options that are native to the Amazon rainforest:
> 
> 1. Cupuaçu (Theobroma grandiflorum): Cupuaçu is a fruit native to the Amazon rainforest and is often described as having a flavor profile similar to a combination of chocolate and pineapple. It typically has a yellowish-brown or greenish fruit skin and a moussey, creamy textured flesh. Cupuaçu is commonly used in juices, desserts, and ice creams.
> 
> 2. Murici (Byrsonima crassifolia): Murici is a small yellow fruit with a moussey texture, native to the Amazon region. It is known for its tangy and slightly sweet flavor. While it may not precisely match your tear-drop shape description, it is worth considering due to its unique characteristics.
> 
> 3. Bacuri (Platonia insignis): Bacuri is a fruit native to the Amazon rainforest that has a thick yellowish-green rind and a creamy, custard-like flesh. The texture can be described as moussey or buttery. Bacuri fruits are often eaten fresh or used in various culinary creations and desserts.
> 
> These are just a few examples of fruits that are found in the Amazon region and have moussey textures. However, there are numerous other fruits from the Amazon rainforest that may also fit your description. Exploring regional fruits or reaching out to experts in Amazonian flora and fauna could provide more accurate insight into the specific fruit you encountered.
**user**:
> It was actually, I found out, Abiu.
**assistant**:
> Ah, I see! The fruit you discovered is an Abiu (Pouteria caimito), which is indeed native to the Amazon region. Abiu is a tropical fruit that features a round or oval shape and can vary in size. The outer skin is typically smooth, shiny, and yellow when ripe. The flesh of the Abiu has a soft, moussey texture and a sweet flavor with hints of caramel or vanilla.
> 
> Abiu is often enjoyed fresh, and it can also be used in desserts, smoothies, or other culinary preparations. It's a delightful fruit with a unique taste and texture.
> 
> I'm glad you were able to identify it as Abiu! If you have any more questions or need further assistance, feel free to ask!
